#
# A fatal error has been detected by the Java Runtime Environment:
#
#  EXCEPTION_UNCAUGHT_CXX_EXCEPTION (0xe06d7363) at pc=0x00007ff9c3a6a839, pid=14248, tid=13224
#
# JRE version: Java(TM) SE Runtime Environment (8.0_45-b14) (build 1.8.0_45-b14)
# Java VM: Java HotSpot(TM) 64-Bit Server VM (25.45-b02 mixed mode windows-amd64 compressed oops)
# Problematic frame:
# C  [KERNELBASE.dll+0x3a839]
#
# Failed to write core dump. Minidumps are not enabled by default on client versions of Windows
#
# If you would like to submit a bug report, please visit:
#   http://bugreport.java.com/bugreport/crash.jsp
# The crash happened outside the Java Virtual Machine in native code.
# See problematic frame for where to report the bug.
#

---------------  T H R E A D  ---------------

Current thread (0x00000000178e4000):  JavaThread "Thread-5" [_thread_in_native, id=13224, stack(0x0000000029f10000,0x000000002a010000)]

siginfo: ExceptionCode=0xe06d7363, ExceptionInformation=0x0000000019930520 0x0000000029ffe950 0x00007ff98178cd78 0x00007ff981540000 

Registers:
RAX=0x0000000000000000, RBX=0x00007ff98178cd78, RCX=0x0000000000000000, RDX=0x0000000000000000
RSP=0x0000000029ffe7c0, RBP=0x0000000029ffe900, RSI=0x00007ff97a221238, RDI=0x0000000029ffe950
R8 =0x0000000000000000, R9 =0x0000000000000000, R10=0x0000000000000000, R11=0x0000000000000000
R12=0x00000000ffffff29, R13=0x0000000000000000, R14=0x00007ff97a220b80, R15=0x000000002a00eaf0
RIP=0x00007ff9c3a6a839, EFLAGS=0x0000000000000202

Top of Stack: (sp=0x0000000029ffe7c0)
0x0000000029ffe7c0:   0000000000000000 00007ff98178cd78
0x0000000029ffe7d0:   00007ff97a221238 0000000000000000
0x0000000029ffe7e0:   00000001e06d7363 0000000000000000
0x0000000029ffe7f0:   00007ff9c3a6a839 0000000000000004
0x0000000029ffe800:   0000000019930520 0000000029ffe950
0x0000000029ffe810:   00007ff98178cd78 00007ff981540000
0x0000000029ffe820:   0000000000000000 00000000ffffff29
0x0000000029ffe830:   00007ff97a221238 0000000029ffe900
0x0000000029ffe840:   0000000029ffe910 00007ff9c68bf42f
0x0000000029ffe850:   0000000029ffe950 00007ff900000000
0x0000000029ffe860:   0000000029ffe950 00007ff9a9b2d306
0x0000000029ffe870:   00007ff9817af000 00007ff981540000
0x0000000029ffe880:   0000b752d835f970 00007ff9a9bac4d0
0x0000000029ffe890:   00007ff98178cd78 00007ff9a9b2ef63
0x0000000029ffe8a0:   0000000029ffe950 00007ff9a9afeb8d
0x0000000029ffe8b0:   00007ff9a9bac4d0 00007ff97a221238 

Instructions: (pc=0x00007ff9c3a6a839)
0x00007ff9c3a6a819:   8b d1 44 0f 47 c0 44 89 44 24 38 49 c1 e0 03 e8
0x00007ff9c3a6a829:   0a 4a 05 00 48 8d 4c 24 20 48 ff 15 df be 16 00
0x00007ff9c3a6a839:   0f 1f 44 00 00 48 8b 8c 24 c0 00 00 00 48 33 cc
0x00007ff9c3a6a849:   e8 82 ec 04 00 48 81 c4 d8 00 00 00 c3 83 64 24 


Register to memory mapping:

RAX=0x0000000000000000 is an unknown value
RBX=0x00007ff98178cd78 is an unknown value
RCX=0x0000000000000000 is an unknown value
RDX=0x0000000000000000 is an unknown value
RSP=0x0000000029ffe7c0 is pointing into the stack for thread: 0x00000000178e4000
RBP=0x0000000029ffe900 is pointing into the stack for thread: 0x00000000178e4000
RSI=0x00007ff97a221238 is an unknown value
RDI=0x0000000029ffe950 is pointing into the stack for thread: 0x00000000178e4000
R8 =0x0000000000000000 is an unknown value
R9 =0x0000000000000000 is an unknown value
R10=0x0000000000000000 is an unknown value
R11=0x0000000000000000 is an unknown value
R12=0x00000000ffffff29 is an unallocated location in the heap
R13=0x0000000000000000 is an unknown value
R14=0x00007ff97a220b80 is an unknown value
R15=0x000000002a00eaf0 is pointing into the stack for thread: 0x00000000178e4000


Stack: [0x0000000029f10000,0x000000002a010000],  sp=0x0000000029ffe7c0,  free space=953k
Native frames: (J=compiled Java code, j=interpreted, Vv=VM code, C=native code)
C  [KERNELBASE.dll+0x3a839]
C  [msvcr120.dll+0x5ef63]
C  [opencv_core320.dll+0x1a2c34]
C  [opencv_core320.dll+0x1a2d76]
C  [opencv_imgproc320.dll+0x46c7a]
C  [jniopencv_imgproc.dll+0x6e52d]
C  0x0000000002d35e34

Java frames: (J=compiled Java code, j=interpreted, Vv=VM code)
j  org.bytedeco.javacpp.opencv_imgproc.cvCvtColor(Lorg/bytedeco/javacpp/helper/opencv_core$CvArr;Lorg/bytedeco/javacpp/helper/opencv_core$CvArr;I)V+0
j  application.FaceDetector.run()V+295
j  java.lang.Thread.run()V+11
v  ~StubRoutines::call_stub

---------------  P R O C E S S  ---------------

Java Threads: ( => current thread )
  0x00000000178e7000 JavaThread "mysql-cj-abandoned-connection-cleanup" daemon [_thread_blocked, id=11800, stack(0x000000002a820000,0x000000002a920000)]
=>0x00000000178e4000 JavaThread "Thread-5" [_thread_in_native, id=13224, stack(0x0000000029f10000,0x000000002a010000)]
  0x00000000178ea000 JavaThread "Prism Font Disposer" daemon [_thread_blocked, id=12684, stack(0x0000000023710000,0x0000000023810000)]
  0x00000000178e6800 JavaThread "AWT-Windows" daemon [_thread_in_native, id=13156, stack(0x000000001e520000,0x000000001e620000)]
  0x00000000178e8800 JavaThread "Java2D Disposer" daemon [_thread_blocked, id=14504, stack(0x000000001e220000,0x000000001e320000)]
  0x00000000178e8000 JavaThread "JavaCPP Deallocator" daemon [_thread_blocked, id=3084, stack(0x000000001ddb0000,0x000000001deb0000)]
  0x00000000197e8000 JavaThread "JavaFX-Launcher" [_thread_blocked, id=15164, stack(0x000000001cae0000,0x000000001cbe0000)]
  0x00000000197b0800 JavaThread "Thread-2" daemon [_thread_in_native, id=14596, stack(0x000000001c9e0000,0x000000001cae0000)]
  0x000000001973b800 JavaThread "JavaFX Application Thread" [_thread_in_native, id=12640, stack(0x000000001a600000,0x000000001a700000)]
  0x000000001973b000 JavaThread "Thread-1" daemon [_thread_blocked, id=15476, stack(0x000000001a420000,0x000000001a520000)]
  0x0000000019503800 JavaThread "QuantumRenderer-0" daemon [_thread_blocked, id=12136, stack(0x0000000019f20000,0x000000001a020000)]
  0x0000000019158800 JavaThread "Service Thread" daemon [_thread_blocked, id=14308, stack(0x0000000019520000,0x0000000019620000)]
  0x00000000178e5800 JavaThread "C1 CompilerThread2" daemon [_thread_blocked, id=8988, stack(0x0000000019020000,0x0000000019120000)]
  0x00000000178dc000 JavaThread "C2 CompilerThread1" daemon [_thread_in_native, id=3952, stack(0x0000000018f20000,0x0000000019020000)]
  0x00000000178d6800 JavaThread "C2 CompilerThread0" daemon [_thread_blocked, id=5000, stack(0x0000000018e20000,0x0000000018f20000)]
  0x00000000178d4800 JavaThread "Attach Listener" daemon [_thread_blocked, id=11776, stack(0x0000000018d20000,0x0000000018e20000)]
  0x00000000178d3000 JavaThread "Signal Dispatcher" daemon [_thread_blocked, id=8104, stack(0x0000000018c20000,0x0000000018d20000)]
  0x0000000002d1d800 JavaThread "Finalizer" daemon [_thread_blocked, id=15424, stack(0x0000000018b20000,0x0000000018c20000)]
  0x0000000002d15800 JavaThread "Reference Handler" daemon [_thread_blocked, id=1416, stack(0x0000000018a20000,0x0000000018b20000)]
  0x0000000002c28000 JavaThread "main" [_thread_blocked, id=15524, stack(0x0000000002b20000,0x0000000002c20000)]

Other Threads:
  0x0000000017897800 VMThread [stack: 0x0000000018920000,0x0000000018a20000] [id=3492]
  0x000000001792c800 WatcherThread [stack: 0x0000000019620000,0x0000000019720000] [id=1300]

VM state:not at safepoint (normal execution)

VM Mutex/Monitor currently owned by a thread: None

Heap:
 PSYoungGen      total 69632K, used 34383K [0x00000000d5980000, 0x00000000dac00000, 0x0000000100000000)
  eden space 56320K, 47% used [0x00000000d5980000,0x00000000d7372c18,0x00000000d9080000)
  from space 13312K, 58% used [0x00000000d9d00000,0x00000000da4a1050,0x00000000daa00000)
  to   space 12800K, 0% used [0x00000000d9080000,0x00000000d9080000,0x00000000d9d00000)
 ParOldGen       total 73728K, used 17219K [0x0000000080c00000, 0x0000000085400000, 0x00000000d5980000)
  object space 73728K, 23% used [0x0000000080c00000,0x0000000081cd0fd0,0x0000000085400000)
 Metaspace       used 30410K, capacity 31568K, committed 31744K, reserved 1077248K
  class space    used 4016K, capacity 4257K, committed 4352K, reserved 1048576K

Card table byte_map: [0x00000000120e0000,0x00000000124e0000] byte_map_base: 0x0000000011cda000

Marking Bits: (ParMarkBitMap*) 0x0000000062004040
 Begin Bits: [0x0000000012b90000, 0x0000000014b60000)
 End Bits:   [0x0000000014b60000, 0x0000000016b30000)

Polling page: 0x0000000000b00000

CodeCache: size=245760Kb used=14332Kb max_used=14337Kb free=231427Kb
 bounds [0x0000000002d20000, 0x0000000003b30000, 0x0000000011d20000]
 total_blobs=5256 nmethods=4329 adapters=838
 compilation: enabled

Compilation events (10 events):
Event: 20.641 Thread 0x00000000178e5800 4390       3       com.sun.scenario.effect.Color4f::getPremultipliedRGBComponents (49 bytes)
Event: 20.641 Thread 0x00000000178e5800 nmethod 4390 0x0000000003b229d0 code [0x0000000003b22b20, 0x0000000003b22d30]
Event: 20.643 Thread 0x00000000178e5800 4391       3       com.sun.scenario.effect.impl.state.BoxBlurState::getRenderState (35 bytes)
Event: 20.643 Thread 0x00000000178e5800 nmethod 4391 0x0000000003b22250 code [0x0000000003b223e0, 0x0000000003b22878]
Event: 20.643 Thread 0x00000000178e5800 4392       3       com.sun.scenario.effect.impl.state.BoxRenderState::<init> (279 bytes)
Event: 20.643 Thread 0x00000000178d6800 4394       4       com.sun.prism.impl.ps.BaseShaderContext::getSpecialShader (117 bytes)
Event: 20.644 Thread 0x00000000178e5800 nmethod 4392 0x0000000003b266d0 code [0x0000000003b26980, 0x0000000003b27aa8]
Event: 20.644 Thread 0x00000000178e5800 4393       3       com.sun.scenario.effect.impl.state.BoxRenderState::isNop (40 bytes)
Event: 20.644 Thread 0x00000000178e5800 nmethod 4393 0x0000000003b281d0 code [0x0000000003b28360, 0x0000000003b28630]
Event: 20.645 Thread 0x00000000178d6800 nmethod 4394 0x0000000003b2b410 code [0x0000000003b2b560, 0x0000000003b2b6b8]

GC Heap History (10 events):
Event: 15.667 GC heap before
{Heap before GC invocations=5 (full 1):
 PSYoungGen      total 38400K, used 38126K [0x00000000d5980000, 0x00000000d8980000, 0x0000000100000000)
  eden space 33280K, 100% used [0x00000000d5980000,0x00000000d7a00000,0x00000000d7a00000)
  from space 5120K, 94% used [0x00000000d7a00000,0x00000000d7ebb9b0,0x00000000d7f00000)
  to   space 5120K, 0% used [0x00000000d8480000,0x00000000d8480000,0x00000000d8980000)
 ParOldGen       total 73728K, used 8909K [0x0000000080c00000, 0x0000000085400000, 0x00000000d5980000)
  object space 73728K, 12% used [0x0000000080c00000,0x00000000814b3528,0x0000000085400000)
 Metaspace       used 24394K, capacity 25504K, committed 25728K, reserved 1071104K
  class space    used 3389K, capacity 3633K, committed 3712K, reserved 1048576K
Event: 15.671 GC heap after
Heap after GC invocations=5 (full 1):
 PSYoungGen      total 43008K, used 4576K [0x00000000d5980000, 0x00000000d8900000, 0x0000000100000000)
  eden space 38400K, 0% used [0x00000000d5980000,0x00000000d5980000,0x00000000d7f00000)
  from space 4608K, 99% used [0x00000000d8480000,0x00000000d88f8010,0x00000000d8900000)
  to   space 5120K, 0% used [0x00000000d7f00000,0x00000000d7f00000,0x00000000d8400000)
 ParOldGen       total 73728K, used 8917K [0x0000000080c00000, 0x0000000085400000, 0x00000000d5980000)
  object space 73728K, 12% used [0x0000000080c00000,0x00000000814b5528,0x0000000085400000)
 Metaspace       used 24394K, capacity 25504K, committed 25728K, reserved 1071104K
  class space    used 3389K, capacity 3633K, committed 3712K, reserved 1048576K
}
Event: 18.588 GC heap before
{Heap before GC invocations=6 (full 1):
 PSYoungGen      total 43008K, used 41989K [0x00000000d5980000, 0x00000000d8900000, 0x0000000100000000)
  eden space 38400K, 97% used [0x00000000d5980000,0x00000000d7e09408,0x00000000d7f00000)
  from space 4608K, 99% used [0x00000000d8480000,0x00000000d88f8010,0x00000000d8900000)
  to   space 5120K, 0% used [0x00000000d7f00000,0x00000000d7f00000,0x00000000d8400000)
 ParOldGen       total 73728K, used 8917K [0x0000000080c00000, 0x0000000085400000, 0x00000000d5980000)
  object space 73728K, 12% used [0x0000000080c00000,0x00000000814b5528,0x0000000085400000)
 Metaspace       used 30158K, capacity 31340K, committed 31744K, reserved 1077248K
  class space    used 3997K, capacity 4251K, committed 4352K, reserved 1048576K
Event: 18.597 GC heap after
Heap after GC invocations=6 (full 1):
 PSYoungGen      total 43520K, used 5092K [0x00000000d5980000, 0x00000000d9f80000, 0x0000000100000000)
  eden space 38400K, 0% used [0x00000000d5980000,0x00000000d5980000,0x00000000d7f00000)
  from space 5120K, 99% used [0x00000000d7f00000,0x00000000d83f9030,0x00000000d8400000)
  to   space 13824K, 0% used [0x00000000d9200000,0x00000000d9200000,0x00000000d9f80000)
 ParOldGen       total 73728K, used 17219K [0x0000000080c00000, 0x0000000085400000, 0x00000000d5980000)
  object space 73728K, 23% used [0x0000000080c00000,0x0000000081cd0fd0,0x0000000085400000)
 Metaspace       used 30158K, capacity 31340K, committed 31744K, reserved 1077248K
  class space    used 3997K, capacity 4251K, committed 4352K, reserved 1048576K
}
Event: 19.059 GC heap before
{Heap before GC invocations=7 (full 1):
 PSYoungGen      total 43520K, used 43407K [0x00000000d5980000, 0x00000000d9f80000, 0x0000000100000000)
  eden space 38400K, 99% used [0x00000000d5980000,0x00000000d7eeac30,0x00000000d7f00000)
  from space 5120K, 99% used [0x00000000d7f00000,0x00000000d83f9030,0x00000000d8400000)
  to   space 13824K, 0% used [0x00000000d9200000,0x00000000d9200000,0x00000000d9f80000)
 ParOldGen       total 73728K, used 17219K [0x0000000080c00000, 0x0000000085400000, 0x00000000d5980000)
  object space 73728K, 23% used [0x0000000080c00000,0x0000000081cd0fd0,0x0000000085400000)
 Metaspace       used 30284K, capacity 31438K, committed 31744K, reserved 1077248K
  class space    used 4013K, capacity 4256K, committed 4352K, reserved 1048576K
Event: 19.065 GC heap after
Heap after GC invocations=7 (full 1):
 PSYoungGen      total 57856K, used 9012K [0x00000000d5980000, 0x00000000da300000, 0x0000000100000000)
  eden space 44032K, 0% used [0x00000000d5980000,0x00000000d5980000,0x00000000d8480000)
  from space 13824K, 65% used [0x00000000d9200000,0x00000000d9acd060,0x00000000d9f80000)
  to   space 13824K, 0% used [0x00000000d8480000,0x00000000d8480000,0x00000000d9200000)
 ParOldGen       total 73728K, used 17219K [0x0000000080c00000, 0x0000000085400000, 0x00000000d5980000)
  object space 73728K, 23% used [0x0000000080c00000,0x0000000081cd0fd0,0x0000000085400000)
 Metaspace       used 30284K, capacity 31438K, committed 31744K, reserved 1077248K
  class space    used 4013K, capacity 4256K, committed 4352K, reserved 1048576K
}
Event: 19.664 GC heap before
{Heap before GC invocations=8 (full 1):
 PSYoungGen      total 57856K, used 52628K [0x00000000d5980000, 0x00000000da300000, 0x0000000100000000)
  eden space 44032K, 99% used [0x00000000d5980000,0x00000000d8418240,0x00000000d8480000)
  from space 13824K, 65% used [0x00000000d9200000,0x00000000d9acd060,0x00000000d9f80000)
  to   space 13824K, 0% used [0x00000000d8480000,0x00000000d8480000,0x00000000d9200000)
 ParOldGen       total 73728K, used 17219K [0x0000000080c00000, 0x0000000085400000, 0x00000000d5980000)
  object space 73728K, 23% used [0x0000000080c00000,0x0000000081cd0fd0,0x0000000085400000)
 Metaspace       used 30335K, capacity 31504K, committed 31744K, reserved 1077248K
  class space    used 4015K, capacity 4257K, committed 4352K, reserved 1048576K
Event: 19.669 GC heap after
Heap after GC invocations=8 (full 1):
 PSYoungGen      total 57856K, used 7780K [0x00000000d5980000, 0x00000000daa00000, 0x0000000100000000)
  eden space 44032K, 0% used [0x00000000d5980000,0x00000000d5980000,0x00000000d8480000)
  from space 13824K, 56% used [0x00000000d8480000,0x00000000d8c19050,0x00000000d9200000)
  to   space 13312K, 0% used [0x00000000d9d00000,0x00000000d9d00000,0x00000000daa00000)
 ParOldGen       total 73728K, used 17219K [0x0000000080c00000, 0x0000000085400000, 0x00000000d5980000)
  object space 73728K, 23% used [0x0000000080c00000,0x0000000081cd0fd0,0x0000000085400000)
 Metaspace       used 30335K, capacity 31504K, committed 31744K, reserved 1077248K
  class space    used 4015K, capacity 4257K, committed 4352K, reserved 1048576K
}
Event: 20.239 GC heap before
{Heap before GC invocations=9 (full 1):
 PSYoungGen      total 57856K, used 50841K [0x00000000d5980000, 0x00000000daa00000, 0x0000000100000000)
  eden space 44032K, 97% used [0x00000000d5980000,0x00000000d838d660,0x00000000d8480000)
  from space 13824K, 56% used [0x00000000d8480000,0x00000000d8c19050,0x00000000d9200000)
  to   space 13312K, 0% used [0x00000000d9d00000,0x00000000d9d00000,0x00000000daa00000)
 ParOldGen       total 73728K, used 17219K [0x0000000080c00000, 0x0000000085400000, 0x00000000d5980000)
  object space 73728K, 23% used [0x0000000080c00000,0x0000000081cd0fd0,0x0000000085400000)
 Metaspace       used 30363K, capacity 31504K, committed 31744K, reserved 1077248K
  class space    used 4015K, capacity 4257K, committed 4352K, reserved 1048576K
Event: 20.248 GC heap after
Heap after GC invocations=9 (full 1):
 PSYoungGen      total 69632K, used 7812K [0x00000000d5980000, 0x00000000dac00000, 0x0000000100000000)
  eden space 56320K, 0% used [0x00000000d5980000,0x00000000d5980000,0x00000000d9080000)
  from space 13312K, 58% used [0x00000000d9d00000,0x00000000da4a1050,0x00000000daa00000)
  to   space 12800K, 0% used [0x00000000d9080000,0x00000000d9080000,0x00000000d9d00000)
 ParOldGen       total 73728K, used 17219K [0x0000000080c00000, 0x0000000085400000, 0x00000000d5980000)
  object space 73728K, 23% used [0x0000000080c00000,0x0000000081cd0fd0,0x0000000085400000)
 Metaspace       used 30363K, capacity 31504K, committed 31744K, reserved 1077248K
  class space    used 4015K, capacity 4257K, committed 4352K, reserved 1048576K
}

Deoptimization events (10 events):
Event: 18.620 Thread 0x000000001973b800 Uncommon trap: reason=unstable_if action=reinterpret pc=0x00000000032e3040 method=com.sun.javafx.css.BitSet.add(Ljava/lang/Object;)Z @ 91
Event: 18.638 Thread 0x000000001973b800 Uncommon trap: reason=unstable_if action=reinterpret pc=0x00000000036f2c30 method=javafx.scene.Node.updateBounds()V @ 27
Event: 18.638 Thread 0x000000001973b800 Uncommon trap: reason=unstable_if action=reinterpret pc=0x000000000367d21c method=javafx.scene.Node.updateBounds()V @ 27
Event: 20.013 Thread 0x0000000019503800 Uncommon trap: reason=unstable_if action=reinterpret pc=0x0000000003a9be20 method=com.sun.prism.d3d.D3DTextureResource.isValid()Z @ 4
Event: 20.014 Thread 0x0000000019503800 Uncommon trap: reason=unstable_if action=reinterpret pc=0x0000000003a9eecc method=com.sun.prism.d3d.D3DTextureResource.isValid()Z @ 4
Event: 20.014 Thread 0x0000000019503800 Uncommon trap: reason=unstable_if action=reinterpret pc=0x0000000003a28c7c method=com.sun.prism.d3d.D3DTextureResource.isValid()Z @ 4
Event: 20.600 Thread 0x000000001973b800 Uncommon trap: reason=null_check action=make_not_entrant pc=0x0000000003a4ba58 method=javafx.scene.Node$MiscProperties.getClip()Ljavafx/scene/Node; @ 20
Event: 20.600 Thread 0x000000001973b800 Uncommon trap: reason=null_check action=make_not_entrant pc=0x0000000003698000 method=javafx.scene.Node$MiscProperties.getClip()Ljavafx/scene/Node; @ 20
Event: 20.601 Thread 0x000000001973b800 Uncommon trap: reason=null_check action=make_not_entrant pc=0x00000000039bc61c method=javafx.scene.Node$MiscProperties.getClip()Ljavafx/scene/Node; @ 20
Event: 20.614 Thread 0x0000000019503800 Uncommon trap: reason=unstable_if action=reinterpret pc=0x0000000003ae1790 method=com.sun.javafx.sg.prism.NGGroup.clearDirty()V @ 8

Internal exceptions (10 events):
Event: 16.000 Thread 0x000000001973b800 Exception <a 'java/security/PrivilegedActionException'> (0x00000000d5ddc6c0) thrown at [C:\re\workspace\8-2-build-windows-amd64-cygwin\jdk8u45\3457\hotspot\src\share\vm\prims\jvm.cpp, line 1382]
Event: 16.000 Thread 0x000000001973b800 Exception <a 'java/security/PrivilegedActionException'> (0x00000000d5ddcb98) thrown at [C:\re\workspace\8-2-build-windows-amd64-cygwin\jdk8u45\3457\hotspot\src\share\vm\prims\jvm.cpp, line 1382]
Event: 16.001 Thread 0x000000001973b800 Exception <a 'java/security/PrivilegedActionException'> (0x00000000d5e03150) thrown at [C:\re\workspace\8-2-build-windows-amd64-cygwin\jdk8u45\3457\hotspot\src\share\vm\prims\jvm.cpp, line 1382]
Event: 16.001 Thread 0x000000001973b800 Exception <a 'java/security/PrivilegedActionException'> (0x00000000d5e037b8) thrown at [C:\re\workspace\8-2-build-windows-amd64-cygwin\jdk8u45\3457\hotspot\src\share\vm\prims\jvm.cpp, line 1382]
Event: 20.013 Thread 0x0000000019503800 Implicit null exception at 0x0000000003a9a4c8 to 0x0000000003a9bdd5
Event: 20.013 Thread 0x0000000019503800 Implicit null exception at 0x0000000003a9ee54 to 0x0000000003a9eeb9
Event: 20.014 Thread 0x0000000019503800 Implicit null exception at 0x0000000003a28c10 to 0x0000000003a28c69
Event: 20.600 Thread 0x000000001973b800 Implicit null exception at 0x0000000003a4b458 to 0x0000000003a4ba49
Event: 20.600 Thread 0x000000001973b800 Implicit null exception at 0x0000000003697829 to 0x0000000003697fe9
Event: 20.601 Thread 0x000000001973b800 Implicit null exception at 0x00000000039bc5c7 to 0x00000000039bc611

Events (10 events):
Event: 20.600 Thread 0x000000001973b800 DEOPT UNPACKING pc=0x0000000002d6582a sp=0x000000001a6fd178 mode 2
Event: 20.600 Thread 0x000000001973b800 Uncommon trap: trap_request=0xfffffff4 fr.pc=0x0000000003698000
Event: 20.600 Thread 0x000000001973b800 DEOPT PACKING pc=0x0000000003698000 sp=0x000000001a6fd010
Event: 20.600 Thread 0x000000001973b800 DEOPT UNPACKING pc=0x0000000002d6582a sp=0x000000001a6fcee0 mode 2
Event: 20.601 Thread 0x000000001973b800 Uncommon trap: trap_request=0xfffffff4 fr.pc=0x00000000039bc61c
Event: 20.601 Thread 0x000000001973b800 DEOPT PACKING pc=0x00000000039bc61c sp=0x000000001a6fd230
Event: 20.601 Thread 0x000000001973b800 DEOPT UNPACKING pc=0x0000000002d6582a sp=0x000000001a6fd170 mode 2
Event: 20.614 Thread 0x0000000019503800 Uncommon trap: trap_request=0xffffff65 fr.pc=0x0000000003ae1790
Event: 20.614 Thread 0x0000000019503800 DEOPT PACKING pc=0x0000000003ae1790 sp=0x000000001a01a430
Event: 20.614 Thread 0x0000000019503800 DEOPT UNPACKING pc=0x0000000002d6582a sp=0x000000001a01a3d0 mode 2


Dynamic libraries:
0x00007ff685560000 - 0x00007ff685597000 	C:\Program Files\Java\jre1.8.0_45\bin\javaw.exe
0x00007ff9c68a0000 - 0x00007ff9c6a90000 	C:\WINDOWS\SYSTEM32\ntdll.dll
0x00007ff9c6210000 - 0x00007ff9c62c2000 	C:\WINDOWS\System32\KERNEL32.DLL
0x00007ff9c3a30000 - 0x00007ff9c3cd2000 	C:\WINDOWS\System32\KERNELBASE.dll
0x00007ff9c62d0000 - 0x00007ff9c6373000 	C:\WINDOWS\System32\ADVAPI32.dll
0x00007ff9c5780000 - 0x00007ff9c581e000 	C:\WINDOWS\System32\msvcrt.dll
0x00007ff9c5670000 - 0x00007ff9c5707000 	C:\WINDOWS\System32\sechost.dll
0x00007ff9c6380000 - 0x00007ff9c64a0000 	C:\WINDOWS\System32\RPCRT4.dll
0x00007ff9c4a30000 - 0x00007ff9c4bc3000 	C:\WINDOWS\System32\USER32.dll
0x00007ff9c3ce0000 - 0x00007ff9c3d01000 	C:\WINDOWS\System32\win32u.dll
0x00007ff9c5820000 - 0x00007ff9c5846000 	C:\WINDOWS\System32\GDI32.dll
0x00007ff9c3890000 - 0x00007ff9c3a24000 	C:\WINDOWS\System32\gdi32full.dll
0x00007ff9c4110000 - 0x00007ff9c41ae000 	C:\WINDOWS\System32\msvcp_win.dll
0x00007ff9c4010000 - 0x00007ff9c410a000 	C:\WINDOWS\System32\ucrtbase.dll
0x00007ff9b2c40000 - 0x00007ff9b2ec5000 	C:\WINDOWS\WinSxS\amd64_microsoft.windows.common-controls_6595b64144ccf1df_6.0.18362.30_none_a1435978519dce7f\COMCTL32.dll
0x00007ff9c5330000 - 0x00007ff9c5666000 	C:\WINDOWS\System32\combase.dll
0x00007ff9c4930000 - 0x00007ff9c49b1000 	C:\WINDOWS\System32\bcryptPrimitives.dll
0x00007ff9c6830000 - 0x00007ff9c685e000 	C:\WINDOWS\System32\IMM32.DLL
0x0000000061650000 - 0x0000000061722000 	C:\Program Files\Java\jre1.8.0_45\bin\msvcr100.dll
0x0000000061800000 - 0x0000000062083000 	C:\Program Files\Java\jre1.8.0_45\bin\server\jvm.dll
0x00007ff9c66d0000 - 0x00007ff9c66d8000 	C:\WINDOWS\System32\PSAPI.DLL
0x00007ff9bd640000 - 0x00007ff9bd64a000 	C:\WINDOWS\SYSTEM32\VERSION.dll
0x00007ff9b55d0000 - 0x00007ff9b55d9000 	C:\WINDOWS\SYSTEM32\WSOCK32.dll
0x00007ff9c1790000 - 0x00007ff9c17b4000 	C:\WINDOWS\SYSTEM32\WINMM.dll
0x00007ff9c5710000 - 0x00007ff9c577f000 	C:\WINDOWS\System32\WS2_32.dll
0x00007ff9c1310000 - 0x00007ff9c133d000 	C:\WINDOWS\SYSTEM32\WINMMBASE.dll
0x00007ff9c3e90000 - 0x00007ff9c3eda000 	C:\WINDOWS\System32\cfgmgr32.dll
0x00000000617f0000 - 0x00000000617ff000 	C:\Program Files\Java\jre1.8.0_45\bin\verify.dll
0x00000000617c0000 - 0x00000000617e9000 	C:\Program Files\Java\jre1.8.0_45\bin\java.dll
0x00000000617a0000 - 0x00000000617b6000 	C:\Program Files\Java\jre1.8.0_45\bin\zip.dll
0x00007ff9c58d0000 - 0x00007ff9c5fb0000 	C:\WINDOWS\System32\SHELL32.dll
0x00007ff9c6780000 - 0x00007ff9c6829000 	C:\WINDOWS\System32\shcore.dll
0x00007ff9c41b0000 - 0x00007ff9c492b000 	C:\WINDOWS\System32\windows.storage.dll
0x00007ff9c3830000 - 0x00007ff9c384f000 	C:\WINDOWS\System32\profapi.dll
0x00007ff9c37e0000 - 0x00007ff9c382a000 	C:\WINDOWS\System32\powrprof.dll
0x00007ff9c37d0000 - 0x00007ff9c37e0000 	C:\WINDOWS\System32\UMPDC.dll
0x00007ff9c5190000 - 0x00007ff9c51e2000 	C:\WINDOWS\System32\shlwapi.dll
0x00007ff9c3850000 - 0x00007ff9c3861000 	C:\WINDOWS\System32\kernel.appcore.dll
0x00007ff9c3ee0000 - 0x00007ff9c3ef7000 	C:\WINDOWS\System32\cryptsp.dll
0x0000000061620000 - 0x000000006164c000 	C:\Program Files\Java\jre1.8.0_45\bin\prism_d3d.dll
0x00007ff99baa0000 - 0x00007ff99bc66000 	C:\WINDOWS\system32\d3d9.dll
0x00007ff9c1fc0000 - 0x00007ff9c1fed000 	C:\WINDOWS\SYSTEM32\dwmapi.dll
0x00007ff9c2500000 - 0x00007ff9c2520000 	C:\WINDOWS\SYSTEM32\dxcore.dll
0x00007ff9c1ba0000 - 0x00007ff9c1c39000 	C:\WINDOWS\system32\uxtheme.dll
0x00007ff9bd650000 - 0x00007ff9bd7c1000 	C:\WINDOWS\SYSTEM32\aticfx64.dll
0x00007ff9b8d10000 - 0x00007ff9b8d31000 	C:\WINDOWS\SYSTEM32\atiu9p64.dll
0x00007ff9868b0000 - 0x00007ff98732f000 	C:\WINDOWS\SYSTEM32\atiumd64.dll
0x0000000062090000 - 0x0000000062934000 	C:\WINDOWS\SYSTEM32\atiumd6a.dll
0x00000000615d0000 - 0x0000000061611000 	C:\Program Files\Java\jre1.8.0_45\bin\glass.dll
0x00007ff9c64a0000 - 0x00007ff9c656f000 	C:\WINDOWS\System32\COMDLG32.dll
0x00007ff9c6570000 - 0x00007ff9c66c6000 	C:\WINDOWS\System32\ole32.dll
0x00007ff9c4bd0000 - 0x00007ff9c4c95000 	C:\WINDOWS\System32\OLEAUT32.dll
0x00007ff9c51f0000 - 0x00007ff9c5327000 	C:\WINDOWS\System32\MSCTF.dll
0x00007ff9a9ad0000 - 0x00007ff9a9bbf000 	C:\Users\USER\.javacpp\cache\opencv-3.2.0-1.3-windows-x86_64.jar\org\bytedeco\javacpp\windows-x86_64\msvcr120.dll
0x00007ff9a9a20000 - 0x00007ff9a9ac6000 	C:\Users\USER\.javacpp\cache\opencv-3.2.0-1.3-windows-x86_64.jar\org\bytedeco\javacpp\windows-x86_64\msvcp120.dll
0x00007ff981540000 - 0x00007ff9817c8000 	C:\Users\USER\.javacpp\cache\opencv-3.2.0-1.3-windows-x86_64.jar\org\bytedeco\javacpp\windows-x86_64\opencv_core320.dll
0x00007ff97a020000 - 0x00007ff97a382000 	C:\Users\USER\.javacpp\cache\opencv-3.2.0-1.3-windows-x86_64.jar\org\bytedeco\javacpp\windows-x86_64\opencv_imgproc320.dll
0x00007ff9812f0000 - 0x00007ff98153a000 	C:\Users\USER\.javacpp\cache\opencv-3.2.0-1.3-windows-x86_64.jar\org\bytedeco\javacpp\windows-x86_64\jniopencv_core.dll
0x0000000061780000 - 0x000000006179a000 	C:\Program Files\Java\jre1.8.0_45\bin\net.dll
0x00007ff9c2fe0000 - 0x00007ff9c3047000 	C:\WINDOWS\system32\mswsock.dll
0x0000000061760000 - 0x0000000061771000 	C:\Program Files\Java\jre1.8.0_45\bin\nio.dll
0x0000000061430000 - 0x00000000615c8000 	C:\Program Files\Java\jre1.8.0_45\bin\awt.dll
0x00007ff9c1a00000 - 0x00007ff9c1a8f000 	C:\WINDOWS\SYSTEM32\apphelp.dll
0x0000000061410000 - 0x0000000061425000 	C:\Program Files\Java\jre1.8.0_45\bin\javafx_font.dll
0x00007ff9b86e0000 - 0x00007ff9b89e0000 	C:\WINDOWS\SYSTEM32\dwrite.dll
0x00007ff9c5fb0000 - 0x00007ff9c6052000 	C:\WINDOWS\System32\clbcatq.dll
0x00007ff9bf110000 - 0x00007ff9bf2bf000 	C:\WINDOWS\SYSTEM32\WindowsCodecs.dll
0x00007ff9a49c0000 - 0x00007ff9a49fa000 	C:\WINDOWS\system32\dataexchange.dll
0x00007ff9c0350000 - 0x00007ff9c05ab000 	C:\WINDOWS\system32\d3d11.dll
0x00007ff9c1130000 - 0x00007ff9c130c000 	C:\WINDOWS\system32\dcomp.dll
0x00007ff9c2520000 - 0x00007ff9c260a000 	C:\WINDOWS\system32\dxgi.dll
0x00007ff9c1c70000 - 0x00007ff9c1eca000 	C:\WINDOWS\system32\twinapi.appcore.dll
0x00007ff9c20a0000 - 0x00007ff9c20c9000 	C:\WINDOWS\system32\RMCLIENT.dll
0x00007ff9a8aa0000 - 0x00007ff9a8ad3000 	C:\Program Files\Common Files\Microsoft Shared\Ink\rtscom.dll
0x00007ff9ba620000 - 0x00007ff9ba6be000 	C:\WINDOWS\System32\TextInputFramework.dll
0x00007ff9c16b0000 - 0x00007ff9c1784000 	C:\WINDOWS\System32\CoreMessaging.dll
0x00007ff9bf520000 - 0x00007ff9bf849000 	C:\WINDOWS\System32\CoreUIComponents.dll
0x00007ff9c2880000 - 0x00007ff9c28b1000 	C:\WINDOWS\SYSTEM32\ntmarta.dll
0x00007ff9bf3c0000 - 0x00007ff9bf513000 	C:\WINDOWS\SYSTEM32\wintypes.dll
0x00007ff9b9100000 - 0x00007ff9b93a6000 	C:\WINDOWS\System32\iertutil.dll
0x00000000613f0000 - 0x0000000061401000 	C:\Program Files\Java\jre1.8.0_45\bin\prism_common.dll
0x00007ff9c05b0000 - 0x00007ff9c0b70000 	C:\WINDOWS\SYSTEM32\d2d1.dll
0x00007ff9886e0000 - 0x00007ff988e21000 	C:\WINDOWS\SYSTEM32\D3D10Warp.dll
0x00007ff999700000 - 0x00007ff9997f0000 	C:\Users\USER\.javacpp\cache\opencv-3.2.0-1.3-windows-x86_64.jar\org\bytedeco\javacpp\windows-x86_64\jniopencv_imgproc.dll
0x00007ff979d50000 - 0x00007ff97a01a000 	C:\Users\USER\.javacpp\cache\opencv-3.2.0-1.3-windows-x86_64.jar\org\bytedeco\javacpp\windows-x86_64\opencv_imgcodecs320.dll
0x00007ff9be040000 - 0x00007ff9be065000 	C:\Users\USER\.javacpp\cache\opencv-3.2.0-1.3-windows-x86_64.jar\org\bytedeco\javacpp\windows-x86_64\jniopencv_imgcodecs.dll
0x00007ff9afd40000 - 0x00007ff9afd8e000 	C:\Users\USER\.javacpp\cache\opencv-3.2.0-1.3-windows-x86_64.jar\org\bytedeco\javacpp\windows-x86_64\opencv_videoio320.dll
0x00007ff9af110000 - 0x00007ff9af139000 	C:\WINDOWS\SYSTEM32\MSVFW32.dll
0x00007ff9bdf90000 - 0x00007ff9bdfb0000 	C:\WINDOWS\SYSTEM32\AVIFIL32.dll
0x00007ff9aeed0000 - 0x00007ff9aeee8000 	C:\WINDOWS\SYSTEM32\AVICAP32.dll
0x00007ff9995c0000 - 0x00007ff9995dc000 	C:\WINDOWS\SYSTEM32\MSACM32.dll
0x00007ff9ad180000 - 0x00007ff9ad197000 	C:\Users\USER\.javacpp\cache\opencv-3.2.0-1.3-windows-x86_64.jar\org\bytedeco\javacpp\windows-x86_64\jniopencv_videoio.dll
0x00007ff9ad150000 - 0x00007ff9ad17c000 	C:\Users\USER\.javacpp\cache\opencv-3.2.0-1.3-windows-x86_64.jar\org\bytedeco\javacpp\windows-x86_64\opencv_highgui320.dll
0x00007ff9ad110000 - 0x00007ff9ad148000 	C:\Users\USER\.javacpp\cache\opencv-3.2.0-1.3-windows-x86_64.jar\org\bytedeco\javacpp\windows-x86_64\jniopencv_highgui.dll
0x00007ff986130000 - 0x00007ff986203000 	C:\Users\USER\.javacpp\cache\opencv-3.2.0-1.3-windows-x86_64.jar\org\bytedeco\javacpp\windows-x86_64\opencv_ml320.dll
0x00007ff9ac620000 - 0x00007ff9ac663000 	C:\Users\USER\.javacpp\cache\opencv-3.2.0-1.3-windows-x86_64.jar\org\bytedeco\javacpp\windows-x86_64\jniopencv_ml.dll
0x00007ff9aafc0000 - 0x00007ff9ab056000 	C:\Users\USER\.javacpp\cache\opencv-3.2.0-1.3-windows-x86_64.jar\org\bytedeco\javacpp\windows-x86_64\opencv_objdetect320.dll
0x00007ff9aabc0000 - 0x00007ff9aac14000 	C:\Users\USER\.javacpp\cache\opencv-3.2.0-1.3-windows-x86_64.jar\org\bytedeco\javacpp\windows-x86_64\jniopencv_objdetect.dll
0x00007ff9a6cd0000 - 0x00007ff9a6d22000 	C:\Users\USER\.javacpp\cache\opencv-3.2.0-1.3-windows-x86_64.jar\org\bytedeco\javacpp\windows-x86_64\opencv_face320.dll
0x00007ff9ac6e0000 - 0x00007ff9ac6fa000 	C:\Users\USER\.javacpp\cache\opencv-3.2.0-1.3-windows-x86_64.jar\org\bytedeco\javacpp\windows-x86_64\jniopencv_face.dll
0x00007ff9c2ba0000 - 0x00007ff9c2bd3000 	C:\WINDOWS\system32\rsaenh.dll
0x00007ff9c3e60000 - 0x00007ff9c3e86000 	C:\WINDOWS\System32\bcrypt.dll
0x00007ff9c36c0000 - 0x00007ff9c36e5000 	C:\WINDOWS\SYSTEM32\USERENV.dll
0x00007ff9c31b0000 - 0x00007ff9c31bc000 	C:\WINDOWS\SYSTEM32\CRYPTBASE.dll
0x00007ff9c2d40000 - 0x00007ff9c2d7a000 	C:\WINDOWS\SYSTEM32\IPHLPAPI.DLL
0x00007ff9c4ca0000 - 0x00007ff9c4ca8000 	C:\WINDOWS\System32\NSI.dll
0x00007ff9bb320000 - 0x00007ff9bb336000 	C:\WINDOWS\SYSTEM32\dhcpcsvc6.DLL
0x00007ff9bb8a0000 - 0x00007ff9bb8bc000 	C:\WINDOWS\SYSTEM32\dhcpcsvc.DLL
0x00007ff9c2d80000 - 0x00007ff9c2e4a000 	C:\WINDOWS\SYSTEM32\DNSAPI.dll
0x00007ff9ac600000 - 0x00007ff9ac618000 	C:\Windows\System32\devenum.dll
0x00007ff9c4d10000 - 0x00007ff9c5180000 	C:\WINDOWS\System32\setupapi.dll
0x00007ff9c35d0000 - 0x00007ff9c35fa000 	C:\WINDOWS\SYSTEM32\DEVOBJ.dll
0x00007ff9c3f00000 - 0x00007ff9c3f5c000 	C:\WINDOWS\System32\WINTRUST.dll
0x00007ff9c3870000 - 0x00007ff9c3882000 	C:\WINDOWS\System32\MSASN1.dll
0x00007ff9c3d10000 - 0x00007ff9c3e59000 	C:\WINDOWS\System32\CRYPT32.dll
0x00007ff9c0090000 - 0x00007ff9c009b000 	C:\WINDOWS\SYSTEM32\msdmo.dll
0x00007ff9ac550000 - 0x00007ff9ac584000 	C:\Windows\System32\qcap.dll
0x00007ff979b80000 - 0x00007ff979d44000 	C:\Windows\System32\quartz.dll
0x00007ff9aad80000 - 0x00007ff9aadcc000 	C:\Windows\System32\mfksproxy.dll
0x00007ff9ac9b0000 - 0x00007ff9ac9cc000 	C:\Windows\System32\ATL.DLL
0x00007ff9a8330000 - 0x00007ff9a852a000 	C:\Windows\System32\MFPlat.DLL
0x00007ff9b17e0000 - 0x00007ff9b180f000 	C:\Windows\System32\RTWorkQ.DLL
0x00007ff9a6c70000 - 0x00007ff9a6ccc000 	C:\Windows\System32\MFSENSORGROUP.dll
0x00007ff9aaa60000 - 0x00007ff9aaaad000 	C:\Windows\System32\ksproxy.ax
0x00007ff9a10c0000 - 0x00007ff9a10c9000 	C:\Windows\System32\ksuser.dll
0x00007ff9bdc30000 - 0x00007ff9bdcb0000 	C:\WINDOWS\SYSTEM32\policymanager.dll
0x00007ff9c0b70000 - 0x00007ff9c0bfa000 	C:\Windows\System32\msvcp110_win.dll
0x00007ff9c0060000 - 0x00007ff9c006d000 	C:\Windows\System32\vidcap.ax

VM Arguments:
jvm_args: -Djava.library.path=C:\Users\Administrator\Desktop\opencv\build\java\x64 -Dfile.encoding=Cp1252 
java_command: application.Main
java_class_path (initial): E:\coursIUT\perso\PFE\Ressources\VisixEclipse\ExoVisix\target\classes;E:\coursIUT\perso\PFE\Ressources\VisixEclipse\ExoVisix\bin\opencv-341.jar;E:\coursIUT\perso\PFE\Ressources\VisixEclipse\ExoVisix\bin\mysql-connector-java-5.1.49-bin.jar;E:\coursIUT\perso\environnementmaven\env\maven\repository\org\bytedeco\javacv-platform\1.3.2\javacv-platform-1.3.2.jar;E:\coursIUT\perso\environnementmaven\env\maven\repository\org\bytedeco\javacv\1.3.2\javacv-1.3.2.jar;E:\coursIUT\perso\environnementmaven\env\maven\repository\org\bytedeco\javacpp\1.3.2\javacpp-1.3.2.jar;E:\coursIUT\perso\environnementmaven\env\maven\repository\org\bytedeco\javacpp-presets\opencv\3.2.0-1.3\opencv-3.2.0-1.3.jar;E:\coursIUT\perso\environnementmaven\env\maven\repository\org\bytedeco\javacpp-presets\ffmpeg\3.2.1-1.3\ffmpeg-3.2.1-1.3.jar;E:\coursIUT\perso\environnementmaven\env\maven\repository\org\bytedeco\javacpp-presets\flycapture\2.9.3.43-1.3\flycapture-2.9.3.43-1.3.jar;E:\coursIUT\perso\environnementmaven\env\maven\repository\org\bytedeco\javacpp-presets\libdc1394\2.2.4-1.3\libdc1394-2.2.4-1.3.jar;E:\coursIUT\perso\environnementmaven\env\maven\repository\org\bytedeco\javacpp-presets\libfreenect\0.5.3-1.3\libfreenect-0.5.3-1.3.jar;E:\coursIUT\perso\environnementmaven\env\maven\repository\org\bytedeco\javacpp-presets\libfreenect2\0.2.0-1.3\libfreenect2-0.2.0-1.3.jar;E:\coursIUT\perso\environnementmaven\env\maven\repository\org\bytedeco\javacpp-presets\librealsense\1.9.6-1.3\librealsense-1.9.6-1.3.jar;E:\coursIUT\perso\environnementmaven\env\maven\repository\org\bytedeco\javacpp-presets\videoinput\0.200-1.3\videoinput-0.200-1.3.jar;E:\coursIUT\perso\environnementmaven\env\maven\repository\org\bytedeco\javacpp-presets\artoolkitplus\2.3.1-1.3\artoolkitplus-2.3.1-1.3.jar;E:\coursIUT\perso\environnementmaven\env\maven\repository\org\bytedeco\javacpp-presets\flandmark\1.07-1.3\flandmark-1.07-1.3.jar;E:\coursIUT\perso\environnementmaven\env\maven\repository\org\bytedeco\javacpp-
Launcher Type: SUN_STANDARD

Environment Variables:
JAVA_HOME=E:\coursIUT\perso\environnementmaven\env\java\jdk-17
PATH=C:/Program Files/Java/jre1.8.0_45/bin/server;C:/Program Files/Java/jre1.8.0_45/bin;C:/Program Files/Java/jre1.8.0_45/lib/amd64;E:\oracle\app\oracle\product\10.2.0\server\bin;C:\Program Files\Common Files\Oracle\Java\javapath;C:\Program Files (x86)\NVIDIA Corporation\PhysX\Common;C:\ProgramData\Oracle\Java\javapath;C:\WINDOWS\system32;C:\WINDOWS;C:\WINDOWS\System32\Wbem;C:\WINDOWS\System32\WindowsPowerShell\v1.0\;C:\Program Files (x86)\AMD\ATI.ACE\Core-Static;C:\Users\USER\Desktop\OTB-6.6.1-Win64\bin;C:\Program Files\7-Zip;C:\Program Files\ActivIdentity\ActivClient\;C:\Program Files (x86)\ActivIdentity\ActivClient\;C:\Users\USER\AppData\Local\bin\NASM;C:\Users\USER\AppData\Local\nasm;C:\Program Files\MySQL\MySQL Server 8.0\bin;C:\Program Files (x86)\Microsoft SQL Server\100\Tools\Binn\;C:\Program Files\Microsoft SQL Server\100\Tools\Binn\;C:\Program Files\Microsoft SQL Server\100\DTS\Binn\;C:\Program Files\Git\cmd;C:\Program Files\Git\mingw64\bin;C:\Program Files\Git\usr\bin;C:\Program Files\CMake\bin;C:\Program Files\PostgreSQL\13\bin;C:\Program Files\dotnet\;E:\MinGW\bin;E:\coursIUT\perso\environnementmaven\env\maven\apache-maven-3.8.4\bin;E:\OCR\Tesseract-OCR;C:\Program Files\Java\jdk-18.0.1.1\bin;C:\WINDOWS\System32\OpenSSH\;E:\xampp\mysql\bin;C:\Users\USER\anaconda3;C:\Users\USER\anaconda3\Library\mingw-w64\bin;C:\Users\USER\anaconda3\Library\usr\bin;C:\Users\USER\anaconda3\Library\bin;C:\Users\USER\anaconda3\Scripts;C:\Users\USER\AppData\Local\Microsoft\WindowsApps;C:\Program Files\Microsoft VS Code\bin;;E:\logiciels\eclipse;
USERNAME=Martial Kom
OS=Windows_NT
PROCESSOR_IDENTIFIER=Intel64 Family 6 Model 42 Stepping 7, GenuineIntel



---------------  S Y S T E M  ---------------

OS: Windows 10.0 , 64 bit Build 18362 (10.0.18362.1)

CPU:total 4 (2 cores per cpu, 2 threads per core) family 6 model 42 stepping 7, cmov, cx8, fxsr, mmx, sse, sse2, sse3, ssse3, sse4.1, sse4.2, popcnt, avx, aes, clmul, ht, tsc, tscinvbit

Memory: 4k page, physical 8337768k(1893732k free), swap 16726376k(5247812k free)

vm_info: Java HotSpot(TM) 64-Bit Server VM (25.45-b02) for windows-amd64 JRE (1.8.0_45-b14), built on Apr 10 2015 10:34:15 by "java_re" with MS VC++ 10.0 (VS2010)

time: Thu Jun 02 14:37:35 2022
elapsed time: 20 seconds (0d 0h 0m 20s)

