#
# A fatal error has been detected by the Java Runtime Environment:
#
#  EXCEPTION_UNCAUGHT_CXX_EXCEPTION (0xe06d7363) at pc=0x00007ff9c3a6a839, pid=9344, tid=12084
#
# JRE version: Java(TM) SE Runtime Environment (8.0_45-b14) (build 1.8.0_45-b14)
# Java VM: Java HotSpot(TM) 64-Bit Server VM (25.45-b02 mixed mode windows-amd64 compressed oops)
# Problematic frame:
# C  [KERNELBASE.dll+0x3a839]
#
# Failed to write core dump. Minidumps are not enabled by default on client versions of Windows
#
# If you would like to submit a bug report, please visit:
#   http://bugreport.java.com/bugreport/crash.jsp
# The crash happened outside the Java Virtual Machine in native code.
# See problematic frame for where to report the bug.
#

---------------  T H R E A D  ---------------

Current thread (0x000000001d5a6000):  JavaThread "Thread-5" [_thread_in_native, id=12084, stack(0x0000000028a40000,0x0000000028b40000)]

siginfo: ExceptionCode=0xe06d7363, ExceptionInformation=0x0000000019930520 0x0000000028b2eba0 0x00007ff98178cd78 0x00007ff981540000 

Registers:
RAX=0x0000000000000000, RBX=0x00007ff98178cd78, RCX=0x0000000000000000, RDX=0x0000000000000000
RSP=0x0000000028b2ea10, RBP=0x0000000028b2eb50, RSI=0x00007ff9813d1238, RDI=0x0000000028b2eba0
R8 =0x0000000000000000, R9 =0x0000000000000000, R10=0x0000000000000000, R11=0x0000000000000000
R12=0x00000000ffffff29, R13=0x0000000000000000, R14=0x00007ff9813d0b80, R15=0x0000000028b3ed40
RIP=0x00007ff9c3a6a839, EFLAGS=0x0000000000000206

Top of Stack: (sp=0x0000000028b2ea10)
0x0000000028b2ea10:   0000000000000000 00007ff98178cd78
0x0000000028b2ea20:   00007ff9813d1238 0000000000000000
0x0000000028b2ea30:   00000001e06d7363 0000000000000000
0x0000000028b2ea40:   00007ff9c3a6a839 0000000000000004
0x0000000028b2ea50:   0000000019930520 0000000028b2eba0
0x0000000028b2ea60:   00007ff98178cd78 00007ff981540000
0x0000000028b2ea70:   0000000000000000 00000000ffffff29
0x0000000028b2ea80:   00007ff9813d1238 0000000028b2eb50
0x0000000028b2ea90:   0000000028b2eb60 00007ff9c68bf42f
0x0000000028b2eaa0:   0000000028b2eba0 00007ff900000000
0x0000000028b2eab0:   0000000028b2eba0 00007ff9a977d306
0x0000000028b2eac0:   00007ff9817af000 00007ff981540000
0x0000000028b2ead0:   000058ed34b79c06 00007ff9a97fc4d0
0x0000000028b2eae0:   00007ff98178cd78 00007ff9a977ef63
0x0000000028b2eaf0:   0000000028b2eba0 00007ff9a974eb8d
0x0000000028b2eb00:   00007ff9a97fc4d0 00007ff9813d1238 

Instructions: (pc=0x00007ff9c3a6a839)
0x00007ff9c3a6a819:   8b d1 44 0f 47 c0 44 89 44 24 38 49 c1 e0 03 e8
0x00007ff9c3a6a829:   0a 4a 05 00 48 8d 4c 24 20 48 ff 15 df be 16 00
0x00007ff9c3a6a839:   0f 1f 44 00 00 48 8b 8c 24 c0 00 00 00 48 33 cc
0x00007ff9c3a6a849:   e8 82 ec 04 00 48 81 c4 d8 00 00 00 c3 83 64 24 


Register to memory mapping:

RAX=0x0000000000000000 is an unknown value
RBX=0x00007ff98178cd78 is an unknown value
RCX=0x0000000000000000 is an unknown value
RDX=0x0000000000000000 is an unknown value
RSP=0x0000000028b2ea10 is pointing into the stack for thread: 0x000000001d5a6000
RBP=0x0000000028b2eb50 is pointing into the stack for thread: 0x000000001d5a6000
RSI=0x00007ff9813d1238 is an unknown value
RDI=0x0000000028b2eba0 is pointing into the stack for thread: 0x000000001d5a6000
R8 =0x0000000000000000 is an unknown value
R9 =0x0000000000000000 is an unknown value
R10=0x0000000000000000 is an unknown value
R11=0x0000000000000000 is an unknown value
R12=0x00000000ffffff29 is an unallocated location in the heap
R13=0x0000000000000000 is an unknown value
R14=0x00007ff9813d0b80 is an unknown value
R15=0x0000000028b3ed40 is pointing into the stack for thread: 0x000000001d5a6000


Stack: [0x0000000028a40000,0x0000000028b40000],  sp=0x0000000028b2ea10,  free space=954k
Native frames: (J=compiled Java code, j=interpreted, Vv=VM code, C=native code)
C  [KERNELBASE.dll+0x3a839]
C  [msvcr120.dll+0x5ef63]
C  [opencv_core320.dll+0x1a2c34]
C  [opencv_core320.dll+0x1a2d76]
C  [opencv_imgproc320.dll+0x46c7a]
C  [jniopencv_imgproc.dll+0x6e52d]
C  0x0000000003e0c1f1

Java frames: (J=compiled Java code, j=interpreted, Vv=VM code)
J 4781  org.bytedeco.javacpp.opencv_imgproc.cvCvtColor(Lorg/bytedeco/javacpp/helper/opencv_core$CvArr;Lorg/bytedeco/javacpp/helper/opencv_core$CvArr;I)V (0 bytes) @ 0x0000000003e0c16b [0x0000000003e0c100+0x6b]
j  application.FaceDetector.run()V+295
j  java.lang.Thread.run()V+11
v  ~StubRoutines::call_stub

---------------  P R O C E S S  ---------------

Java Threads: ( => current thread )
  0x000000001d5a4800 JavaThread "mysql-cj-abandoned-connection-cleanup" daemon [_thread_blocked, id=12532, stack(0x0000000029b20000,0x0000000029c20000)]
=>0x000000001d5a6000 JavaThread "Thread-5" [_thread_in_native, id=12084, stack(0x0000000028a40000,0x0000000028b40000)]
  0x000000001dc75800 JavaThread "Prism Font Disposer" daemon [_thread_blocked, id=14700, stack(0x0000000020ae0000,0x0000000020be0000)]
  0x000000001d77c800 JavaThread "AWT-Windows" daemon [_thread_in_native, id=11664, stack(0x000000001ead0000,0x000000001ebd0000)]
  0x000000001a039800 JavaThread "Java2D Disposer" daemon [_thread_blocked, id=10836, stack(0x000000001e430000,0x000000001e530000)]
  0x000000001dc3c000 JavaThread "JavaCPP Deallocator" daemon [_thread_blocked, id=12376, stack(0x000000001e330000,0x000000001e430000)]
  0x0000000019c81800 JavaThread "JavaFX-Launcher" [_thread_blocked, id=14084, stack(0x000000001d060000,0x000000001d160000)]
  0x00000000198d1000 JavaThread "Thread-2" daemon [_thread_in_native, id=592, stack(0x000000001cf60000,0x000000001d060000)]
  0x0000000019bfe800 JavaThread "JavaFX Application Thread" [_thread_in_native, id=13316, stack(0x000000001ab80000,0x000000001ac80000)]
  0x0000000019bfd800 JavaThread "Thread-1" daemon [_thread_blocked, id=14524, stack(0x000000001aa80000,0x000000001ab80000)]
  0x000000001989f000 JavaThread "QuantumRenderer-0" daemon [_thread_blocked, id=14456, stack(0x0000000019af0000,0x0000000019bf0000)]
  0x0000000019518800 JavaThread "Service Thread" daemon [_thread_blocked, id=13332, stack(0x00000000198f0000,0x00000000199f0000)]
  0x0000000017c92800 JavaThread "C1 CompilerThread2" daemon [_thread_blocked, id=15156, stack(0x00000000193f0000,0x00000000194f0000)]
  0x0000000017c89800 JavaThread "C2 CompilerThread1" daemon [_thread_blocked, id=7596, stack(0x00000000192f0000,0x00000000193f0000)]
  0x0000000017c87800 JavaThread "C2 CompilerThread0" daemon [_thread_blocked, id=14740, stack(0x00000000191f0000,0x00000000192f0000)]
  0x0000000017c85800 JavaThread "Attach Listener" daemon [_thread_blocked, id=1496, stack(0x00000000190f0000,0x00000000191f0000)]
  0x0000000017c84000 JavaThread "Signal Dispatcher" daemon [_thread_blocked, id=952, stack(0x0000000018ff0000,0x00000000190f0000)]
  0x0000000017c4a000 JavaThread "Finalizer" daemon [_thread_blocked, id=11272, stack(0x0000000018ee0000,0x0000000018fe0000)]
  0x0000000003085800 JavaThread "Reference Handler" daemon [_thread_blocked, id=10724, stack(0x0000000018de0000,0x0000000018ee0000)]
  0x0000000002f98000 JavaThread "main" [_thread_blocked, id=940, stack(0x0000000002e90000,0x0000000002f90000)]

Other Threads:
  0x0000000017c47800 VMThread [stack: 0x0000000018ce0000,0x0000000018de0000] [id=8956]
  0x0000000017cde800 WatcherThread [stack: 0x00000000199f0000,0x0000000019af0000] [id=4768]

VM state:not at safepoint (normal execution)

VM Mutex/Monitor currently owned by a thread: None

Heap:
 PSYoungGen      total 97792K, used 24413K [0x00000000d5980000, 0x00000000dca00000, 0x0000000100000000)
  eden space 94720K, 22% used [0x00000000d5980000,0x00000000d6eb7338,0x00000000db600000)
  from space 3072K, 87% used [0x00000000dbe00000,0x00000000dc0a0260,0x00000000dc100000)
  to   space 6656K, 0% used [0x00000000dc380000,0x00000000dc380000,0x00000000dca00000)
 ParOldGen       total 73728K, used 23505K [0x0000000080c00000, 0x0000000085400000, 0x00000000d5980000)
  object space 73728K, 31% used [0x0000000080c00000,0x00000000822f4590,0x0000000085400000)
 Metaspace       used 32343K, capacity 33566K, committed 33792K, reserved 1079296K
  class space    used 4097K, capacity 4334K, committed 4352K, reserved 1048576K

Card table byte_map: [0x0000000012460000,0x0000000012860000] byte_map_base: 0x000000001205a000

Marking Bits: (ParMarkBitMap*) 0x0000000062004040
 Begin Bits: [0x0000000012f10000, 0x0000000014ee0000)
 End Bits:   [0x0000000014ee0000, 0x0000000016eb0000)

Polling page: 0x0000000002e60000

CodeCache: size=245760Kb used=17733Kb max_used=17737Kb free=228026Kb
 bounds [0x00000000030a0000, 0x0000000004210000, 0x00000000120a0000]
 total_blobs=6455 nmethods=5514 adapters=852
 compilation: enabled

Compilation events (10 events):
Event: 116.828 Thread 0x0000000017c89800 6404       4       com.sun.prism.impl.shape.NativePiscesRasterizer::getMaskData (621 bytes)
Event: 116.841 Thread 0x0000000017c92800 6405       3       com.sun.javafx.geom.Path2D::<init> (409 bytes)
Event: 116.843 Thread 0x0000000017c92800 nmethod 6405 0x0000000004201510 code [0x00000000042017c0, 0x0000000004202fc8]
Event: 116.846 Thread 0x0000000017c92800 6406       3       com.sun.javafx.sg.prism.NGRegion::resizeShape (429 bytes)
Event: 116.849 Thread 0x0000000017c92800 nmethod 6406 0x0000000004203990 code [0x0000000004203d40, 0x00000000042066d8]
Event: 116.849 Thread 0x0000000017c92800 6407       3       com.sun.javafx.geom.transform.AffineBase::createTransformedShape (16 bytes)
Event: 116.850 Thread 0x0000000017c92800 nmethod 6407 0x00000000041ffbd0 code [0x00000000041ffd40, 0x00000000041fff88]
Event: 116.850 Thread 0x0000000017c92800 6408       3       com.sun.javafx.geom.transform.AffineBase::calculateType (598 bytes)
Event: 116.851 Thread 0x0000000017c92800 nmethod 6408 0x00000000041fe810 code [0x00000000041fea80, 0x00000000041ffa88]
Event: 116.856 Thread 0x0000000017c89800 nmethod 6404 0x0000000004208950 code [0x0000000004208c60, 0x0000000004209b78]

GC Heap History (10 events):
Event: 108.870 GC heap before
{Heap before GC invocations=58 (full 1):
 PSYoungGen      total 112640K, used 112125K [0x00000000d5980000, 0x00000000dd900000, 0x0000000100000000)
  eden space 109568K, 99% used [0x00000000d5980000,0x00000000dc4652f0,0x00000000dc480000)
  from space 3072K, 86% used [0x00000000dd600000,0x00000000dd89a1a0,0x00000000dd900000)
  to   space 7680K, 0% used [0x00000000dca00000,0x00000000dca00000,0x00000000dd180000)
 ParOldGen       total 73728K, used 23465K [0x0000000080c00000, 0x0000000085400000, 0x00000000d5980000)
  object space 73728K, 31% used [0x0000000080c00000,0x00000000822ea590,0x0000000085400000)
 Metaspace       used 32290K, capacity 33438K, committed 33536K, reserved 1079296K
  class space    used 4097K, capacity 4334K, committed 4352K, reserved 1048576K
Event: 108.873 GC heap after
Heap after GC invocations=58 (full 1):
 PSYoungGen      total 110080K, used 3334K [0x00000000d5980000, 0x00000000dd680000, 0x0000000100000000)
  eden space 106496K, 0% used [0x00000000d5980000,0x00000000d5980000,0x00000000dc180000)
  from space 3584K, 93% used [0x00000000dca00000,0x00000000dcd41a80,0x00000000dcd80000)
  to   space 7168K, 0% used [0x00000000dcf80000,0x00000000dcf80000,0x00000000dd680000)
 ParOldGen       total 73728K, used 23473K [0x0000000080c00000, 0x0000000085400000, 0x00000000d5980000)
  object space 73728K, 31% used [0x0000000080c00000,0x00000000822ec590,0x0000000085400000)
 Metaspace       used 32290K, capacity 33438K, committed 33536K, reserved 1079296K
  class space    used 4097K, capacity 4334K, committed 4352K, reserved 1048576K
}
Event: 110.464 GC heap before
{Heap before GC invocations=59 (full 1):
 PSYoungGen      total 110080K, used 109048K [0x00000000d5980000, 0x00000000dd680000, 0x0000000100000000)
  eden space 106496K, 99% used [0x00000000d5980000,0x00000000dc0bc958,0x00000000dc180000)
  from space 3584K, 93% used [0x00000000dca00000,0x00000000dcd41a80,0x00000000dcd80000)
  to   space 7168K, 0% used [0x00000000dcf80000,0x00000000dcf80000,0x00000000dd680000)
 ParOldGen       total 73728K, used 23473K [0x0000000080c00000, 0x0000000085400000, 0x00000000d5980000)
  object space 73728K, 31% used [0x0000000080c00000,0x00000000822ec590,0x0000000085400000)
 Metaspace       used 32305K, capacity 33502K, committed 33792K, reserved 1079296K
  class space    used 4097K, capacity 4334K, committed 4352K, reserved 1048576K
Event: 110.467 GC heap after
Heap after GC invocations=59 (full 1):
 PSYoungGen      total 105472K, used 1971K [0x00000000d5980000, 0x00000000dd180000, 0x0000000100000000)
  eden space 103424K, 0% used [0x00000000d5980000,0x00000000d5980000,0x00000000dbe80000)
  from space 2048K, 96% used [0x00000000dcf80000,0x00000000dd16cd90,0x00000000dd180000)
  to   space 7168K, 0% used [0x00000000dc380000,0x00000000dc380000,0x00000000dca80000)
 ParOldGen       total 73728K, used 23489K [0x0000000080c00000, 0x0000000085400000, 0x00000000d5980000)
  object space 73728K, 31% used [0x0000000080c00000,0x00000000822f0590,0x0000000085400000)
 Metaspace       used 32305K, capacity 33502K, committed 33792K, reserved 1079296K
  class space    used 4097K, capacity 4334K, committed 4352K, reserved 1048576K
}
Event: 112.538 GC heap before
{Heap before GC invocations=60 (full 1):
 PSYoungGen      total 105472K, used 104303K [0x00000000d5980000, 0x00000000dd180000, 0x0000000100000000)
  eden space 103424K, 98% used [0x00000000d5980000,0x00000000dbd6f1b8,0x00000000dbe80000)
  from space 2048K, 96% used [0x00000000dcf80000,0x00000000dd16cd90,0x00000000dd180000)
  to   space 7168K, 0% used [0x00000000dc380000,0x00000000dc380000,0x00000000dca80000)
 ParOldGen       total 73728K, used 23489K [0x0000000080c00000, 0x0000000085400000, 0x00000000d5980000)
  object space 73728K, 31% used [0x0000000080c00000,0x00000000822f0590,0x0000000085400000)
 Metaspace       used 32305K, capacity 33502K, committed 33792K, reserved 1079296K
  class space    used 4097K, capacity 4334K, committed 4352K, reserved 1048576K
Event: 112.540 GC heap after
Heap after GC invocations=60 (full 1):
 PSYoungGen      total 102400K, used 1699K [0x00000000d5980000, 0x00000000dd000000, 0x0000000100000000)
  eden space 100352K, 0% used [0x00000000d5980000,0x00000000d5980000,0x00000000dbb80000)
  from space 2048K, 82% used [0x00000000dc380000,0x00000000dc528d40,0x00000000dc580000)
  to   space 6656K, 0% used [0x00000000dc980000,0x00000000dc980000,0x00000000dd000000)
 ParOldGen       total 73728K, used 23489K [0x0000000080c00000, 0x0000000085400000, 0x00000000d5980000)
  object space 73728K, 31% used [0x0000000080c00000,0x00000000822f0590,0x0000000085400000)
 Metaspace       used 32305K, capacity 33502K, committed 33792K, reserved 1079296K
  class space    used 4097K, capacity 4334K, committed 4352K, reserved 1048576K
}
Event: 114.488 GC heap before
{Heap before GC invocations=61 (full 1):
 PSYoungGen      total 102400K, used 101707K [0x00000000d5980000, 0x00000000dd000000, 0x0000000100000000)
  eden space 100352K, 99% used [0x00000000d5980000,0x00000000dbb2a1b0,0x00000000dbb80000)
  from space 2048K, 82% used [0x00000000dc380000,0x00000000dc528d40,0x00000000dc580000)
  to   space 6656K, 0% used [0x00000000dc980000,0x00000000dc980000,0x00000000dd000000)
 ParOldGen       total 73728K, used 23489K [0x0000000080c00000, 0x0000000085400000, 0x00000000d5980000)
  object space 73728K, 31% used [0x0000000080c00000,0x00000000822f0590,0x0000000085400000)
 Metaspace       used 32319K, capacity 33502K, committed 33792K, reserved 1079296K
  class space    used 4097K, capacity 4334K, committed 4352K, reserved 1048576K
Event: 114.490 GC heap after
Heap after GC invocations=61 (full 1):
 PSYoungGen      total 98816K, used 1473K [0x00000000d5980000, 0x00000000dcb00000, 0x0000000100000000)
  eden space 97280K, 0% used [0x00000000d5980000,0x00000000d5980000,0x00000000db880000)
  from space 1536K, 95% used [0x00000000dc980000,0x00000000dcaf0480,0x00000000dcb00000)
  to   space 6656K, 0% used [0x00000000dbe00000,0x00000000dbe00000,0x00000000dc480000)
 ParOldGen       total 73728K, used 23497K [0x0000000080c00000, 0x0000000085400000, 0x00000000d5980000)
  object space 73728K, 31% used [0x0000000080c00000,0x00000000822f2590,0x0000000085400000)
 Metaspace       used 32319K, capacity 33502K, committed 33792K, reserved 1079296K
  class space    used 4097K, capacity 4334K, committed 4352K, reserved 1048576K
}
Event: 116.418 GC heap before
{Heap before GC invocations=62 (full 1):
 PSYoungGen      total 98816K, used 98209K [0x00000000d5980000, 0x00000000dcb00000, 0x0000000100000000)
  eden space 97280K, 99% used [0x00000000d5980000,0x00000000db7f7fc0,0x00000000db880000)
  from space 1536K, 95% used [0x00000000dc980000,0x00000000dcaf0480,0x00000000dcb00000)
  to   space 6656K, 0% used [0x00000000dbe00000,0x00000000dbe00000,0x00000000dc480000)
 ParOldGen       total 73728K, used 23497K [0x0000000080c00000, 0x0000000085400000, 0x00000000d5980000)
  object space 73728K, 31% used [0x0000000080c00000,0x00000000822f2590,0x0000000085400000)
 Metaspace       used 32330K, capacity 33566K, committed 33792K, reserved 1079296K
  class space    used 4097K, capacity 4334K, committed 4352K, reserved 1048576K
Event: 116.420 GC heap after
Heap after GC invocations=62 (full 1):
 PSYoungGen      total 97792K, used 2688K [0x00000000d5980000, 0x00000000dca00000, 0x0000000100000000)
  eden space 94720K, 0% used [0x00000000d5980000,0x00000000d5980000,0x00000000db600000)
  from space 3072K, 87% used [0x00000000dbe00000,0x00000000dc0a0260,0x00000000dc100000)
  to   space 6656K, 0% used [0x00000000dc380000,0x00000000dc380000,0x00000000dca00000)
 ParOldGen       total 73728K, used 23505K [0x0000000080c00000, 0x0000000085400000, 0x00000000d5980000)
  object space 73728K, 31% used [0x0000000080c00000,0x00000000822f4590,0x0000000085400000)
 Metaspace       used 32330K, capacity 33566K, committed 33792K, reserved 1079296K
  class space    used 4097K, capacity 4334K, committed 4352K, reserved 1048576K
}

Deoptimization events (10 events):
Event: 38.738 Thread 0x000000001d5a6000 Uncommon trap: reason=unstable_if action=reinterpret pc=0x0000000003f5e428 method=sun.font.CMap$CMapFormat4.getGlyph(I)C @ 181
Event: 54.698 Thread 0x000000001d5a6000 Uncommon trap: reason=unstable_if action=reinterpret pc=0x00000000032072c8 method=java.util.concurrent.locks.ReentrantLock$NonfairSync.lock()V @ 6
Event: 54.699 Thread 0x000000001d5a6000 Uncommon trap: reason=unstable_if action=reinterpret pc=0x00000000038ac880 method=java.util.concurrent.locks.ReentrantLock$Sync.tryRelease(I)Z @ 28
Event: 54.933 Thread 0x000000001d5a6000 Uncommon trap: reason=predicate action=maybe_recompile pc=0x00000000038cf670 method=java.util.regex.Pattern$SliceI.match(Ljava/util/regex/Matcher;ILjava/lang/CharSequence;)Z @ 21
Event: 58.222 Thread 0x000000001d5a6000 Uncommon trap: reason=unstable_if action=reinterpret pc=0x0000000003e77d70 method=java.util.concurrent.locks.ReentrantLock$Sync.tryRelease(I)Z @ 28
Event: 66.825 Thread 0x000000001d5a6000 Uncommon trap: reason=predicate action=maybe_recompile pc=0x00000000041538c4 method=java.util.regex.Pattern$Slice.match(Ljava/util/regex/Matcher;ILjava/lang/CharSequence;)Z @ 21
Event: 116.824 Thread 0x000000001989f000 Uncommon trap: reason=unstable_if action=reinterpret pc=0x00000000041961ac method=com.sun.javafx.geom.DirtyRegionContainer.hasSpace()Z @ 9
Event: 116.825 Thread 0x000000001989f000 Uncommon trap: reason=unstable_if action=reinterpret pc=0x0000000003f7ced8 method=com.sun.javafx.geom.DirtyRegionContainer.hasSpace()Z @ 9
Event: 116.825 Thread 0x000000001989f000 Uncommon trap: reason=unstable_if action=reinterpret pc=0x0000000003f7ced8 method=com.sun.javafx.geom.DirtyRegionContainer.hasSpace()Z @ 9
Event: 116.825 Thread 0x000000001989f000 Uncommon trap: reason=unstable_if action=reinterpret pc=0x0000000003e56dbc method=com.sun.javafx.sg.prism.NGGroup.computeRenderRoot(Lcom/sun/javafx/sg/prism/NodePath;Lcom/sun/javafx/geom/RectBounds;ILcom/sun/javafx/geom/transform/BaseTransform;Lcom/sun/javÈ¹¨q^C@

Internal exceptions (10 events):
Event: 10.364 Thread 0x0000000019bfe800 Exception <a 'java/security/PrivilegedActionException'> (0x00000000d5b30e78) thrown at [C:\re\workspace\8-2-build-windows-amd64-cygwin\jdk8u45\3457\hotspot\src\share\vm\prims\jvm.cpp, line 1382]
Event: 10.364 Thread 0x0000000019bfe800 Exception <a 'java/security/PrivilegedActionException'> (0x00000000d5b31350) thrown at [C:\re\workspace\8-2-build-windows-amd64-cygwin\jdk8u45\3457\hotspot\src\share\vm\prims\jvm.cpp, line 1382]
Event: 10.365 Thread 0x0000000019bfe800 Exception <a 'java/security/PrivilegedActionException'> (0x00000000d5b578b0) thrown at [C:\re\workspace\8-2-build-windows-amd64-cygwin\jdk8u45\3457\hotspot\src\share\vm\prims\jvm.cpp, line 1382]
Event: 10.365 Thread 0x0000000019bfe800 Exception <a 'java/security/PrivilegedActionException'> (0x00000000d5b57f18) thrown at [C:\re\workspace\8-2-build-windows-amd64-cygwin\jdk8u45\3457\hotspot\src\share\vm\prims\jvm.cpp, line 1382]
Event: 12.755 Thread 0x000000001989f000 Implicit null exception at 0x00000000031b2ad0 to 0x00000000031b2b29
Event: 14.134 Thread 0x0000000019bfe800 Implicit null exception at 0x0000000003c7ab9a to 0x0000000003c7aead
Event: 14.138 Thread 0x000000001989f000 Implicit null exception at 0x0000000003d3bf15 to 0x0000000003d3c61b
Event: 14.197 Thread 0x000000001d5a6000 Exception <a 'java/io/FileNotFoundException'> (0x00000000d5b50420) thrown at [C:\re\workspace\8-2-build-windows-amd64-cygwin\jdk8u45\3457\hotspot\src\share\vm\prims\jni.cpp, line 709]
Event: 14.197 Thread 0x000000001d5a6000 Exception <a 'java/lang/NullPointerException'> (0x00000000d5b50768) thrown at [C:\re\workspace\8-2-build-windows-amd64-cygwin\jdk8u45\3457\hotspot\src\share\vm\interpreter\linkResolver.cpp, line 1178]
Event: 14.243 Thread 0x000000001d5a6000 Exception <a 'java/io/FileNotFoundException'> (0x00000000d8d03c60) thrown at [C:\re\workspace\8-2-build-windows-amd64-cygwin\jdk8u45\3457\hotspot\src\share\vm\prims\jni.cpp, line 709]

Events (10 events):
Event: 116.824 Thread 0x000000001989f000 DEOPT UNPACKING pc=0x00000000030e582a sp=0x0000000019bee540 mode 2
Event: 116.825 Thread 0x000000001989f000 Uncommon trap: trap_request=0xffffff65 fr.pc=0x0000000003f7ced8
Event: 116.825 Thread 0x000000001989f000 DEOPT PACKING pc=0x0000000003f7ced8 sp=0x0000000019bee7a0
Event: 116.825 Thread 0x000000001989f000 DEOPT UNPACKING pc=0x00000000030e582a sp=0x0000000019bee5b8 mode 2
Event: 116.825 Thread 0x000000001989f000 Uncommon trap: trap_request=0xffffff65 fr.pc=0x0000000003f7ced8
Event: 116.825 Thread 0x000000001989f000 DEOPT PACKING pc=0x0000000003f7ced8 sp=0x0000000019beea20
Event: 116.825 Thread 0x000000001989f000 DEOPT UNPACKING pc=0x00000000030e582a sp=0x0000000019bee838 mode 2
Event: 116.825 Thread 0x000000001989f000 Uncommon trap: trap_request=0xffffff65 fr.pc=0x0000000003e56dbc
Event: 116.825 Thread 0x000000001989f000 DEOPT PACKING pc=0x0000000003e56dbc sp=0x0000000019bee9e0
Event: 116.825 Thread 0x000000001989f000 DEOPT UNPACKING pc=0x00000000030e582a sp=0x0000000019bee960 mode 2


Dynamic libraries:
0x00007ff628590000 - 0x00007ff6285c7000 	C:\Program Files\Java\jre1.8.0_45\bin\javaw.exe
0x00007ff9c68a0000 - 0x00007ff9c6a90000 	C:\WINDOWS\SYSTEM32\ntdll.dll
0x00007ff9c6210000 - 0x00007ff9c62c2000 	C:\WINDOWS\System32\KERNEL32.DLL
0x00007ff9c3a30000 - 0x00007ff9c3cd2000 	C:\WINDOWS\System32\KERNELBASE.dll
0x00007ff9c62d0000 - 0x00007ff9c6373000 	C:\WINDOWS\System32\ADVAPI32.dll
0x00007ff9c5780000 - 0x00007ff9c581e000 	C:\WINDOWS\System32\msvcrt.dll
0x00007ff9c5670000 - 0x00007ff9c5707000 	C:\WINDOWS\System32\sechost.dll
0x00007ff9c6380000 - 0x00007ff9c64a0000 	C:\WINDOWS\System32\RPCRT4.dll
0x00007ff9c4a30000 - 0x00007ff9c4bc3000 	C:\WINDOWS\System32\USER32.dll
0x00007ff9c3ce0000 - 0x00007ff9c3d01000 	C:\WINDOWS\System32\win32u.dll
0x00007ff9c5820000 - 0x00007ff9c5846000 	C:\WINDOWS\System32\GDI32.dll
0x00007ff9c3890000 - 0x00007ff9c3a24000 	C:\WINDOWS\System32\gdi32full.dll
0x00007ff9c4110000 - 0x00007ff9c41ae000 	C:\WINDOWS\System32\msvcp_win.dll
0x00007ff9c4010000 - 0x00007ff9c410a000 	C:\WINDOWS\System32\ucrtbase.dll
0x00007ff9b2c40000 - 0x00007ff9b2ec5000 	C:\WINDOWS\WinSxS\amd64_microsoft.windows.common-controls_6595b64144ccf1df_6.0.18362.30_none_a1435978519dce7f\COMCTL32.dll
0x00007ff9c5330000 - 0x00007ff9c5666000 	C:\WINDOWS\System32\combase.dll
0x00007ff9c4930000 - 0x00007ff9c49b1000 	C:\WINDOWS\System32\bcryptPrimitives.dll
0x00007ff9c6830000 - 0x00007ff9c685e000 	C:\WINDOWS\System32\IMM32.DLL
0x0000000061650000 - 0x0000000061722000 	C:\Program Files\Java\jre1.8.0_45\bin\msvcr100.dll
0x0000000061800000 - 0x0000000062083000 	C:\Program Files\Java\jre1.8.0_45\bin\server\jvm.dll
0x00007ff9c66d0000 - 0x00007ff9c66d8000 	C:\WINDOWS\System32\PSAPI.DLL
0x00007ff9bd640000 - 0x00007ff9bd64a000 	C:\WINDOWS\SYSTEM32\VERSION.dll
0x00007ff9c1790000 - 0x00007ff9c17b4000 	C:\WINDOWS\SYSTEM32\WINMM.dll
0x00007ff9b55d0000 - 0x00007ff9b55d9000 	C:\WINDOWS\SYSTEM32\WSOCK32.dll
0x00007ff9c5710000 - 0x00007ff9c577f000 	C:\WINDOWS\System32\WS2_32.dll
0x00007ff9c1310000 - 0x00007ff9c133d000 	C:\WINDOWS\SYSTEM32\WINMMBASE.dll
0x00007ff9c3e90000 - 0x00007ff9c3eda000 	C:\WINDOWS\System32\cfgmgr32.dll
0x00000000617f0000 - 0x00000000617ff000 	C:\Program Files\Java\jre1.8.0_45\bin\verify.dll
0x00000000617c0000 - 0x00000000617e9000 	C:\Program Files\Java\jre1.8.0_45\bin\java.dll
0x00000000617a0000 - 0x00000000617b6000 	C:\Program Files\Java\jre1.8.0_45\bin\zip.dll
0x00007ff9c58d0000 - 0x00007ff9c5fb0000 	C:\WINDOWS\System32\SHELL32.dll
0x00007ff9c6780000 - 0x00007ff9c6829000 	C:\WINDOWS\System32\shcore.dll
0x00007ff9c41b0000 - 0x00007ff9c492b000 	C:\WINDOWS\System32\windows.storage.dll
0x00007ff9c3830000 - 0x00007ff9c384f000 	C:\WINDOWS\System32\profapi.dll
0x00007ff9c37e0000 - 0x00007ff9c382a000 	C:\WINDOWS\System32\powrprof.dll
0x00007ff9c37d0000 - 0x00007ff9c37e0000 	C:\WINDOWS\System32\UMPDC.dll
0x00007ff9c5190000 - 0x00007ff9c51e2000 	C:\WINDOWS\System32\shlwapi.dll
0x00007ff9c3850000 - 0x00007ff9c3861000 	C:\WINDOWS\System32\kernel.appcore.dll
0x00007ff9c3ee0000 - 0x00007ff9c3ef7000 	C:\WINDOWS\System32\cryptsp.dll
0x0000000061620000 - 0x000000006164c000 	C:\Program Files\Java\jre1.8.0_45\bin\prism_d3d.dll
0x00007ff99baa0000 - 0x00007ff99bc66000 	C:\WINDOWS\system32\d3d9.dll
0x00007ff9c1fc0000 - 0x00007ff9c1fed000 	C:\WINDOWS\SYSTEM32\dwmapi.dll
0x00007ff9c2500000 - 0x00007ff9c2520000 	C:\WINDOWS\SYSTEM32\dxcore.dll
0x00007ff9c1ba0000 - 0x00007ff9c1c39000 	C:\WINDOWS\system32\uxtheme.dll
0x00007ff9bd650000 - 0x00007ff9bd7c1000 	C:\WINDOWS\SYSTEM32\aticfx64.dll
0x00007ff9b8d10000 - 0x00007ff9b8d31000 	C:\WINDOWS\SYSTEM32\atiu9p64.dll
0x00007ff9868b0000 - 0x00007ff98732f000 	C:\WINDOWS\SYSTEM32\atiumd64.dll
0x0000000062090000 - 0x0000000062934000 	C:\WINDOWS\SYSTEM32\atiumd6a.dll
0x00000000615d0000 - 0x0000000061611000 	C:\Program Files\Java\jre1.8.0_45\bin\glass.dll
0x00007ff9c64a0000 - 0x00007ff9c656f000 	C:\WINDOWS\System32\COMDLG32.dll
0x00007ff9c6570000 - 0x00007ff9c66c6000 	C:\WINDOWS\System32\ole32.dll
0x00007ff9c4bd0000 - 0x00007ff9c4c95000 	C:\WINDOWS\System32\OLEAUT32.dll
0x00007ff9c51f0000 - 0x00007ff9c5327000 	C:\WINDOWS\System32\MSCTF.dll
0x00007ff9a9720000 - 0x00007ff9a980f000 	C:\Users\USER\.javacpp\cache\opencv-3.2.0-1.3-windows-x86_64.jar\org\bytedeco\javacpp\windows-x86_64\msvcr120.dll
0x00007ff9883f0000 - 0x00007ff988496000 	C:\Users\USER\.javacpp\cache\opencv-3.2.0-1.3-windows-x86_64.jar\org\bytedeco\javacpp\windows-x86_64\msvcp120.dll
0x00007ff981540000 - 0x00007ff9817c8000 	C:\Users\USER\.javacpp\cache\opencv-3.2.0-1.3-windows-x86_64.jar\org\bytedeco\javacpp\windows-x86_64\opencv_core320.dll
0x00007ff9811d0000 - 0x00007ff981532000 	C:\Users\USER\.javacpp\cache\opencv-3.2.0-1.3-windows-x86_64.jar\org\bytedeco\javacpp\windows-x86_64\opencv_imgproc320.dll
0x00007ff97adc0000 - 0x00007ff97b00a000 	C:\Users\USER\.javacpp\cache\opencv-3.2.0-1.3-windows-x86_64.jar\org\bytedeco\javacpp\windows-x86_64\jniopencv_core.dll
0x0000000061780000 - 0x000000006179a000 	C:\Program Files\Java\jre1.8.0_45\bin\net.dll
0x00007ff9c2fe0000 - 0x00007ff9c3047000 	C:\WINDOWS\system32\mswsock.dll
0x0000000061760000 - 0x0000000061771000 	C:\Program Files\Java\jre1.8.0_45\bin\nio.dll
0x0000000061430000 - 0x00000000615c8000 	C:\Program Files\Java\jre1.8.0_45\bin\awt.dll
0x00007ff9c1a00000 - 0x00007ff9c1a8f000 	C:\WINDOWS\SYSTEM32\apphelp.dll
0x0000000061410000 - 0x0000000061425000 	C:\Program Files\Java\jre1.8.0_45\bin\javafx_font.dll
0x00007ff9b86e0000 - 0x00007ff9b89e0000 	C:\WINDOWS\SYSTEM32\dwrite.dll
0x00007ff9c5fb0000 - 0x00007ff9c6052000 	C:\WINDOWS\System32\clbcatq.dll
0x00007ff9bf110000 - 0x00007ff9bf2bf000 	C:\WINDOWS\SYSTEM32\WindowsCodecs.dll
0x00007ff9a49c0000 - 0x00007ff9a49fa000 	C:\WINDOWS\system32\dataexchange.dll
0x00007ff9c0350000 - 0x00007ff9c05ab000 	C:\WINDOWS\system32\d3d11.dll
0x00007ff9c1130000 - 0x00007ff9c130c000 	C:\WINDOWS\system32\dcomp.dll
0x00007ff9c2520000 - 0x00007ff9c260a000 	C:\WINDOWS\system32\dxgi.dll
0x00007ff9c1c70000 - 0x00007ff9c1eca000 	C:\WINDOWS\system32\twinapi.appcore.dll
0x00007ff9c20a0000 - 0x00007ff9c20c9000 	C:\WINDOWS\system32\RMCLIENT.dll
0x00007ff9a8aa0000 - 0x00007ff9a8ad3000 	C:\Program Files\Common Files\Microsoft Shared\Ink\rtscom.dll
0x00007ff9ba620000 - 0x00007ff9ba6be000 	C:\WINDOWS\System32\TextInputFramework.dll
0x00007ff9bf520000 - 0x00007ff9bf849000 	C:\WINDOWS\System32\CoreUIComponents.dll
0x00007ff9c16b0000 - 0x00007ff9c1784000 	C:\WINDOWS\System32\CoreMessaging.dll
0x00007ff9c2880000 - 0x00007ff9c28b1000 	C:\WINDOWS\SYSTEM32\ntmarta.dll
0x00007ff9bf3c0000 - 0x00007ff9bf513000 	C:\WINDOWS\SYSTEM32\wintypes.dll
0x00007ff9b9100000 - 0x00007ff9b93a6000 	C:\WINDOWS\System32\iertutil.dll
0x00000000613f0000 - 0x0000000061401000 	C:\Program Files\Java\jre1.8.0_45\bin\prism_common.dll
0x00007ff9c05b0000 - 0x00007ff9c0b70000 	C:\WINDOWS\SYSTEM32\d2d1.dll
0x00007ff9886e0000 - 0x00007ff988e21000 	C:\WINDOWS\SYSTEM32\D3D10Warp.dll
0x00007ff998820000 - 0x00007ff998910000 	C:\Users\USER\.javacpp\cache\opencv-3.2.0-1.3-windows-x86_64.jar\org\bytedeco\javacpp\windows-x86_64\jniopencv_imgproc.dll
0x00007ff96e130000 - 0x00007ff96e3fa000 	C:\Users\USER\.javacpp\cache\opencv-3.2.0-1.3-windows-x86_64.jar\org\bytedeco\javacpp\windows-x86_64\opencv_imgcodecs320.dll
0x00007ff9bc870000 - 0x00007ff9bc895000 	C:\Users\USER\.javacpp\cache\opencv-3.2.0-1.3-windows-x86_64.jar\org\bytedeco\javacpp\windows-x86_64\jniopencv_imgcodecs.dll
0x00007ff9afd40000 - 0x00007ff9afd8e000 	C:\Users\USER\.javacpp\cache\opencv-3.2.0-1.3-windows-x86_64.jar\org\bytedeco\javacpp\windows-x86_64\opencv_videoio320.dll
0x00007ff9bb100000 - 0x00007ff9bb129000 	C:\WINDOWS\SYSTEM32\MSVFW32.dll
0x00007ff9bb060000 - 0x00007ff9bb080000 	C:\WINDOWS\SYSTEM32\AVIFIL32.dll
0x00007ff9b8dc0000 - 0x00007ff9b8dd8000 	C:\WINDOWS\SYSTEM32\AVICAP32.dll
0x00007ff9995c0000 - 0x00007ff9995dc000 	C:\WINDOWS\SYSTEM32\MSACM32.dll
0x00007ff9afcd0000 - 0x00007ff9afce7000 	C:\Users\USER\.javacpp\cache\opencv-3.2.0-1.3-windows-x86_64.jar\org\bytedeco\javacpp\windows-x86_64\jniopencv_videoio.dll
0x00007ff9afca0000 - 0x00007ff9afccc000 	C:\Users\USER\.javacpp\cache\opencv-3.2.0-1.3-windows-x86_64.jar\org\bytedeco\javacpp\windows-x86_64\opencv_highgui320.dll
0x00007ff9ac5a0000 - 0x00007ff9ac5d8000 	C:\Users\USER\.javacpp\cache\opencv-3.2.0-1.3-windows-x86_64.jar\org\bytedeco\javacpp\windows-x86_64\jniopencv_highgui.dll
0x00007ff983d20000 - 0x00007ff983df3000 	C:\Users\USER\.javacpp\cache\opencv-3.2.0-1.3-windows-x86_64.jar\org\bytedeco\javacpp\windows-x86_64\opencv_ml320.dll
0x00007ff9ac550000 - 0x00007ff9ac593000 	C:\Users\USER\.javacpp\cache\opencv-3.2.0-1.3-windows-x86_64.jar\org\bytedeco\javacpp\windows-x86_64\jniopencv_ml.dll
0x00007ff988350000 - 0x00007ff9883e6000 	C:\Users\USER\.javacpp\cache\opencv-3.2.0-1.3-windows-x86_64.jar\org\bytedeco\javacpp\windows-x86_64\opencv_objdetect320.dll
0x00007ff9aad70000 - 0x00007ff9aadc4000 	C:\Users\USER\.javacpp\cache\opencv-3.2.0-1.3-windows-x86_64.jar\org\bytedeco\javacpp\windows-x86_64\jniopencv_objdetect.dll
0x00007ff9a96c0000 - 0x00007ff9a9712000 	C:\Users\USER\.javacpp\cache\opencv-3.2.0-1.3-windows-x86_64.jar\org\bytedeco\javacpp\windows-x86_64\opencv_face320.dll
0x00007ff9afc80000 - 0x00007ff9afc9a000 	C:\Users\USER\.javacpp\cache\opencv-3.2.0-1.3-windows-x86_64.jar\org\bytedeco\javacpp\windows-x86_64\jniopencv_face.dll
0x00007ff9c2ba0000 - 0x00007ff9c2bd3000 	C:\WINDOWS\system32\rsaenh.dll
0x00007ff9c3e60000 - 0x00007ff9c3e86000 	C:\WINDOWS\System32\bcrypt.dll
0x00007ff9c36c0000 - 0x00007ff9c36e5000 	C:\WINDOWS\SYSTEM32\USERENV.dll
0x00007ff9c31b0000 - 0x00007ff9c31bc000 	C:\WINDOWS\SYSTEM32\CRYPTBASE.dll
0x00007ff9c2d40000 - 0x00007ff9c2d7a000 	C:\WINDOWS\SYSTEM32\IPHLPAPI.DLL
0x00007ff9c4ca0000 - 0x00007ff9c4ca8000 	C:\WINDOWS\System32\NSI.dll
0x00007ff9bb320000 - 0x00007ff9bb336000 	C:\WINDOWS\SYSTEM32\dhcpcsvc6.DLL
0x00007ff9bb8a0000 - 0x00007ff9bb8bc000 	C:\WINDOWS\SYSTEM32\dhcpcsvc.DLL
0x00007ff9c2d80000 - 0x00007ff9c2e4a000 	C:\WINDOWS\SYSTEM32\DNSAPI.dll
0x00007ff9af120000 - 0x00007ff9af138000 	C:\Windows\System32\devenum.dll
0x00007ff9c4d10000 - 0x00007ff9c5180000 	C:\WINDOWS\System32\setupapi.dll
0x00007ff9c35d0000 - 0x00007ff9c35fa000 	C:\WINDOWS\SYSTEM32\DEVOBJ.dll
0x00007ff9c3f00000 - 0x00007ff9c3f5c000 	C:\WINDOWS\System32\WINTRUST.dll
0x00007ff9c3870000 - 0x00007ff9c3882000 	C:\WINDOWS\System32\MSASN1.dll
0x00007ff9c3d10000 - 0x00007ff9c3e59000 	C:\WINDOWS\System32\CRYPT32.dll
0x00007ff9c0160000 - 0x00007ff9c016b000 	C:\WINDOWS\SYSTEM32\msdmo.dll
0x00007ff9aaf10000 - 0x00007ff9aaf44000 	C:\Windows\System32\qcap.dll
0x00007ff97a1c0000 - 0x00007ff97a384000 	C:\Windows\System32\quartz.dll
0x00007ff9a4fa0000 - 0x00007ff9a4fec000 	C:\Windows\System32\mfksproxy.dll
0x00007ff9ac9b0000 - 0x00007ff9ac9cc000 	C:\Windows\System32\ATL.DLL
0x00007ff9a8330000 - 0x00007ff9a852a000 	C:\Windows\System32\MFPlat.DLL
0x00007ff9b17e0000 - 0x00007ff9b180f000 	C:\Windows\System32\RTWorkQ.DLL
0x00007ff98a9a0000 - 0x00007ff98a9fc000 	C:\Windows\System32\MFSENSORGROUP.dll
0x00007ff99d8b0000 - 0x00007ff99d8fd000 	C:\Windows\System32\ksproxy.ax
0x00007ff9a10c0000 - 0x00007ff9a10c9000 	C:\Windows\System32\ksuser.dll
0x00007ff9bdc30000 - 0x00007ff9bdcb0000 	C:\WINDOWS\SYSTEM32\policymanager.dll
0x00007ff9c0b70000 - 0x00007ff9c0bfa000 	C:\Windows\System32\msvcp110_win.dll
0x00007ff9c0060000 - 0x00007ff9c006d000 	C:\Windows\System32\vidcap.ax

VM Arguments:
jvm_args: -Djava.library.path=C:\Users\Administrator\Desktop\opencv\build\java\x64 -Dfile.encoding=Cp1252 
java_command: application.Main
java_class_path (initial): E:\coursIUT\perso\PFE\Ressources\VisixEclipse\ExoVisix\target\classes;E:\coursIUT\perso\PFE\Ressources\VisixEclipse\ExoVisix\bin\opencv-341.jar;E:\coursIUT\perso\PFE\Ressources\VisixEclipse\ExoVisix\bin\mysql-connector-java-5.1.49-bin.jar;E:\coursIUT\perso\environnementmaven\env\maven\repository\org\bytedeco\javacv-platform\1.3.2\javacv-platform-1.3.2.jar;E:\coursIUT\perso\environnementmaven\env\maven\repository\org\bytedeco\javacv\1.3.2\javacv-1.3.2.jar;E:\coursIUT\perso\environnementmaven\env\maven\repository\org\bytedeco\javacpp\1.3.2\javacpp-1.3.2.jar;E:\coursIUT\perso\environnementmaven\env\maven\repository\org\bytedeco\javacpp-presets\opencv\3.2.0-1.3\opencv-3.2.0-1.3.jar;E:\coursIUT\perso\environnementmaven\env\maven\repository\org\bytedeco\javacpp-presets\ffmpeg\3.2.1-1.3\ffmpeg-3.2.1-1.3.jar;E:\coursIUT\perso\environnementmaven\env\maven\repository\org\bytedeco\javacpp-presets\flycapture\2.9.3.43-1.3\flycapture-2.9.3.43-1.3.jar;E:\coursIUT\perso\environnementmaven\env\maven\repository\org\bytedeco\javacpp-presets\libdc1394\2.2.4-1.3\libdc1394-2.2.4-1.3.jar;E:\coursIUT\perso\environnementmaven\env\maven\repository\org\bytedeco\javacpp-presets\libfreenect\0.5.3-1.3\libfreenect-0.5.3-1.3.jar;E:\coursIUT\perso\environnementmaven\env\maven\repository\org\bytedeco\javacpp-presets\libfreenect2\0.2.0-1.3\libfreenect2-0.2.0-1.3.jar;E:\coursIUT\perso\environnementmaven\env\maven\repository\org\bytedeco\javacpp-presets\librealsense\1.9.6-1.3\librealsense-1.9.6-1.3.jar;E:\coursIUT\perso\environnementmaven\env\maven\repository\org\bytedeco\javacpp-presets\videoinput\0.200-1.3\videoinput-0.200-1.3.jar;E:\coursIUT\perso\environnementmaven\env\maven\repository\org\bytedeco\javacpp-presets\artoolkitplus\2.3.1-1.3\artoolkitplus-2.3.1-1.3.jar;E:\coursIUT\perso\environnementmaven\env\maven\repository\org\bytedeco\javacpp-presets\flandmark\1.07-1.3\flandmark-1.07-1.3.jar;E:\coursIUT\perso\environnementmaven\env\maven\repository\org\bytedeco\javacpp-
Launcher Type: SUN_STANDARD

Environment Variables:
JAVA_HOME=E:\coursIUT\perso\environnementmaven\env\java\jdk-17
PATH=C:/Program Files/Java/jre1.8.0_45/bin/server;C:/Program Files/Java/jre1.8.0_45/bin;C:/Program Files/Java/jre1.8.0_45/lib/amd64;E:\oracle\app\oracle\product\10.2.0\server\bin;C:\Program Files\Common Files\Oracle\Java\javapath;C:\Program Files (x86)\NVIDIA Corporation\PhysX\Common;C:\ProgramData\Oracle\Java\javapath;C:\WINDOWS\system32;C:\WINDOWS;C:\WINDOWS\System32\Wbem;C:\WINDOWS\System32\WindowsPowerShell\v1.0\;C:\Program Files (x86)\AMD\ATI.ACE\Core-Static;C:\Users\USER\Desktop\OTB-6.6.1-Win64\bin;C:\Program Files\7-Zip;C:\Program Files\ActivIdentity\ActivClient\;C:\Program Files (x86)\ActivIdentity\ActivClient\;C:\Users\USER\AppData\Local\bin\NASM;C:\Users\USER\AppData\Local\nasm;C:\Program Files\MySQL\MySQL Server 8.0\bin;C:\Program Files (x86)\Microsoft SQL Server\100\Tools\Binn\;C:\Program Files\Microsoft SQL Server\100\Tools\Binn\;C:\Program Files\Microsoft SQL Server\100\DTS\Binn\;C:\Program Files\Git\cmd;C:\Program Files\Git\mingw64\bin;C:\Program Files\Git\usr\bin;C:\Program Files\CMake\bin;C:\Program Files\PostgreSQL\13\bin;C:\Program Files\dotnet\;E:\MinGW\bin;E:\coursIUT\perso\environnementmaven\env\maven\apache-maven-3.8.4\bin;E:\OCR\Tesseract-OCR;C:\Program Files\Java\jdk-18.0.1.1\bin;C:\WINDOWS\System32\OpenSSH\;E:\xampp\mysql\bin;C:\Users\USER\anaconda3;C:\Users\USER\anaconda3\Library\mingw-w64\bin;C:\Users\USER\anaconda3\Library\usr\bin;C:\Users\USER\anaconda3\Library\bin;C:\Users\USER\anaconda3\Scripts;C:\Users\USER\AppData\Local\Microsoft\WindowsApps;C:\Program Files\Microsoft VS Code\bin;;E:\logiciels\eclipse;
USERNAME=Martial Kom
OS=Windows_NT
PROCESSOR_IDENTIFIER=Intel64 Family 6 Model 42 Stepping 7, GenuineIntel



---------------  S Y S T E M  ---------------

OS: Windows 10.0 , 64 bit Build 18362 (10.0.18362.1)

CPU:total 4 (2 cores per cpu, 2 threads per core) family 6 model 42 stepping 7, cmov, cx8, fxsr, mmx, sse, sse2, sse3, ssse3, sse4.1, sse4.2, popcnt, avx, aes, clmul, ht, tsc, tscinvbit

Memory: 4k page, physical 8337768k(2927964k free), swap 16726376k(5917520k free)

vm_info: Java HotSpot(TM) 64-Bit Server VM (25.45-b02) for windows-amd64 JRE (1.8.0_45-b14), built on Apr 10 2015 10:34:15 by "java_re" with MS VC++ 10.0 (VS2010)

time: Thu Jun 02 10:23:23 2022
elapsed time: 117 seconds (0d 0h 1m 57s)

