#
# A fatal error has been detected by the Java Runtime Environment:
#
#  EXCEPTION_UNCAUGHT_CXX_EXCEPTION (0xe06d7363) at pc=0x00007ff9c3a6a839, pid=7596, tid=15012
#
# JRE version: Java(TM) SE Runtime Environment (8.0_45-b14) (build 1.8.0_45-b14)
# Java VM: Java HotSpot(TM) 64-Bit Server VM (25.45-b02 mixed mode windows-amd64 compressed oops)
# Problematic frame:
# C  [KERNELBASE.dll+0x3a839]
#
# Failed to write core dump. Minidumps are not enabled by default on client versions of Windows
#
# If you would like to submit a bug report, please visit:
#   http://bugreport.java.com/bugreport/crash.jsp
# The crash happened outside the Java Virtual Machine in native code.
# See problematic frame for where to report the bug.
#

---------------  T H R E A D  ---------------

Current thread (0x0000000019c2b800):  JavaThread "Thread-5" [_thread_in_native, id=15012, stack(0x000000002a1f0000,0x000000002a2f0000)]

siginfo: ExceptionCode=0xe06d7363, ExceptionInformation=0x0000000019930520 0x000000002a2dede0 0x00007ff97a34cd78 0x00007ff97a100000 

Registers:
RAX=0x0000000000000000, RBX=0x00007ff97a34cd78, RCX=0x0000000000000000, RDX=0x0000000000000000
RSP=0x000000002a2dec50, RBP=0x000000002a2ded90, RSI=0x00007ff979fbd758, RDI=0x000000002a2dede0
R8 =0x0000000000000000, R9 =0x0000000000000000, R10=0x0000000000000000, R11=0x0000000000000000
R12=0x00000000ffffff29, R13=0x0000000000000000, R14=0x00007ff979fbd530, R15=0x000000002a2eefe0
RIP=0x00007ff9c3a6a839, EFLAGS=0x0000000000000202

Top of Stack: (sp=0x000000002a2dec50)
0x000000002a2dec50:   0000000000000000 00007ff97a34cd78
0x000000002a2dec60:   00007ff979fbd758 0000000000000000
0x000000002a2dec70:   00000001e06d7363 0000000000000000
0x000000002a2dec80:   00007ff9c3a6a839 0000000000000004
0x000000002a2dec90:   0000000019930520 000000002a2dede0
0x000000002a2deca0:   00007ff97a34cd78 00007ff97a100000
0x000000002a2decb0:   0000000000000000 00000000ffffff29
0x000000002a2decc0:   00007ff979fbd758 000000002a2ded90
0x000000002a2decd0:   000000002a2deda0 00007ff9c68bf42f
0x000000002a2dece0:   000000002a2dede0 00007ff900000000
0x000000002a2decf0:   000000002a2dede0 00007ff9a9b2d306
0x000000002a2ded00:   00007ff97a36f000 00007ff97a100000
0x000000002a2ded10:   00005517844d0b0f 00007ff9a9bac4d0
0x000000002a2ded20:   00007ff97a34cd78 00007ff9a9b2ef63
0x000000002a2ded30:   000000002a2dede0 00007ff9a9afeb8d
0x000000002a2ded40:   00007ff9a9bac4d0 00007ff979fbd758 

Instructions: (pc=0x00007ff9c3a6a839)
0x00007ff9c3a6a819:   8b d1 44 0f 47 c0 44 89 44 24 38 49 c1 e0 03 e8
0x00007ff9c3a6a829:   0a 4a 05 00 48 8d 4c 24 20 48 ff 15 df be 16 00
0x00007ff9c3a6a839:   0f 1f 44 00 00 48 8b 8c 24 c0 00 00 00 48 33 cc
0x00007ff9c3a6a849:   e8 82 ec 04 00 48 81 c4 d8 00 00 00 c3 83 64 24 


Register to memory mapping:

RAX=0x0000000000000000 is an unknown value
RBX=0x00007ff97a34cd78 is an unknown value
RCX=0x0000000000000000 is an unknown value
RDX=0x0000000000000000 is an unknown value
RSP=0x000000002a2dec50 is pointing into the stack for thread: 0x0000000019c2b800
RBP=0x000000002a2ded90 is pointing into the stack for thread: 0x0000000019c2b800
RSI=0x00007ff979fbd758 is an unknown value
RDI=0x000000002a2dede0 is pointing into the stack for thread: 0x0000000019c2b800
R8 =0x0000000000000000 is an unknown value
R9 =0x0000000000000000 is an unknown value
R10=0x0000000000000000 is an unknown value
R11=0x0000000000000000 is an unknown value
R12=0x00000000ffffff29 is an unallocated location in the heap
R13=0x0000000000000000 is an unknown value
R14=0x00007ff979fbd530 is an unknown value
R15=0x000000002a2eefe0 is pointing into the stack for thread: 0x0000000019c2b800


Stack: [0x000000002a1f0000,0x000000002a2f0000],  sp=0x000000002a2dec50,  free space=955k
Native frames: (J=compiled Java code, j=interpreted, Vv=VM code, C=native code)
C  [KERNELBASE.dll+0x3a839]
C  [msvcr120.dll+0x5ef63]
C  [opencv_core320.dll+0x1a2c34]
C  [opencv_core320.dll+0x1a2d76]
C  [opencv_imgproc320.dll+0x136701]
C  [opencv_imgproc320.dll+0x13c0b1]
C  0x00007ff9816fdafd
C  0x0000000002b75e34

Java frames: (J=compiled Java code, j=interpreted, Vv=VM code)
j  org.bytedeco.javacpp.opencv_imgproc.cvResize(Lorg/bytedeco/javacpp/helper/opencv_core$CvArr;Lorg/bytedeco/javacpp/helper/opencv_core$CvArr;I)V+0
j  application.FaceDetector.run()V+307
j  java.lang.Thread.run()V+11
v  ~StubRoutines::call_stub

---------------  P R O C E S S  ---------------

Java Threads: ( => current thread )
  0x0000000019c29000 JavaThread "mysql-cj-abandoned-connection-cleanup" daemon [_thread_blocked, id=15464, stack(0x000000002bfb0000,0x000000002c0b0000)]
=>0x0000000019c2b800 JavaThread "Thread-5" [_thread_in_native, id=15012, stack(0x000000002a1f0000,0x000000002a2f0000)]
  0x000000001d0bc800 JavaThread "Prism Font Disposer" daemon [_thread_blocked, id=15244, stack(0x0000000020480000,0x0000000020580000)]
  0x000000001d126000 JavaThread "AWT-Windows" daemon [_thread_in_native, id=16300, stack(0x000000001e340000,0x000000001e440000)]
  0x000000001cfb3800 JavaThread "Java2D Disposer" daemon [_thread_blocked, id=15004, stack(0x000000001dcb0000,0x000000001ddb0000)]
  0x000000001d674800 JavaThread "JavaCPP Deallocator" daemon [_thread_blocked, id=13504, stack(0x000000001dbb0000,0x000000001dcb0000)]
  0x0000000019620800 JavaThread "JavaFX-Launcher" [_thread_blocked, id=8900, stack(0x000000001c8e0000,0x000000001c9e0000)]
  0x0000000019656000 JavaThread "Thread-2" daemon [_thread_in_native, id=16276, stack(0x000000001c7e0000,0x000000001c8e0000)]
  0x00000000195a9800 JavaThread "JavaFX Application Thread" [_thread_in_native, id=8056, stack(0x000000001a400000,0x000000001a500000)]
  0x00000000195a8800 JavaThread "Thread-1" daemon [_thread_blocked, id=15936, stack(0x000000001a300000,0x000000001a400000)]
  0x000000001936f000 JavaThread "QuantumRenderer-0" daemon [_thread_blocked, id=2912, stack(0x0000000019da0000,0x0000000019ea0000)]
  0x000000001776e000 JavaThread "Service Thread" daemon [_thread_blocked, id=12244, stack(0x00000000193a0000,0x00000000194a0000)]
  0x000000001772b000 JavaThread "C1 CompilerThread2" daemon [_thread_blocked, id=6928, stack(0x0000000018ea0000,0x0000000018fa0000)]
  0x000000001771a800 JavaThread "C2 CompilerThread1" daemon [_thread_blocked, id=13624, stack(0x0000000018da0000,0x0000000018ea0000)]
  0x0000000017716800 JavaThread "C2 CompilerThread0" daemon [_thread_blocked, id=2300, stack(0x0000000018ca0000,0x0000000018da0000)]
  0x0000000017714800 JavaThread "Attach Listener" daemon [_thread_blocked, id=3348, stack(0x0000000018ba0000,0x0000000018ca0000)]
  0x0000000017713000 JavaThread "Signal Dispatcher" daemon [_thread_blocked, id=11740, stack(0x0000000018aa0000,0x0000000018ba0000)]
  0x00000000176da000 JavaThread "Finalizer" daemon [_thread_blocked, id=11792, stack(0x00000000189a0000,0x0000000018aa0000)]
  0x0000000002b55800 JavaThread "Reference Handler" daemon [_thread_blocked, id=14712, stack(0x00000000188a0000,0x00000000189a0000)]
  0x0000000002a68000 JavaThread "main" [_thread_blocked, id=13696, stack(0x0000000002960000,0x0000000002a60000)]

Other Threads:
  0x00000000176d7800 VMThread [stack: 0x00000000187a0000,0x00000000188a0000] [id=3180]
  0x0000000018feb000 WatcherThread [stack: 0x00000000194a0000,0x00000000195a0000] [id=15696]

VM state:not at safepoint (normal execution)

VM Mutex/Monitor currently owned by a thread: None

Heap:
 PSYoungGen      total 88064K, used 60030K [0x00000000d5980000, 0x00000000dbc00000, 0x0000000100000000)
  eden space 76800K, 65% used [0x00000000d5980000,0x00000000d8ad7998,0x00000000da480000)
  from space 11264K, 84% used [0x00000000db000000,0x00000000db947fa0,0x00000000dbb00000)
  to   space 11776K, 0% used [0x00000000da480000,0x00000000da480000,0x00000000db000000)
 ParOldGen       total 74752K, used 14746K [0x0000000080c00000, 0x0000000085500000, 0x00000000d5980000)
  object space 74752K, 19% used [0x0000000080c00000,0x0000000081a66998,0x0000000085500000)
 Metaspace       used 31604K, capacity 32882K, committed 33152K, reserved 1077248K
  class space    used 4132K, capacity 4412K, committed 4480K, reserved 1048576K

Card table byte_map: [0x0000000011f20000,0x0000000012320000] byte_map_base: 0x0000000011b1a000

Marking Bits: (ParMarkBitMap*) 0x0000000062004040
 Begin Bits: [0x00000000129d0000, 0x00000000149a0000)
 End Bits:   [0x00000000149a0000, 0x0000000016970000)

Polling page: 0x0000000000ad0000

CodeCache: size=245760Kb used=15970Kb max_used=15970Kb free=229789Kb
 bounds [0x0000000002b60000, 0x0000000003b10000, 0x0000000011b60000]
 total_blobs=5863 nmethods=4914 adapters=860
 compilation: enabled

Compilation events (10 events):
Event: 46.115 Thread 0x000000001772b000 5443       3       com.sun.scenario.effect.Blend::reducesOpaquePixels (161 bytes)
Event: 46.116 Thread 0x000000001772b000 nmethod 5443 0x0000000003af1e90 code [0x0000000003af20a0, 0x0000000003af2d88]
Event: 46.182 Thread 0x000000001772b000 5444       1       javafx.scene.Scene::access$2502 (6 bytes)
Event: 46.182 Thread 0x000000001772b000 nmethod 5444 0x0000000003af1bd0 code [0x0000000003af1d20, 0x0000000003af1e30]
Event: 46.309 Thread 0x000000001771a800 5445       4       com.sun.scenario.effect.impl.state.BoxRenderState::validateWeights (477 bytes)
Event: 46.341 Thread 0x000000001771a800 nmethod 5445 0x0000000003af8610 code [0x0000000003af88a0, 0x0000000003af9c70]
Event: 46.405 Thread 0x0000000017716800 5446       4       com.sun.javafx.sg.prism.NGRegion::renderBackgroundRectangleFromCache (621 bytes)
Event: 46.417 Thread 0x0000000017716800 nmethod 5446 0x0000000003afaad0 code [0x0000000003afad60, 0x0000000003afbe98]
Event: 46.472 Thread 0x000000001772b000 5447       3       java.security.AccessControlContext::combine (205 bytes)
Event: 46.473 Thread 0x000000001772b000 nmethod 5447 0x0000000003af7510 code [0x0000000003af7700, 0x0000000003af81f8]

GC Heap History (10 events):
Event: 42.461 GC heap before
{Heap before GC invocations=11 (full 1):
 PSYoungGen      total 65536K, used 60931K [0x00000000d5980000, 0x00000000dad00000, 0x0000000100000000)
  eden space 52736K, 97% used [0x00000000d5980000,0x00000000d8be0a40,0x00000000d8d00000)
  from space 12800K, 73% used [0x00000000d8d00000,0x00000000d96201e0,0x00000000d9980000)
  to   space 12800K, 0% used [0x00000000da080000,0x00000000da080000,0x00000000dad00000)
 ParOldGen       total 74752K, used 14722K [0x0000000080c00000, 0x0000000085500000, 0x00000000d5980000)
  object space 74752K, 19% used [0x0000000080c00000,0x0000000081a60998,0x0000000085500000)
 Metaspace       used 31455K, capacity 32686K, committed 32896K, reserved 1077248K
  class space    used 4131K, capacity 4412K, committed 4480K, reserved 1048576K
Event: 42.470 GC heap after
Heap after GC invocations=11 (full 1):
 PSYoungGen      total 72704K, used 8208K [0x00000000d5980000, 0x00000000dac80000, 0x0000000100000000)
  eden space 60416K, 0% used [0x00000000d5980000,0x00000000d5980000,0x00000000d9480000)
  from space 12288K, 66% used [0x00000000da080000,0x00000000da8841d0,0x00000000dac80000)
  to   space 12288K, 0% used [0x00000000d9480000,0x00000000d9480000,0x00000000da080000)
 ParOldGen       total 74752K, used 14730K [0x0000000080c00000, 0x0000000085500000, 0x00000000d5980000)
  object space 74752K, 19% used [0x0000000080c00000,0x0000000081a62998,0x0000000085500000)
 Metaspace       used 31455K, capacity 32686K, committed 32896K, reserved 1077248K
  class space    used 4131K, capacity 4412K, committed 4480K, reserved 1048576K
}
Event: 43.270 GC heap before
{Heap before GC invocations=12 (full 1):
 PSYoungGen      total 72704K, used 67624K [0x00000000d5980000, 0x00000000dac80000, 0x0000000100000000)
  eden space 60416K, 98% used [0x00000000d5980000,0x00000000d9385fc0,0x00000000d9480000)
  from space 12288K, 66% used [0x00000000da080000,0x00000000da8841d0,0x00000000dac80000)
  to   space 12288K, 0% used [0x00000000d9480000,0x00000000d9480000,0x00000000da080000)
 ParOldGen       total 74752K, used 14730K [0x0000000080c00000, 0x0000000085500000, 0x00000000d5980000)
  object space 74752K, 19% used [0x0000000080c00000,0x0000000081a62998,0x0000000085500000)
 Metaspace       used 31465K, capacity 32686K, committed 32896K, reserved 1077248K
  class space    used 4131K, capacity 4412K, committed 4480K, reserved 1048576K
Event: 43.277 GC heap after
Heap after GC invocations=12 (full 1):
 PSYoungGen      total 72704K, used 8160K [0x00000000d5980000, 0x00000000db380000, 0x0000000100000000)
  eden space 60416K, 0% used [0x00000000d5980000,0x00000000d5980000,0x00000000d9480000)
  from space 12288K, 66% used [0x00000000d9480000,0x00000000d9c781c0,0x00000000da080000)
  to   space 11776K, 0% used [0x00000000da800000,0x00000000da800000,0x00000000db380000)
 ParOldGen       total 74752K, used 14738K [0x0000000080c00000, 0x0000000085500000, 0x00000000d5980000)
  object space 74752K, 19% used [0x0000000080c00000,0x0000000081a64998,0x0000000085500000)
 Metaspace       used 31465K, capacity 32686K, committed 32896K, reserved 1077248K
  class space    used 4131K, capacity 4412K, committed 4480K, reserved 1048576K
}
Event: 44.074 GC heap before
{Heap before GC invocations=13 (full 1):
 PSYoungGen      total 72704K, used 67564K [0x00000000d5980000, 0x00000000db380000, 0x0000000100000000)
  eden space 60416K, 98% used [0x00000000d5980000,0x00000000d9383230,0x00000000d9480000)
  from space 12288K, 66% used [0x00000000d9480000,0x00000000d9c781c0,0x00000000da080000)
  to   space 11776K, 0% used [0x00000000da800000,0x00000000da800000,0x00000000db380000)
 ParOldGen       total 74752K, used 14738K [0x0000000080c00000, 0x0000000085500000, 0x00000000d5980000)
  object space 74752K, 19% used [0x0000000080c00000,0x0000000081a64998,0x0000000085500000)
 Metaspace       used 31499K, capacity 32750K, committed 33152K, reserved 1077248K
  class space    used 4131K, capacity 4412K, committed 4480K, reserved 1048576K
Event: 44.080 GC heap after
Heap after GC invocations=13 (full 1):
 PSYoungGen      total 80384K, used 8175K [0x00000000d5980000, 0x00000000db380000, 0x0000000100000000)
  eden space 68608K, 0% used [0x00000000d5980000,0x00000000d5980000,0x00000000d9c80000)
  from space 11776K, 69% used [0x00000000da800000,0x00000000daffbd70,0x00000000db380000)
  to   space 11776K, 0% used [0x00000000d9c80000,0x00000000d9c80000,0x00000000da800000)
 ParOldGen       total 74752K, used 14746K [0x0000000080c00000, 0x0000000085500000, 0x00000000d5980000)
  object space 74752K, 19% used [0x0000000080c00000,0x0000000081a66998,0x0000000085500000)
 Metaspace       used 31499K, capacity 32750K, committed 33152K, reserved 1077248K
  class space    used 4131K, capacity 4412K, committed 4480K, reserved 1048576K
}
Event: 45.018 GC heap before
{Heap before GC invocations=14 (full 1):
 PSYoungGen      total 80384K, used 76708K [0x00000000d5980000, 0x00000000db380000, 0x0000000100000000)
  eden space 68608K, 99% used [0x00000000d5980000,0x00000000d9c6d378,0x00000000d9c80000)
  from space 11776K, 69% used [0x00000000da800000,0x00000000daffbd70,0x00000000db380000)
  to   space 11776K, 0% used [0x00000000d9c80000,0x00000000d9c80000,0x00000000da800000)
 ParOldGen       total 74752K, used 14746K [0x0000000080c00000, 0x0000000085500000, 0x00000000d5980000)
  object space 74752K, 19% used [0x0000000080c00000,0x0000000081a66998,0x0000000085500000)
 Metaspace       used 31565K, capacity 32878K, committed 33152K, reserved 1077248K
  class space    used 4131K, capacity 4412K, committed 4480K, reserved 1048576K
Event: 45.024 GC heap after
Heap after GC invocations=14 (full 1):
 PSYoungGen      total 80384K, used 8255K [0x00000000d5980000, 0x00000000dbb00000, 0x0000000100000000)
  eden space 68608K, 0% used [0x00000000d5980000,0x00000000d5980000,0x00000000d9c80000)
  from space 11776K, 70% used [0x00000000d9c80000,0x00000000da48ffa0,0x00000000da800000)
  to   space 11264K, 0% used [0x00000000db000000,0x00000000db000000,0x00000000dbb00000)
 ParOldGen       total 74752K, used 14746K [0x0000000080c00000, 0x0000000085500000, 0x00000000d5980000)
  object space 74752K, 19% used [0x0000000080c00000,0x0000000081a66998,0x0000000085500000)
 Metaspace       used 31565K, capacity 32878K, committed 33152K, reserved 1077248K
  class space    used 4131K, capacity 4412K, committed 4480K, reserved 1048576K
}
Event: 45.930 GC heap before
{Heap before GC invocations=15 (full 1):
 PSYoungGen      total 80384K, used 75973K [0x00000000d5980000, 0x00000000dbb00000, 0x0000000100000000)
  eden space 68608K, 98% used [0x00000000d5980000,0x00000000d9ba1598,0x00000000d9c80000)
  from space 11776K, 70% used [0x00000000d9c80000,0x00000000da48ffa0,0x00000000da800000)
  to   space 11264K, 0% used [0x00000000db000000,0x00000000db000000,0x00000000dbb00000)
 ParOldGen       total 74752K, used 14746K [0x0000000080c00000, 0x0000000085500000, 0x00000000d5980000)
  object space 74752K, 19% used [0x0000000080c00000,0x0000000081a66998,0x0000000085500000)
 Metaspace       used 31583K, capacity 32882K, committed 33152K, reserved 1077248K
  class space    used 4131K, capacity 4412K, committed 4480K, reserved 1048576K
Event: 45.937 GC heap after
Heap after GC invocations=15 (full 1):
 PSYoungGen      total 88064K, used 9503K [0x00000000d5980000, 0x00000000dbc00000, 0x0000000100000000)
  eden space 76800K, 0% used [0x00000000d5980000,0x00000000d5980000,0x00000000da480000)
  from space 11264K, 84% used [0x00000000db000000,0x00000000db947fa0,0x00000000dbb00000)
  to   space 11776K, 0% used [0x00000000da480000,0x00000000da480000,0x00000000db000000)
 ParOldGen       total 74752K, used 14746K [0x0000000080c00000, 0x0000000085500000, 0x00000000d5980000)
  object space 74752K, 19% used [0x0000000080c00000,0x0000000081a66998,0x0000000085500000)
 Metaspace       used 31583K, capacity 32882K, committed 33152K, reserved 1077248K
  class space    used 4131K, capacity 4412K, committed 4480K, reserved 1048576K
}

Deoptimization events (10 events):
Event: 40.886 Thread 0x000000001936f000 Uncommon trap: reason=unstable_if action=reinterpret pc=0x00000000033927b8 method=com.sun.prism.d3d.D3DTextureResource.isValid()Z @ 4
Event: 40.886 Thread 0x000000001936f000 Uncommon trap: reason=unstable_if action=reinterpret pc=0x00000000037b098c method=com.sun.prism.d3d.D3DTextureResource.isValid()Z @ 4
Event: 40.886 Thread 0x000000001936f000 Uncommon trap: reason=unstable_if action=reinterpret pc=0x000000000376963c method=com.sun.prism.d3d.D3DTextureResource.isValid()Z @ 4
Event: 40.974 Thread 0x00000000195a9800 Uncommon trap: reason=null_check action=make_not_entrant pc=0x00000000034f65d0 method=javafx.scene.Node$MiscProperties.getClip()Ljavafx/scene/Node; @ 20
Event: 40.974 Thread 0x00000000195a9800 Uncommon trap: reason=null_check action=make_not_entrant pc=0x000000000363f74c method=javafx.scene.Node$MiscProperties.getClip()Ljavafx/scene/Node; @ 20
Event: 40.974 Thread 0x00000000195a9800 Uncommon trap: reason=null_check action=make_not_entrant pc=0x000000000343e5dc method=javafx.scene.Node$MiscProperties.getClip()Ljavafx/scene/Node; @ 20
Event: 40.978 Thread 0x00000000195a9800 Uncommon trap: reason=null_check action=make_not_entrant pc=0x000000000355de9c method=javafx.scene.Node$MiscProperties.getClip()Ljavafx/scene/Node; @ 20
Event: 40.985 Thread 0x000000001936f000 Uncommon trap: reason=unstable_if action=reinterpret pc=0x0000000003815650 method=com.sun.javafx.sg.prism.NGGroup.clearDirty()V @ 8
Event: 43.821 Thread 0x0000000019c29000 Uncommon trap: reason=unstable_if action=reinterpret pc=0x0000000003908010 method=java.io.WinNTFileSystem.resolve(Ljava/lang/String;Ljava/lang/String;)Ljava/lang/String; @ 19
Event: 44.292 Thread 0x000000001936f000 Uncommon trap: reason=unstable_if action=reinterpret pc=0x000000000342d9cc method=com.sun.scenario.effect.impl.state.BoxRenderState.validateWeights()V @ 147

Internal exceptions (10 events):
Event: 38.866 Thread 0x00000000195a9800 Exception <a 'java/security/PrivilegedActionException'> (0x00000000d6a07040) thrown at [C:\re\workspace\8-2-build-windows-amd64-cygwin\jdk8u45\3457\hotspot\src\share\vm\prims\jvm.cpp, line 1382]
Event: 38.867 Thread 0x00000000195a9800 Exception <a 'java/security/PrivilegedActionException'> (0x00000000d6a076a8) thrown at [C:\re\workspace\8-2-build-windows-amd64-cygwin\jdk8u45\3457\hotspot\src\share\vm\prims\jvm.cpp, line 1382]
Event: 40.885 Thread 0x000000001936f000 Implicit null exception at 0x0000000003810cb1 to 0x00000000038123c1
Event: 40.886 Thread 0x000000001936f000 Implicit null exception at 0x0000000003392725 to 0x00000000033927a9
Event: 40.886 Thread 0x000000001936f000 Implicit null exception at 0x00000000037b0914 to 0x00000000037b0979
Event: 40.886 Thread 0x000000001936f000 Implicit null exception at 0x00000000037695d0 to 0x0000000003769629
Event: 40.974 Thread 0x00000000195a9800 Implicit null exception at 0x00000000034f5f55 to 0x00000000034f65c1
Event: 40.974 Thread 0x00000000195a9800 Implicit null exception at 0x000000000363f129 to 0x000000000363f735
Event: 40.974 Thread 0x00000000195a9800 Implicit null exception at 0x000000000343e587 to 0x000000000343e5d1
Event: 40.978 Thread 0x00000000195a9800 Implicit null exception at 0x000000000355d676 to 0x000000000355de65

Events (10 events):
Event: 44.080 Executing VM operation: ParallelGCFailedAllocation done
Event: 44.292 Thread 0x000000001936f000 Uncommon trap: trap_request=0xffffff65 fr.pc=0x000000000342d9cc
Event: 44.292 Thread 0x000000001936f000 DEOPT PACKING pc=0x000000000342d9cc sp=0x0000000019e9dc00
Event: 44.292 Thread 0x000000001936f000 DEOPT UNPACKING pc=0x0000000002ba582a sp=0x0000000019e9dbb8 mode 2
Event: 45.018 Executing VM operation: ParallelGCFailedAllocation
Event: 45.024 Executing VM operation: ParallelGCFailedAllocation done
Event: 45.930 Executing VM operation: ParallelGCFailedAllocation
Event: 45.937 Executing VM operation: ParallelGCFailedAllocation done
Event: 46.309 Thread 0x000000001936f000 DEOPT PACKING pc=0x0000000003a9fc39 sp=0x0000000019e9e100
Event: 46.309 Thread 0x000000001936f000 DEOPT UNPACKING pc=0x0000000002ba787f sp=0x0000000019e9de90 mode 0


Dynamic libraries:
0x00007ff685560000 - 0x00007ff685597000 	C:\Program Files\Java\jre1.8.0_45\bin\javaw.exe
0x00007ff9c68a0000 - 0x00007ff9c6a90000 	C:\WINDOWS\SYSTEM32\ntdll.dll
0x00007ff9c6210000 - 0x00007ff9c62c2000 	C:\WINDOWS\System32\KERNEL32.DLL
0x00007ff9c3a30000 - 0x00007ff9c3cd2000 	C:\WINDOWS\System32\KERNELBASE.dll
0x00007ff9c62d0000 - 0x00007ff9c6373000 	C:\WINDOWS\System32\ADVAPI32.dll
0x00007ff9c5780000 - 0x00007ff9c581e000 	C:\WINDOWS\System32\msvcrt.dll
0x00007ff9c5670000 - 0x00007ff9c5707000 	C:\WINDOWS\System32\sechost.dll
0x00007ff9c6380000 - 0x00007ff9c64a0000 	C:\WINDOWS\System32\RPCRT4.dll
0x00007ff9c4a30000 - 0x00007ff9c4bc3000 	C:\WINDOWS\System32\USER32.dll
0x00007ff9c3ce0000 - 0x00007ff9c3d01000 	C:\WINDOWS\System32\win32u.dll
0x00007ff9c5820000 - 0x00007ff9c5846000 	C:\WINDOWS\System32\GDI32.dll
0x00007ff9c3890000 - 0x00007ff9c3a24000 	C:\WINDOWS\System32\gdi32full.dll
0x00007ff9c4110000 - 0x00007ff9c41ae000 	C:\WINDOWS\System32\msvcp_win.dll
0x00007ff9c4010000 - 0x00007ff9c410a000 	C:\WINDOWS\System32\ucrtbase.dll
0x00007ff9b2c40000 - 0x00007ff9b2ec5000 	C:\WINDOWS\WinSxS\amd64_microsoft.windows.common-controls_6595b64144ccf1df_6.0.18362.30_none_a1435978519dce7f\COMCTL32.dll
0x00007ff9c5330000 - 0x00007ff9c5666000 	C:\WINDOWS\System32\combase.dll
0x00007ff9c4930000 - 0x00007ff9c49b1000 	C:\WINDOWS\System32\bcryptPrimitives.dll
0x00007ff9c6830000 - 0x00007ff9c685e000 	C:\WINDOWS\System32\IMM32.DLL
0x0000000061650000 - 0x0000000061722000 	C:\Program Files\Java\jre1.8.0_45\bin\msvcr100.dll
0x0000000061800000 - 0x0000000062083000 	C:\Program Files\Java\jre1.8.0_45\bin\server\jvm.dll
0x00007ff9c66d0000 - 0x00007ff9c66d8000 	C:\WINDOWS\System32\PSAPI.DLL
0x00007ff9bd640000 - 0x00007ff9bd64a000 	C:\WINDOWS\SYSTEM32\VERSION.dll
0x00007ff9c1790000 - 0x00007ff9c17b4000 	C:\WINDOWS\SYSTEM32\WINMM.dll
0x00007ff9b55d0000 - 0x00007ff9b55d9000 	C:\WINDOWS\SYSTEM32\WSOCK32.dll
0x00007ff9c5710000 - 0x00007ff9c577f000 	C:\WINDOWS\System32\WS2_32.dll
0x00007ff9c1310000 - 0x00007ff9c133d000 	C:\WINDOWS\SYSTEM32\winmmbase.dll
0x00007ff9c3e90000 - 0x00007ff9c3eda000 	C:\WINDOWS\System32\cfgmgr32.dll
0x00000000617f0000 - 0x00000000617ff000 	C:\Program Files\Java\jre1.8.0_45\bin\verify.dll
0x00000000617c0000 - 0x00000000617e9000 	C:\Program Files\Java\jre1.8.0_45\bin\java.dll
0x00000000617a0000 - 0x00000000617b6000 	C:\Program Files\Java\jre1.8.0_45\bin\zip.dll
0x00007ff9c58d0000 - 0x00007ff9c5fb0000 	C:\WINDOWS\System32\SHELL32.dll
0x00007ff9c6780000 - 0x00007ff9c6829000 	C:\WINDOWS\System32\shcore.dll
0x00007ff9c41b0000 - 0x00007ff9c492b000 	C:\WINDOWS\System32\windows.storage.dll
0x00007ff9c3830000 - 0x00007ff9c384f000 	C:\WINDOWS\System32\profapi.dll
0x00007ff9c37e0000 - 0x00007ff9c382a000 	C:\WINDOWS\System32\powrprof.dll
0x00007ff9c37d0000 - 0x00007ff9c37e0000 	C:\WINDOWS\System32\UMPDC.dll
0x00007ff9c5190000 - 0x00007ff9c51e2000 	C:\WINDOWS\System32\shlwapi.dll
0x00007ff9c3850000 - 0x00007ff9c3861000 	C:\WINDOWS\System32\kernel.appcore.dll
0x00007ff9c3ee0000 - 0x00007ff9c3ef7000 	C:\WINDOWS\System32\cryptsp.dll
0x0000000061620000 - 0x000000006164c000 	C:\Program Files\Java\jre1.8.0_45\bin\prism_d3d.dll
0x00007ff99baa0000 - 0x00007ff99bc66000 	C:\WINDOWS\system32\d3d9.dll
0x00007ff9c1fc0000 - 0x00007ff9c1fed000 	C:\WINDOWS\SYSTEM32\dwmapi.dll
0x00007ff9c2500000 - 0x00007ff9c2520000 	C:\WINDOWS\SYSTEM32\dxcore.dll
0x00007ff9c1ba0000 - 0x00007ff9c1c39000 	C:\WINDOWS\system32\uxtheme.dll
0x00007ff9bd650000 - 0x00007ff9bd7c1000 	C:\WINDOWS\SYSTEM32\aticfx64.dll
0x00007ff9b8d10000 - 0x00007ff9b8d31000 	C:\WINDOWS\SYSTEM32\atiu9p64.dll
0x00007ff9868b0000 - 0x00007ff98732f000 	C:\WINDOWS\SYSTEM32\atiumd64.dll
0x0000000062090000 - 0x0000000062934000 	C:\WINDOWS\SYSTEM32\atiumd6a.dll
0x00000000615d0000 - 0x0000000061611000 	C:\Program Files\Java\jre1.8.0_45\bin\glass.dll
0x00007ff9c64a0000 - 0x00007ff9c656f000 	C:\WINDOWS\System32\COMDLG32.dll
0x00007ff9c6570000 - 0x00007ff9c66c6000 	C:\WINDOWS\System32\ole32.dll
0x00007ff9c4bd0000 - 0x00007ff9c4c95000 	C:\WINDOWS\System32\OLEAUT32.dll
0x00007ff9c51f0000 - 0x00007ff9c5327000 	C:\WINDOWS\System32\MSCTF.dll
0x00007ff9a9ad0000 - 0x00007ff9a9bbf000 	C:\Users\USER\.javacpp\cache\opencv-3.2.0-1.3-windows-x86_64.jar\org\bytedeco\javacpp\windows-x86_64\msvcr120.dll
0x00007ff9a9a20000 - 0x00007ff9a9ac6000 	C:\Users\USER\.javacpp\cache\opencv-3.2.0-1.3-windows-x86_64.jar\org\bytedeco\javacpp\windows-x86_64\msvcp120.dll
0x00007ff97a100000 - 0x00007ff97a388000 	C:\Users\USER\.javacpp\cache\opencv-3.2.0-1.3-windows-x86_64.jar\org\bytedeco\javacpp\windows-x86_64\opencv_core320.dll
0x00007ff979d90000 - 0x00007ff97a0f2000 	C:\Users\USER\.javacpp\cache\opencv-3.2.0-1.3-windows-x86_64.jar\org\bytedeco\javacpp\windows-x86_64\opencv_imgproc320.dll
0x00007ff979b40000 - 0x00007ff979d8a000 	C:\Users\USER\.javacpp\cache\opencv-3.2.0-1.3-windows-x86_64.jar\org\bytedeco\javacpp\windows-x86_64\jniopencv_core.dll
0x0000000061780000 - 0x000000006179a000 	C:\Program Files\Java\jre1.8.0_45\bin\net.dll
0x00007ff9c2fe0000 - 0x00007ff9c3047000 	C:\WINDOWS\system32\mswsock.dll
0x0000000061760000 - 0x0000000061771000 	C:\Program Files\Java\jre1.8.0_45\bin\nio.dll
0x0000000061430000 - 0x00000000615c8000 	C:\Program Files\Java\jre1.8.0_45\bin\awt.dll
0x00007ff9c1a00000 - 0x00007ff9c1a8f000 	C:\WINDOWS\SYSTEM32\apphelp.dll
0x0000000061410000 - 0x0000000061425000 	C:\Program Files\Java\jre1.8.0_45\bin\javafx_font.dll
0x00007ff9b86e0000 - 0x00007ff9b89e0000 	C:\WINDOWS\SYSTEM32\dwrite.dll
0x00007ff9c5fb0000 - 0x00007ff9c6052000 	C:\WINDOWS\System32\clbcatq.dll
0x00007ff9bf110000 - 0x00007ff9bf2bf000 	C:\WINDOWS\SYSTEM32\WindowsCodecs.dll
0x00007ff9a49c0000 - 0x00007ff9a49fa000 	C:\WINDOWS\system32\dataexchange.dll
0x00007ff9c1130000 - 0x00007ff9c130c000 	C:\WINDOWS\system32\dcomp.dll
0x00007ff9c0350000 - 0x00007ff9c05ab000 	C:\WINDOWS\system32\d3d11.dll
0x00007ff9c2520000 - 0x00007ff9c260a000 	C:\WINDOWS\system32\dxgi.dll
0x00007ff9c1c70000 - 0x00007ff9c1eca000 	C:\WINDOWS\system32\twinapi.appcore.dll
0x00007ff9c20a0000 - 0x00007ff9c20c9000 	C:\WINDOWS\system32\RMCLIENT.dll
0x00007ff9a8aa0000 - 0x00007ff9a8ad3000 	C:\Program Files\Common Files\Microsoft Shared\Ink\rtscom.dll
0x00007ff9ba620000 - 0x00007ff9ba6be000 	C:\WINDOWS\System32\TextInputFramework.dll
0x00007ff9bf520000 - 0x00007ff9bf849000 	C:\WINDOWS\System32\CoreUIComponents.dll
0x00007ff9c16b0000 - 0x00007ff9c1784000 	C:\WINDOWS\System32\CoreMessaging.dll
0x00007ff9c2880000 - 0x00007ff9c28b1000 	C:\WINDOWS\SYSTEM32\ntmarta.dll
0x00007ff9bf3c0000 - 0x00007ff9bf513000 	C:\WINDOWS\SYSTEM32\wintypes.dll
0x00007ff9b9100000 - 0x00007ff9b93a6000 	C:\WINDOWS\System32\iertutil.dll
0x00000000613f0000 - 0x0000000061401000 	C:\Program Files\Java\jre1.8.0_45\bin\prism_common.dll
0x00007ff9c05b0000 - 0x00007ff9c0b70000 	C:\WINDOWS\SYSTEM32\d2d1.dll
0x00007ff9886e0000 - 0x00007ff988e21000 	C:\WINDOWS\SYSTEM32\D3D10Warp.dll
0x00007ff99b100000 - 0x00007ff99b2b3000 	C:\WINDOWS\SYSTEM32\DUI70.dll
0x00007ff99b060000 - 0x00007ff99b0f3000 	C:\WINDOWS\SYSTEM32\DUser.dll
0x00007ff99ac00000 - 0x00007ff99aca4000 	C:\Program Files\Common Files\microsoft shared\ink\tiptsf.dll
0x00007ff9a8750000 - 0x00007ff9a8773000 	C:\WINDOWS\SYSTEM32\edputil.dll
0x00007ff9a4130000 - 0x00007ff9a4335000 	C:\WINDOWS\system32\explorerframe.dll
0x00007ff9a4960000 - 0x00007ff9a49be000 	C:\Windows\System32\thumbcache.dll
0x00007ff9bdc30000 - 0x00007ff9bdcb0000 	C:\WINDOWS\SYSTEM32\policymanager.dll
0x00007ff9c0b70000 - 0x00007ff9c0bfa000 	C:\WINDOWS\SYSTEM32\msvcp110_win.dll
0x00007ff9a3b70000 - 0x00007ff9a3d28000 	C:\Windows\System32\Windows.Globalization.dll
0x00007ff9ba980000 - 0x00007ff9ba9dd000 	C:\Windows\System32\Bcp47Langs.dll
0x00007ff9ba4b0000 - 0x00007ff9ba4e0000 	C:\Windows\System32\bcp47mrm.dll
0x00007ff9a7a80000 - 0x00007ff9a7aa5000 	C:\WINDOWS\SYSTEM32\globinputhost.dll
0x00007ff9c0200000 - 0x00007ff9c02ef000 	C:\WINDOWS\SYSTEM32\PROPSYS.dll
0x00007ff9b8c50000 - 0x00007ff9b8cf7000 	C:\WINDOWS\System32\StructuredQuery.dll
0x00007ff9b2c20000 - 0x00007ff9b2c3b000 	C:\WINDOWS\SYSTEM32\MPR.dll
0x00007ff9a4c20000 - 0x00007ff9a4c2d000 	C:\WINDOWS\SYSTEM32\atlthunk.dll
0x00007ff9b8db0000 - 0x00007ff9b8dbb000 	C:\WINDOWS\System32\drprov.dll
0x00007ff9c33d0000 - 0x00007ff9c342c000 	C:\WINDOWS\System32\WINSTA.dll
0x00007ff9a8990000 - 0x00007ff9a89a5000 	C:\WINDOWS\System32\ntlanman.dll
0x00007ff9a8970000 - 0x00007ff9a898d000 	C:\WINDOWS\System32\davclnt.dll
0x00007ff9b6050000 - 0x00007ff9b605c000 	C:\WINDOWS\System32\DAVHLPR.dll
0x00007ff9be620000 - 0x00007ff9be637000 	C:\WINDOWS\System32\wkscli.dll
0x00007ff9c3e60000 - 0x00007ff9c3e86000 	C:\WINDOWS\System32\bcrypt.dll
0x00007ff9aef10000 - 0x00007ff9aef22000 	C:\WINDOWS\SYSTEM32\cscapi.dll
0x00007ff9c2e50000 - 0x00007ff9c2e5c000 	C:\WINDOWS\System32\netutils.dll
0x00007ff9998b0000 - 0x00007ff999903000 	C:\Windows\System32\dlnashext.dll
0x00007ff9a5c00000 - 0x00007ff9a5c64000 	C:\Windows\System32\PlayToDevice.dll
0x00007ff9a25c0000 - 0x00007ff9a267c000 	C:\WINDOWS\system32\Windows.Storage.Search.dll
0x00007ff9bc590000 - 0x00007ff9bc5b0000 	C:\Windows\System32\DevDispItemProvider.dll
0x00007ff9c5850000 - 0x00007ff9c58c6000 	C:\WINDOWS\System32\coml2.dll
0x00007ff9a58c0000 - 0x00007ff9a5961000 	C:\Windows\System32\twinapi.dll
0x00007ff9aeec0000 - 0x00007ff9aeecd000 	C:\WINDOWS\SYSTEM32\LINKINFO.dll
0x00007ff9c0320000 - 0x00007ff9c0329000 	C:\Program Files (x86)\Internet Download Manager\IDMShellExt64.dll
0x00007ff9b8570000 - 0x00007ff9b86d2000 	C:\Users\USER\AppData\Local\Microsoft\OneDrive\19.002.0107.0005\amd64\FileSyncShell64.dll
0x00007ff9b5180000 - 0x00007ff9b518b000 	C:\WINDOWS\SYSTEM32\ktmw32.dll
0x00007ff9b19e0000 - 0x00007ff9b1eb6000 	C:\WINDOWS\SYSTEM32\WININET.dll
0x00007ff9c36c0000 - 0x00007ff9c36e5000 	C:\WINDOWS\SYSTEM32\USERENV.dll
0x00007ff9b6ff0000 - 0x00007ff9b7068000 	C:\WINDOWS\System32\MMDevApi.dll
0x00007ff9c35d0000 - 0x00007ff9c35fa000 	C:\WINDOWS\System32\DEVOBJ.dll
0x00007ff9b8330000 - 0x00007ff9b856b000 	C:\PROGRA~1\MICROS~1\Office15\GROOVEEX.DLL
0x00000000638a0000 - 0x0000000063938000 	C:\WINDOWS\SYSTEM32\MSVCP100.dll
0x0000000063940000 - 0x000000006396b000 	C:\WINDOWS\SYSTEM32\ATL100.DLL
0x00007ff9ab280000 - 0x00007ff9ab6ec000 	C:\WINDOWS\SYSTEM32\msi.dll
0x00007ff9aa720000 - 0x00007ff9aa8c3000 	C:\WINDOWS\WinSxS\amd64_microsoft.windows.gdiplus_6595b64144ccf1df_1.1.18362.30_none_210ac8966535eaa7\gdiplus.dll
0x00007ff99c860000 - 0x00007ff99c8fe000 	C:\Windows\System32\PortableDeviceApi.dll

VM Arguments:
jvm_args: -Djava.library.path=C:\Users\Administrator\Desktop\opencv\build\java\x64 -Dfile.encoding=Cp1252 
java_command: application.Main
java_class_path (initial): E:\coursIUT\perso\PFE\Ressources\VisixEclipse\ExoVisix\target\classes;E:\coursIUT\perso\PFE\Ressources\VisixEclipse\ExoVisix\bin\opencv-341.jar;E:\coursIUT\perso\PFE\Ressources\VisixEclipse\ExoVisix\bin\mysql-connector-java-5.1.49-bin.jar;E:\coursIUT\perso\environnementmaven\env\maven\repository\org\bytedeco\javacv-platform\1.3.2\javacv-platform-1.3.2.jar;E:\coursIUT\perso\environnementmaven\env\maven\repository\org\bytedeco\javacv\1.3.2\javacv-1.3.2.jar;E:\coursIUT\perso\environnementmaven\env\maven\repository\org\bytedeco\javacpp\1.3.2\javacpp-1.3.2.jar;E:\coursIUT\perso\environnementmaven\env\maven\repository\org\bytedeco\javacpp-presets\opencv\3.2.0-1.3\opencv-3.2.0-1.3.jar;E:\coursIUT\perso\environnementmaven\env\maven\repository\org\bytedeco\javacpp-presets\ffmpeg\3.2.1-1.3\ffmpeg-3.2.1-1.3.jar;E:\coursIUT\perso\environnementmaven\env\maven\repository\org\bytedeco\javacpp-presets\flycapture\2.9.3.43-1.3\flycapture-2.9.3.43-1.3.jar;E:\coursIUT\perso\environnementmaven\env\maven\repository\org\bytedeco\javacpp-presets\libdc1394\2.2.4-1.3\libdc1394-2.2.4-1.3.jar;E:\coursIUT\perso\environnementmaven\env\maven\repository\org\bytedeco\javacpp-presets\libfreenect\0.5.3-1.3\libfreenect-0.5.3-1.3.jar;E:\coursIUT\perso\environnementmaven\env\maven\repository\org\bytedeco\javacpp-presets\libfreenect2\0.2.0-1.3\libfreenect2-0.2.0-1.3.jar;E:\coursIUT\perso\environnementmaven\env\maven\repository\org\bytedeco\javacpp-presets\librealsense\1.9.6-1.3\librealsense-1.9.6-1.3.jar;E:\coursIUT\perso\environnementmaven\env\maven\repository\org\bytedeco\javacpp-presets\videoinput\0.200-1.3\videoinput-0.200-1.3.jar;E:\coursIUT\perso\environnementmaven\env\maven\repository\org\bytedeco\javacpp-presets\artoolkitplus\2.3.1-1.3\artoolkitplus-2.3.1-1.3.jar;E:\coursIUT\perso\environnementmaven\env\maven\repository\org\bytedeco\javacpp-presets\flandmark\1.07-1.3\flandmark-1.07-1.3.jar;E:\coursIUT\perso\environnementmaven\env\maven\repository\org\bytedeco\javacpp-
Launcher Type: SUN_STANDARD

Environment Variables:
JAVA_HOME=E:\coursIUT\perso\environnementmaven\env\java\jdk-17
PATH=C:/Program Files/Java/jre1.8.0_45/bin/server;C:/Program Files/Java/jre1.8.0_45/bin;C:/Program Files/Java/jre1.8.0_45/lib/amd64;E:\oracle\app\oracle\product\10.2.0\server\bin;C:\Program Files\Common Files\Oracle\Java\javapath;C:\Program Files (x86)\NVIDIA Corporation\PhysX\Common;C:\ProgramData\Oracle\Java\javapath;C:\WINDOWS\system32;C:\WINDOWS;C:\WINDOWS\System32\Wbem;C:\WINDOWS\System32\WindowsPowerShell\v1.0\;C:\Program Files (x86)\AMD\ATI.ACE\Core-Static;C:\Users\USER\Desktop\OTB-6.6.1-Win64\bin;C:\Program Files\7-Zip;C:\Program Files\ActivIdentity\ActivClient\;C:\Program Files (x86)\ActivIdentity\ActivClient\;C:\Users\USER\AppData\Local\bin\NASM;C:\Users\USER\AppData\Local\nasm;C:\Program Files\MySQL\MySQL Server 8.0\bin;C:\Program Files (x86)\Microsoft SQL Server\100\Tools\Binn\;C:\Program Files\Microsoft SQL Server\100\Tools\Binn\;C:\Program Files\Microsoft SQL Server\100\DTS\Binn\;C:\Program Files\Git\cmd;C:\Program Files\Git\mingw64\bin;C:\Program Files\Git\usr\bin;C:\Program Files\CMake\bin;C:\Program Files\PostgreSQL\13\bin;C:\Program Files\dotnet\;E:\MinGW\bin;E:\coursIUT\perso\environnementmaven\env\maven\apache-maven-3.8.4\bin;E:\OCR\Tesseract-OCR;C:\Program Files\Java\jdk-18.0.1.1\bin;C:\WINDOWS\System32\OpenSSH\;E:\xampp\mysql\bin;C:\Users\USER\anaconda3;C:\Users\USER\anaconda3\Library\mingw-w64\bin;C:\Users\USER\anaconda3\Library\usr\bin;C:\Users\USER\anaconda3\Library\bin;C:\Users\USER\anaconda3\Scripts;C:\Users\USER\AppData\Local\Microsoft\WindowsApps;C:\Program Files\Microsoft VS Code\bin;;E:\logiciels\eclipse;
USERNAME=Martial Kom
OS=Windows_NT
PROCESSOR_IDENTIFIER=Intel64 Family 6 Model 42 Stepping 7, GenuineIntel



---------------  S Y S T E M  ---------------

OS: Windows 10.0 , 64 bit Build 18362 (10.0.18362.1)

CPU:total 4 (2 cores per cpu, 2 threads per core) family 6 model 42 stepping 7, cmov, cx8, fxsr, mmx, sse, sse2, sse3, ssse3, sse4.1, sse4.2, popcnt, avx, aes, clmul, ht, tsc, tscinvbit

Memory: 4k page, physical 8337768k(2225424k free), swap 16726376k(4682456k free)

vm_info: Java HotSpot(TM) 64-Bit Server VM (25.45-b02) for windows-amd64 JRE (1.8.0_45-b14), built on Apr 10 2015 10:34:15 by "java_re" with MS VC++ 10.0 (VS2010)

time: Thu Jun 02 16:39:57 2022
elapsed time: 47 seconds (0d 0h 0m 47s)

