#
# A fatal error has been detected by the Java Runtime Environment:
#
#  EXCEPTION_UNCAUGHT_CXX_EXCEPTION (0xe06d7363) at pc=0x00007ff9c3a6a839, pid=11596, tid=14744
#
# JRE version: Java(TM) SE Runtime Environment (8.0_45-b14) (build 1.8.0_45-b14)
# Java VM: Java HotSpot(TM) 64-Bit Server VM (25.45-b02 mixed mode windows-amd64 compressed oops)
# Problematic frame:
# C  [KERNELBASE.dll+0x3a839]
#
# Failed to write core dump. Minidumps are not enabled by default on client versions of Windows
#
# If you would like to submit a bug report, please visit:
#   http://bugreport.java.com/bugreport/crash.jsp
# The crash happened outside the Java Virtual Machine in native code.
# See problematic frame for where to report the bug.
#

---------------  T H R E A D  ---------------

Current thread (0x000000001968d000):  JavaThread "Thread-5" [_thread_in_native, id=14744, stack(0x0000000027450000,0x0000000027550000)]

siginfo: ExceptionCode=0xe06d7363, ExceptionInformation=0x0000000019930520 0x000000002753ee60 0x00007ff98178cd78 0x00007ff981540000 

Registers:
RAX=0x0000000000000000, RBX=0x00007ff98178cd78, RCX=0x0000000000000000, RDX=0x0000000000000000
RSP=0x000000002753ecd0, RBP=0x000000002753ee10, RSI=0x00007ff9813d1238, RDI=0x000000002753ee60
R8 =0x0000000000000000, R9 =0x0000000000000000, R10=0x0000000000000000, R11=0x0000000000000000
R12=0x00000000ffffff29, R13=0x0000000000000000, R14=0x00007ff9813d0b80, R15=0x000000002754f000
RIP=0x00007ff9c3a6a839, EFLAGS=0x0000000000000206

Top of Stack: (sp=0x000000002753ecd0)
0x000000002753ecd0:   0000000000000000 00007ff98178cd78
0x000000002753ece0:   00007ff9813d1238 0000000000000000
0x000000002753ecf0:   00000001e06d7363 0000000000000000
0x000000002753ed00:   00007ff9c3a6a839 0000000000000004
0x000000002753ed10:   0000000019930520 000000002753ee60
0x000000002753ed20:   00007ff98178cd78 00007ff981540000
0x000000002753ed30:   0000000000000000 00000000ffffff29
0x000000002753ed40:   00007ff9813d1238 000000002753ee10
0x000000002753ed50:   000000002753ee20 00007ff9c68bf42f
0x000000002753ed60:   000000002753ee60 00007ff900000000
0x000000002753ed70:   000000002753ee60 00007ff9aaabd306
0x000000002753ed80:   00007ff9817af000 00007ff981540000
0x000000002753ed90:   000026931d99a869 00007ff9aab3c4d0
0x000000002753eda0:   00007ff98178cd78 00007ff9aaabef63
0x000000002753edb0:   000000002753ee60 00007ff9aaa8eb8d
0x000000002753edc0:   00007ff9aab3c4d0 00007ff9813d1238 

Instructions: (pc=0x00007ff9c3a6a839)
0x00007ff9c3a6a819:   8b d1 44 0f 47 c0 44 89 44 24 38 49 c1 e0 03 e8
0x00007ff9c3a6a829:   0a 4a 05 00 48 8d 4c 24 20 48 ff 15 df be 16 00
0x00007ff9c3a6a839:   0f 1f 44 00 00 48 8b 8c 24 c0 00 00 00 48 33 cc
0x00007ff9c3a6a849:   e8 82 ec 04 00 48 81 c4 d8 00 00 00 c3 83 64 24 


Register to memory mapping:

RAX=0x0000000000000000 is an unknown value
RBX=0x00007ff98178cd78 is an unknown value
RCX=0x0000000000000000 is an unknown value
RDX=0x0000000000000000 is an unknown value
RSP=0x000000002753ecd0 is pointing into the stack for thread: 0x000000001968d000
RBP=0x000000002753ee10 is pointing into the stack for thread: 0x000000001968d000
RSI=0x00007ff9813d1238 is an unknown value
RDI=0x000000002753ee60 is pointing into the stack for thread: 0x000000001968d000
R8 =0x0000000000000000 is an unknown value
R9 =0x0000000000000000 is an unknown value
R10=0x0000000000000000 is an unknown value
R11=0x0000000000000000 is an unknown value
R12=0x00000000ffffff29 is an unallocated location in the heap
R13=0x0000000000000000 is an unknown value
R14=0x00007ff9813d0b80 is an unknown value
R15=0x000000002754f000 is pointing into the stack for thread: 0x000000001968d000


Stack: [0x0000000027450000,0x0000000027550000],  sp=0x000000002753ecd0,  free space=955k
Native frames: (J=compiled Java code, j=interpreted, Vv=VM code, C=native code)
C  [KERNELBASE.dll+0x3a839]
C  [msvcr120.dll+0x5ef63]
C  [opencv_core320.dll+0x1a2c34]
C  [opencv_core320.dll+0x1a2d76]
C  [opencv_imgproc320.dll+0x46c7a]
C  [jniopencv_imgproc.dll+0x6e52d]
C  0x0000000002db22f1

Java frames: (J=compiled Java code, j=interpreted, Vv=VM code)
J 4789  org.bytedeco.javacpp.opencv_imgproc.cvCvtColor(Lorg/bytedeco/javacpp/helper/opencv_core$CvArr;Lorg/bytedeco/javacpp/helper/opencv_core$CvArr;I)V (0 bytes) @ 0x0000000002db226b [0x0000000002db2200+0x6b]
j  application.FaceDetector.run()V+295
j  java.lang.Thread.run()V+11
v  ~StubRoutines::call_stub

---------------  P R O C E S S  ---------------

Java Threads: ( => current thread )
  0x0000000019692000 JavaThread "mysql-cj-abandoned-connection-cleanup" daemon [_thread_blocked, id=13292, stack(0x0000000028530000,0x0000000028630000)]
=>0x000000001968d000 JavaThread "Thread-5" [_thread_in_native, id=14744, stack(0x0000000027450000,0x0000000027550000)]
  0x000000001968b800 JavaThread "Prism Font Disposer" daemon [_thread_blocked, id=6508, stack(0x000000001fea0000,0x000000001ffa0000)]
  0x0000000019690000 JavaThread "AWT-Windows" daemon [_thread_in_native, id=10684, stack(0x000000001dd30000,0x000000001de30000)]
  0x0000000019691800 JavaThread "Java2D Disposer" daemon [_thread_blocked, id=6980, stack(0x000000001da30000,0x000000001db30000)]
  0x000000001968c000 JavaThread "JavaCPP Deallocator" daemon [_thread_blocked, id=10472, stack(0x000000001d5c0000,0x000000001d6c0000)]
  0x0000000019044800 JavaThread "JavaFX-Launcher" [_thread_blocked, id=4688, stack(0x000000001c2f0000,0x000000001c3f0000)]
  0x0000000018fbc000 JavaThread "Thread-2" daemon [_thread_in_native, id=14052, stack(0x000000001c1f0000,0x000000001c2f0000)]
  0x0000000018c97800 JavaThread "JavaFX Application Thread" [_thread_in_native, id=8048, stack(0x0000000019e10000,0x0000000019f10000)]
  0x0000000018c78800 JavaThread "Thread-1" daemon [_thread_blocked, id=13568, stack(0x0000000019d10000,0x0000000019e10000)]
  0x0000000018c47800 JavaThread "QuantumRenderer-0" daemon [_thread_blocked, id=13224, stack(0x0000000018eb0000,0x0000000018fb0000)]
  0x000000001707d000 JavaThread "Service Thread" daemon [_thread_blocked, id=11308, stack(0x0000000018cb0000,0x0000000018db0000)]
  0x000000001706d000 JavaThread "C1 CompilerThread2" daemon [_thread_blocked, id=3180, stack(0x00000000187b0000,0x00000000188b0000)]
  0x000000001702d800 JavaThread "C2 CompilerThread1" daemon [_thread_blocked, id=10716, stack(0x00000000186b0000,0x00000000187b0000)]
  0x0000000017025800 JavaThread "C2 CompilerThread0" daemon [_thread_blocked, id=14588, stack(0x00000000185b0000,0x00000000186b0000)]
  0x0000000017023800 JavaThread "Attach Listener" daemon [_thread_blocked, id=2892, stack(0x00000000184b0000,0x00000000185b0000)]
  0x0000000017022000 JavaThread "Signal Dispatcher" daemon [_thread_blocked, id=14332, stack(0x00000000183b0000,0x00000000184b0000)]
  0x000000000246d800 JavaThread "Finalizer" daemon [_thread_blocked, id=4028, stack(0x00000000182a0000,0x00000000183a0000)]
  0x0000000002465800 JavaThread "Reference Handler" daemon [_thread_blocked, id=8504, stack(0x00000000181a0000,0x00000000182a0000)]
  0x0000000002378000 JavaThread "main" [_thread_blocked, id=12324, stack(0x0000000002230000,0x0000000002330000)]

Other Threads:
  0x0000000016fe7800 VMThread [stack: 0x00000000180a0000,0x00000000181a0000] [id=7560]
  0x0000000018901800 WatcherThread [stack: 0x0000000018db0000,0x0000000018eb0000] [id=12304]

VM state:not at safepoint (normal execution)

VM Mutex/Monitor currently owned by a thread: None

Heap:
 PSYoungGen      total 124416K, used 26045K [0x00000000d5980000, 0x00000000dda00000, 0x0000000100000000)
  eden space 117248K, 18% used [0x00000000d5980000,0x00000000d6f27148,0x00000000dcc00000)
  from space 7168K, 54% used [0x00000000dd300000,0x00000000dd6c84a0,0x00000000dda00000)
  to   space 7168K, 0% used [0x00000000dcc00000,0x00000000dcc00000,0x00000000dd300000)
 ParOldGen       total 131584K, used 21505K [0x0000000080c00000, 0x0000000088c80000, 0x00000000d5980000)
  object space 131584K, 16% used [0x0000000080c00000,0x00000000821007e8,0x0000000088c80000)
 Metaspace       used 31996K, capacity 33178K, committed 33280K, reserved 1079296K
  class space    used 4095K, capacity 4334K, committed 4352K, reserved 1048576K

Card table byte_map: [0x0000000011830000,0x0000000011c30000] byte_map_base: 0x000000001142a000

Marking Bits: (ParMarkBitMap*) 0x0000000062004040
 Begin Bits: [0x00000000122e0000, 0x00000000142b0000)
 End Bits:   [0x00000000142b0000, 0x0000000016280000)

Polling page: 0x00000000020f0000

CodeCache: size=245760Kb used=16462Kb max_used=16462Kb free=229297Kb
 bounds [0x0000000002470000, 0x00000000034a0000, 0x0000000011470000]
 total_blobs=6126 nmethods=5185 adapters=852
 compilation: enabled

Compilation events (10 events):
Event: 106.427 Thread 0x000000001706d000 nmethod 6003 0x0000000003474ad0 code [0x0000000003474c40, 0x0000000003474f18]
Event: 106.431 Thread 0x000000001702d800 6005       4       com.sun.javafx.sg.prism.NGRectangle::isRectClip (132 bytes)
Event: 106.436 Thread 0x000000001702d800 nmethod 6005 0x0000000003475f90 code [0x0000000003476140, 0x0000000003476478]
Event: 106.484 Thread 0x000000001706d000 6006   !   3       com.sun.javafx.tk.quantum.QuantumToolkit::runWithoutRenderLock (49 bytes)
Event: 106.485 Thread 0x000000001706d000 nmethod 6006 0x0000000003476890 code [0x0000000003476a60, 0x0000000003477518]
Event: 106.485 Thread 0x000000001706d000 6007       3       java.util.concurrent.locks.ReentrantLock::isHeldByCurrentThread (8 bytes)
Event: 106.486 Thread 0x000000001706d000 nmethod 6007 0x0000000003475a10 code [0x0000000003475b80, 0x0000000003475ed0]
Event: 106.489 Thread 0x000000001706d000 6008       3       javafx.beans.value.WeakChangeListener::changed (38 bytes)
Event: 106.490 Thread 0x000000001706d000 nmethod 6008 0x0000000003475210 code [0x00000000034753a0, 0x0000000003475878]
Event: 106.490 Thread 0x000000001706d000 6009       3       javafx.scene.Node::notifyParentsOfInvalidatedCSS (96 bytes)

GC Heap History (10 events):
Event: 97.337 GC heap before
{Heap before GC invocations=58 (full 2):
 PSYoungGen      total 119808K, used 114829K [0x00000000d5980000, 0x00000000dd680000, 0x0000000100000000)
  eden space 113152K, 99% used [0x00000000d5980000,0x00000000dc70f028,0x00000000dc800000)
  from space 6656K, 39% used [0x00000000dc800000,0x00000000dca94490,0x00000000dce80000)
  to   space 6656K, 0% used [0x00000000dd000000,0x00000000dd000000,0x00000000dd680000)
 ParOldGen       total 131584K, used 21465K [0x0000000080c00000, 0x0000000088c80000, 0x00000000d5980000)
  object space 131584K, 16% used [0x0000000080c00000,0x00000000820f67e8,0x0000000088c80000)
 Metaspace       used 31917K, capacity 33110K, committed 33280K, reserved 1079296K
  class space    used 4095K, capacity 4334K, committed 4352K, reserved 1048576K
Event: 97.339 GC heap after
Heap after GC invocations=58 (full 2):
 PSYoungGen      total 121344K, used 3856K [0x00000000d5980000, 0x00000000dd680000, 0x0000000100000000)
  eden space 114688K, 0% used [0x00000000d5980000,0x00000000d5980000,0x00000000dc980000)
  from space 6656K, 57% used [0x00000000dd000000,0x00000000dd3c4270,0x00000000dd680000)
  to   space 6656K, 0% used [0x00000000dc980000,0x00000000dc980000,0x00000000dd000000)
 ParOldGen       total 131584K, used 21473K [0x0000000080c00000, 0x0000000088c80000, 0x00000000d5980000)
  object space 131584K, 16% used [0x0000000080c00000,0x00000000820f87e8,0x0000000088c80000)
 Metaspace       used 31917K, capacity 33110K, committed 33280K, reserved 1079296K
  class space    used 4095K, capacity 4334K, committed 4352K, reserved 1048576K
}
Event: 99.513 GC heap before
{Heap before GC invocations=59 (full 2):
 PSYoungGen      total 121344K, used 118544K [0x00000000d5980000, 0x00000000dd680000, 0x0000000100000000)
  eden space 114688K, 100% used [0x00000000d5980000,0x00000000dc980000,0x00000000dc980000)
  from space 6656K, 57% used [0x00000000dd000000,0x00000000dd3c4270,0x00000000dd680000)
  to   space 6656K, 0% used [0x00000000dc980000,0x00000000dc980000,0x00000000dd000000)
 ParOldGen       total 131584K, used 21473K [0x0000000080c00000, 0x0000000088c80000, 0x00000000d5980000)
  object space 131584K, 16% used [0x0000000080c00000,0x00000000820f87e8,0x0000000088c80000)
 Metaspace       used 31920K, capacity 33110K, committed 33280K, reserved 1079296K
  class space    used 4095K, capacity 4334K, committed 4352K, reserved 1048576K
Event: 99.516 GC heap after
Heap after GC invocations=59 (full 2):
 PSYoungGen      total 121344K, used 1746K [0x00000000d5980000, 0x00000000dd800000, 0x0000000100000000)
  eden space 114688K, 0% used [0x00000000d5980000,0x00000000d5980000,0x00000000dc980000)
  from space 6656K, 26% used [0x00000000dc980000,0x00000000dcb34910,0x00000000dd000000)
  to   space 6656K, 0% used [0x00000000dd180000,0x00000000dd180000,0x00000000dd800000)
 ParOldGen       total 131584K, used 21481K [0x0000000080c00000, 0x0000000088c80000, 0x00000000d5980000)
  object space 131584K, 16% used [0x0000000080c00000,0x00000000820fa7e8,0x0000000088c80000)
 Metaspace       used 31920K, capacity 33110K, committed 33280K, reserved 1079296K
  class space    used 4095K, capacity 4334K, committed 4352K, reserved 1048576K
}
Event: 101.581 GC heap before
{Heap before GC invocations=60 (full 2):
 PSYoungGen      total 121344K, used 116255K [0x00000000d5980000, 0x00000000dd800000, 0x0000000100000000)
  eden space 114688K, 99% used [0x00000000d5980000,0x00000000dc953488,0x00000000dc980000)
  from space 6656K, 26% used [0x00000000dc980000,0x00000000dcb34910,0x00000000dd000000)
  to   space 6656K, 0% used [0x00000000dd180000,0x00000000dd180000,0x00000000dd800000)
 ParOldGen       total 131584K, used 21481K [0x0000000080c00000, 0x0000000088c80000, 0x00000000d5980000)
  object space 131584K, 16% used [0x0000000080c00000,0x00000000820fa7e8,0x0000000088c80000)
 Metaspace       used 31922K, capacity 33110K, committed 33280K, reserved 1079296K
  class space    used 4095K, capacity 4334K, committed 4352K, reserved 1048576K
Event: 101.583 GC heap after
Heap after GC invocations=60 (full 2):
 PSYoungGen      total 122368K, used 5347K [0x00000000d5980000, 0x00000000dd900000, 0x0000000100000000)
  eden space 115712K, 0% used [0x00000000d5980000,0x00000000d5980000,0x00000000dca80000)
  from space 6656K, 80% used [0x00000000dd180000,0x00000000dd6b8d80,0x00000000dd800000)
  to   space 7168K, 0% used [0x00000000dca80000,0x00000000dca80000,0x00000000dd180000)
 ParOldGen       total 131584K, used 21489K [0x0000000080c00000, 0x0000000088c80000, 0x00000000d5980000)
  object space 131584K, 16% used [0x0000000080c00000,0x00000000820fc7e8,0x0000000088c80000)
 Metaspace       used 31922K, capacity 33110K, committed 33280K, reserved 1079296K
  class space    used 4095K, capacity 4334K, committed 4352K, reserved 1048576K
}
Event: 103.674 GC heap before
{Heap before GC invocations=61 (full 2):
 PSYoungGen      total 122368K, used 120321K [0x00000000d5980000, 0x00000000dd900000, 0x0000000100000000)
  eden space 115712K, 99% used [0x00000000d5980000,0x00000000dc9c7988,0x00000000dca80000)
  from space 6656K, 80% used [0x00000000dd180000,0x00000000dd6b8d80,0x00000000dd800000)
  to   space 7168K, 0% used [0x00000000dca80000,0x00000000dca80000,0x00000000dd180000)
 ParOldGen       total 131584K, used 21489K [0x0000000080c00000, 0x0000000088c80000, 0x00000000d5980000)
  object space 131584K, 16% used [0x0000000080c00000,0x00000000820fc7e8,0x0000000088c80000)
 Metaspace       used 31936K, capacity 33110K, committed 33280K, reserved 1079296K
  class space    used 4095K, capacity 4334K, committed 4352K, reserved 1048576K
Event: 103.676 GC heap after
Heap after GC invocations=61 (full 2):
 PSYoungGen      total 122880K, used 5105K [0x00000000d5980000, 0x00000000dda00000, 0x0000000100000000)
  eden space 115712K, 0% used [0x00000000d5980000,0x00000000d5980000,0x00000000dca80000)
  from space 7168K, 71% used [0x00000000dca80000,0x00000000dcf7c4b0,0x00000000dd180000)
  to   space 7168K, 0% used [0x00000000dd300000,0x00000000dd300000,0x00000000dda00000)
 ParOldGen       total 131584K, used 21505K [0x0000000080c00000, 0x0000000088c80000, 0x00000000d5980000)
  object space 131584K, 16% used [0x0000000080c00000,0x00000000821007e8,0x0000000088c80000)
 Metaspace       used 31936K, capacity 33110K, committed 33280K, reserved 1079296K
  class space    used 4095K, capacity 4334K, committed 4352K, reserved 1048576K
}
Event: 106.073 GC heap before
{Heap before GC invocations=62 (full 2):
 PSYoungGen      total 122880K, used 120258K [0x00000000d5980000, 0x00000000dda00000, 0x0000000100000000)
  eden space 115712K, 99% used [0x00000000d5980000,0x00000000dc9f44f0,0x00000000dca80000)
  from space 7168K, 71% used [0x00000000dca80000,0x00000000dcf7c4b0,0x00000000dd180000)
  to   space 7168K, 0% used [0x00000000dd300000,0x00000000dd300000,0x00000000dda00000)
 ParOldGen       total 131584K, used 21505K [0x0000000080c00000, 0x0000000088c80000, 0x00000000d5980000)
  object space 131584K, 16% used [0x0000000080c00000,0x00000000821007e8,0x0000000088c80000)
 Metaspace       used 31968K, capacity 33178K, committed 33280K, reserved 1079296K
  class space    used 4095K, capacity 4334K, committed 4352K, reserved 1048576K
Event: 106.075 GC heap after
Heap after GC invocations=62 (full 2):
 PSYoungGen      total 124416K, used 3873K [0x00000000d5980000, 0x00000000dda00000, 0x0000000100000000)
  eden space 117248K, 0% used [0x00000000d5980000,0x00000000d5980000,0x00000000dcc00000)
  from space 7168K, 54% used [0x00000000dd300000,0x00000000dd6c84a0,0x00000000dda00000)
  to   space 7168K, 0% used [0x00000000dcc00000,0x00000000dcc00000,0x00000000dd300000)
 ParOldGen       total 131584K, used 21505K [0x0000000080c00000, 0x0000000088c80000, 0x00000000d5980000)
  object space 131584K, 16% used [0x0000000080c00000,0x00000000821007e8,0x0000000088c80000)
 Metaspace       used 31968K, capacity 33178K, committed 33280K, reserved 1079296K
  class space    used 4095K, capacity 4334K, committed 4352K, reserved 1048576K
}

Deoptimization events (10 events):
Event: 103.615 Thread 0x0000000018c97800 Uncommon trap: reason=array_check action=maybe_recompile pc=0x00000000030e4444 method=com.sun.javafx.css.CompoundSelector.applies(Ljavafx/css/Styleable;[Ljava/util/Set;I)Z @ 128
Event: 103.629 Thread 0x0000000018c47800 Uncommon trap: reason=unstable_if action=reinterpret pc=0x00000000026c88bc method=com.sun.scenario.effect.ImageData.validate(Lcom/sun/scenario/effect/FilterContext;)Z @ 15
Event: 104.776 Thread 0x0000000018c47800 Uncommon trap: reason=unstable_if action=reinterpret pc=0x0000000002686c1c method=com.sun.javafx.sg.prism.NGNode.computeNodeRenderRoot(Lcom/sun/javafx/sg/prism/NodePath;Lcom/sun/javafx/geom/RectBounds;ILcom/sun/javafx/geom/transform/BaseTransform;Lcom/sun/íJ&°1Z@
Event: 104.776 Thread 0x0000000018c47800 Uncommon trap: reason=unstable_if action=reinterpret pc=0x0000000003200cc4 method=com.sun.javafx.sg.prism.NGGroup.computeRenderRoot(Lcom/sun/javafx/sg/prism/NodePath;Lcom/sun/javafx/geom/RectBounds;ILcom/sun/javafx/geom/transform/BaseTransform;Lcom/sun/javuVì±1Z@
Event: 104.776 Thread 0x0000000018c47800 Uncommon trap: reason=unstable_if action=reinterpret pc=0x0000000002c92e80 method=com.sun.javafx.sg.prism.NGNode.computeNodeRenderRoot(Lcom/sun/javafx/sg/prism/NodePath;Lcom/sun/javafx/geom/RectBounds;ILcom/sun/javafx/geom/transform/BaseTransform;Lcom/sun/
Event: 104.777 Thread 0x0000000018c47800 Uncommon trap: reason=unstable_if action=reinterpret pc=0x0000000003200d98 method=com.sun.javafx.sg.prism.NGNode.computeNodeRenderRoot(Lcom/sun/javafx/sg/prism/NodePath;Lcom/sun/javafx/geom/RectBounds;ILcom/sun/javafx/geom/transform/BaseTransform;Lcom/sun/ª¿¹´1Z@
Event: 104.777 Thread 0x0000000018c47800 Uncommon trap: reason=unstable_if action=reinterpret pc=0x0000000003201188 method=com.sun.javafx.sg.prism.NGNode.getOpaqueRegion()Lcom/sun/javafx/geom/RectBounds; @ 30
Event: 104.777 Thread 0x0000000018c47800 Uncommon trap: reason=unstable_if action=reinterpret pc=0x00000000033f8e58 method=com.sun.javafx.sg.prism.NGNode.renderRectClip(Lcom/sun/prism/Graphics;Lcom/sun/javafx/sg/prism/NGRectangle;)V @ 82
Event: 104.777 Thread 0x0000000018c47800 Uncommon trap: reason=bimorphic action=maybe_recompile pc=0x000000000259e534 method=com.sun.javafx.sg.prism.NGNode.clearDirtyTree()V @ 1
Event: 104.872 Thread 0x0000000018c47800 Uncommon trap: reason=bimorphic action=maybe_recompile pc=0x000000000259e534 method=com.sun.javafx.sg.prism.NGNode.clearDirtyTree()V @ 1

Internal exceptions (10 events):
Event: 7.560 Thread 0x0000000018c97800 Exception <a 'java/security/PrivilegedActionException'> (0x00000000d5ad3af8) thrown at [C:\re\workspace\8-2-build-windows-amd64-cygwin\jdk8u45\3457\hotspot\src\share\vm\prims\jvm.cpp, line 1382]
Event: 12.283 Thread 0x0000000018c47800 Implicit null exception at 0x000000000304ed90 to 0x000000000304ede9
Event: 12.377 Thread 0x0000000018c47800 Implicit null exception at 0x00000000030d5ff5 to 0x00000000030d7c81
Event: 12.405 Thread 0x0000000018c97800 Implicit null exception at 0x000000000270b1da to 0x000000000270b4f1
Event: 15.333 Thread 0x000000001968d000 Exception <a 'java/io/FileNotFoundException'> (0x00000000d7db47d8) thrown at [C:\re\workspace\8-2-build-windows-amd64-cygwin\jdk8u45\3457\hotspot\src\share\vm\prims\jni.cpp, line 709]
Event: 15.333 Thread 0x000000001968d000 Exception <a 'java/lang/NullPointerException'> (0x00000000d7db4b20) thrown at [C:\re\workspace\8-2-build-windows-amd64-cygwin\jdk8u45\3457\hotspot\src\share\vm\interpreter\linkResolver.cpp, line 1178]
Event: 15.400 Thread 0x000000001968d000 Exception <a 'java/io/FileNotFoundException'> (0x00000000d7ee2a28) thrown at [C:\re\workspace\8-2-build-windows-amd64-cygwin\jdk8u45\3457\hotspot\src\share\vm\prims\jni.cpp, line 709]
Event: 64.909 Thread 0x0000000018c47800 Implicit null exception at 0x000000000334df94 to 0x000000000334e189
Event: 64.926 Thread 0x0000000018c47800 Implicit null exception at 0x0000000002683fff to 0x000000000268478d
Event: 103.629 Thread 0x0000000018c47800 Implicit null exception at 0x00000000026c8213 to 0x00000000026c88b1

Events (10 events):
Event: 104.777 Thread 0x0000000018c47800 DEOPT PACKING pc=0x00000000033f8e58 sp=0x0000000018fae860
Event: 104.777 Thread 0x0000000018c47800 DEOPT UNPACKING pc=0x00000000024b582a sp=0x0000000018fae780 mode 2
Event: 104.777 Thread 0x0000000018c47800 Uncommon trap: trap_request=0xffffffc6 fr.pc=0x000000000259e534
Event: 104.777 Thread 0x0000000018c47800 DEOPT PACKING pc=0x000000000259e534 sp=0x0000000018fae710
Event: 104.777 Thread 0x0000000018c47800 DEOPT UNPACKING pc=0x00000000024b582a sp=0x0000000018fae6b0 mode 2
Event: 104.872 Thread 0x0000000018c47800 Uncommon trap: trap_request=0xffffffc6 fr.pc=0x000000000259e534
Event: 104.872 Thread 0x0000000018c47800 DEOPT PACKING pc=0x000000000259e534 sp=0x0000000018fae660
Event: 104.872 Thread 0x0000000018c47800 DEOPT UNPACKING pc=0x00000000024b582a sp=0x0000000018fae600 mode 2
Event: 106.073 Executing VM operation: ParallelGCFailedAllocation
Event: 106.075 Executing VM operation: ParallelGCFailedAllocation done


Dynamic libraries:
0x00007ff628590000 - 0x00007ff6285c7000 	C:\Program Files\Java\jre1.8.0_45\bin\javaw.exe
0x00007ff9c68a0000 - 0x00007ff9c6a90000 	C:\WINDOWS\SYSTEM32\ntdll.dll
0x00007ff9c6210000 - 0x00007ff9c62c2000 	C:\WINDOWS\System32\KERNEL32.DLL
0x00007ff9c3a30000 - 0x00007ff9c3cd2000 	C:\WINDOWS\System32\KERNELBASE.dll
0x00007ff9c62d0000 - 0x00007ff9c6373000 	C:\WINDOWS\System32\ADVAPI32.dll
0x00007ff9c5780000 - 0x00007ff9c581e000 	C:\WINDOWS\System32\msvcrt.dll
0x00007ff9c5670000 - 0x00007ff9c5707000 	C:\WINDOWS\System32\sechost.dll
0x00007ff9c6380000 - 0x00007ff9c64a0000 	C:\WINDOWS\System32\RPCRT4.dll
0x00007ff9c4a30000 - 0x00007ff9c4bc3000 	C:\WINDOWS\System32\USER32.dll
0x00007ff9c3ce0000 - 0x00007ff9c3d01000 	C:\WINDOWS\System32\win32u.dll
0x00007ff9c5820000 - 0x00007ff9c5846000 	C:\WINDOWS\System32\GDI32.dll
0x00007ff9c3890000 - 0x00007ff9c3a24000 	C:\WINDOWS\System32\gdi32full.dll
0x00007ff9c4110000 - 0x00007ff9c41ae000 	C:\WINDOWS\System32\msvcp_win.dll
0x00007ff9c4010000 - 0x00007ff9c410a000 	C:\WINDOWS\System32\ucrtbase.dll
0x00007ff9b2c40000 - 0x00007ff9b2ec5000 	C:\WINDOWS\WinSxS\amd64_microsoft.windows.common-controls_6595b64144ccf1df_6.0.18362.30_none_a1435978519dce7f\COMCTL32.dll
0x00007ff9c5330000 - 0x00007ff9c5666000 	C:\WINDOWS\System32\combase.dll
0x00007ff9c4930000 - 0x00007ff9c49b1000 	C:\WINDOWS\System32\bcryptPrimitives.dll
0x00007ff9c6830000 - 0x00007ff9c685e000 	C:\WINDOWS\System32\IMM32.DLL
0x0000000061650000 - 0x0000000061722000 	C:\Program Files\Java\jre1.8.0_45\bin\msvcr100.dll
0x0000000061800000 - 0x0000000062083000 	C:\Program Files\Java\jre1.8.0_45\bin\server\jvm.dll
0x00007ff9c66d0000 - 0x00007ff9c66d8000 	C:\WINDOWS\System32\PSAPI.DLL
0x00007ff9bd640000 - 0x00007ff9bd64a000 	C:\WINDOWS\SYSTEM32\VERSION.dll
0x00007ff9b55d0000 - 0x00007ff9b55d9000 	C:\WINDOWS\SYSTEM32\WSOCK32.dll
0x00007ff9c1790000 - 0x00007ff9c17b4000 	C:\WINDOWS\SYSTEM32\WINMM.dll
0x00007ff9c5710000 - 0x00007ff9c577f000 	C:\WINDOWS\System32\WS2_32.dll
0x00007ff9c1310000 - 0x00007ff9c133d000 	C:\WINDOWS\SYSTEM32\WINMMBASE.dll
0x00007ff9c3e90000 - 0x00007ff9c3eda000 	C:\WINDOWS\System32\cfgmgr32.dll
0x00000000617f0000 - 0x00000000617ff000 	C:\Program Files\Java\jre1.8.0_45\bin\verify.dll
0x00000000617c0000 - 0x00000000617e9000 	C:\Program Files\Java\jre1.8.0_45\bin\java.dll
0x00000000617a0000 - 0x00000000617b6000 	C:\Program Files\Java\jre1.8.0_45\bin\zip.dll
0x00007ff9c58d0000 - 0x00007ff9c5fb0000 	C:\WINDOWS\System32\SHELL32.dll
0x00007ff9c6780000 - 0x00007ff9c6829000 	C:\WINDOWS\System32\shcore.dll
0x00007ff9c41b0000 - 0x00007ff9c492b000 	C:\WINDOWS\System32\windows.storage.dll
0x00007ff9c3830000 - 0x00007ff9c384f000 	C:\WINDOWS\System32\profapi.dll
0x00007ff9c37e0000 - 0x00007ff9c382a000 	C:\WINDOWS\System32\powrprof.dll
0x00007ff9c37d0000 - 0x00007ff9c37e0000 	C:\WINDOWS\System32\UMPDC.dll
0x00007ff9c5190000 - 0x00007ff9c51e2000 	C:\WINDOWS\System32\shlwapi.dll
0x00007ff9c3850000 - 0x00007ff9c3861000 	C:\WINDOWS\System32\kernel.appcore.dll
0x00007ff9c3ee0000 - 0x00007ff9c3ef7000 	C:\WINDOWS\System32\cryptsp.dll
0x0000000061620000 - 0x000000006164c000 	C:\Program Files\Java\jre1.8.0_45\bin\prism_d3d.dll
0x00007ff99baa0000 - 0x00007ff99bc66000 	C:\WINDOWS\system32\d3d9.dll
0x00007ff9c1fc0000 - 0x00007ff9c1fed000 	C:\WINDOWS\SYSTEM32\dwmapi.dll
0x00007ff9c2500000 - 0x00007ff9c2520000 	C:\WINDOWS\SYSTEM32\dxcore.dll
0x00007ff9c1ba0000 - 0x00007ff9c1c39000 	C:\WINDOWS\system32\uxtheme.dll
0x00007ff9bd650000 - 0x00007ff9bd7c1000 	C:\WINDOWS\SYSTEM32\aticfx64.dll
0x00007ff9b8d10000 - 0x00007ff9b8d31000 	C:\WINDOWS\SYSTEM32\atiu9p64.dll
0x00007ff9868b0000 - 0x00007ff98732f000 	C:\WINDOWS\SYSTEM32\atiumd64.dll
0x0000000062090000 - 0x0000000062934000 	C:\WINDOWS\SYSTEM32\atiumd6a.dll
0x00000000615d0000 - 0x0000000061611000 	C:\Program Files\Java\jre1.8.0_45\bin\glass.dll
0x00007ff9c64a0000 - 0x00007ff9c656f000 	C:\WINDOWS\System32\COMDLG32.dll
0x00007ff9c6570000 - 0x00007ff9c66c6000 	C:\WINDOWS\System32\ole32.dll
0x00007ff9c4bd0000 - 0x00007ff9c4c95000 	C:\WINDOWS\System32\OLEAUT32.dll
0x00007ff9c51f0000 - 0x00007ff9c5327000 	C:\WINDOWS\System32\MSCTF.dll
0x00007ff9aaa60000 - 0x00007ff9aab4f000 	C:\Users\USER\.javacpp\cache\opencv-3.2.0-1.3-windows-x86_64.jar\org\bytedeco\javacpp\windows-x86_64\msvcr120.dll
0x00007ff9a9c70000 - 0x00007ff9a9d16000 	C:\Users\USER\.javacpp\cache\opencv-3.2.0-1.3-windows-x86_64.jar\org\bytedeco\javacpp\windows-x86_64\msvcp120.dll
0x00007ff981540000 - 0x00007ff9817c8000 	C:\Users\USER\.javacpp\cache\opencv-3.2.0-1.3-windows-x86_64.jar\org\bytedeco\javacpp\windows-x86_64\opencv_core320.dll
0x00007ff9811d0000 - 0x00007ff981532000 	C:\Users\USER\.javacpp\cache\opencv-3.2.0-1.3-windows-x86_64.jar\org\bytedeco\javacpp\windows-x86_64\opencv_imgproc320.dll
0x00007ff97adc0000 - 0x00007ff97b00a000 	C:\Users\USER\.javacpp\cache\opencv-3.2.0-1.3-windows-x86_64.jar\org\bytedeco\javacpp\windows-x86_64\jniopencv_core.dll
0x0000000061780000 - 0x000000006179a000 	C:\Program Files\Java\jre1.8.0_45\bin\net.dll
0x00007ff9c2fe0000 - 0x00007ff9c3047000 	C:\WINDOWS\system32\mswsock.dll
0x0000000061760000 - 0x0000000061771000 	C:\Program Files\Java\jre1.8.0_45\bin\nio.dll
0x0000000061430000 - 0x00000000615c8000 	C:\Program Files\Java\jre1.8.0_45\bin\awt.dll
0x00007ff9c1a00000 - 0x00007ff9c1a8f000 	C:\WINDOWS\SYSTEM32\apphelp.dll
0x0000000061410000 - 0x0000000061425000 	C:\Program Files\Java\jre1.8.0_45\bin\javafx_font.dll
0x00007ff9b86e0000 - 0x00007ff9b89e0000 	C:\WINDOWS\SYSTEM32\dwrite.dll
0x00007ff9c5fb0000 - 0x00007ff9c6052000 	C:\WINDOWS\System32\clbcatq.dll
0x00007ff9bf110000 - 0x00007ff9bf2bf000 	C:\WINDOWS\SYSTEM32\WindowsCodecs.dll
0x00007ff9a49c0000 - 0x00007ff9a49fa000 	C:\WINDOWS\system32\dataexchange.dll
0x00007ff9c0350000 - 0x00007ff9c05ab000 	C:\WINDOWS\system32\d3d11.dll
0x00007ff9c1130000 - 0x00007ff9c130c000 	C:\WINDOWS\system32\dcomp.dll
0x00007ff9c2520000 - 0x00007ff9c260a000 	C:\WINDOWS\system32\dxgi.dll
0x00007ff9c1c70000 - 0x00007ff9c1eca000 	C:\WINDOWS\system32\twinapi.appcore.dll
0x00007ff9c20a0000 - 0x00007ff9c20c9000 	C:\WINDOWS\system32\RMCLIENT.dll
0x00007ff9a8aa0000 - 0x00007ff9a8ad3000 	C:\Program Files\Common Files\Microsoft Shared\Ink\rtscom.dll
0x00007ff9ba620000 - 0x00007ff9ba6be000 	C:\WINDOWS\System32\TextInputFramework.dll
0x00007ff9c16b0000 - 0x00007ff9c1784000 	C:\WINDOWS\System32\CoreMessaging.dll
0x00007ff9bf520000 - 0x00007ff9bf849000 	C:\WINDOWS\System32\CoreUIComponents.dll
0x00007ff9bf3c0000 - 0x00007ff9bf513000 	C:\WINDOWS\SYSTEM32\wintypes.dll
0x00007ff9c2880000 - 0x00007ff9c28b1000 	C:\WINDOWS\SYSTEM32\ntmarta.dll
0x00007ff9b9100000 - 0x00007ff9b93a6000 	C:\WINDOWS\System32\iertutil.dll
0x00000000613f0000 - 0x0000000061401000 	C:\Program Files\Java\jre1.8.0_45\bin\prism_common.dll
0x00007ff9c05b0000 - 0x00007ff9c0b70000 	C:\WINDOWS\SYSTEM32\d2d1.dll
0x00007ff9886e0000 - 0x00007ff988e21000 	C:\WINDOWS\SYSTEM32\D3D10Warp.dll
0x00007ff9a9720000 - 0x00007ff9a9810000 	C:\Users\USER\.javacpp\cache\opencv-3.2.0-1.3-windows-x86_64.jar\org\bytedeco\javacpp\windows-x86_64\jniopencv_imgproc.dll
0x00007ff96e130000 - 0x00007ff96e3fa000 	C:\Users\USER\.javacpp\cache\opencv-3.2.0-1.3-windows-x86_64.jar\org\bytedeco\javacpp\windows-x86_64\opencv_imgcodecs320.dll
0x00007ff9bb100000 - 0x00007ff9bb125000 	C:\Users\USER\.javacpp\cache\opencv-3.2.0-1.3-windows-x86_64.jar\org\bytedeco\javacpp\windows-x86_64\jniopencv_imgcodecs.dll
0x00007ff9afca0000 - 0x00007ff9afcee000 	C:\Users\USER\.javacpp\cache\opencv-3.2.0-1.3-windows-x86_64.jar\org\bytedeco\javacpp\windows-x86_64\opencv_videoio320.dll
0x00007ff9afdd0000 - 0x00007ff9afdf9000 	C:\WINDOWS\SYSTEM32\MSVFW32.dll
0x00007ff9bb060000 - 0x00007ff9bb080000 	C:\WINDOWS\SYSTEM32\AVIFIL32.dll
0x00007ff9b8dc0000 - 0x00007ff9b8dd8000 	C:\WINDOWS\SYSTEM32\AVICAP32.dll
0x00007ff9995c0000 - 0x00007ff9995dc000 	C:\WINDOWS\SYSTEM32\MSACM32.dll
0x00007ff9afc80000 - 0x00007ff9afc97000 	C:\Users\USER\.javacpp\cache\opencv-3.2.0-1.3-windows-x86_64.jar\org\bytedeco\javacpp\windows-x86_64\jniopencv_videoio.dll
0x00007ff9af110000 - 0x00007ff9af13c000 	C:\Users\USER\.javacpp\cache\opencv-3.2.0-1.3-windows-x86_64.jar\org\bytedeco\javacpp\windows-x86_64\opencv_highgui320.dll
0x00007ff9ac5a0000 - 0x00007ff9ac5d8000 	C:\Users\USER\.javacpp\cache\opencv-3.2.0-1.3-windows-x86_64.jar\org\bytedeco\javacpp\windows-x86_64\jniopencv_highgui.dll
0x00007ff9883c0000 - 0x00007ff988493000 	C:\Users\USER\.javacpp\cache\opencv-3.2.0-1.3-windows-x86_64.jar\org\bytedeco\javacpp\windows-x86_64\opencv_ml320.dll
0x00007ff9ac550000 - 0x00007ff9ac593000 	C:\Users\USER\.javacpp\cache\opencv-3.2.0-1.3-windows-x86_64.jar\org\bytedeco\javacpp\windows-x86_64\jniopencv_ml.dll
0x00007ff988320000 - 0x00007ff9883b6000 	C:\Users\USER\.javacpp\cache\opencv-3.2.0-1.3-windows-x86_64.jar\org\bytedeco\javacpp\windows-x86_64\opencv_objdetect320.dll
0x00007ff9aad70000 - 0x00007ff9aadc4000 	C:\Users\USER\.javacpp\cache\opencv-3.2.0-1.3-windows-x86_64.jar\org\bytedeco\javacpp\windows-x86_64\jniopencv_objdetect.dll
0x00007ff9a9c10000 - 0x00007ff9a9c62000 	C:\Users\USER\.javacpp\cache\opencv-3.2.0-1.3-windows-x86_64.jar\org\bytedeco\javacpp\windows-x86_64\opencv_face320.dll
0x00007ff9aeed0000 - 0x00007ff9aeeea000 	C:\Users\USER\.javacpp\cache\opencv-3.2.0-1.3-windows-x86_64.jar\org\bytedeco\javacpp\windows-x86_64\jniopencv_face.dll
0x00007ff9c2ba0000 - 0x00007ff9c2bd3000 	C:\WINDOWS\system32\rsaenh.dll
0x00007ff9c3e60000 - 0x00007ff9c3e86000 	C:\WINDOWS\System32\bcrypt.dll
0x00007ff9c36c0000 - 0x00007ff9c36e5000 	C:\WINDOWS\SYSTEM32\USERENV.dll
0x00007ff9c31b0000 - 0x00007ff9c31bc000 	C:\WINDOWS\SYSTEM32\CRYPTBASE.dll
0x00007ff9c2d40000 - 0x00007ff9c2d7a000 	C:\WINDOWS\SYSTEM32\IPHLPAPI.DLL
0x00007ff9c4ca0000 - 0x00007ff9c4ca8000 	C:\WINDOWS\System32\NSI.dll
0x00007ff9bb320000 - 0x00007ff9bb336000 	C:\WINDOWS\SYSTEM32\dhcpcsvc6.DLL
0x00007ff9bb8a0000 - 0x00007ff9bb8bc000 	C:\WINDOWS\SYSTEM32\dhcpcsvc.DLL
0x00007ff9c2d80000 - 0x00007ff9c2e4a000 	C:\WINDOWS\SYSTEM32\DNSAPI.dll
0x00007ff9aaf30000 - 0x00007ff9aaf48000 	C:\Windows\System32\devenum.dll
0x00007ff9c4d10000 - 0x00007ff9c5180000 	C:\WINDOWS\System32\setupapi.dll
0x00007ff9c35d0000 - 0x00007ff9c35fa000 	C:\WINDOWS\SYSTEM32\DEVOBJ.dll
0x00007ff9c3f00000 - 0x00007ff9c3f5c000 	C:\WINDOWS\System32\WINTRUST.dll
0x00007ff9c3870000 - 0x00007ff9c3882000 	C:\WINDOWS\System32\MSASN1.dll
0x00007ff9c3d10000 - 0x00007ff9c3e59000 	C:\WINDOWS\System32\CRYPT32.dll
0x00007ff9c0160000 - 0x00007ff9c016b000 	C:\WINDOWS\SYSTEM32\msdmo.dll
0x00007ff9aab70000 - 0x00007ff9aaba4000 	C:\Windows\System32\qcap.dll
0x00007ff97a1c0000 - 0x00007ff97a384000 	C:\Windows\System32\quartz.dll
0x00007ff9a96d0000 - 0x00007ff9a971c000 	C:\Windows\System32\mfksproxy.dll
0x00007ff9ac9b0000 - 0x00007ff9ac9cc000 	C:\Windows\System32\ATL.DLL
0x00007ff9a8330000 - 0x00007ff9a852a000 	C:\Windows\System32\MFPlat.DLL
0x00007ff9b17e0000 - 0x00007ff9b180f000 	C:\Windows\System32\RTWorkQ.DLL
0x00007ff98a9a0000 - 0x00007ff98a9fc000 	C:\Windows\System32\MFSENSORGROUP.dll
0x00007ff9a4fa0000 - 0x00007ff9a4fed000 	C:\Windows\System32\ksproxy.ax
0x00007ff9a10c0000 - 0x00007ff9a10c9000 	C:\Windows\System32\ksuser.dll
0x00007ff9bdc30000 - 0x00007ff9bdcb0000 	C:\WINDOWS\SYSTEM32\policymanager.dll
0x00007ff9c0b70000 - 0x00007ff9c0bfa000 	C:\Windows\System32\msvcp110_win.dll
0x00007ff9c0060000 - 0x00007ff9c006d000 	C:\Windows\System32\vidcap.ax

VM Arguments:
jvm_args: -Djava.library.path=C:\Users\Administrator\Desktop\opencv\build\java\x64 -Dfile.encoding=Cp1252 
java_command: application.Main
java_class_path (initial): E:\coursIUT\perso\PFE\Ressources\VisixEclipse\ExoVisix\target\classes;E:\coursIUT\perso\PFE\Ressources\VisixEclipse\ExoVisix\bin\opencv-341.jar;E:\coursIUT\perso\PFE\Ressources\VisixEclipse\ExoVisix\bin\mysql-connector-java-5.1.49-bin.jar;E:\coursIUT\perso\environnementmaven\env\maven\repository\org\bytedeco\javacv-platform\1.3.2\javacv-platform-1.3.2.jar;E:\coursIUT\perso\environnementmaven\env\maven\repository\org\bytedeco\javacv\1.3.2\javacv-1.3.2.jar;E:\coursIUT\perso\environnementmaven\env\maven\repository\org\bytedeco\javacpp\1.3.2\javacpp-1.3.2.jar;E:\coursIUT\perso\environnementmaven\env\maven\repository\org\bytedeco\javacpp-presets\opencv\3.2.0-1.3\opencv-3.2.0-1.3.jar;E:\coursIUT\perso\environnementmaven\env\maven\repository\org\bytedeco\javacpp-presets\ffmpeg\3.2.1-1.3\ffmpeg-3.2.1-1.3.jar;E:\coursIUT\perso\environnementmaven\env\maven\repository\org\bytedeco\javacpp-presets\flycapture\2.9.3.43-1.3\flycapture-2.9.3.43-1.3.jar;E:\coursIUT\perso\environnementmaven\env\maven\repository\org\bytedeco\javacpp-presets\libdc1394\2.2.4-1.3\libdc1394-2.2.4-1.3.jar;E:\coursIUT\perso\environnementmaven\env\maven\repository\org\bytedeco\javacpp-presets\libfreenect\0.5.3-1.3\libfreenect-0.5.3-1.3.jar;E:\coursIUT\perso\environnementmaven\env\maven\repository\org\bytedeco\javacpp-presets\libfreenect2\0.2.0-1.3\libfreenect2-0.2.0-1.3.jar;E:\coursIUT\perso\environnementmaven\env\maven\repository\org\bytedeco\javacpp-presets\librealsense\1.9.6-1.3\librealsense-1.9.6-1.3.jar;E:\coursIUT\perso\environnementmaven\env\maven\repository\org\bytedeco\javacpp-presets\videoinput\0.200-1.3\videoinput-0.200-1.3.jar;E:\coursIUT\perso\environnementmaven\env\maven\repository\org\bytedeco\javacpp-presets\artoolkitplus\2.3.1-1.3\artoolkitplus-2.3.1-1.3.jar;E:\coursIUT\perso\environnementmaven\env\maven\repository\org\bytedeco\javacpp-presets\flandmark\1.07-1.3\flandmark-1.07-1.3.jar;E:\coursIUT\perso\environnementmaven\env\maven\repository\org\bytedeco\javacpp-
Launcher Type: SUN_STANDARD

Environment Variables:
JAVA_HOME=E:\coursIUT\perso\environnementmaven\env\java\jdk-17
PATH=C:/Program Files/Java/jre1.8.0_45/bin/server;C:/Program Files/Java/jre1.8.0_45/bin;C:/Program Files/Java/jre1.8.0_45/lib/amd64;E:\oracle\app\oracle\product\10.2.0\server\bin;C:\Program Files\Common Files\Oracle\Java\javapath;C:\Program Files (x86)\NVIDIA Corporation\PhysX\Common;C:\ProgramData\Oracle\Java\javapath;C:\WINDOWS\system32;C:\WINDOWS;C:\WINDOWS\System32\Wbem;C:\WINDOWS\System32\WindowsPowerShell\v1.0\;C:\Program Files (x86)\AMD\ATI.ACE\Core-Static;C:\Users\USER\Desktop\OTB-6.6.1-Win64\bin;C:\Program Files\7-Zip;C:\Program Files\ActivIdentity\ActivClient\;C:\Program Files (x86)\ActivIdentity\ActivClient\;C:\Users\USER\AppData\Local\bin\NASM;C:\Users\USER\AppData\Local\nasm;C:\Program Files\MySQL\MySQL Server 8.0\bin;C:\Program Files (x86)\Microsoft SQL Server\100\Tools\Binn\;C:\Program Files\Microsoft SQL Server\100\Tools\Binn\;C:\Program Files\Microsoft SQL Server\100\DTS\Binn\;C:\Program Files\Git\cmd;C:\Program Files\Git\mingw64\bin;C:\Program Files\Git\usr\bin;C:\Program Files\CMake\bin;C:\Program Files\PostgreSQL\13\bin;C:\Program Files\dotnet\;E:\MinGW\bin;E:\coursIUT\perso\environnementmaven\env\maven\apache-maven-3.8.4\bin;E:\OCR\Tesseract-OCR;C:\Program Files\Java\jdk-18.0.1.1\bin;C:\WINDOWS\System32\OpenSSH\;E:\xampp\mysql\bin;C:\Users\USER\anaconda3;C:\Users\USER\anaconda3\Library\mingw-w64\bin;C:\Users\USER\anaconda3\Library\usr\bin;C:\Users\USER\anaconda3\Library\bin;C:\Users\USER\anaconda3\Scripts;C:\Users\USER\AppData\Local\Microsoft\WindowsApps;C:\Program Files\Microsoft VS Code\bin;;E:\logiciels\eclipse;
USERNAME=Martial Kom
OS=Windows_NT
PROCESSOR_IDENTIFIER=Intel64 Family 6 Model 42 Stepping 7, GenuineIntel



---------------  S Y S T E M  ---------------

OS: Windows 10.0 , 64 bit Build 18362 (10.0.18362.1)

CPU:total 4 (2 cores per cpu, 2 threads per core) family 6 model 42 stepping 7, cmov, cx8, fxsr, mmx, sse, sse2, sse3, ssse3, sse4.1, sse4.2, popcnt, avx, aes, clmul, ht, tsc, tscinvbit

Memory: 4k page, physical 8337768k(2927192k free), swap 16726376k(5842252k free)

vm_info: Java HotSpot(TM) 64-Bit Server VM (25.45-b02) for windows-amd64 JRE (1.8.0_45-b14), built on Apr 10 2015 10:34:15 by "java_re" with MS VC++ 10.0 (VS2010)

time: Thu Jun 02 10:37:16 2022
elapsed time: 106 seconds (0d 0h 1m 46s)

