#
# A fatal error has been detected by the Java Runtime Environment:
#
#  EXCEPTION_UNCAUGHT_CXX_EXCEPTION (0xe06d7363) at pc=0x00007ffdbaa1a839, pid=14420, tid=9404
#
# JRE version: Java(TM) SE Runtime Environment (8.0_45-b14) (build 1.8.0_45-b14)
# Java VM: Java HotSpot(TM) 64-Bit Server VM (25.45-b02 mixed mode windows-amd64 compressed oops)
# Problematic frame:
# C  [KERNELBASE.dll+0x3a839]
#
# Failed to write core dump. Minidumps are not enabled by default on client versions of Windows
#
# If you would like to submit a bug report, please visit:
#   http://bugreport.java.com/bugreport/crash.jsp
# The crash happened outside the Java Virtual Machine in native code.
# See problematic frame for where to report the bug.
#

---------------  T H R E A D  ---------------

Current thread (0x000000001d71d800):  JavaThread "Thread-5" [_thread_in_native, id=9404, stack(0x0000000023a90000,0x0000000023b90000)]

siginfo: ExceptionCode=0xe06d7363, ExceptionInformation=0x0000000019930520 0x0000000023b7f1f0 0x00007ffd6756cd78 0x00007ffd67320000 

Registers:
RAX=0x0000000000000000, RBX=0x00007ffd6756cd78, RCX=0x0000000000000000, RDX=0x0000000000000000
RSP=0x0000000023b7f060, RBP=0x0000000023b7f1a0, RSI=0x00007ffd674fd5f8, RDI=0x0000000023b7f1f0
R8 =0x0000000000000000, R9 =0x0000000000000000, R10=0x0000000000000000, R11=0x0000000000000000
R12=0x00000000ffffffe5, R13=0x0000000000000000, R14=0x00007ffd674fd520, R15=0x0000000023b8f398
RIP=0x00007ffdbaa1a839, EFLAGS=0x0000000000000206

Top of Stack: (sp=0x0000000023b7f060)
0x0000000023b7f060:   0000000000000000 00007ffd6756cd78
0x0000000023b7f070:   00007ffd674fd5f8 0000000000000000
0x0000000023b7f080:   00000001e06d7363 0000000000000000
0x0000000023b7f090:   00007ffdbaa1a839 0000000000000004
0x0000000023b7f0a0:   0000000019930520 0000000023b7f1f0
0x0000000023b7f0b0:   00007ffd6756cd78 00007ffd67320000
0x0000000023b7f0c0:   0000000000000000 00000000ffffffe5
0x0000000023b7f0d0:   00007ffd674fd5f8 0000000023b7f1a0
0x0000000023b7f0e0:   0000000023b7f1b0 00007ffdbd5df42f
0x0000000023b7f0f0:   0000000023b7f1f0 00007ffd00000000
0x0000000023b7f100:   0000000023b7f1f0 00007ffd9d76d306
0x0000000023b7f110:   00007ffd6758f000 00007ffd67320000
0x0000000023b7f120:   0000d72b43ad12b3 00007ffd9d7ec4d0
0x0000000023b7f130:   00007ffd6756cd78 00007ffd9d76ef63
0x0000000023b7f140:   0000000023b7f1f0 00007ffd9d73eb8d
0x0000000023b7f150:   00007ffd9d7ec4d0 00007ffd674fd5f8 

Instructions: (pc=0x00007ffdbaa1a839)
0x00007ffdbaa1a819:   8b d1 44 0f 47 c0 44 89 44 24 38 49 c1 e0 03 e8
0x00007ffdbaa1a829:   0a 4a 05 00 48 8d 4c 24 20 48 ff 15 df be 16 00
0x00007ffdbaa1a839:   0f 1f 44 00 00 48 8b 8c 24 c0 00 00 00 48 33 cc
0x00007ffdbaa1a849:   e8 82 ec 04 00 48 81 c4 d8 00 00 00 c3 83 64 24 


Register to memory mapping:

RAX=0x0000000000000000 is an unknown value
RBX=0x00007ffd6756cd78 is an unknown value
RCX=0x0000000000000000 is an unknown value
RDX=0x0000000000000000 is an unknown value
RSP=0x0000000023b7f060 is pointing into the stack for thread: 0x000000001d71d800
RBP=0x0000000023b7f1a0 is pointing into the stack for thread: 0x000000001d71d800
RSI=0x00007ffd674fd5f8 is an unknown value
RDI=0x0000000023b7f1f0 is pointing into the stack for thread: 0x000000001d71d800
R8 =0x0000000000000000 is an unknown value
R9 =0x0000000000000000 is an unknown value
R10=0x0000000000000000 is an unknown value
R11=0x0000000000000000 is an unknown value
R12=0x00000000ffffffe5 is an unallocated location in the heap
R13=0x0000000000000000 is an unknown value
R14=0x00007ffd674fd520 is an unknown value
R15=0x0000000023b8f398 is pointing into the stack for thread: 0x000000001d71d800


Stack: [0x0000000023a90000,0x0000000023b90000],  sp=0x0000000023b7f060,  free space=956k
Native frames: (J=compiled Java code, j=interpreted, Vv=VM code, C=native code)
C  [KERNELBASE.dll+0x3a839]
C  [msvcr120.dll+0x5ef63]
C  [opencv_core320.dll+0x1a2c34]
C  [opencv_core320.dll+0x1a2d76]
C  [opencv_core320.dll+0x5ac08]
C  [jniopencv_core.dll+0xb644b]
C  0x0000000003295e34

Java frames: (J=compiled Java code, j=interpreted, Vv=VM code)
j  org.bytedeco.javacpp.opencv_core.cvClearMemStorage(Lorg/bytedeco/javacpp/opencv_core$CvMemStorage;)V+0
j  application.FaceDetector.run()V+243
j  java.lang.Thread.run()V+11
v  ~StubRoutines::call_stub

---------------  P R O C E S S  ---------------

Java Threads: ( => current thread )
  0x000000001d71d000 JavaThread "mysql-cj-abandoned-connection-cleanup" daemon [_thread_blocked, id=7816, stack(0x0000000023b90000,0x0000000023c90000)]
=>0x000000001d71d800 JavaThread "Thread-5" [_thread_in_native, id=9404, stack(0x0000000023a90000,0x0000000023b90000)]
  0x000000001d720000 JavaThread "Prism Font Disposer" daemon [_thread_blocked, id=12904, stack(0x0000000020640000,0x0000000020740000)]
  0x000000001d71f000 JavaThread "AWT-Windows" daemon [_thread_in_native, id=11844, stack(0x000000001e970000,0x000000001ea70000)]
  0x000000001d5a7800 JavaThread "Java2D Disposer" daemon [_thread_blocked, id=14384, stack(0x000000001e4d0000,0x000000001e5d0000)]
  0x000000001a36f800 JavaThread "JavaCPP Deallocator" daemon [_thread_blocked, id=8156, stack(0x000000001e3d0000,0x000000001e4d0000)]
  0x0000000019a7d800 JavaThread "Thread-3" daemon [_thread_in_native, id=6260, stack(0x000000001d000000,0x000000001d100000)]
  0x0000000019a68000 JavaThread "JavaFX-Launcher" [_thread_blocked, id=14376, stack(0x000000001d100000,0x000000001d200000)]
  0x0000000019d93800 JavaThread "JavaFX Application Thread" [_thread_in_native, id=5388, stack(0x000000001ac20000,0x000000001ad20000)]
  0x0000000019da0800 JavaThread "Thread-1" daemon [_thread_blocked, id=5664, stack(0x000000001ab20000,0x000000001ac20000)]
  0x0000000019a30000 JavaThread "QuantumRenderer-0" daemon [_thread_blocked, id=8052, stack(0x0000000019c80000,0x0000000019d80000)]
  0x00000000196b0800 JavaThread "Service Thread" daemon [_thread_blocked, id=8308, stack(0x0000000019a80000,0x0000000019b80000)]
  0x0000000017e43000 JavaThread "C1 CompilerThread2" daemon [_thread_blocked, id=5812, stack(0x0000000019580000,0x0000000019680000)]
  0x0000000017e3f800 JavaThread "C2 CompilerThread1" daemon [_thread_blocked, id=9648, stack(0x0000000019480000,0x0000000019580000)]
  0x0000000017e38000 JavaThread "C2 CompilerThread0" daemon [_thread_blocked, id=15224, stack(0x0000000019380000,0x0000000019480000)]
  0x0000000017e34800 JavaThread "Attach Listener" daemon [_thread_blocked, id=9616, stack(0x0000000019280000,0x0000000019380000)]
  0x0000000017e33000 JavaThread "Signal Dispatcher" daemon [_thread_blocked, id=13456, stack(0x0000000019180000,0x0000000019280000)]
  0x000000000327d800 JavaThread "Finalizer" daemon [_thread_blocked, id=2196, stack(0x0000000019080000,0x0000000019180000)]
  0x0000000003275800 JavaThread "Reference Handler" daemon [_thread_blocked, id=11832, stack(0x0000000018f80000,0x0000000019080000)]
  0x0000000003188000 JavaThread "main" [_thread_blocked, id=10252, stack(0x0000000002fe0000,0x00000000030e0000)]

Other Threads:
  0x0000000017df7800 VMThread [stack: 0x0000000018e80000,0x0000000018f80000] [id=14728]
  0x00000000196bd800 WatcherThread [stack: 0x0000000019b80000,0x0000000019c80000] [id=7348]

VM state:not at safepoint (normal execution)

VM Mutex/Monitor currently owned by a thread: None

Heap:
 PSYoungGen      total 60416K, used 20163K [0x00000000d5980000, 0x00000000db180000, 0x0000000100000000)
  eden space 55296K, 27% used [0x00000000d5980000,0x00000000d6831010,0x00000000d8f80000)
  from space 5120K, 99% used [0x00000000d9980000,0x00000000d9e7fd10,0x00000000d9e80000)
  to   space 17408K, 0% used [0x00000000da080000,0x00000000da080000,0x00000000db180000)
 ParOldGen       total 111616K, used 43041K [0x0000000080c00000, 0x0000000087900000, 0x00000000d5980000)
  object space 111616K, 38% used [0x0000000080c00000,0x00000000836085c8,0x0000000087900000)
 Metaspace       used 29287K, capacity 30414K, committed 30592K, reserved 1075200K
  class space    used 3905K, capacity 4146K, committed 4224K, reserved 1048576K

Card table byte_map: [0x0000000012640000,0x0000000012a40000] byte_map_base: 0x000000001223a000

Marking Bits: (ParMarkBitMap*) 0x000000005ab54040
 Begin Bits: [0x00000000130f0000, 0x00000000150c0000)
 End Bits:   [0x00000000150c0000, 0x0000000017090000)

Polling page: 0x0000000000ff0000

CodeCache: size=245760Kb used=11854Kb max_used=11854Kb free=233905Kb
 bounds [0x0000000003280000, 0x0000000003e20000, 0x0000000012280000]
 total_blobs=4545 nmethods=3620 adapters=836
 compilation: enabled

Compilation events (10 events):
Event: 21.664 Thread 0x0000000017e43000 3712       3       sun.java2d.loops.GraphicsPrimitiveMgr$1::compare (39 bytes)
Event: 21.665 Thread 0x0000000017e43000 nmethod 3712 0x0000000003e1c350 code [0x0000000003e1c4c0, 0x0000000003e1c9d0]
Event: 21.665 Thread 0x0000000017e43000 3713       3       java.util.TimSort::binarySort (223 bytes)
Event: 21.665 Thread 0x0000000017e43000 nmethod 3713 0x0000000003e1cad0 code [0x0000000003e1cca0, 0x0000000003e1d678]
Event: 21.666 Thread 0x0000000017e43000 3714       3       sun.java2d.loops.GraphicsPrimitiveMgr$2::compare (39 bytes)
Event: 21.666 Thread 0x0000000017e43000 nmethod 3714 0x0000000003e1db10 code [0x0000000003e1dc80, 0x0000000003e1e110]
Event: 21.666 Thread 0x0000000017e43000 3715       1       sun.java2d.loops.CompositeType::getSuperType (5 bytes)
Event: 21.666 Thread 0x0000000017e43000 nmethod 3715 0x0000000003e1e250 code [0x0000000003e1e3a0, 0x0000000003e1e4b0]
Event: 21.666 Thread 0x0000000017e43000 3716       3       java.util.Arrays::binarySearch0 (95 bytes)
Event: 21.666 Thread 0x0000000017e43000 nmethod 3716 0x0000000003e1e510 code [0x0000000003e1e6a0, 0x0000000003e1ead8]

GC Heap History (10 events):
Event: 2.272 GC heap before
{Heap before GC invocations=2 (full 0):
 PSYoungGen      total 38400K, used 37555K [0x00000000d5980000, 0x00000000d8400000, 0x0000000100000000)
  eden space 33280K, 100% used [0x00000000d5980000,0x00000000d7a00000,0x00000000d7a00000)
  from space 5120K, 83% used [0x00000000d7a00000,0x00000000d7e2cdc8,0x00000000d7f00000)
  to   space 5120K, 0% used [0x00000000d7f00000,0x00000000d7f00000,0x00000000d8400000)
 ParOldGen       total 87552K, used 19266K [0x0000000080c00000, 0x0000000086180000, 0x00000000d5980000)
  object space 87552K, 22% used [0x0000000080c00000,0x0000000081ed0810,0x0000000086180000)
 Metaspace       used 18291K, capacity 18936K, committed 19072K, reserved 1064960K
  class space    used 2487K, capacity 2669K, committed 2688K, reserved 1048576K
Event: 2.280 GC heap after
Heap after GC invocations=2 (full 0):
 PSYoungGen      total 38400K, used 5101K [0x00000000d5980000, 0x00000000d8400000, 0x0000000100000000)
  eden space 33280K, 0% used [0x00000000d5980000,0x00000000d5980000,0x00000000d7a00000)
  from space 5120K, 99% used [0x00000000d7f00000,0x00000000d83fb468,0x00000000d8400000)
  to   space 5120K, 0% used [0x00000000d7a00000,0x00000000d7a00000,0x00000000d7f00000)
 ParOldGen       total 87552K, used 20266K [0x0000000080c00000, 0x0000000086180000, 0x00000000d5980000)
  object space 87552K, 23% used [0x0000000080c00000,0x0000000081fca820,0x0000000086180000)
 Metaspace       used 18291K, capacity 18936K, committed 19072K, reserved 1064960K
  class space    used 2487K, capacity 2669K, committed 2688K, reserved 1048576K
}
Event: 2.711 GC heap before
{Heap before GC invocations=3 (full 0):
 PSYoungGen      total 38400K, used 25385K [0x00000000d5980000, 0x00000000d8400000, 0x0000000100000000)
  eden space 33280K, 60% used [0x00000000d5980000,0x00000000d6d4f338,0x00000000d7a00000)
  from space 5120K, 99% used [0x00000000d7f00000,0x00000000d83fb468,0x00000000d8400000)
  to   space 5120K, 0% used [0x00000000d7a00000,0x00000000d7a00000,0x00000000d7f00000)
 ParOldGen       total 87552K, used 20266K [0x0000000080c00000, 0x0000000086180000, 0x00000000d5980000)
  object space 87552K, 23% used [0x0000000080c00000,0x0000000081fca820,0x0000000086180000)
 Metaspace       used 20311K, capacity 21206K, committed 21296K, reserved 1067008K
  class space    used 2938K, capacity 3154K, committed 3200K, reserved 1048576K
Event: 2.723 GC heap after
Heap after GC invocations=3 (full 0):
 PSYoungGen      total 38400K, used 5102K [0x00000000d5980000, 0x00000000da480000, 0x0000000100000000)
  eden space 33280K, 0% used [0x00000000d5980000,0x00000000d5980000,0x00000000d7a00000)
  from space 5120K, 99% used [0x00000000d7a00000,0x00000000d7efba80,0x00000000d7f00000)
  to   space 5120K, 0% used [0x00000000d9f80000,0x00000000d9f80000,0x00000000da480000)
 ParOldGen       total 87552K, used 33879K [0x0000000080c00000, 0x0000000086180000, 0x00000000d5980000)
  object space 87552K, 38% used [0x0000000080c00000,0x0000000082d15fe0,0x0000000086180000)
 Metaspace       used 20311K, capacity 21206K, committed 21296K, reserved 1067008K
  class space    used 2938K, capacity 3154K, committed 3200K, reserved 1048576K
}
Event: 2.723 GC heap before
{Heap before GC invocations=4 (full 1):
 PSYoungGen      total 38400K, used 5102K [0x00000000d5980000, 0x00000000da480000, 0x0000000100000000)
  eden space 33280K, 0% used [0x00000000d5980000,0x00000000d5980000,0x00000000d7a00000)
  from space 5120K, 99% used [0x00000000d7a00000,0x00000000d7efba80,0x00000000d7f00000)
  to   space 5120K, 0% used [0x00000000d9f80000,0x00000000d9f80000,0x00000000da480000)
 ParOldGen       total 87552K, used 33879K [0x0000000080c00000, 0x0000000086180000, 0x00000000d5980000)
  object space 87552K, 38% used [0x0000000080c00000,0x0000000082d15fe0,0x0000000086180000)
 Metaspace       used 20311K, capacity 21206K, committed 21296K, reserved 1067008K
  class space    used 2938K, capacity 3154K, committed 3200K, reserved 1048576K
Event: 2.782 GC heap after
Heap after GC invocations=4 (full 1):
 PSYoungGen      total 38400K, used 0K [0x00000000d5980000, 0x00000000da480000, 0x0000000100000000)
  eden space 33280K, 0% used [0x00000000d5980000,0x00000000d5980000,0x00000000d7a00000)
  from space 5120K, 0% used [0x00000000d7a00000,0x00000000d7a00000,0x00000000d7f00000)
  to   space 5120K, 0% used [0x00000000d9f80000,0x00000000d9f80000,0x00000000da480000)
 ParOldGen       total 111616K, used 38781K [0x0000000080c00000, 0x0000000087900000, 0x00000000d5980000)
  object space 111616K, 34% used [0x0000000080c00000,0x00000000831df7e8,0x0000000087900000)
 Metaspace       used 20311K, capacity 21206K, committed 21296K, reserved 1067008K
  class space    used 2938K, capacity 3154K, committed 3200K, reserved 1048576K
}
Event: 13.440 GC heap before
{Heap before GC invocations=5 (full 1):
 PSYoungGen      total 38400K, used 33280K [0x00000000d5980000, 0x00000000da480000, 0x0000000100000000)
  eden space 33280K, 100% used [0x00000000d5980000,0x00000000d7a00000,0x00000000d7a00000)
  from space 5120K, 0% used [0x00000000d7a00000,0x00000000d7a00000,0x00000000d7f00000)
  to   space 5120K, 0% used [0x00000000d9f80000,0x00000000d9f80000,0x00000000da480000)
 ParOldGen       total 111616K, used 38781K [0x0000000080c00000, 0x0000000087900000, 0x00000000d5980000)
  object space 111616K, 34% used [0x0000000080c00000,0x00000000831df7e8,0x0000000087900000)
 Metaspace       used 22969K, capacity 24044K, committed 24320K, reserved 1071104K
  class space    used 3237K, capacity 3485K, committed 3584K, reserved 1048576K
Event: 13.445 GC heap after
Heap after GC invocations=5 (full 1):
 PSYoungGen      total 47616K, used 3916K [0x00000000d5980000, 0x00000000da380000, 0x0000000100000000)
  eden space 43520K, 0% used [0x00000000d5980000,0x00000000d5980000,0x00000000d8400000)
  from space 4096K, 95% used [0x00000000d9f80000,0x00000000da353150,0x00000000da380000)
  to   space 5120K, 0% used [0x00000000d9980000,0x00000000d9980000,0x00000000d9e80000)
 ParOldGen       total 111616K, used 40837K [0x0000000080c00000, 0x0000000087900000, 0x00000000d5980000)
  object space 111616K, 36% used [0x0000000080c00000,0x00000000833e17f8,0x0000000087900000)
 Metaspace       used 22969K, capacity 24044K, committed 24320K, reserved 1071104K
  class space    used 3237K, capacity 3485K, committed 3584K, reserved 1048576K
}
Event: 15.192 GC heap before
{Heap before GC invocations=6 (full 1):
 PSYoungGen      total 47616K, used 47436K [0x00000000d5980000, 0x00000000da380000, 0x0000000100000000)
  eden space 43520K, 100% used [0x00000000d5980000,0x00000000d8400000,0x00000000d8400000)
  from space 4096K, 95% used [0x00000000d9f80000,0x00000000da353150,0x00000000da380000)
  to   space 5120K, 0% used [0x00000000d9980000,0x00000000d9980000,0x00000000d9e80000)
 ParOldGen       total 111616K, used 40837K [0x0000000080c00000, 0x0000000087900000, 0x00000000d5980000)
  object space 111616K, 36% used [0x0000000080c00000,0x00000000833e17f8,0x0000000087900000)
 Metaspace       used 27406K, capacity 28432K, committed 28544K, reserved 1073152K
  class space    used 3693K, capacity 3939K, committed 3968K, reserved 1048576K
Event: 15.199 GC heap after
Heap after GC invocations=6 (full 1):
 PSYoungGen      total 60416K, used 5119K [0x00000000d5980000, 0x00000000db180000, 0x0000000100000000)
  eden space 55296K, 0% used [0x00000000d5980000,0x00000000d5980000,0x00000000d8f80000)
  from space 5120K, 99% used [0x00000000d9980000,0x00000000d9e7fd10,0x00000000d9e80000)
  to   space 17408K, 0% used [0x00000000da080000,0x00000000da080000,0x00000000db180000)
 ParOldGen       total 111616K, used 43041K [0x0000000080c00000, 0x0000000087900000, 0x00000000d5980000)
  object space 111616K, 38% used [0x0000000080c00000,0x00000000836085c8,0x0000000087900000)
 Metaspace       used 27406K, capacity 28432K, committed 28544K, reserved 1073152K
  class space    used 3693K, capacity 3939K, committed 3968K, reserved 1048576K
}

Deoptimization events (10 events):
Event: 15.130 Thread 0x0000000019d93800 Uncommon trap: reason=unstable_if action=reinterpret pc=0x000000000368c124 method=java.util.zip.ZipCoder.decoder()Ljava/nio/charset/CharsetDecoder; @ 4
Event: 15.131 Thread 0x0000000019d93800 Uncommon trap: reason=unstable_if action=reinterpret pc=0x0000000003c16f10 method=java.util.LinkedHashMap.get(Ljava/lang/Object;)Ljava/lang/Object; @ 20
Event: 15.162 Thread 0x0000000019d93800 Uncommon trap: reason=unstable_if action=reinterpret pc=0x0000000003689348 method=java.util.zip.ZipFile$ZipEntryIterator.hasNext()Z @ 25
Event: 15.163 Thread 0x0000000019d93800 Uncommon trap: reason=unstable_if action=reinterpret pc=0x000000000368aba0 method=java.util.zip.ZipCoder.decoder()Ljava/nio/charset/CharsetDecoder; @ 4
Event: 15.165 Thread 0x0000000019d93800 Uncommon trap: reason=unstable_if action=reinterpret pc=0x00000000038f4404 method=java.util.concurrent.ConcurrentHashMap.putVal(Ljava/lang/Object;Ljava/lang/Object;Z)Ljava/lang/Object; @ 181
Event: 15.167 Thread 0x0000000019d93800 Uncommon trap: reason=unstable_if action=reinterpret pc=0x000000000368b59c method=java.util.zip.ZipFile$ZipEntryIterator.hasNext()Z @ 25
Event: 15.181 Thread 0x0000000019d93800 Uncommon trap: reason=unstable_if action=reinterpret pc=0x0000000003688cdc method=java.util.zip.ZipFile$ZipEntryIterator.hasNext()Z @ 25
Event: 15.544 Thread 0x0000000019d93800 Uncommon trap: reason=unstable_if action=reinterpret pc=0x0000000003886100 method=com.sun.javafx.css.BitSet.add(Ljava/lang/Object;)Z @ 91
Event: 19.774 Thread 0x000000001d71d000 Uncommon trap: reason=unstable_if action=reinterpret pc=0x0000000003bce4a0 method=java.util.zip.ZipCoder.getBytes(Ljava/lang/String;)[B @ 32
Event: 19.774 Thread 0x000000001d71d000 Uncommon trap: reason=unstable_if action=reinterpret pc=0x0000000003be8910 method=java.io.WinNTFileSystem.resolve(Ljava/lang/String;Ljava/lang/String;)Ljava/lang/String; @ 19

Internal exceptions (10 events):
Event: 14.806 Thread 0x0000000019d93800 Exception <a 'java/security/PrivilegedActionException'> (0x00000000d784dce0) thrown at [C:\re\workspace\8-2-build-windows-amd64-cygwin\jdk8u45\3457\hotspot\src\share\vm\prims\jvm.cpp, line 1382]
Event: 14.806 Thread 0x0000000019d93800 Exception <a 'java/security/PrivilegedActionException'> (0x00000000d784e1b8) thrown at [C:\re\workspace\8-2-build-windows-amd64-cygwin\jdk8u45\3457\hotspot\src\share\vm\prims\jvm.cpp, line 1382]
Event: 14.808 Thread 0x0000000019d93800 Exception <a 'java/security/PrivilegedActionException'> (0x00000000d7873c58) thrown at [C:\re\workspace\8-2-build-windows-amd64-cygwin\jdk8u45\3457\hotspot\src\share\vm\prims\jvm.cpp, line 1382]
Event: 14.808 Thread 0x0000000019d93800 Exception <a 'java/security/PrivilegedActionException'> (0x00000000d78742c0) thrown at [C:\re\workspace\8-2-build-windows-amd64-cygwin\jdk8u45\3457\hotspot\src\share\vm\prims\jvm.cpp, line 1382]
Event: 14.810 Thread 0x0000000019d93800 Exception <a 'java/security/PrivilegedActionException'> (0x00000000d7899fc8) thrown at [C:\re\workspace\8-2-build-windows-amd64-cygwin\jdk8u45\3457\hotspot\src\share\vm\prims\jvm.cpp, line 1382]
Event: 14.810 Thread 0x0000000019d93800 Exception <a 'java/security/PrivilegedActionException'> (0x00000000d789a4a0) thrown at [C:\re\workspace\8-2-build-windows-amd64-cygwin\jdk8u45\3457\hotspot\src\share\vm\prims\jvm.cpp, line 1382]
Event: 14.812 Thread 0x0000000019d93800 Exception <a 'java/security/PrivilegedActionException'> (0x00000000d78c0a00) thrown at [C:\re\workspace\8-2-build-windows-amd64-cygwin\jdk8u45\3457\hotspot\src\share\vm\prims\jvm.cpp, line 1382]
Event: 14.812 Thread 0x0000000019d93800 Exception <a 'java/security/PrivilegedActionException'> (0x00000000d78c1068) thrown at [C:\re\workspace\8-2-build-windows-amd64-cygwin\jdk8u45\3457\hotspot\src\share\vm\prims\jvm.cpp, line 1382]
Event: 15.130 Thread 0x0000000019d93800 Implicit null exception at 0x000000000368bb60 to 0x000000000368c109
Event: 15.163 Thread 0x0000000019d93800 Implicit null exception at 0x000000000368a7bd to 0x000000000368ab91

Events (10 events):
Event: 21.662 loading class sun/java2d/loops/GraphicsPrimitiveProxy
Event: 21.662 loading class sun/java2d/loops/GraphicsPrimitiveProxy done
Event: 21.662 loading class sun/java2d/loops/GeneralRenderer
Event: 21.662 loading class sun/java2d/loops/GeneralRenderer done
Event: 21.664 loading class sun/java2d/loops/GraphicsPrimitiveMgr$1
Event: 21.664 loading class sun/java2d/loops/GraphicsPrimitiveMgr$1 done
Event: 21.664 loading class sun/java2d/loops/GraphicsPrimitiveMgr$2
Event: 21.664 loading class sun/java2d/loops/GraphicsPrimitiveMgr$2 done
Event: 21.664 loading class sun/java2d/loops/GraphicsPrimitiveMgr$PrimitiveSpec
Event: 21.664 loading class sun/java2d/loops/GraphicsPrimitiveMgr$PrimitiveSpec done


Dynamic libraries:
0x00007ff6246e0000 - 0x00007ff624717000 	C:\Program Files\Java\jre1.8.0_45\bin\javaw.exe
0x00007ffdbd5c0000 - 0x00007ffdbd7b0000 	C:\WINDOWS\SYSTEM32\ntdll.dll
0x00007ffda5230000 - 0x00007ffda5246000 	C:\Program Files\AVAST Software\Avast\aswhook.dll
0x00007ffdbc2b0000 - 0x00007ffdbc362000 	C:\WINDOWS\System32\KERNEL32.DLL
0x00007ffdba9e0000 - 0x00007ffdbac82000 	C:\WINDOWS\System32\KERNELBASE.dll
0x00007ffdbbf00000 - 0x00007ffdbbfa3000 	C:\WINDOWS\System32\ADVAPI32.dll
0x00007ffdbc390000 - 0x00007ffdbc42e000 	C:\WINDOWS\System32\msvcrt.dll
0x00007ffdbcd90000 - 0x00007ffdbce27000 	C:\WINDOWS\System32\sechost.dll
0x00007ffdbbb80000 - 0x00007ffdbbca0000 	C:\WINDOWS\System32\RPCRT4.dll
0x00007ffdbc500000 - 0x00007ffdbc693000 	C:\WINDOWS\System32\USER32.dll
0x00007ffdbad20000 - 0x00007ffdbad41000 	C:\WINDOWS\System32\win32u.dll
0x00007ffdbb760000 - 0x00007ffdbb786000 	C:\WINDOWS\System32\GDI32.dll
0x00007ffdba820000 - 0x00007ffdba9b4000 	C:\WINDOWS\System32\gdi32full.dll
0x00007ffdba780000 - 0x00007ffdba81e000 	C:\WINDOWS\System32\msvcp_win.dll
0x00007ffdbad80000 - 0x00007ffdbae7a000 	C:\WINDOWS\System32\ucrtbase.dll
0x00007ffda8550000 - 0x00007ffda87d5000 	C:\WINDOWS\WinSxS\amd64_microsoft.windows.common-controls_6595b64144ccf1df_6.0.18362.30_none_a1435978519dce7f\COMCTL32.dll
0x00007ffdbb790000 - 0x00007ffdbbac6000 	C:\WINDOWS\System32\combase.dll
0x00007ffdbac90000 - 0x00007ffdbad11000 	C:\WINDOWS\System32\bcryptPrimitives.dll
0x00007ffdbd480000 - 0x00007ffdbd4ae000 	C:\WINDOWS\System32\IMM32.DLL
0x000000005a1a0000 - 0x000000005a272000 	C:\Program Files\Java\jre1.8.0_45\bin\msvcr100.dll
0x000000005a350000 - 0x000000005abd3000 	C:\Program Files\Java\jre1.8.0_45\bin\server\jvm.dll
0x00007ffdbc370000 - 0x00007ffdbc378000 	C:\WINDOWS\System32\PSAPI.DLL
0x00007ffdb8610000 - 0x00007ffdb8634000 	C:\WINDOWS\SYSTEM32\WINMM.dll
0x00007ffdb3c90000 - 0x00007ffdb3c9a000 	C:\WINDOWS\SYSTEM32\VERSION.dll
0x00007ffdb85e0000 - 0x00007ffdb860d000 	C:\WINDOWS\SYSTEM32\winmmbase.dll
0x00007ffdbb660000 - 0x00007ffdbb6aa000 	C:\WINDOWS\System32\cfgmgr32.dll
0x00007ffdad1e0000 - 0x00007ffdad1e9000 	C:\WINDOWS\SYSTEM32\WSOCK32.dll
0x00007ffdbceb0000 - 0x00007ffdbcf1f000 	C:\WINDOWS\System32\WS2_32.dll
0x000000005a340000 - 0x000000005a34f000 	C:\Program Files\Java\jre1.8.0_45\bin\verify.dll
0x000000005a310000 - 0x000000005a339000 	C:\Program Files\Java\jre1.8.0_45\bin\java.dll
0x000000005a2f0000 - 0x000000005a306000 	C:\Program Files\Java\jre1.8.0_45\bin\zip.dll
0x00007ffdbc6a0000 - 0x00007ffdbcd80000 	C:\WINDOWS\System32\SHELL32.dll
0x00007ffdbbca0000 - 0x00007ffdbbd49000 	C:\WINDOWS\System32\shcore.dll
0x00007ffdbae80000 - 0x00007ffdbb5fb000 	C:\WINDOWS\System32\windows.storage.dll
0x00007ffdba580000 - 0x00007ffdba59f000 	C:\WINDOWS\System32\profapi.dll
0x00007ffdba5c0000 - 0x00007ffdba60a000 	C:\WINDOWS\System32\powrprof.dll
0x00007ffdba570000 - 0x00007ffdba580000 	C:\WINDOWS\System32\UMPDC.dll
0x00007ffdbbfb0000 - 0x00007ffdbc002000 	C:\WINDOWS\System32\shlwapi.dll
0x00007ffdba5a0000 - 0x00007ffdba5b1000 	C:\WINDOWS\System32\kernel.appcore.dll
0x00007ffdba9c0000 - 0x00007ffdba9d7000 	C:\WINDOWS\System32\cryptsp.dll
0x000000005a170000 - 0x000000005a19c000 	C:\Program Files\Java\jre1.8.0_45\bin\prism_d3d.dll
0x00007ffd87fd0000 - 0x00007ffd88196000 	C:\WINDOWS\system32\d3d9.dll
0x00007ffdb8d60000 - 0x00007ffdb8d8d000 	C:\WINDOWS\SYSTEM32\dwmapi.dll
0x00007ffdb9230000 - 0x00007ffdb9250000 	C:\WINDOWS\SYSTEM32\dxcore.dll
0x00007ffdb8ba0000 - 0x00007ffdb8c39000 	C:\WINDOWS\system32\uxtheme.dll
0x00007ffdb3ca0000 - 0x00007ffdb3e11000 	C:\WINDOWS\SYSTEM32\aticfx64.dll
0x00007ffda8310000 - 0x00007ffda8331000 	C:\WINDOWS\SYSTEM32\atiu9p64.dll
0x00007ffd5ea60000 - 0x00007ffd5f4df000 	C:\WINDOWS\SYSTEM32\atiumd64.dll
0x00000000598c0000 - 0x000000005a164000 	C:\WINDOWS\SYSTEM32\atiumd6a.dll
0x0000000059870000 - 0x00000000598b1000 	C:\Program Files\Java\jre1.8.0_45\bin\glass.dll
0x00007ffdbc430000 - 0x00007ffdbc4ff000 	C:\WINDOWS\System32\COMDLG32.dll
0x00007ffdbc010000 - 0x00007ffdbc166000 	C:\WINDOWS\System32\ole32.dll
0x00007ffdbcf20000 - 0x00007ffdbcfe5000 	C:\WINDOWS\System32\OLEAUT32.dll
0x00007ffdbc170000 - 0x00007ffdbc2a7000 	C:\WINDOWS\System32\MSCTF.dll
0x00007ffd9d710000 - 0x00007ffd9d7ff000 	C:\Users\USER\.javacpp\cache\opencv-3.2.0-1.3-windows-x86_64.jar\org\bytedeco\javacpp\windows-x86_64\msvcr120.dll
0x00007ffd9d620000 - 0x00007ffd9d6c6000 	C:\Users\USER\.javacpp\cache\opencv-3.2.0-1.3-windows-x86_64.jar\org\bytedeco\javacpp\windows-x86_64\msvcp120.dll
0x00007ffd67320000 - 0x00007ffd675a8000 	C:\Users\USER\.javacpp\cache\opencv-3.2.0-1.3-windows-x86_64.jar\org\bytedeco\javacpp\windows-x86_64\opencv_core320.dll
0x00007ffd64ee0000 - 0x00007ffd65242000 	C:\Users\USER\.javacpp\cache\opencv-3.2.0-1.3-windows-x86_64.jar\org\bytedeco\javacpp\windows-x86_64\opencv_imgproc320.dll
0x00007ffd65d90000 - 0x00007ffd65fda000 	C:\Users\USER\.javacpp\cache\opencv-3.2.0-1.3-windows-x86_64.jar\org\bytedeco\javacpp\windows-x86_64\jniopencv_core.dll
0x000000005a2d0000 - 0x000000005a2ea000 	C:\Program Files\Java\jre1.8.0_45\bin\net.dll
0x00007ffdb9de0000 - 0x00007ffdb9e47000 	C:\WINDOWS\system32\mswsock.dll
0x000000005a2b0000 - 0x000000005a2c1000 	C:\Program Files\Java\jre1.8.0_45\bin\nio.dll
0x00000000596d0000 - 0x0000000059868000 	C:\Program Files\Java\jre1.8.0_45\bin\awt.dll
0x00007ffdb8840000 - 0x00007ffdb88cf000 	C:\WINDOWS\SYSTEM32\apphelp.dll
0x00000000596b0000 - 0x00000000596c5000 	C:\Program Files\Java\jre1.8.0_45\bin\javafx_font.dll
0x00007ffdae6b0000 - 0x00007ffdae9b0000 	C:\WINDOWS\SYSTEM32\dwrite.dll
0x00007ffdbbad0000 - 0x00007ffdbbb72000 	C:\WINDOWS\System32\clbcatq.dll
0x00007ffdb5b00000 - 0x00007ffdb5caf000 	C:\WINDOWS\SYSTEM32\WindowsCodecs.dll
0x00007ffd946d0000 - 0x00007ffd9470a000 	C:\WINDOWS\system32\dataexchange.dll
0x00007ffdb7e30000 - 0x00007ffdb808b000 	C:\WINDOWS\system32\d3d11.dll
0x00007ffdb8090000 - 0x00007ffdb826c000 	C:\WINDOWS\system32\dcomp.dll
0x00007ffdb92c0000 - 0x00007ffdb93aa000 	C:\WINDOWS\system32\dxgi.dll
0x00007ffdb8940000 - 0x00007ffdb8b9a000 	C:\WINDOWS\system32\twinapi.appcore.dll
0x00007ffdb8e40000 - 0x00007ffdb8e69000 	C:\WINDOWS\system32\RMCLIENT.dll
0x00007ffda82d0000 - 0x00007ffda8303000 	C:\Program Files\Common Files\Microsoft Shared\Ink\rtscom.dll
0x00007ffdb01d0000 - 0x00007ffdb026e000 	C:\WINDOWS\System32\TextInputFramework.dll
0x00007ffdb71d0000 - 0x00007ffdb72a4000 	C:\WINDOWS\System32\CoreMessaging.dll
0x00007ffdb5e00000 - 0x00007ffdb6129000 	C:\WINDOWS\System32\CoreUIComponents.dll
0x00007ffdb9620000 - 0x00007ffdb9651000 	C:\WINDOWS\SYSTEM32\ntmarta.dll
0x00007ffdb6430000 - 0x00007ffdb6583000 	C:\WINDOWS\SYSTEM32\wintypes.dll
0x00007ffdaecb0000 - 0x00007ffdaef56000 	C:\WINDOWS\System32\iertutil.dll
0x0000000059680000 - 0x00000000596a5000 	C:\Program Files\Java\jre1.8.0_45\bin\javafx_iio.dll
0x0000000059660000 - 0x0000000059671000 	C:\Program Files\Java\jre1.8.0_45\bin\prism_common.dll
0x00007ffdb7410000 - 0x00007ffdb79d0000 	C:\WINDOWS\SYSTEM32\d2d1.dll
0x00007ffd69a50000 - 0x00007ffd6a191000 	C:\WINDOWS\SYSTEM32\D3D10Warp.dll
0x00007ffd9cfd0000 - 0x00007ffd9d0c0000 	C:\Users\USER\.javacpp\cache\opencv-3.2.0-1.3-windows-x86_64.jar\org\bytedeco\javacpp\windows-x86_64\jniopencv_imgproc.dll
0x00007ffd63cf0000 - 0x00007ffd63fba000 	C:\Users\USER\.javacpp\cache\opencv-3.2.0-1.3-windows-x86_64.jar\org\bytedeco\javacpp\windows-x86_64\opencv_imgcodecs320.dll
0x00007ffda82a0000 - 0x00007ffda82c5000 	C:\Users\USER\.javacpp\cache\opencv-3.2.0-1.3-windows-x86_64.jar\org\bytedeco\javacpp\windows-x86_64\jniopencv_imgcodecs.dll
0x00007ffd9c260000 - 0x00007ffd9c2ae000 	C:\Users\USER\.javacpp\cache\opencv-3.2.0-1.3-windows-x86_64.jar\org\bytedeco\javacpp\windows-x86_64\opencv_videoio320.dll
0x00007ffda83f0000 - 0x00007ffda8410000 	C:\WINDOWS\SYSTEM32\AVIFIL32.dll
0x00007ffd9c230000 - 0x00007ffd9c259000 	C:\WINDOWS\SYSTEM32\MSVFW32.dll
0x00007ffd9d600000 - 0x00007ffd9d618000 	C:\WINDOWS\SYSTEM32\AVICAP32.dll
0x00007ffd85760000 - 0x00007ffd8577c000 	C:\WINDOWS\SYSTEM32\MSACM32.dll
0x00007ffd9c210000 - 0x00007ffd9c227000 	C:\Users\USER\.javacpp\cache\opencv-3.2.0-1.3-windows-x86_64.jar\org\bytedeco\javacpp\windows-x86_64\jniopencv_videoio.dll
0x00007ffd9c1e0000 - 0x00007ffd9c20c000 	C:\Users\USER\.javacpp\cache\opencv-3.2.0-1.3-windows-x86_64.jar\org\bytedeco\javacpp\windows-x86_64\opencv_highgui320.dll
0x00007ffd9c1a0000 - 0x00007ffd9c1d8000 	C:\Users\USER\.javacpp\cache\opencv-3.2.0-1.3-windows-x86_64.jar\org\bytedeco\javacpp\windows-x86_64\jniopencv_highgui.dll
0x00007ffd868f0000 - 0x00007ffd869c3000 	C:\Users\USER\.javacpp\cache\opencv-3.2.0-1.3-windows-x86_64.jar\org\bytedeco\javacpp\windows-x86_64\opencv_ml320.dll
0x00007ffd8c5e0000 - 0x00007ffd8c623000 	C:\Users\USER\.javacpp\cache\opencv-3.2.0-1.3-windows-x86_64.jar\org\bytedeco\javacpp\windows-x86_64\jniopencv_ml.dll
0x00007ffd86d50000 - 0x00007ffd86de6000 	C:\Users\USER\.javacpp\cache\opencv-3.2.0-1.3-windows-x86_64.jar\org\bytedeco\javacpp\windows-x86_64\opencv_objdetect320.dll
0x00007ffd7b1d0000 - 0x00007ffd7b224000 	C:\Users\USER\.javacpp\cache\opencv-3.2.0-1.3-windows-x86_64.jar\org\bytedeco\javacpp\windows-x86_64\jniopencv_objdetect.dll
0x00007ffd7a690000 - 0x00007ffd7a6e2000 	C:\Users\USER\.javacpp\cache\opencv-3.2.0-1.3-windows-x86_64.jar\org\bytedeco\javacpp\windows-x86_64\opencv_face320.dll
0x00007ffd9c180000 - 0x00007ffd9c19a000 	C:\Users\USER\.javacpp\cache\opencv-3.2.0-1.3-windows-x86_64.jar\org\bytedeco\javacpp\windows-x86_64\jniopencv_face.dll
0x00007ffdb9940000 - 0x00007ffdb9973000 	C:\WINDOWS\system32\rsaenh.dll
0x00007ffdbad50000 - 0x00007ffdbad76000 	C:\WINDOWS\System32\bcrypt.dll
0x00007ffdba460000 - 0x00007ffdba485000 	C:\WINDOWS\SYSTEM32\USERENV.dll
0x00007ffdb9fb0000 - 0x00007ffdb9fbc000 	C:\WINDOWS\SYSTEM32\CRYPTBASE.dll
0x00007ffdb9ae0000 - 0x00007ffdb9b1a000 	C:\WINDOWS\SYSTEM32\IPHLPAPI.DLL
0x00007ffdbcd80000 - 0x00007ffdbcd88000 	C:\WINDOWS\System32\NSI.dll
0x00007ffdb16a0000 - 0x00007ffdb16b6000 	C:\WINDOWS\SYSTEM32\dhcpcsvc6.DLL
0x00007ffdb1770000 - 0x00007ffdb178c000 	C:\WINDOWS\SYSTEM32\dhcpcsvc.DLL
0x00007ffdb9b30000 - 0x00007ffdb9bfa000 	C:\WINDOWS\SYSTEM32\DNSAPI.dll
0x00007ffd9c0d0000 - 0x00007ffd9c0e8000 	C:\Windows\System32\devenum.dll
0x00007ffdbcff0000 - 0x00007ffdbd460000 	C:\WINDOWS\System32\setupapi.dll
0x00007ffdba370000 - 0x00007ffdba39a000 	C:\WINDOWS\SYSTEM32\DEVOBJ.dll
0x00007ffdbb600000 - 0x00007ffdbb65c000 	C:\WINDOWS\System32\WINTRUST.dll
0x00007ffdba610000 - 0x00007ffdba622000 	C:\WINDOWS\System32\MSASN1.dll
0x00007ffdba630000 - 0x00007ffdba779000 	C:\WINDOWS\System32\CRYPT32.dll
0x00007ffdb4f20000 - 0x00007ffdb4f2b000 	C:\WINDOWS\SYSTEM32\msdmo.dll
0x00007ffd7a650000 - 0x00007ffd7a684000 	C:\Windows\System32\qcap.dll
0x00007ffd68f90000 - 0x00007ffd69154000 	C:\Windows\System32\quartz.dll
0x00007ffd7a600000 - 0x00007ffd7a64c000 	C:\Windows\System32\mfksproxy.dll
0x00007ffd9c0b0000 - 0x00007ffd9c0cc000 	C:\Windows\System32\ATL.DLL
0x00007ffdb3ff0000 - 0x00007ffdb41ea000 	C:\Windows\System32\MFPlat.DLL
0x00007ffdb3f10000 - 0x00007ffdb3f3f000 	C:\Windows\System32\RTWorkQ.DLL
0x00007ffd72a70000 - 0x00007ffd72acc000 	C:\Windows\System32\MFSENSORGROUP.dll
0x00007ffd72a20000 - 0x00007ffd72a6d000 	C:\Windows\System32\ksproxy.ax
0x00007ffd9e720000 - 0x00007ffd9e729000 	C:\Windows\System32\ksuser.dll
0x00007ffdb6bf0000 - 0x00007ffdb6c70000 	C:\WINDOWS\SYSTEM32\policymanager.dll

VM Arguments:
jvm_args: -Djava.library.path=C:\Users\Administrator\Desktop\opencv\build\java\x64 -Dfile.encoding=Cp1252 
java_command: application.Main
java_class_path (initial): E:\coursIUT\perso\PFE\Ressources\VisixEclipse\ExoVisix\target\classes;E:\coursIUT\perso\PFE\Ressources\VisixEclipse\ExoVisix\bin\opencv-341.jar;E:\coursIUT\perso\PFE\Ressources\VisixEclipse\ExoVisix\bin\mysql-connector-java-5.1.49-bin.jar;E:\coursIUT\perso\environnementmaven\env\maven\repository\org\bytedeco\javacv-platform\1.3.2\javacv-platform-1.3.2.jar;E:\coursIUT\perso\environnementmaven\env\maven\repository\org\bytedeco\javacv\1.3.2\javacv-1.3.2.jar;E:\coursIUT\perso\environnementmaven\env\maven\repository\org\bytedeco\javacpp\1.3.2\javacpp-1.3.2.jar;E:\coursIUT\perso\environnementmaven\env\maven\repository\org\bytedeco\javacpp-presets\opencv\3.2.0-1.3\opencv-3.2.0-1.3.jar;E:\coursIUT\perso\environnementmaven\env\maven\repository\org\bytedeco\javacpp-presets\ffmpeg\3.2.1-1.3\ffmpeg-3.2.1-1.3.jar;E:\coursIUT\perso\environnementmaven\env\maven\repository\org\bytedeco\javacpp-presets\flycapture\2.9.3.43-1.3\flycapture-2.9.3.43-1.3.jar;E:\coursIUT\perso\environnementmaven\env\maven\repository\org\bytedeco\javacpp-presets\libdc1394\2.2.4-1.3\libdc1394-2.2.4-1.3.jar;E:\coursIUT\perso\environnementmaven\env\maven\repository\org\bytedeco\javacpp-presets\libfreenect\0.5.3-1.3\libfreenect-0.5.3-1.3.jar;E:\coursIUT\perso\environnementmaven\env\maven\repository\org\bytedeco\javacpp-presets\libfreenect2\0.2.0-1.3\libfreenect2-0.2.0-1.3.jar;E:\coursIUT\perso\environnementmaven\env\maven\repository\org\bytedeco\javacpp-presets\librealsense\1.9.6-1.3\librealsense-1.9.6-1.3.jar;E:\coursIUT\perso\environnementmaven\env\maven\repository\org\bytedeco\javacpp-presets\videoinput\0.200-1.3\videoinput-0.200-1.3.jar;E:\coursIUT\perso\environnementmaven\env\maven\repository\org\bytedeco\javacpp-presets\artoolkitplus\2.3.1-1.3\artoolkitplus-2.3.1-1.3.jar;E:\coursIUT\perso\environnementmaven\env\maven\repository\org\bytedeco\javacpp-presets\flandmark\1.07-1.3\flandmark-1.07-1.3.jar;E:\coursIUT\perso\environnementmaven\env\maven\repository\org\bytedeco\javacpp-
Launcher Type: SUN_STANDARD

Environment Variables:
JAVA_HOME=E:\coursIUT\perso\environnementmaven\env\java\jdk-17
PATH=C:/Program Files/Java/jre1.8.0_45/bin/server;C:/Program Files/Java/jre1.8.0_45/bin;C:/Program Files/Java/jre1.8.0_45/lib/amd64;C:\Program Files\Common Files\Oracle\Java\javapath;C:\Program Files (x86)\NVIDIA Corporation\PhysX\Common;C:\ProgramData\Oracle\Java\javapath;C:\WINDOWS\system32;C:\WINDOWS;C:\WINDOWS\System32\Wbem;C:\WINDOWS\System32\WindowsPowerShell\v1.0\;C:\Program Files (x86)\AMD\ATI.ACE\Core-Static;C:\Users\USER\Desktop\OTB-6.6.1-Win64\bin;C:\Program Files\7-Zip;C:\Program Files\ActivIdentity\ActivClient\;C:\Program Files (x86)\ActivIdentity\ActivClient\;C:\WINDOWS\System32\OpenSSH\;C:\Users\USER\AppData\Local\bin\NASM;C:\Users\USER\AppData\Local\nasm;C:\Program Files\MySQL\MySQL Server 8.0\bin;C:\Program Files (x86)\Microsoft SQL Server\100\Tools\Binn\;C:\Program Files\Microsoft SQL Server\100\Tools\Binn\;C:\Program Files\Microsoft SQL Server\100\DTS\Binn\;C:\Program Files\Git\cmd;C:\Program Files\Git\mingw64\bin;C:\Program Files\Git\usr\bin;C:\Program Files\CMake\bin;C:\Program Files\PostgreSQL\13\bin;C:\Program Files\Java\jdk-17\bin;C:\Program Files\dotnet\;E:\MinGW\bin;E:\coursIUT\perso\environnementmaven\env\java\jdk-17\bin;E:\coursIUT\perso\environnementmaven\env\maven\apache-maven-3.8.4\bin;C:\Program Files (x86)\Tesseract-OCR;C:\Users\USER\anaconda3;C:\Users\USER\anaconda3\Library\mingw-w64\bin;C:\Users\USER\anaconda3\Library\usr\bin;C:\Users\USER\anaconda3\Library\bin;C:\Users\USER\anaconda3\Scripts;C:\Users\USER\AppData\Local\Microsoft\WindowsApps;C:\Program Files\Microsoft VS Code\bin;;E:\logiciels\eclipse;
USERNAME=Martial Kom
OS=Windows_NT
PROCESSOR_IDENTIFIER=Intel64 Family 6 Model 42 Stepping 7, GenuineIntel



---------------  S Y S T E M  ---------------

OS: Windows 10.0 , 64 bit Build 18362 (10.0.18362.1)

CPU:total 4 (2 cores per cpu, 2 threads per core) family 6 model 42 stepping 7, cmov, cx8, fxsr, mmx, sse, sse2, sse3, ssse3, sse4.1, sse4.2, popcnt, avx, aes, clmul, ht, tsc, tscinvbit

Memory: 4k page, physical 8337768k(3046264k free), swap 16726376k(9024424k free)

vm_info: Java HotSpot(TM) 64-Bit Server VM (25.45-b02) for windows-amd64 JRE (1.8.0_45-b14), built on Apr 10 2015 10:34:15 by "java_re" with MS VC++ 10.0 (VS2010)

time: Thu Mar 03 10:25:47 2022
elapsed time: 21 seconds (0d 0h 0m 21s)

