#
# A fatal error has been detected by the Java Runtime Environment:
#
#  EXCEPTION_ACCESS_VIOLATION (0xc0000005) at pc=0x00007ffa7086c630, pid=9332, tid=1568
#
# JRE version: Java(TM) SE Runtime Environment (8.0_45-b14) (build 1.8.0_45-b14)
# Java VM: Java HotSpot(TM) 64-Bit Server VM (25.45-b02 mixed mode windows-amd64 compressed oops)
# Problematic frame:
# C  [msvcr120.dll+0x3c630]
#
# Failed to write core dump. Minidumps are not enabled by default on client versions of Windows
#
# If you would like to submit a bug report, please visit:
#   http://bugreport.java.com/bugreport/crash.jsp
# The crash happened outside the Java Virtual Machine in native code.
# See problematic frame for where to report the bug.
#

---------------  T H R E A D  ---------------

Current thread (0x000000001d1ab800):  JavaThread "Thread-10" [_thread_in_native, id=1568, stack(0x0000000000f70000,0x0000000001070000)]

siginfo: ExceptionCode=0xc0000005, reading address 0x0000000034188cd0

Registers:
RAX=0x0000000034189450, RBX=0x000000003433b590, RCX=0x000000003433b590, RDX=0xffffffffffe4d740
RSP=0x000000000106ef18, RBP=0x0000000000000101, RSI=0x0000000000000780, RDI=0x0000000034188cd0
R8 =0x0000000000000780, R9 =0x000000000000003c, R10=0x0000000034188cd0, R11=0x000000003433b590
R12=0x0000000000000000, R13=0x000000000106f420, R14=0xfffffffffffff880, R15=0x000000001d1ab800
RIP=0x00007ffa7086c630, EFLAGS=0x0000000000010206

Top of Stack: (sp=0x000000000106ef18)
0x000000000106ef18:   00007ffa707f3a9e 0000000000000000
0x000000000106ef28:   00007ffa3dfd6cf6 00000000342d2d10
0x000000000106ef38:   00007ffa70826e68 00007ffa70826e68
0x000000000106ef48:   00007ffa707f2c1d 0000000000000000
0x000000000106ef58:   000000000106f200 00000000342d2d10
0x000000000106ef68:   00007ffa70826e60 00000000000001e0
0x000000000106ef78:   ffffffffffffff00 00000000d5cc8601
0x000000000106ef88:   00000000761dcbef 00007ffa70826e60
0x000000000106ef98:   00000000265b3310 000000000106f200
0x000000000106efa8:   00007ffa707f3dbb 00000000ffffffff
0x000000000106efb8:   000000000106eff0 0000000000000000
0x000000000106efc8:   0000000075de35b9 000000001d1ab801
0x000000000106efd8:   0000000000000000 000001e000000280
0x000000000106efe8:   fffffffffffffffe 0000000242ff4010
0x000000000106eff8:   00000280000001e0 00000000342d2d10
0x000000000106f008:   00000000342d2d10 00000000343b3d10 

Instructions: (pc=0x00007ffa7086c630)
0x00007ffa7086c610:   52 07 49 8b c3 c3 f3 0f 6f 02 f3 41 0f 7f 02 49
0x00007ffa7086c620:   8b c3 c3 66 66 66 66 66 0f 1f 84 00 00 00 00 00
0x00007ffa7086c630:   48 8b 04 0a 4c 8b 54 0a 08 48 83 c1 20 48 89 41
0x00007ffa7086c640:   e0 4c 89 51 e8 48 8b 44 0a f0 4c 8b 54 0a f8 49 


Register to memory mapping:

RAX=0x0000000034189450 is an unknown value
RBX=0x000000003433b590 is an unknown value
RCX=0x000000003433b590 is an unknown value
RDX=0xffffffffffe4d740 is an unknown value
RSP=0x000000000106ef18 is pointing into the stack for thread: 0x000000001d1ab800
RBP=0x0000000000000101 is an unknown value
RSI=0x0000000000000780 is an unknown value
RDI=0x0000000034188cd0 is an unknown value
R8 =0x0000000000000780 is an unknown value
R9 =0x000000000000003c is an unknown value
R10=0x0000000034188cd0 is an unknown value
R11=0x000000003433b590 is an unknown value
R12=0x0000000000000000 is an unknown value
R13=0x000000000106f420 is pointing into the stack for thread: 0x000000001d1ab800
R14=0xfffffffffffff880 is an unknown value
R15=0x000000001d1ab800 is a thread


Stack: [0x0000000000f70000,0x0000000001070000],  sp=0x000000000106ef18,  free space=1019k
Native frames: (J=compiled Java code, j=interpreted, Vv=VM code, C=native code)
C  [msvcr120.dll+0x3c630]
C  [opencv_videoio320.dll+0x13a9e]
C  [opencv_videoio320.dll+0x12c1d]
C  [opencv_videoio320.dll+0x13dbb]
C  [opencv_videoio320.dll+0x34a4]
C  [jniopencv_videoio.dll+0x8424]
C  0x0000000003afa251

Java frames: (J=compiled Java code, j=interpreted, Vv=VM code)
J 4816  org.bytedeco.javacpp.opencv_videoio$VideoCapture.retrieve(Lorg/bytedeco/javacpp/opencv_core$Mat;)Z (0 bytes) @ 0x0000000003afa1cf [0x0000000003afa180+0x4f]
J 4616 C1 org.bytedeco.javacv.OpenCVFrameGrabber.grab()Lorg/bytedeco/javacv/Frame; (255 bytes) @ 0x0000000003ae140c [0x0000000003ae1360+0xac]
j  application.FaceDetector.run()V+1213
j  java.lang.Thread.run()V+11
v  ~StubRoutines::call_stub

---------------  P R O C E S S  ---------------

Java Threads: ( => current thread )
=>0x000000001d1ab800 JavaThread "Thread-10" [_thread_in_native, id=1568, stack(0x0000000000f70000,0x0000000001070000)]
  0x000000001d1ae800 JavaThread "mysql-cj-abandoned-connection-cleanup" daemon [_thread_blocked, id=11884, stack(0x00000000294e0000,0x00000000295e0000)]
  0x000000001d1ad000 JavaThread "Prism Font Disposer" daemon [_thread_blocked, id=11164, stack(0x0000000020120000,0x0000000020220000)]
  0x000000001d1af000 JavaThread "AWT-Windows" daemon [_thread_in_native, id=11168, stack(0x000000001e420000,0x000000001e520000)]
  0x000000001d1ad800 JavaThread "Java2D Disposer" daemon [_thread_blocked, id=9192, stack(0x000000001df90000,0x000000001e090000)]
  0x000000001d1ac000 JavaThread "JavaCPP Deallocator" daemon [_thread_blocked, id=11308, stack(0x000000001de90000,0x000000001df90000)]
  0x000000001954e000 JavaThread "JavaFX-Launcher" [_thread_blocked, id=11796, stack(0x000000001cbc0000,0x000000001ccc0000)]
  0x000000001954d000 JavaThread "Thread-2" daemon [_thread_in_native, id=8356, stack(0x000000001cac0000,0x000000001cbc0000)]
  0x0000000019785800 JavaThread "JavaFX Application Thread" [_thread_in_native, id=7808, stack(0x000000001a6e0000,0x000000001a7e0000)]
  0x0000000019544800 JavaThread "Thread-1" daemon [_thread_blocked, id=10428, stack(0x000000001a5e0000,0x000000001a6e0000)]
  0x0000000019537000 JavaThread "QuantumRenderer-0" daemon [_thread_blocked, id=11044, stack(0x0000000019f50000,0x000000001a050000)]
  0x000000001794e800 JavaThread "Service Thread" daemon [_thread_blocked, id=436, stack(0x0000000019550000,0x0000000019650000)]
  0x0000000017923000 JavaThread "C1 CompilerThread2" daemon [_thread_blocked, id=4312, stack(0x0000000019050000,0x0000000019150000)]
  0x00000000178fc000 JavaThread "C2 CompilerThread1" daemon [_thread_blocked, id=3920, stack(0x0000000018f50000,0x0000000019050000)]
  0x00000000178f6800 JavaThread "C2 CompilerThread0" daemon [_thread_blocked, id=2912, stack(0x0000000018e50000,0x0000000018f50000)]
  0x00000000178f4800 JavaThread "Attach Listener" daemon [_thread_blocked, id=10148, stack(0x0000000018d50000,0x0000000018e50000)]
  0x00000000178f3000 JavaThread "Signal Dispatcher" daemon [_thread_blocked, id=11828, stack(0x0000000018c50000,0x0000000018d50000)]
  0x0000000002d3d800 JavaThread "Finalizer" daemon [_thread_blocked, id=11072, stack(0x0000000018b50000,0x0000000018c50000)]
  0x0000000002d35800 JavaThread "Reference Handler" daemon [_thread_blocked, id=10272, stack(0x0000000018a50000,0x0000000018b50000)]
  0x0000000002c48000 JavaThread "main" [_thread_blocked, id=8988, stack(0x0000000002b40000,0x0000000002c40000)]

Other Threads:
  0x00000000178b7800 VMThread [stack: 0x0000000018950000,0x0000000018a50000] [id=7588]
  0x0000000019193800 WatcherThread [stack: 0x0000000019650000,0x0000000019750000] [id=11812]

VM state:not at safepoint (normal execution)

VM Mutex/Monitor currently owned by a thread: None

Heap:
 PSYoungGen      total 28160K, used 5785K [0x00000000d5980000, 0x00000000d7a80000, 0x0000000100000000)
  eden space 22528K, 16% used [0x00000000d5980000,0x00000000d5d34ff8,0x00000000d6f80000)
  from space 5632K, 35% used [0x00000000d6f80000,0x00000000d71714e0,0x00000000d7500000)
  to   space 5632K, 0% used [0x00000000d7500000,0x00000000d7500000,0x00000000d7a80000)
 ParOldGen       total 67584K, used 37641K [0x0000000080c00000, 0x0000000084e00000, 0x00000000d5980000)
  object space 67584K, 55% used [0x0000000080c00000,0x00000000830c2708,0x0000000084e00000)
 Metaspace       used 31537K, capacity 32664K, committed 32768K, reserved 1077248K
  class space    used 4030K, capacity 4305K, committed 4352K, reserved 1048576K

Card table byte_map: [0x0000000012100000,0x0000000012500000] byte_map_base: 0x0000000011cfa000

Marking Bits: (ParMarkBitMap*) 0x00000000764d4040
 Begin Bits: [0x0000000012bb0000, 0x0000000014b80000)
 End Bits:   [0x0000000014b80000, 0x0000000016b50000)

Polling page: 0x0000000000dd0000

CodeCache: size=245760Kb used=16118Kb max_used=16123Kb free=229641Kb
 bounds [0x0000000002d40000, 0x0000000003d20000, 0x0000000011d40000]
 total_blobs=6071 nmethods=5113 adapters=867
 compilation: enabled

Compilation events (10 events):
Event: 206.278 Thread 0x00000000178fc000 nmethod 6169 0x0000000003d01510 code [0x0000000003d016c0, 0x0000000003d01b08]
Event: 209.090 Thread 0x0000000017923000 6170       3       com.sun.javafx.event.EventDispatchChainImpl::prepend (77 bytes)
Event: 209.091 Thread 0x0000000017923000 nmethod 6170 0x0000000003d05e90 code [0x0000000003d06020, 0x0000000003d063d8]
Event: 209.221 Thread 0x0000000017923000 6171       3       javafx.scene.control.Labeled::alignmentProperty (27 bytes)
Event: 209.221 Thread 0x0000000017923000 nmethod 6171 0x0000000003d05850 code [0x0000000003d059c0, 0x0000000003d05d28]
Event: 210.915 Thread 0x0000000017923000 6172       3       javafx.scene.control.TextInputControl::getFormatterAccessor (25 bytes)
Event: 210.917 Thread 0x0000000017923000 nmethod 6172 0x0000000003d05250 code [0x0000000003d053c0, 0x0000000003d056f0]
Event: 210.917 Thread 0x0000000017923000 6173       3       javafx.scene.control.TextFormatter$Change::<init> (44 bytes)
Event: 210.917 Thread 0x0000000017923000 nmethod 6173 0x0000000003d04e10 code [0x0000000003d04f60, 0x0000000003d05170]
Event: 211.001 Thread 0x0000000017923000 6174       3       javafx.event.ActionEvent::getEventType (5 bytes)

GC Heap History (10 events):
Event: 195.276 GC heap before
{Heap before GC invocations=264 (full 1):
 PSYoungGen      total 27136K, used 25985K [0x00000000d5980000, 0x00000000d7880000, 0x0000000100000000)
  eden space 22528K, 98% used [0x00000000d5980000,0x00000000d6f34478,0x00000000d6f80000)
  from space 4608K, 81% used [0x00000000d7400000,0x00000000d77ac030,0x00000000d7880000)
  to   space 4608K, 0% used [0x00000000d6f80000,0x00000000d6f80000,0x00000000d7400000)
 ParOldGen       total 67584K, used 37625K [0x0000000080c00000, 0x0000000084e00000, 0x00000000d5980000)
  object space 67584K, 55% used [0x0000000080c00000,0x00000000830be708,0x0000000084e00000)
 Metaspace       used 31409K, capacity 32594K, committed 32768K, reserved 1077248K
  class space    used 4029K, capacity 4304K, committed 4352K, reserved 1048576K
Event: 195.278 GC heap after
Heap after GC invocations=264 (full 1):
 PSYoungGen      total 27136K, used 3760K [0x00000000d5980000, 0x00000000d7980000, 0x0000000100000000)
  eden space 22528K, 0% used [0x00000000d5980000,0x00000000d5980000,0x00000000d6f80000)
  from space 4608K, 81% used [0x00000000d6f80000,0x00000000d732c030,0x00000000d7400000)
  to   space 5120K, 0% used [0x00000000d7480000,0x00000000d7480000,0x00000000d7980000)
 ParOldGen       total 67584K, used 37625K [0x0000000080c00000, 0x0000000084e00000, 0x00000000d5980000)
  object space 67584K, 55% used [0x0000000080c00000,0x00000000830be708,0x0000000084e00000)
 Metaspace       used 31409K, capacity 32594K, committed 32768K, reserved 1077248K
  class space    used 4029K, capacity 4304K, committed 4352K, reserved 1048576K
}
Event: 195.582 GC heap before
{Heap before GC invocations=265 (full 1):
 PSYoungGen      total 27136K, used 25946K [0x00000000d5980000, 0x00000000d7980000, 0x0000000100000000)
  eden space 22528K, 98% used [0x00000000d5980000,0x00000000d6f2a970,0x00000000d6f80000)
  from space 4608K, 81% used [0x00000000d6f80000,0x00000000d732c030,0x00000000d7400000)
  to   space 5120K, 0% used [0x00000000d7480000,0x00000000d7480000,0x00000000d7980000)
 ParOldGen       total 67584K, used 37625K [0x0000000080c00000, 0x0000000084e00000, 0x00000000d5980000)
  object space 67584K, 55% used [0x0000000080c00000,0x00000000830be708,0x0000000084e00000)
 Metaspace       used 31409K, capacity 32594K, committed 32768K, reserved 1077248K
  class space    used 4029K, capacity 4304K, committed 4352K, reserved 1048576K
Event: 195.584 GC heap after
Heap after GC invocations=265 (full 1):
 PSYoungGen      total 27648K, used 3760K [0x00000000d5980000, 0x00000000d7980000, 0x0000000100000000)
  eden space 22528K, 0% used [0x00000000d5980000,0x00000000d5980000,0x00000000d6f80000)
  from space 5120K, 73% used [0x00000000d7480000,0x00000000d782c030,0x00000000d7980000)
  to   space 5120K, 0% used [0x00000000d6f80000,0x00000000d6f80000,0x00000000d7480000)
 ParOldGen       total 67584K, used 37625K [0x0000000080c00000, 0x0000000084e00000, 0x00000000d5980000)
  object space 67584K, 55% used [0x0000000080c00000,0x00000000830be708,0x0000000084e00000)
 Metaspace       used 31409K, capacity 32594K, committed 32768K, reserved 1077248K
  class space    used 4029K, capacity 4304K, committed 4352K, reserved 1048576K
}
Event: 195.885 GC heap before
{Heap before GC invocations=266 (full 1):
 PSYoungGen      total 27648K, used 25953K [0x00000000d5980000, 0x00000000d7980000, 0x0000000100000000)
  eden space 22528K, 98% used [0x00000000d5980000,0x00000000d6f2c4b8,0x00000000d6f80000)
  from space 5120K, 73% used [0x00000000d7480000,0x00000000d782c030,0x00000000d7980000)
  to   space 5120K, 0% used [0x00000000d6f80000,0x00000000d6f80000,0x00000000d7480000)
 ParOldGen       total 67584K, used 37625K [0x0000000080c00000, 0x0000000084e00000, 0x00000000d5980000)
  object space 67584K, 55% used [0x0000000080c00000,0x00000000830be708,0x0000000084e00000)
 Metaspace       used 31409K, capacity 32594K, committed 32768K, reserved 1077248K
  class space    used 4029K, capacity 4304K, committed 4352K, reserved 1048576K
Event: 195.887 GC heap after
Heap after GC invocations=266 (full 1):
 PSYoungGen      total 27648K, used 4960K [0x00000000d5980000, 0x00000000d7a80000, 0x0000000100000000)
  eden space 22528K, 0% used [0x00000000d5980000,0x00000000d5980000,0x00000000d6f80000)
  from space 5120K, 96% used [0x00000000d6f80000,0x00000000d7458040,0x00000000d7480000)
  to   space 5632K, 0% used [0x00000000d7500000,0x00000000d7500000,0x00000000d7a80000)
 ParOldGen       total 67584K, used 37625K [0x0000000080c00000, 0x0000000084e00000, 0x00000000d5980000)
  object space 67584K, 55% used [0x0000000080c00000,0x00000000830be708,0x0000000084e00000)
 Metaspace       used 31409K, capacity 32594K, committed 32768K, reserved 1077248K
  class space    used 4029K, capacity 4304K, committed 4352K, reserved 1048576K
}
Event: 197.232 GC heap before
{Heap before GC invocations=267 (full 1):
 PSYoungGen      total 27648K, used 27486K [0x00000000d5980000, 0x00000000d7a80000, 0x0000000100000000)
  eden space 22528K, 99% used [0x00000000d5980000,0x00000000d6f7fb30,0x00000000d6f80000)
  from space 5120K, 96% used [0x00000000d6f80000,0x00000000d7458040,0x00000000d7480000)
  to   space 5632K, 0% used [0x00000000d7500000,0x00000000d7500000,0x00000000d7a80000)
 ParOldGen       total 67584K, used 37625K [0x0000000080c00000, 0x0000000084e00000, 0x00000000d5980000)
  object space 67584K, 55% used [0x0000000080c00000,0x00000000830be708,0x0000000084e00000)
 Metaspace       used 31439K, capacity 32594K, committed 32768K, reserved 1077248K
  class space    used 4029K, capacity 4304K, committed 4352K, reserved 1048576K
Event: 197.235 GC heap after
Heap after GC invocations=267 (full 1):
 PSYoungGen      total 28160K, used 1424K [0x00000000d5980000, 0x00000000d7a80000, 0x0000000100000000)
  eden space 22528K, 0% used [0x00000000d5980000,0x00000000d5980000,0x00000000d6f80000)
  from space 5632K, 25% used [0x00000000d7500000,0x00000000d7664030,0x00000000d7a80000)
  to   space 5632K, 0% used [0x00000000d6f80000,0x00000000d6f80000,0x00000000d7500000)
 ParOldGen       total 67584K, used 37633K [0x0000000080c00000, 0x0000000084e00000, 0x00000000d5980000)
  object space 67584K, 55% used [0x0000000080c00000,0x00000000830c0708,0x0000000084e00000)
 Metaspace       used 31439K, capacity 32594K, committed 32768K, reserved 1077248K
  class space    used 4029K, capacity 4304K, committed 4352K, reserved 1048576K
}
Event: 206.187 GC heap before
{Heap before GC invocations=268 (full 1):
 PSYoungGen      total 28160K, used 23952K [0x00000000d5980000, 0x00000000d7a80000, 0x0000000100000000)
  eden space 22528K, 100% used [0x00000000d5980000,0x00000000d6f80000,0x00000000d6f80000)
  from space 5632K, 25% used [0x00000000d7500000,0x00000000d7664030,0x00000000d7a80000)
  to   space 5632K, 0% used [0x00000000d6f80000,0x00000000d6f80000,0x00000000d7500000)
 ParOldGen       total 67584K, used 37633K [0x0000000080c00000, 0x0000000084e00000, 0x00000000d5980000)
  object space 67584K, 55% used [0x0000000080c00000,0x00000000830c0708,0x0000000084e00000)
 Metaspace       used 31493K, capacity 32664K, committed 32768K, reserved 1077248K
  class space    used 4030K, capacity 4305K, committed 4352K, reserved 1048576K
Event: 206.189 GC heap after
Heap after GC invocations=268 (full 1):
 PSYoungGen      total 28160K, used 1989K [0x00000000d5980000, 0x00000000d7a80000, 0x0000000100000000)
  eden space 22528K, 0% used [0x00000000d5980000,0x00000000d5980000,0x00000000d6f80000)
  from space 5632K, 35% used [0x00000000d6f80000,0x00000000d71714e0,0x00000000d7500000)
  to   space 5632K, 0% used [0x00000000d7500000,0x00000000d7500000,0x00000000d7a80000)
 ParOldGen       total 67584K, used 37641K [0x0000000080c00000, 0x0000000084e00000, 0x00000000d5980000)
  object space 67584K, 55% used [0x0000000080c00000,0x00000000830c2708,0x0000000084e00000)
 Metaspace       used 31493K, capacity 32664K, committed 32768K, reserved 1077248K
  class space    used 4030K, capacity 4305K, committed 4352K, reserved 1048576K
}

Deoptimization events (10 events):
Event: 197.322 Thread 0x0000000019537000 Uncommon trap: reason=range_check action=make_not_entrant pc=0x0000000003acdfa0 method=java.util.ArrayList.elementData(I)Ljava/lang/Object; @ 5
Event: 197.322 Thread 0x0000000019537000 Uncommon trap: reason=range_check action=make_not_entrant pc=0x0000000003067a64 method=java.util.ArrayList.elementData(I)Ljava/lang/Object; @ 5
Event: 197.325 Thread 0x0000000019537000 Uncommon trap: reason=unstable_if action=reinterpret pc=0x0000000003063278 method=com.sun.prism.impl.ManagedResource._isgone(Lcom/sun/prism/impl/ManagedResource;)Z @ 10
Event: 206.207 Thread 0x0000000019785800 Uncommon trap: reason=predicate action=maybe_recompile pc=0x0000000003bca570 method=java.util.regex.Pattern$SliceI.match(Ljava/util/regex/Matcher;ILjava/lang/CharSequence;)Z @ 21
Event: 206.253 Thread 0x0000000019537000 Uncommon trap: reason=bimorphic action=maybe_recompile pc=0x0000000003b4cb10 method=com.sun.javafx.sg.prism.NGNode.getOpaqueRegion()Lcom/sun/javafx/geom/RectBounds; @ 56
Event: 206.253 Thread 0x0000000019537000 Uncommon trap: reason=bimorphic action=maybe_recompile pc=0x0000000003b4cb10 method=com.sun.javafx.sg.prism.NGNode.getOpaqueRegion()Lcom/sun/javafx/geom/RectBounds; @ 56
Event: 206.267 Thread 0x0000000019537000 Uncommon trap: reason=unstable_if action=reinterpret pc=0x00000000039fc9b8 method=com.sun.prism.impl.ManagedResource._isgone(Lcom/sun/prism/impl/ManagedResource;)Z @ 10
Event: 207.206 Thread 0x0000000019537000 Uncommon trap: reason=unstable_if action=reinterpret pc=0x0000000003b59254 method=com.sun.javafx.sg.prism.NGRegion.doCorner(Lcom/sun/javafx/geom/Path2D;Ljavafx/scene/layout/CornerRadii;FFIFFZ)V @ 169
Event: 207.207 Thread 0x0000000019537000 Uncommon trap: reason=unstable_if action=reinterpret pc=0x00000000036d94ec method=com.sun.javafx.geom.Rectangle.add(Lcom/sun/javafx/geom/Rectangle;)V @ 136
Event: 209.078 Thread 0x0000000019785800 Uncommon trap: reason=unstable_if action=reinterpret pc=0x00000000030acb9c method=com.sun.javafx.event.EventDispatchChainImpl.ensureCapacity(I)V @ 28

Internal exceptions (10 events):
Event: 51.647 Thread 0x0000000019785800 Implicit null exception at 0x0000000003bbb887 to 0x0000000003bbb8d1
Event: 53.180 Thread 0x0000000019537000 Implicit null exception at 0x0000000003b254f6 to 0x0000000003b25b5d
Event: 66.947 Thread 0x000000001d1ab800 Exception <a 'java/lang/RuntimeException'> (0x00000000d81cd2a8) thrown at [C:\re\workspace\8-2-build-windows-amd64-cygwin\jdk8u45\3457\hotspot\src\share\vm\prims\jni.cpp, line 709]
Event: 183.383 Thread 0x0000000019785800 Implicit null exception at 0x0000000003b2f49e to 0x0000000003b3112d
Event: 187.890 Thread 0x000000001d1a8800 Exception <a 'java/io/FileNotFoundException'> (0x00000000d5dda648) thrown at [C:\re\workspace\8-2-build-windows-amd64-cygwin\jdk8u45\3457\hotspot\src\share\vm\prims\jni.cpp, line 709]
Event: 187.890 Thread 0x000000001d1a8800 Exception <a 'java/lang/NullPointerException'> (0x00000000d5dda990) thrown at [C:\re\workspace\8-2-build-windows-amd64-cygwin\jdk8u45\3457\hotspot\src\share\vm\interpreter\linkResolver.cpp, line 1178]
Event: 187.948 Thread 0x000000001d1a8800 Exception <a 'java/io/FileNotFoundException'> (0x00000000d5f08570) thrown at [C:\re\workspace\8-2-build-windows-amd64-cygwin\jdk8u45\3457\hotspot\src\share\vm\prims\jni.cpp, line 709]
Event: 197.322 Thread 0x0000000019537000 Exception <a 'java/lang/ArrayIndexOutOfBoundsException': -1> (0x00000000d5c644a8) thrown at [C:\re\workspace\8-2-build-windows-amd64-cygwin\jdk8u45\3457\hotspot\src\share\vm\interpreter\interpreterRuntime.cpp, line 366]
Event: 197.322 Thread 0x0000000019537000 Exception <a 'java/lang/ArrayIndexOutOfBoundsException': -1> (0x00000000d5c64818) thrown at [C:\re\workspace\8-2-build-windows-amd64-cygwin\jdk8u45\3457\hotspot\src\share\vm\interpreter\interpreterRuntime.cpp, line 366]
Event: 197.322 Thread 0x0000000019537000 Exception <a 'java/lang/ArrayIndexOutOfBoundsException'> (0x00000000d5c64ca0) thrown at [C:\re\workspace\8-2-build-windows-amd64-cygwin\jdk8u45\3457\hotspot\src\share\vm\runtime\sharedRuntime.cpp, line 605]

Events (10 events):
Event: 206.267 Thread 0x0000000019537000 DEOPT UNPACKING pc=0x0000000002d8582a sp=0x000000001a04ecd0 mode 2
Event: 207.206 Thread 0x0000000019537000 Uncommon trap: trap_request=0xffffff65 fr.pc=0x0000000003b59254
Event: 207.206 Thread 0x0000000019537000 DEOPT PACKING pc=0x0000000003b59254 sp=0x000000001a04e1d0
Event: 207.206 Thread 0x0000000019537000 DEOPT UNPACKING pc=0x0000000002d8582a sp=0x000000001a04e120 mode 2
Event: 207.207 Thread 0x0000000019537000 Uncommon trap: trap_request=0xffffff65 fr.pc=0x00000000036d94ec
Event: 207.207 Thread 0x0000000019537000 DEOPT PACKING pc=0x00000000036d94ec sp=0x000000001a04e590
Event: 207.207 Thread 0x0000000019537000 DEOPT UNPACKING pc=0x0000000002d8582a sp=0x000000001a04e3e8 mode 2
Event: 209.078 Thread 0x0000000019785800 Uncommon trap: trap_request=0xffffff65 fr.pc=0x00000000030acb9c
Event: 209.078 Thread 0x0000000019785800 DEOPT PACKING pc=0x00000000030acb9c sp=0x000000001a7dcf40
Event: 209.078 Thread 0x0000000019785800 DEOPT UNPACKING pc=0x0000000002d8582a sp=0x000000001a7dce78 mode 2


Dynamic libraries:
0x00007ff77c530000 - 0x00007ff77c567000 	C:\Program Files\Java\jre1.8.0_45\bin\javaw.exe
0x00007ffa86be0000 - 0x00007ffa86dd0000 	C:\WINDOWS\SYSTEM32\ntdll.dll
0x00007ffa79120000 - 0x00007ffa79136000 	C:\Program Files\AVAST Software\Avast\aswhook.dll
0x00007ffa86ae0000 - 0x00007ffa86b92000 	C:\WINDOWS\System32\KERNEL32.DLL
0x00007ffa83fc0000 - 0x00007ffa84262000 	C:\WINDOWS\System32\KERNELBASE.dll
0x00007ffa85690000 - 0x00007ffa85733000 	C:\WINDOWS\System32\ADVAPI32.dll
0x00007ffa86800000 - 0x00007ffa8689e000 	C:\WINDOWS\System32\msvcrt.dll
0x00007ffa865b0000 - 0x00007ffa86647000 	C:\WINDOWS\System32\sechost.dll
0x00007ffa851f0000 - 0x00007ffa85310000 	C:\WINDOWS\System32\RPCRT4.dll
0x00007ffa85830000 - 0x00007ffa859c3000 	C:\WINDOWS\System32\USER32.dll
0x00007ffa83f60000 - 0x00007ffa83f81000 	C:\WINDOWS\System32\win32u.dll
0x00007ffa867d0000 - 0x00007ffa867f6000 	C:\WINDOWS\System32\GDI32.dll
0x00007ffa84be0000 - 0x00007ffa84d74000 	C:\WINDOWS\System32\gdi32full.dll
0x00007ffa84af0000 - 0x00007ffa84b8e000 	C:\WINDOWS\System32\msvcp_win.dll
0x00007ffa849f0000 - 0x00007ffa84aea000 	C:\WINDOWS\System32\ucrtbase.dll
0x00007ffa6f8b0000 - 0x00007ffa6fb35000 	C:\WINDOWS\WinSxS\amd64_microsoft.windows.common-controls_6595b64144ccf1df_6.0.18362.30_none_a1435978519dce7f\COMCTL32.dll
0x00007ffa85b10000 - 0x00007ffa85e46000 	C:\WINDOWS\System32\combase.dll
0x00007ffa83d80000 - 0x00007ffa83e01000 	C:\WINDOWS\System32\bcryptPrimitives.dll
0x00007ffa854c0000 - 0x00007ffa854ee000 	C:\WINDOWS\System32\IMM32.DLL
0x0000000075b60000 - 0x0000000075c32000 	C:\Program Files\Java\jre1.8.0_45\bin\msvcr100.dll
0x0000000075cd0000 - 0x0000000076553000 	C:\Program Files\Java\jre1.8.0_45\bin\server\jvm.dll
0x00007ffa85820000 - 0x00007ffa85828000 	C:\WINDOWS\System32\PSAPI.DLL
0x00007ffa74330000 - 0x00007ffa74339000 	C:\WINDOWS\SYSTEM32\WSOCK32.dll
0x00007ffa85740000 - 0x00007ffa857af000 	C:\WINDOWS\System32\WS2_32.dll
0x00007ffa81700000 - 0x00007ffa81724000 	C:\WINDOWS\SYSTEM32\WINMM.dll
0x00007ffa7c2e0000 - 0x00007ffa7c2ea000 	C:\WINDOWS\SYSTEM32\VERSION.dll
0x00007ffa816d0000 - 0x00007ffa816fd000 	C:\WINDOWS\SYSTEM32\WINMMBASE.dll
0x00007ffa84b90000 - 0x00007ffa84bda000 	C:\WINDOWS\System32\cfgmgr32.dll
0x0000000077060000 - 0x000000007706f000 	C:\Program Files\Java\jre1.8.0_45\bin\verify.dll
0x0000000077030000 - 0x0000000077059000 	C:\Program Files\Java\jre1.8.0_45\bin\java.dll
0x0000000077010000 - 0x0000000077026000 	C:\Program Files\Java\jre1.8.0_45\bin\zip.dll
0x00007ffa85ed0000 - 0x00007ffa865b0000 	C:\WINDOWS\System32\SHELL32.dll
0x00007ffa866b0000 - 0x00007ffa86759000 	C:\WINDOWS\System32\shcore.dll
0x00007ffa84270000 - 0x00007ffa849eb000 	C:\WINDOWS\System32\windows.storage.dll
0x00007ffa83bc0000 - 0x00007ffa83bdf000 	C:\WINDOWS\System32\profapi.dll
0x00007ffa83c00000 - 0x00007ffa83c4a000 	C:\WINDOWS\System32\powrprof.dll
0x00007ffa83b90000 - 0x00007ffa83ba0000 	C:\WINDOWS\System32\UMPDC.dll
0x00007ffa86650000 - 0x00007ffa866a2000 	C:\WINDOWS\System32\shlwapi.dll
0x00007ffa83be0000 - 0x00007ffa83bf1000 	C:\WINDOWS\System32\kernel.appcore.dll
0x00007ffa83d60000 - 0x00007ffa83d77000 	C:\WINDOWS\System32\cryptsp.dll
0x0000000075b30000 - 0x0000000075b5c000 	C:\Program Files\Java\jre1.8.0_45\bin\prism_d3d.dll
0x00007ffa58240000 - 0x00007ffa58406000 	C:\WINDOWS\system32\d3d9.dll
0x00007ffa82380000 - 0x00007ffa823ad000 	C:\WINDOWS\SYSTEM32\dwmapi.dll
0x00007ffa82850000 - 0x00007ffa82870000 	C:\WINDOWS\SYSTEM32\dxcore.dll
0x00007ffa81f60000 - 0x00007ffa81ff9000 	C:\WINDOWS\system32\uxtheme.dll
0x00007ffa7c350000 - 0x00007ffa7c4c1000 	C:\WINDOWS\SYSTEM32\aticfx64.dll
0x00007ffa80500000 - 0x00007ffa80521000 	C:\WINDOWS\SYSTEM32\atiu9p64.dll
0x00007ffa3d0a0000 - 0x00007ffa3db1f000 	C:\WINDOWS\SYSTEM32\atiumd64.dll
0x0000000075280000 - 0x0000000075b24000 	C:\WINDOWS\SYSTEM32\atiumd6a.dll
0x0000000075230000 - 0x0000000075271000 	C:\Program Files\Java\jre1.8.0_45\bin\glass.dll
0x00007ffa854f0000 - 0x00007ffa855bf000 	C:\WINDOWS\System32\COMDLG32.dll
0x00007ffa86980000 - 0x00007ffa86ad6000 	C:\WINDOWS\System32\ole32.dll
0x00007ffa868b0000 - 0x00007ffa86975000 	C:\WINDOWS\System32\OLEAUT32.dll
0x00007ffa859d0000 - 0x00007ffa85b07000 	C:\WINDOWS\System32\MSCTF.dll
0x00007ffa70830000 - 0x00007ffa7091f000 	C:\Users\USER\.javacpp\cache\opencv-3.2.0-1.3-windows-x86_64.jar\org\bytedeco\javacpp\windows-x86_64\msvcr120.dll
0x00007ffa706d0000 - 0x00007ffa70776000 	C:\Users\USER\.javacpp\cache\opencv-3.2.0-1.3-windows-x86_64.jar\org\bytedeco\javacpp\windows-x86_64\msvcp120.dll
0x00007ffa3dec0000 - 0x00007ffa3e148000 	C:\Users\USER\.javacpp\cache\opencv-3.2.0-1.3-windows-x86_64.jar\org\bytedeco\javacpp\windows-x86_64\opencv_core320.dll
0x00007ffa3cd30000 - 0x00007ffa3d092000 	C:\Users\USER\.javacpp\cache\opencv-3.2.0-1.3-windows-x86_64.jar\org\bytedeco\javacpp\windows-x86_64\opencv_imgproc320.dll
0x00007ffa3cae0000 - 0x00007ffa3cd2a000 	C:\Users\USER\.javacpp\cache\opencv-3.2.0-1.3-windows-x86_64.jar\org\bytedeco\javacpp\windows-x86_64\jniopencv_core.dll
0x0000000076ff0000 - 0x000000007700a000 	C:\Program Files\Java\jre1.8.0_45\bin\net.dll
0x00007ffa83400000 - 0x00007ffa83467000 	C:\WINDOWS\system32\mswsock.dll
0x0000000076fd0000 - 0x0000000076fe1000 	C:\Program Files\Java\jre1.8.0_45\bin\nio.dll
0x0000000075090000 - 0x0000000075228000 	C:\Program Files\Java\jre1.8.0_45\bin\awt.dll
0x00007ffa81d80000 - 0x00007ffa81e0f000 	C:\WINDOWS\SYSTEM32\apphelp.dll
0x0000000075070000 - 0x0000000075085000 	C:\Program Files\Java\jre1.8.0_45\bin\javafx_font.dll
0x00007ffa772c0000 - 0x00007ffa775c0000 	C:\WINDOWS\SYSTEM32\dwrite.dll
0x00007ffa855e0000 - 0x00007ffa85682000 	C:\WINDOWS\System32\clbcatq.dll
0x00007ffa7ead0000 - 0x00007ffa7ec7f000 	C:\WINDOWS\SYSTEM32\WindowsCodecs.dll
0x00007ffa62040000 - 0x00007ffa6207a000 	C:\WINDOWS\system32\dataexchange.dll
0x00007ffa80e30000 - 0x00007ffa8108b000 	C:\WINDOWS\system32\d3d11.dll
0x00007ffa814f0000 - 0x00007ffa816cc000 	C:\WINDOWS\system32\dcomp.dll
0x00007ffa828e0000 - 0x00007ffa829ca000 	C:\WINDOWS\system32\dxgi.dll
0x00007ffa82030000 - 0x00007ffa8228a000 	C:\WINDOWS\system32\twinapi.appcore.dll
0x00007ffa82460000 - 0x00007ffa82489000 	C:\WINDOWS\system32\RMCLIENT.dll
0x00007ffa804c0000 - 0x00007ffa804f3000 	C:\Program Files\Common Files\Microsoft Shared\Ink\rtscom.dll
0x00007ffa78de0000 - 0x00007ffa78e7e000 	C:\WINDOWS\System32\TextInputFramework.dll
0x00007ffa81730000 - 0x00007ffa81804000 	C:\WINDOWS\System32\CoreMessaging.dll
0x00007ffa7eed0000 - 0x00007ffa7f1f9000 	C:\WINDOWS\System32\CoreUIComponents.dll
0x00007ffa82c40000 - 0x00007ffa82c71000 	C:\WINDOWS\SYSTEM32\ntmarta.dll
0x00007ffa7f7f0000 - 0x00007ffa7f943000 	C:\WINDOWS\SYSTEM32\wintypes.dll
0x00007ffa778c0000 - 0x00007ffa77b66000 	C:\WINDOWS\System32\iertutil.dll
0x0000000075050000 - 0x0000000075061000 	C:\Program Files\Java\jre1.8.0_45\bin\prism_common.dll
0x00007ffa80870000 - 0x00007ffa80e30000 	C:\WINDOWS\SYSTEM32\d2d1.dll
0x00007ffa3b460000 - 0x00007ffa3bba1000 	C:\WINDOWS\SYSTEM32\D3D10Warp.dll
0x00007ffa59d30000 - 0x00007ffa59e20000 	C:\Users\USER\.javacpp\cache\opencv-3.2.0-1.3-windows-x86_64.jar\org\bytedeco\javacpp\windows-x86_64\jniopencv_imgproc.dll
0x00007ffa36f10000 - 0x00007ffa371da000 	C:\Users\USER\.javacpp\cache\opencv-3.2.0-1.3-windows-x86_64.jar\org\bytedeco\javacpp\windows-x86_64\opencv_imgcodecs320.dll
0x00007ffa80490000 - 0x00007ffa804b5000 	C:\Users\USER\.javacpp\cache\opencv-3.2.0-1.3-windows-x86_64.jar\org\bytedeco\javacpp\windows-x86_64\jniopencv_imgcodecs.dll
0x00007ffa707e0000 - 0x00007ffa7082e000 	C:\Users\USER\.javacpp\cache\opencv-3.2.0-1.3-windows-x86_64.jar\org\bytedeco\javacpp\windows-x86_64\opencv_videoio320.dll
0x00007ffa80470000 - 0x00007ffa80488000 	C:\WINDOWS\SYSTEM32\AVICAP32.dll
0x00007ffa7fb30000 - 0x00007ffa7fb59000 	C:\WINDOWS\SYSTEM32\MSVFW32.dll
0x00007ffa79740000 - 0x00007ffa79760000 	C:\WINDOWS\SYSTEM32\AVIFIL32.dll
0x00007ffa709c0000 - 0x00007ffa709dc000 	C:\WINDOWS\SYSTEM32\MSACM32.dll
0x00007ffa709a0000 - 0x00007ffa709b7000 	C:\Users\USER\.javacpp\cache\opencv-3.2.0-1.3-windows-x86_64.jar\org\bytedeco\javacpp\windows-x86_64\jniopencv_videoio.dll
0x00007ffa70600000 - 0x00007ffa7062c000 	C:\Users\USER\.javacpp\cache\opencv-3.2.0-1.3-windows-x86_64.jar\org\bytedeco\javacpp\windows-x86_64\opencv_highgui320.dll
0x00007ffa6edc0000 - 0x00007ffa6edf8000 	C:\Users\USER\.javacpp\cache\opencv-3.2.0-1.3-windows-x86_64.jar\org\bytedeco\javacpp\windows-x86_64\jniopencv_highgui.dll
0x00007ffa592e0000 - 0x00007ffa593b3000 	C:\Users\USER\.javacpp\cache\opencv-3.2.0-1.3-windows-x86_64.jar\org\bytedeco\javacpp\windows-x86_64\opencv_ml320.dll
0x00007ffa59ce0000 - 0x00007ffa59d23000 	C:\Users\USER\.javacpp\cache\opencv-3.2.0-1.3-windows-x86_64.jar\org\bytedeco\javacpp\windows-x86_64\jniopencv_ml.dll
0x00007ffa59240000 - 0x00007ffa592d6000 	C:\Users\USER\.javacpp\cache\opencv-3.2.0-1.3-windows-x86_64.jar\org\bytedeco\javacpp\windows-x86_64\opencv_objdetect320.dll
0x00007ffa590e0000 - 0x00007ffa59134000 	C:\Users\USER\.javacpp\cache\opencv-3.2.0-1.3-windows-x86_64.jar\org\bytedeco\javacpp\windows-x86_64\jniopencv_objdetect.dll
0x00007ffa59080000 - 0x00007ffa590d2000 	C:\Users\USER\.javacpp\cache\opencv-3.2.0-1.3-windows-x86_64.jar\org\bytedeco\javacpp\windows-x86_64\opencv_face320.dll
0x00007ffa63770000 - 0x00007ffa6378a000 	C:\Users\USER\.javacpp\cache\opencv-3.2.0-1.3-windows-x86_64.jar\org\bytedeco\javacpp\windows-x86_64\jniopencv_face.dll
0x00007ffa82fc0000 - 0x00007ffa82ff3000 	C:\WINDOWS\system32\rsaenh.dll
0x00007ffa83f90000 - 0x00007ffa83fb6000 	C:\WINDOWS\System32\bcrypt.dll
0x00007ffa83ab0000 - 0x00007ffa83ad5000 	C:\WINDOWS\SYSTEM32\USERENV.dll
0x00007ffa835d0000 - 0x00007ffa835dc000 	C:\WINDOWS\SYSTEM32\CRYPTBASE.dll
0x00007ffa83160000 - 0x00007ffa8319a000 	C:\WINDOWS\SYSTEM32\IPHLPAPI.DLL
0x00007ffa868a0000 - 0x00007ffa868a8000 	C:\WINDOWS\System32\NSI.dll
0x00007ffa7a1e0000 - 0x00007ffa7a1f6000 	C:\WINDOWS\SYSTEM32\dhcpcsvc6.DLL
0x00007ffa7a5d0000 - 0x00007ffa7a5ec000 	C:\WINDOWS\SYSTEM32\dhcpcsvc.DLL
0x00007ffa831a0000 - 0x00007ffa8326a000 	C:\WINDOWS\SYSTEM32\DNSAPI.dll
0x00007ffa5af80000 - 0x00007ffa5af98000 	C:\Windows\System32\devenum.dll
0x00007ffa84d80000 - 0x00007ffa851f0000 	C:\WINDOWS\System32\setupapi.dll
0x00007ffa83990000 - 0x00007ffa839ba000 	C:\WINDOWS\SYSTEM32\DEVOBJ.dll
0x00007ffa83d00000 - 0x00007ffa83d5c000 	C:\WINDOWS\System32\WINTRUST.dll
0x00007ffa83ba0000 - 0x00007ffa83bb2000 	C:\WINDOWS\System32\MSASN1.dll
0x00007ffa83e10000 - 0x00007ffa83f59000 	C:\WINDOWS\System32\CRYPT32.dll
0x00007ffa80460000 - 0x00007ffa8046b000 	C:\WINDOWS\SYSTEM32\msdmo.dll
0x00007ffa5ad60000 - 0x00007ffa5ad94000 	C:\Windows\System32\qcap.dll
0x00007ffa3ab60000 - 0x00007ffa3ad24000 	C:\Windows\System32\quartz.dll
0x00007ffa597b0000 - 0x00007ffa597fc000 	C:\Windows\System32\mfksproxy.dll
0x00007ffa59220000 - 0x00007ffa5923c000 	C:\Windows\System32\ATL.DLL
0x00007ffa5d710000 - 0x00007ffa5d90a000 	C:\Windows\System32\MFPlat.DLL
0x00007ffa6f4a0000 - 0x00007ffa6f4cf000 	C:\Windows\System32\RTWorkQ.DLL
0x00007ffa59020000 - 0x00007ffa5907c000 	C:\Windows\System32\MFSENSORGROUP.dll
0x00007ffa55dc0000 - 0x00007ffa55e0d000 	C:\Windows\System32\ksproxy.ax
0x00007ffa6ea40000 - 0x00007ffa6ea49000 	C:\Windows\System32\ksuser.dll
0x00007ffa7e560000 - 0x00007ffa7e5e0000 	C:\WINDOWS\SYSTEM32\policymanager.dll
0x00007ffa80710000 - 0x00007ffa8079a000 	C:\Windows\System32\msvcp110_win.dll

VM Arguments:
jvm_args: -Djava.library.path=C:\Users\Administrator\Desktop\opencv\build\java\x64 -Dfile.encoding=Cp1252 
java_command: application.Main
java_class_path (initial): E:\coursIUT\perso\PFE\Ressources\VisixEclipse\ExoVisix\target\classes;E:\coursIUT\perso\PFE\Ressources\VisixEclipse\ExoVisix\bin\opencv-341.jar;E:\coursIUT\perso\PFE\Ressources\VisixEclipse\ExoVisix\bin\mysql-connector-java-5.1.49-bin.jar;E:\coursIUT\perso\environnementmaven\env\maven\repository\org\bytedeco\javacv-platform\1.3.2\javacv-platform-1.3.2.jar;E:\coursIUT\perso\environnementmaven\env\maven\repository\org\bytedeco\javacv\1.3.2\javacv-1.3.2.jar;E:\coursIUT\perso\environnementmaven\env\maven\repository\org\bytedeco\javacpp\1.3.2\javacpp-1.3.2.jar;E:\coursIUT\perso\environnementmaven\env\maven\repository\org\bytedeco\javacpp-presets\opencv\3.2.0-1.3\opencv-3.2.0-1.3.jar;E:\coursIUT\perso\environnementmaven\env\maven\repository\org\bytedeco\javacpp-presets\ffmpeg\3.2.1-1.3\ffmpeg-3.2.1-1.3.jar;E:\coursIUT\perso\environnementmaven\env\maven\repository\org\bytedeco\javacpp-presets\flycapture\2.9.3.43-1.3\flycapture-2.9.3.43-1.3.jar;E:\coursIUT\perso\environnementmaven\env\maven\repository\org\bytedeco\javacpp-presets\libdc1394\2.2.4-1.3\libdc1394-2.2.4-1.3.jar;E:\coursIUT\perso\environnementmaven\env\maven\repository\org\bytedeco\javacpp-presets\libfreenect\0.5.3-1.3\libfreenect-0.5.3-1.3.jar;E:\coursIUT\perso\environnementmaven\env\maven\repository\org\bytedeco\javacpp-presets\libfreenect2\0.2.0-1.3\libfreenect2-0.2.0-1.3.jar;E:\coursIUT\perso\environnementmaven\env\maven\repository\org\bytedeco\javacpp-presets\librealsense\1.9.6-1.3\librealsense-1.9.6-1.3.jar;E:\coursIUT\perso\environnementmaven\env\maven\repository\org\bytedeco\javacpp-presets\videoinput\0.200-1.3\videoinput-0.200-1.3.jar;E:\coursIUT\perso\environnementmaven\env\maven\repository\org\bytedeco\javacpp-presets\artoolkitplus\2.3.1-1.3\artoolkitplus-2.3.1-1.3.jar;E:\coursIUT\perso\environnementmaven\env\maven\repository\org\bytedeco\javacpp-presets\flandmark\1.07-1.3\flandmark-1.07-1.3.jar;E:\coursIUT\perso\environnementmaven\env\maven\repository\org\bytedeco\javacpp-
Launcher Type: SUN_STANDARD

Environment Variables:
JAVA_HOME=E:\coursIUT\perso\environnementmaven\env\java\jdk-17
PATH=C:/Program Files/Java/jre1.8.0_45/bin/server;C:/Program Files/Java/jre1.8.0_45/bin;C:/Program Files/Java/jre1.8.0_45/lib/amd64;C:\Program Files\Common Files\Oracle\Java\javapath;C:\Program Files (x86)\NVIDIA Corporation\PhysX\Common;C:\ProgramData\Oracle\Java\javapath;C:\WINDOWS\system32;C:\WINDOWS;C:\WINDOWS\System32\Wbem;C:\WINDOWS\System32\WindowsPowerShell\v1.0\;C:\Program Files (x86)\AMD\ATI.ACE\Core-Static;C:\Users\USER\Desktop\OTB-6.6.1-Win64\bin;C:\Program Files\7-Zip;C:\Program Files\ActivIdentity\ActivClient\;C:\Program Files (x86)\ActivIdentity\ActivClient\;C:\WINDOWS\System32\OpenSSH\;C:\Users\USER\AppData\Local\bin\NASM;C:\Users\USER\AppData\Local\nasm;C:\Program Files\MySQL\MySQL Server 8.0\bin;C:\Program Files (x86)\Microsoft SQL Server\100\Tools\Binn\;C:\Program Files\Microsoft SQL Server\100\Tools\Binn\;C:\Program Files\Microsoft SQL Server\100\DTS\Binn\;C:\Program Files\Git\cmd;C:\Program Files\Git\mingw64\bin;C:\Program Files\Git\usr\bin;C:\Program Files\CMake\bin;C:\Program Files\PostgreSQL\13\bin;C:\Program Files\Java\jdk-17\bin;C:\Program Files\dotnet\;E:\MinGW\bin;E:\coursIUT\perso\environnementmaven\env\java\jdk-17\bin;E:\coursIUT\perso\environnementmaven\env\maven\apache-maven-3.8.4\bin;E:\OCR\Tesseract-OCR;C:\Users\USER\anaconda3;C:\Users\USER\anaconda3\Library\mingw-w64\bin;C:\Users\USER\anaconda3\Library\usr\bin;C:\Users\USER\anaconda3\Library\bin;C:\Users\USER\anaconda3\Scripts;C:\Users\USER\AppData\Local\Microsoft\WindowsApps;C:\Program Files\Microsoft VS Code\bin;;E:\logiciels\eclipse;
USERNAME=Martial Kom
OS=Windows_NT
PROCESSOR_IDENTIFIER=Intel64 Family 6 Model 42 Stepping 7, GenuineIntel



---------------  S Y S T E M  ---------------

OS: Windows 10.0 , 64 bit Build 18362 (10.0.18362.1)

CPU:total 4 (2 cores per cpu, 2 threads per core) family 6 model 42 stepping 7, cmov, cx8, fxsr, mmx, sse, sse2, sse3, ssse3, sse4.1, sse4.2, popcnt, avx, aes, clmul, ht, tsc, tscinvbit

Memory: 4k page, physical 8337768k(4490068k free), swap 16726376k(12256152k free)

vm_info: Java HotSpot(TM) 64-Bit Server VM (25.45-b02) for windows-amd64 JRE (1.8.0_45-b14), built on Apr 10 2015 10:34:15 by "java_re" with MS VC++ 10.0 (VS2010)

time: Wed Mar 16 10:47:51 2022
elapsed time: 211 seconds (0d 0h 3m 31s)

