#
# A fatal error has been detected by the Java Runtime Environment:
#
#  EXCEPTION_UNCAUGHT_CXX_EXCEPTION (0xe06d7363) at pc=0x00007ffa83ffa839, pid=10312, tid=10972
#
# JRE version: Java(TM) SE Runtime Environment (8.0_45-b14) (build 1.8.0_45-b14)
# Java VM: Java HotSpot(TM) 64-Bit Server VM (25.45-b02 mixed mode windows-amd64 compressed oops)
# Problematic frame:
# C  [KERNELBASE.dll+0x3a839]
#
# Failed to write core dump. Minidumps are not enabled by default on client versions of Windows
#
# If you would like to submit a bug report, please visit:
#   http://bugreport.java.com/bugreport/crash.jsp
# The crash happened outside the Java Virtual Machine in native code.
# See problematic frame for where to report the bug.
#

---------------  T H R E A D  ---------------

Current thread (0x000000001cff3800):  JavaThread "Thread-5" [_thread_in_native, id=10972, stack(0x0000000027e10000,0x0000000027f10000)]

siginfo: ExceptionCode=0xe06d7363, ExceptionInformation=0x0000000019930520 0x0000000027efee30 0x00007ffa3e10cd78 0x00007ffa3dec0000 

Registers:
RAX=0x0000000000000000, RBX=0x00007ffa3e10cd78, RCX=0x0000000000000000, RDX=0x0000000000000000
RSP=0x0000000027efeca0, RBP=0x0000000027efede0, RSI=0x00007ffa3cf31238, RDI=0x0000000027efee30
R8 =0x0000000000000000, R9 =0x0000000000000000, R10=0x0000000000000000, R11=0x0000000000000000
R12=0x00000000ffffff29, R13=0x0000000000000000, R14=0x00007ffa3cf30b80, R15=0x0000000027f0efd0
RIP=0x00007ffa83ffa839, EFLAGS=0x0000000000000206

Top of Stack: (sp=0x0000000027efeca0)
0x0000000027efeca0:   0000000000000000 00007ffa3e10cd78
0x0000000027efecb0:   00007ffa3cf31238 0000000000000000
0x0000000027efecc0:   00000001e06d7363 0000000000000000
0x0000000027efecd0:   00007ffa83ffa839 0000000000000004
0x0000000027efece0:   0000000019930520 0000000027efee30
0x0000000027efecf0:   00007ffa3e10cd78 00007ffa3dec0000
0x0000000027efed00:   0000000000000000 00000000ffffff29
0x0000000027efed10:   00007ffa3cf31238 0000000027efede0
0x0000000027efed20:   0000000027efedf0 00007ffa86bff42f
0x0000000027efed30:   0000000027efee30 00007ffa00000000
0x0000000027efed40:   0000000027efee30 00007ffa7088d306
0x0000000027efed50:   00007ffa3e12f000 00007ffa3dec0000
0x0000000027efed60:   0000aec4757a6882 00007ffa7090c4d0
0x0000000027efed70:   00007ffa3e10cd78 00007ffa7088ef63
0x0000000027efed80:   0000000027efee30 00007ffa7085eb8d
0x0000000027efed90:   00007ffa7090c4d0 00007ffa3cf31238 

Instructions: (pc=0x00007ffa83ffa839)
0x00007ffa83ffa819:   8b d1 44 0f 47 c0 44 89 44 24 38 49 c1 e0 03 e8
0x00007ffa83ffa829:   0a 4a 05 00 48 8d 4c 24 20 48 ff 15 df be 16 00
0x00007ffa83ffa839:   0f 1f 44 00 00 48 8b 8c 24 c0 00 00 00 48 33 cc
0x00007ffa83ffa849:   e8 82 ec 04 00 48 81 c4 d8 00 00 00 c3 83 64 24 


Register to memory mapping:

RAX=0x0000000000000000 is an unknown value
RBX=0x00007ffa3e10cd78 is an unknown value
RCX=0x0000000000000000 is an unknown value
RDX=0x0000000000000000 is an unknown value
RSP=0x0000000027efeca0 is pointing into the stack for thread: 0x000000001cff3800
RBP=0x0000000027efede0 is pointing into the stack for thread: 0x000000001cff3800
RSI=0x00007ffa3cf31238 is an unknown value
RDI=0x0000000027efee30 is pointing into the stack for thread: 0x000000001cff3800
R8 =0x0000000000000000 is an unknown value
R9 =0x0000000000000000 is an unknown value
R10=0x0000000000000000 is an unknown value
R11=0x0000000000000000 is an unknown value
R12=0x00000000ffffff29 is an unallocated location in the heap
R13=0x0000000000000000 is an unknown value
R14=0x00007ffa3cf30b80 is an unknown value
R15=0x0000000027f0efd0 is pointing into the stack for thread: 0x000000001cff3800


Stack: [0x0000000027e10000,0x0000000027f10000],  sp=0x0000000027efeca0,  free space=955k
Native frames: (J=compiled Java code, j=interpreted, Vv=VM code, C=native code)
C  [KERNELBASE.dll+0x3a839]
C  [msvcr120.dll+0x5ef63]
C  [opencv_core320.dll+0x1a2c34]
C  [opencv_core320.dll+0x1a2d76]
C  [opencv_imgproc320.dll+0x46c7a]
C  [jniopencv_imgproc.dll+0x6e52d]
C  0x00000000035dcab1

Java frames: (J=compiled Java code, j=interpreted, Vv=VM code)
J 5386  org.bytedeco.javacpp.opencv_imgproc.cvCvtColor(Lorg/bytedeco/javacpp/helper/opencv_core$CvArr;Lorg/bytedeco/javacpp/helper/opencv_core$CvArr;I)V (0 bytes) @ 0x00000000035dca2b [0x00000000035dc9c0+0x6b]
j  application.FaceDetector.run()V+295
j  java.lang.Thread.run()V+11
v  ~StubRoutines::call_stub

---------------  P R O C E S S  ---------------

Java Threads: ( => current thread )
  0x0000000019651000 JavaThread "mysql-cj-abandoned-connection-cleanup" daemon [_thread_blocked, id=11008, stack(0x0000000028ef0000,0x0000000028ff0000)]
=>0x000000001cff3800 JavaThread "Thread-5" [_thread_in_native, id=10972, stack(0x0000000027e10000,0x0000000027f10000)]
  0x000000001fd22800 JavaThread "Prism Font Disposer" daemon [_thread_blocked, id=6448, stack(0x000000001fb60000,0x000000001fc60000)]
  0x000000001ccbc000 JavaThread "AWT-Windows" daemon [_thread_in_native, id=11992, stack(0x000000001df40000,0x000000001e040000)]
  0x000000001cf71000 JavaThread "Java2D Disposer" daemon [_thread_blocked, id=4476, stack(0x000000001daa0000,0x000000001dba0000)]
  0x000000001cd63800 JavaThread "JavaCPP Deallocator" daemon [_thread_blocked, id=11148, stack(0x000000001d9a0000,0x000000001daa0000)]
  0x000000001929b800 JavaThread "JavaFX-Launcher" [_thread_blocked, id=11104, stack(0x000000001c6d0000,0x000000001c7d0000)]
  0x0000000019227800 JavaThread "Thread-2" daemon [_thread_in_native, id=11608, stack(0x000000001c5d0000,0x000000001c6d0000)]
  0x0000000018eee000 JavaThread "JavaFX Application Thread" [_thread_in_native, id=11312, stack(0x000000001a1f0000,0x000000001a2f0000)]
  0x0000000018eed000 JavaThread "Thread-1" daemon [_thread_blocked, id=5256, stack(0x000000001a0f0000,0x000000001a1f0000)]
  0x0000000018eca800 JavaThread "QuantumRenderer-0" daemon [_thread_blocked, id=6044, stack(0x0000000019110000,0x0000000019210000)]
  0x0000000018b41800 JavaThread "Service Thread" daemon [_thread_blocked, id=5420, stack(0x0000000018f10000,0x0000000019010000)]
  0x00000000172c3000 JavaThread "C1 CompilerThread2" daemon [_thread_blocked, id=6460, stack(0x0000000018a10000,0x0000000018b10000)]
  0x00000000172bc000 JavaThread "C2 CompilerThread1" daemon [_thread_blocked, id=4944, stack(0x0000000018910000,0x0000000018a10000)]
  0x00000000172b6800 JavaThread "C2 CompilerThread0" daemon [_thread_blocked, id=5364, stack(0x0000000018810000,0x0000000018910000)]
  0x00000000172b4800 JavaThread "Attach Listener" daemon [_thread_blocked, id=4524, stack(0x0000000018710000,0x0000000018810000)]
  0x00000000172b3000 JavaThread "Signal Dispatcher" daemon [_thread_blocked, id=4504, stack(0x0000000018610000,0x0000000018710000)]
  0x00000000026fd800 JavaThread "Finalizer" daemon [_thread_blocked, id=7024, stack(0x0000000018510000,0x0000000018610000)]
  0x00000000026f5800 JavaThread "Reference Handler" daemon [_thread_blocked, id=4440, stack(0x0000000018410000,0x0000000018510000)]
  0x0000000002608000 JavaThread "main" [_thread_blocked, id=10368, stack(0x0000000002450000,0x0000000002550000)]

Other Threads:
  0x0000000017277800 VMThread [stack: 0x0000000018310000,0x0000000018410000] [id=3948]
  0x0000000018b52000 WatcherThread [stack: 0x0000000019010000,0x0000000019110000] [id=5656]

VM state:not at safepoint (normal execution)

VM Mutex/Monitor currently owned by a thread: None

Heap:
 PSYoungGen      total 143872K, used 110997K [0x00000000d5980000, 0x00000000df800000, 0x0000000100000000)
  eden space 142336K, 77% used [0x00000000d5980000,0x00000000dc489518,0x00000000de480000)
  from space 1536K, 90% used [0x00000000df680000,0x00000000df7dc010,0x00000000df800000)
  to   space 9216K, 0% used [0x00000000de600000,0x00000000de600000,0x00000000def00000)
 ParOldGen       total 68608K, used 24163K [0x0000000080c00000, 0x0000000084f00000, 0x00000000d5980000)
  object space 68608K, 35% used [0x0000000080c00000,0x0000000082398da0,0x0000000084f00000)
 Metaspace       used 31794K, capacity 32960K, committed 33280K, reserved 1079296K
  class space    used 4015K, capacity 4259K, committed 4352K, reserved 1048576K

Card table byte_map: [0x0000000011ac0000,0x0000000011ec0000] byte_map_base: 0x00000000116ba000

Marking Bits: (ParMarkBitMap*) 0x00000000764d4040
 Begin Bits: [0x0000000012570000, 0x0000000014540000)
 End Bits:   [0x0000000014540000, 0x0000000016510000)

Polling page: 0x00000000022c0000

CodeCache: size=245760Kb used=17635Kb max_used=18399Kb free=228124Kb
 bounds [0x0000000002700000, 0x0000000003920000, 0x0000000011700000]
 total_blobs=6472 nmethods=5527 adapters=856
 compilation: enabled

Compilation events (10 events):
Event: 72.778 Thread 0x00000000172c3000 6479       3       com.sun.javafx.sg.prism.NodePath::hasNext (31 bytes)
Event: 72.778 Thread 0x00000000172c3000 nmethod 6479 0x0000000002d96850 code [0x0000000002d969e0, 0x0000000002d96db8]
Event: 72.778 Thread 0x00000000172c3000 6470       3       com.sun.javafx.collections.SourceAdapterChange::reset (8 bytes)
Event: 72.778 Thread 0x00000000172c3000 nmethod 6470 0x000000000311e110 code [0x000000000311e280, 0x000000000311e4a8]
Event: 72.780 Thread 0x00000000172bc000 nmethod 6480 0x0000000003049810 code [0x00000000030499a0, 0x0000000003049af8]
Event: 72.785 Thread 0x00000000172c3000 6481       3       java.nio.DirectFloatBufferU::get (16 bytes)
Event: 72.785 Thread 0x00000000172c3000 nmethod 6481 0x0000000002fbd810 code [0x0000000002fbd980, 0x0000000002fbdbf0]
Event: 72.789 Thread 0x00000000172c3000 6483       3       java.nio.DirectFloatBufferU::put (18 bytes)
Event: 72.789 Thread 0x00000000172c3000 nmethod 6483 0x00000000031e5990 code [0x00000000031e5b00, 0x00000000031e5d70]
Event: 72.794 Thread 0x00000000172b6800 nmethod 6461 0x00000000028eb110 code [0x00000000028eb2a0, 0x00000000028ebb28]

GC Heap History (10 events):
Event: 61.301 GC heap before
{Heap before GC invocations=37 (full 1):
 PSYoungGen      total 166912K, used 157027K [0x00000000d5980000, 0x00000000e0880000, 0x0000000100000000)
  eden space 156672K, 99% used [0x00000000d5980000,0x00000000df168c40,0x00000000df280000)
  from space 10240K, 14% used [0x00000000df280000,0x00000000df3f0020,0x00000000dfc80000)
  to   space 10240K, 0% used [0x00000000dfe80000,0x00000000dfe80000,0x00000000e0880000)
 ParOldGen       total 68608K, used 23930K [0x0000000080c00000, 0x0000000084f00000, 0x00000000d5980000)
  object space 68608K, 34% used [0x0000000080c00000,0x000000008235e930,0x0000000084f00000)
 Metaspace       used 31768K, capacity 32896K, committed 33024K, reserved 1077248K
  class space    used 4015K, capacity 4259K, committed 4352K, reserved 1048576K
Event: 61.304 GC heap after
Heap after GC invocations=37 (full 1):
 PSYoungGen      total 166912K, used 1504K [0x00000000d5980000, 0x00000000e0700000, 0x0000000100000000)
  eden space 158208K, 0% used [0x00000000d5980000,0x00000000d5980000,0x00000000df400000)
  from space 8704K, 17% used [0x00000000dfe80000,0x00000000dfff8020,0x00000000e0700000)
  to   space 9728K, 0% used [0x00000000df400000,0x00000000df400000,0x00000000dfd80000)
 ParOldGen       total 68608K, used 23954K [0x0000000080c00000, 0x0000000084f00000, 0x00000000d5980000)
  object space 68608K, 34% used [0x0000000080c00000,0x0000000082364930,0x0000000084f00000)
 Metaspace       used 31768K, capacity 32896K, committed 33024K, reserved 1077248K
  class space    used 4015K, capacity 4259K, committed 4352K, reserved 1048576K
}
Event: 63.565 GC heap before
{Heap before GC invocations=38 (full 1):
 PSYoungGen      total 166912K, used 159473K [0x00000000d5980000, 0x00000000e0700000, 0x0000000100000000)
  eden space 158208K, 99% used [0x00000000d5980000,0x00000000df3c46a0,0x00000000df400000)
  from space 8704K, 17% used [0x00000000dfe80000,0x00000000dfff8020,0x00000000e0700000)
  to   space 9728K, 0% used [0x00000000df400000,0x00000000df400000,0x00000000dfd80000)
 ParOldGen       total 68608K, used 23954K [0x0000000080c00000, 0x0000000084f00000, 0x00000000d5980000)
  object space 68608K, 34% used [0x0000000080c00000,0x0000000082364930,0x0000000084f00000)
 Metaspace       used 31772K, capacity 32896K, committed 33024K, reserved 1077248K
  class space    used 4015K, capacity 4259K, committed 4352K, reserved 1048576K
Event: 63.567 GC heap after
Heap after GC invocations=38 (full 1):
 PSYoungGen      total 167936K, used 1392K [0x00000000d5980000, 0x00000000e0900000, 0x0000000100000000)
  eden space 158208K, 0% used [0x00000000d5980000,0x00000000d5980000,0x00000000df400000)
  from space 9728K, 14% used [0x00000000df400000,0x00000000df55c010,0x00000000dfd80000)
  to   space 9728K, 0% used [0x00000000dff80000,0x00000000dff80000,0x00000000e0900000)
 ParOldGen       total 68608K, used 24083K [0x0000000080c00000, 0x0000000084f00000, 0x00000000d5980000)
  object space 68608K, 35% used [0x0000000080c00000,0x0000000082384da0,0x0000000084f00000)
 Metaspace       used 31772K, capacity 32896K, committed 33024K, reserved 1077248K
  class space    used 4015K, capacity 4259K, committed 4352K, reserved 1048576K
}
Event: 66.015 GC heap before
{Heap before GC invocations=39 (full 1):
 PSYoungGen      total 167936K, used 159180K [0x00000000d5980000, 0x00000000e0900000, 0x0000000100000000)
  eden space 158208K, 99% used [0x00000000d5980000,0x00000000df397100,0x00000000df400000)
  from space 9728K, 14% used [0x00000000df400000,0x00000000df55c010,0x00000000dfd80000)
  to   space 9728K, 0% used [0x00000000dff80000,0x00000000dff80000,0x00000000e0900000)
 ParOldGen       total 68608K, used 24083K [0x0000000080c00000, 0x0000000084f00000, 0x00000000d5980000)
  object space 68608K, 35% used [0x0000000080c00000,0x0000000082384da0,0x0000000084f00000)
 Metaspace       used 31772K, capacity 32896K, committed 33024K, reserved 1077248K
  class space    used 4015K, capacity 4259K, committed 4352K, reserved 1048576K
Event: 66.017 GC heap after
Heap after GC invocations=39 (full 1):
 PSYoungGen      total 154112K, used 1392K [0x00000000d5980000, 0x00000000e0100000, 0x0000000100000000)
  eden space 152576K, 0% used [0x00000000d5980000,0x00000000d5980000,0x00000000dee80000)
  from space 1536K, 90% used [0x00000000dff80000,0x00000000e00dc010,0x00000000e0100000)
  to   space 9216K, 0% used [0x00000000def00000,0x00000000def00000,0x00000000df800000)
 ParOldGen       total 68608K, used 24139K [0x0000000080c00000, 0x0000000084f00000, 0x00000000d5980000)
  object space 68608K, 35% used [0x0000000080c00000,0x0000000082392da0,0x0000000084f00000)
 Metaspace       used 31772K, capacity 32896K, committed 33024K, reserved 1077248K
  class space    used 4015K, capacity 4259K, committed 4352K, reserved 1048576K
}
Event: 68.498 GC heap before
{Heap before GC invocations=40 (full 1):
 PSYoungGen      total 154112K, used 153144K [0x00000000d5980000, 0x00000000e0100000, 0x0000000100000000)
  eden space 152576K, 99% used [0x00000000d5980000,0x00000000dedb21c0,0x00000000dee80000)
  from space 1536K, 90% used [0x00000000dff80000,0x00000000e00dc010,0x00000000e0100000)
  to   space 9216K, 0% used [0x00000000def00000,0x00000000def00000,0x00000000df800000)
 ParOldGen       total 68608K, used 24139K [0x0000000080c00000, 0x0000000084f00000, 0x00000000d5980000)
  object space 68608K, 35% used [0x0000000080c00000,0x0000000082392da0,0x0000000084f00000)
 Metaspace       used 31772K, capacity 32896K, committed 33024K, reserved 1077248K
  class space    used 4015K, capacity 4259K, committed 4352K, reserved 1048576K
Event: 68.500 GC heap after
Heap after GC invocations=40 (full 1):
 PSYoungGen      total 152576K, used 4992K [0x00000000d5980000, 0x00000000e0000000, 0x0000000100000000)
  eden space 147456K, 0% used [0x00000000d5980000,0x00000000d5980000,0x00000000de980000)
  from space 5120K, 97% used [0x00000000def00000,0x00000000df3e0040,0x00000000df400000)
  to   space 9728K, 0% used [0x00000000df680000,0x00000000df680000,0x00000000e0000000)
 ParOldGen       total 68608K, used 24147K [0x0000000080c00000, 0x0000000084f00000, 0x00000000d5980000)
  object space 68608K, 35% used [0x0000000080c00000,0x0000000082394da0,0x0000000084f00000)
 Metaspace       used 31772K, capacity 32896K, committed 33024K, reserved 1077248K
  class space    used 4015K, capacity 4259K, committed 4352K, reserved 1048576K
}
Event: 71.022 GC heap before
{Heap before GC invocations=41 (full 1):
 PSYoungGen      total 152576K, used 151678K [0x00000000d5980000, 0x00000000e0000000, 0x0000000100000000)
  eden space 147456K, 99% used [0x00000000d5980000,0x00000000de8bf850,0x00000000de980000)
  from space 5120K, 97% used [0x00000000def00000,0x00000000df3e0040,0x00000000df400000)
  to   space 9728K, 0% used [0x00000000df680000,0x00000000df680000,0x00000000e0000000)
 ParOldGen       total 68608K, used 24147K [0x0000000080c00000, 0x0000000084f00000, 0x00000000d5980000)
  object space 68608K, 35% used [0x0000000080c00000,0x0000000082394da0,0x0000000084f00000)
 Metaspace       used 31772K, capacity 32896K, committed 33024K, reserved 1077248K
  class space    used 4015K, capacity 4259K, committed 4352K, reserved 1048576K
Event: 71.024 GC heap after
Heap after GC invocations=41 (full 1):
 PSYoungGen      total 143872K, used 1392K [0x00000000d5980000, 0x00000000df800000, 0x0000000100000000)
  eden space 142336K, 0% used [0x00000000d5980000,0x00000000d5980000,0x00000000de480000)
  from space 1536K, 90% used [0x00000000df680000,0x00000000df7dc010,0x00000000df800000)
  to   space 9216K, 0% used [0x00000000de600000,0x00000000de600000,0x00000000def00000)
 ParOldGen       total 68608K, used 24163K [0x0000000080c00000, 0x0000000084f00000, 0x00000000d5980000)
  object space 68608K, 35% used [0x0000000080c00000,0x0000000082398da0,0x0000000084f00000)
 Metaspace       used 31772K, capacity 32896K, committed 33024K, reserved 1077248K
  class space    used 4015K, capacity 4259K, committed 4352K, reserved 1048576K
}

Deoptimization events (10 events):
Event: 25.198 Thread 0x0000000018eee000 Uncommon trap: reason=array_check action=maybe_recompile pc=0x000000000380bd3c method=java.util.AbstractCollection.toArray([Ljava/lang/Object;)[Ljava/lang/Object; @ 119
Event: 25.225 Thread 0x0000000018eee000 Uncommon trap: reason=array_check action=maybe_recompile pc=0x000000000380bd3c method=java.util.AbstractCollection.toArray([Ljava/lang/Object;)[Ljava/lang/Object; @ 119
Event: 25.225 Thread 0x0000000018eee000 Uncommon trap: reason=array_check action=maybe_recompile pc=0x000000000380bd3c method=java.util.AbstractCollection.toArray([Ljava/lang/Object;)[Ljava/lang/Object; @ 119
Event: 25.226 Thread 0x0000000018eca800 Uncommon trap: reason=null_check action=make_not_entrant pc=0x0000000003645d90 method=com.sun.javafx.sg.prism.RegionImageCache.getImageLocation(Ljava/lang/Integer;Lcom/sun/javafx/geom/Rectangle;Ljavafx/scene/layout/Background;Lcom/sun/javafx/geom/Shape;LcoÆFjëñÌ9@
Event: 25.801 Thread 0x000000001cff3800 Uncommon trap: reason=unstable_if action=reinterpret pc=0x000000000383cee8 method=sun.font.CMap$CMapFormat4.getGlyph(I)C @ 181
Event: 56.679 Thread 0x0000000019227800 Uncommon trap: reason=unstable_if action=reinterpret pc=0x0000000003613eb0 method=java.util.concurrent.locks.ReentrantLock$Sync.nonfairTryAcquire(I)Z @ 34
Event: 59.551 Thread 0x0000000018eca800 Uncommon trap: reason=unstable_if action=reinterpret pc=0x0000000003528324 method=com.sun.javafx.sg.prism.NGRegion.renderContent(Lcom/sun/prism/Graphics;)V @ 92
Event: 59.557 Thread 0x0000000018eca800 Uncommon trap: reason=unstable_if action=reinterpret pc=0x00000000037ba500 method=com.sun.scenario.effect.impl.ImagePool.checkOut(Lcom/sun/scenario/effect/impl/Renderer;II)Lcom/sun/scenario/effect/impl/PoolFilterable; @ 1
Event: 59.557 Thread 0x0000000018eca800 Uncommon trap: reason=unstable_if action=reinterpret pc=0x0000000002e7d3a0 method=com.sun.javafx.geom.Rectangle.grow(II)V @ 70
Event: 72.772 Thread 0x0000000018eca800 Uncommon trap: reason=unstable_if action=reinterpret pc=0x00000000038c9448 method=com.sun.javafx.sg.prism.NGGroup.computeRenderRoot(Lcom/sun/javafx/sg/prism/NodePath;Lcom/sun/javafx/geom/RectBounds;ILcom/sun/javafx/geom/transform/BaseTransform;Lcom/sun/jav§»¡ß­29@

Internal exceptions (10 events):
Event: 7.512 Thread 0x0000000018eee000 Implicit null exception at 0x0000000002b1d9d5 to 0x0000000002b1e31d
Event: 7.583 Thread 0x0000000018eee000 Implicit null exception at 0x0000000002b0d421 to 0x0000000002b0d9bd
Event: 7.594 Thread 0x0000000018eee000 Implicit null exception at 0x0000000002b0893d to 0x0000000002b08d11
Event: 11.007 Thread 0x0000000018eca800 Implicit null exception at 0x00000000028842d0 to 0x0000000002884329
Event: 13.742 Thread 0x0000000018eee000 Implicit null exception at 0x000000000322c69a to 0x000000000322c9ad
Event: 13.745 Thread 0x0000000018eca800 Implicit null exception at 0x00000000033b40a2 to 0x00000000033b481d
Event: 13.854 Thread 0x000000001cff3800 Exception <a 'java/io/FileNotFoundException'> (0x00000000d7295030) thrown at [C:\re\workspace\8-2-build-windows-amd64-cygwin\jdk8u45\3457\hotspot\src\share\vm\prims\jni.cpp, line 709]
Event: 13.854 Thread 0x000000001cff3800 Exception <a 'java/lang/NullPointerException'> (0x00000000d7295378) thrown at [C:\re\workspace\8-2-build-windows-amd64-cygwin\jdk8u45\3457\hotspot\src\share\vm\interpreter\linkResolver.cpp, line 1178]
Event: 13.907 Thread 0x000000001cff3800 Exception <a 'java/io/FileNotFoundException'> (0x00000000d73c14a0) thrown at [C:\re\workspace\8-2-build-windows-amd64-cygwin\jdk8u45\3457\hotspot\src\share\vm\prims\jni.cpp, line 709]
Event: 25.226 Thread 0x0000000018eca800 Implicit null exception at 0x0000000003642a03 to 0x0000000003645d08

Events (10 events):
Event: 68.500 Executing VM operation: ParallelGCFailedAllocation done
Event: 71.022 Executing VM operation: ParallelGCFailedAllocation
Event: 71.024 Executing VM operation: ParallelGCFailedAllocation done
Event: 72.755 Executing VM operation: RevokeBias
Event: 72.755 Executing VM operation: RevokeBias done
Event: 72.767 Thread 0x0000000018eee000 DEOPT PACKING pc=0x0000000002caf43e sp=0x000000001a2ec960
Event: 72.767 Thread 0x0000000018eee000 DEOPT UNPACKING pc=0x000000000274787f sp=0x000000001a2ec6c0 mode 0
Event: 72.772 Thread 0x0000000018eca800 Uncommon trap: trap_request=0xffffff65 fr.pc=0x00000000038c9448
Event: 72.772 Thread 0x0000000018eca800 DEOPT PACKING pc=0x00000000038c9448 sp=0x000000001920e020
Event: 72.772 Thread 0x0000000018eca800 DEOPT UNPACKING pc=0x000000000274582a sp=0x000000001920df60 mode 2


Dynamic libraries:
0x00007ff77c530000 - 0x00007ff77c567000 	C:\Program Files\Java\jre1.8.0_45\bin\javaw.exe
0x00007ffa86be0000 - 0x00007ffa86dd0000 	C:\WINDOWS\SYSTEM32\ntdll.dll
0x00007ffa79120000 - 0x00007ffa79136000 	C:\Program Files\AVAST Software\Avast\aswhook.dll
0x00007ffa86ae0000 - 0x00007ffa86b92000 	C:\WINDOWS\System32\KERNEL32.DLL
0x00007ffa83fc0000 - 0x00007ffa84262000 	C:\WINDOWS\System32\KERNELBASE.dll
0x00007ffa85690000 - 0x00007ffa85733000 	C:\WINDOWS\System32\ADVAPI32.dll
0x00007ffa86800000 - 0x00007ffa8689e000 	C:\WINDOWS\System32\msvcrt.dll
0x00007ffa865b0000 - 0x00007ffa86647000 	C:\WINDOWS\System32\sechost.dll
0x00007ffa851f0000 - 0x00007ffa85310000 	C:\WINDOWS\System32\RPCRT4.dll
0x00007ffa85830000 - 0x00007ffa859c3000 	C:\WINDOWS\System32\USER32.dll
0x00007ffa83f60000 - 0x00007ffa83f81000 	C:\WINDOWS\System32\win32u.dll
0x00007ffa867d0000 - 0x00007ffa867f6000 	C:\WINDOWS\System32\GDI32.dll
0x00007ffa84be0000 - 0x00007ffa84d74000 	C:\WINDOWS\System32\gdi32full.dll
0x00007ffa84af0000 - 0x00007ffa84b8e000 	C:\WINDOWS\System32\msvcp_win.dll
0x00007ffa849f0000 - 0x00007ffa84aea000 	C:\WINDOWS\System32\ucrtbase.dll
0x00007ffa6f8b0000 - 0x00007ffa6fb35000 	C:\WINDOWS\WinSxS\amd64_microsoft.windows.common-controls_6595b64144ccf1df_6.0.18362.30_none_a1435978519dce7f\COMCTL32.dll
0x00007ffa85b10000 - 0x00007ffa85e46000 	C:\WINDOWS\System32\combase.dll
0x00007ffa83d80000 - 0x00007ffa83e01000 	C:\WINDOWS\System32\bcryptPrimitives.dll
0x00007ffa854c0000 - 0x00007ffa854ee000 	C:\WINDOWS\System32\IMM32.DLL
0x0000000075b60000 - 0x0000000075c32000 	C:\Program Files\Java\jre1.8.0_45\bin\msvcr100.dll
0x0000000075cd0000 - 0x0000000076553000 	C:\Program Files\Java\jre1.8.0_45\bin\server\jvm.dll
0x00007ffa85820000 - 0x00007ffa85828000 	C:\WINDOWS\System32\PSAPI.DLL
0x00007ffa74330000 - 0x00007ffa74339000 	C:\WINDOWS\SYSTEM32\WSOCK32.dll
0x00007ffa85740000 - 0x00007ffa857af000 	C:\WINDOWS\System32\WS2_32.dll
0x00007ffa81700000 - 0x00007ffa81724000 	C:\WINDOWS\SYSTEM32\WINMM.dll
0x00007ffa7c2e0000 - 0x00007ffa7c2ea000 	C:\WINDOWS\SYSTEM32\VERSION.dll
0x00007ffa816d0000 - 0x00007ffa816fd000 	C:\WINDOWS\SYSTEM32\WINMMBASE.dll
0x00007ffa84b90000 - 0x00007ffa84bda000 	C:\WINDOWS\System32\cfgmgr32.dll
0x0000000077060000 - 0x000000007706f000 	C:\Program Files\Java\jre1.8.0_45\bin\verify.dll
0x0000000077030000 - 0x0000000077059000 	C:\Program Files\Java\jre1.8.0_45\bin\java.dll
0x0000000077010000 - 0x0000000077026000 	C:\Program Files\Java\jre1.8.0_45\bin\zip.dll
0x00007ffa85ed0000 - 0x00007ffa865b0000 	C:\WINDOWS\System32\SHELL32.dll
0x00007ffa866b0000 - 0x00007ffa86759000 	C:\WINDOWS\System32\shcore.dll
0x00007ffa84270000 - 0x00007ffa849eb000 	C:\WINDOWS\System32\windows.storage.dll
0x00007ffa83bc0000 - 0x00007ffa83bdf000 	C:\WINDOWS\System32\profapi.dll
0x00007ffa83c00000 - 0x00007ffa83c4a000 	C:\WINDOWS\System32\powrprof.dll
0x00007ffa83b90000 - 0x00007ffa83ba0000 	C:\WINDOWS\System32\UMPDC.dll
0x00007ffa86650000 - 0x00007ffa866a2000 	C:\WINDOWS\System32\shlwapi.dll
0x00007ffa83be0000 - 0x00007ffa83bf1000 	C:\WINDOWS\System32\kernel.appcore.dll
0x00007ffa83d60000 - 0x00007ffa83d77000 	C:\WINDOWS\System32\cryptsp.dll
0x0000000075b30000 - 0x0000000075b5c000 	C:\Program Files\Java\jre1.8.0_45\bin\prism_d3d.dll
0x00007ffa58240000 - 0x00007ffa58406000 	C:\WINDOWS\system32\d3d9.dll
0x00007ffa82380000 - 0x00007ffa823ad000 	C:\WINDOWS\SYSTEM32\dwmapi.dll
0x00007ffa82850000 - 0x00007ffa82870000 	C:\WINDOWS\SYSTEM32\dxcore.dll
0x00007ffa81f60000 - 0x00007ffa81ff9000 	C:\WINDOWS\system32\uxtheme.dll
0x00007ffa7c350000 - 0x00007ffa7c4c1000 	C:\WINDOWS\SYSTEM32\aticfx64.dll
0x00007ffa80500000 - 0x00007ffa80521000 	C:\WINDOWS\SYSTEM32\atiu9p64.dll
0x00007ffa3d0a0000 - 0x00007ffa3db1f000 	C:\WINDOWS\SYSTEM32\atiumd64.dll
0x0000000075280000 - 0x0000000075b24000 	C:\WINDOWS\SYSTEM32\atiumd6a.dll
0x0000000075230000 - 0x0000000075271000 	C:\Program Files\Java\jre1.8.0_45\bin\glass.dll
0x00007ffa854f0000 - 0x00007ffa855bf000 	C:\WINDOWS\System32\COMDLG32.dll
0x00007ffa86980000 - 0x00007ffa86ad6000 	C:\WINDOWS\System32\ole32.dll
0x00007ffa868b0000 - 0x00007ffa86975000 	C:\WINDOWS\System32\OLEAUT32.dll
0x00007ffa859d0000 - 0x00007ffa85b07000 	C:\WINDOWS\System32\MSCTF.dll
0x00007ffa70830000 - 0x00007ffa7091f000 	C:\Users\USER\.javacpp\cache\opencv-3.2.0-1.3-windows-x86_64.jar\org\bytedeco\javacpp\windows-x86_64\msvcr120.dll
0x00007ffa70780000 - 0x00007ffa70826000 	C:\Users\USER\.javacpp\cache\opencv-3.2.0-1.3-windows-x86_64.jar\org\bytedeco\javacpp\windows-x86_64\msvcp120.dll
0x00007ffa3dec0000 - 0x00007ffa3e148000 	C:\Users\USER\.javacpp\cache\opencv-3.2.0-1.3-windows-x86_64.jar\org\bytedeco\javacpp\windows-x86_64\opencv_core320.dll
0x00007ffa3cd30000 - 0x00007ffa3d092000 	C:\Users\USER\.javacpp\cache\opencv-3.2.0-1.3-windows-x86_64.jar\org\bytedeco\javacpp\windows-x86_64\opencv_imgproc320.dll
0x00007ffa3cae0000 - 0x00007ffa3cd2a000 	C:\Users\USER\.javacpp\cache\opencv-3.2.0-1.3-windows-x86_64.jar\org\bytedeco\javacpp\windows-x86_64\jniopencv_core.dll
0x0000000076ff0000 - 0x000000007700a000 	C:\Program Files\Java\jre1.8.0_45\bin\net.dll
0x00007ffa83400000 - 0x00007ffa83467000 	C:\WINDOWS\system32\mswsock.dll
0x0000000076fd0000 - 0x0000000076fe1000 	C:\Program Files\Java\jre1.8.0_45\bin\nio.dll
0x0000000075090000 - 0x0000000075228000 	C:\Program Files\Java\jre1.8.0_45\bin\awt.dll
0x00007ffa81d80000 - 0x00007ffa81e0f000 	C:\WINDOWS\SYSTEM32\apphelp.dll
0x0000000075070000 - 0x0000000075085000 	C:\Program Files\Java\jre1.8.0_45\bin\javafx_font.dll
0x00007ffa772c0000 - 0x00007ffa775c0000 	C:\WINDOWS\SYSTEM32\dwrite.dll
0x00007ffa855e0000 - 0x00007ffa85682000 	C:\WINDOWS\System32\clbcatq.dll
0x00007ffa7ead0000 - 0x00007ffa7ec7f000 	C:\WINDOWS\SYSTEM32\WindowsCodecs.dll
0x00007ffa62040000 - 0x00007ffa6207a000 	C:\WINDOWS\system32\dataexchange.dll
0x00007ffa814f0000 - 0x00007ffa816cc000 	C:\WINDOWS\system32\dcomp.dll
0x00007ffa80e30000 - 0x00007ffa8108b000 	C:\WINDOWS\system32\d3d11.dll
0x00007ffa828e0000 - 0x00007ffa829ca000 	C:\WINDOWS\system32\dxgi.dll
0x00007ffa82030000 - 0x00007ffa8228a000 	C:\WINDOWS\system32\twinapi.appcore.dll
0x00007ffa82460000 - 0x00007ffa82489000 	C:\WINDOWS\system32\RMCLIENT.dll
0x00007ffa804c0000 - 0x00007ffa804f3000 	C:\Program Files\Common Files\Microsoft Shared\Ink\rtscom.dll
0x00007ffa78de0000 - 0x00007ffa78e7e000 	C:\WINDOWS\System32\TextInputFramework.dll
0x00007ffa7eed0000 - 0x00007ffa7f1f9000 	C:\WINDOWS\System32\CoreUIComponents.dll
0x00007ffa81730000 - 0x00007ffa81804000 	C:\WINDOWS\System32\CoreMessaging.dll
0x00007ffa82c40000 - 0x00007ffa82c71000 	C:\WINDOWS\SYSTEM32\ntmarta.dll
0x00007ffa7f7f0000 - 0x00007ffa7f943000 	C:\WINDOWS\SYSTEM32\wintypes.dll
0x00007ffa778c0000 - 0x00007ffa77b66000 	C:\WINDOWS\System32\iertutil.dll
0x0000000075050000 - 0x0000000075061000 	C:\Program Files\Java\jre1.8.0_45\bin\prism_common.dll
0x00007ffa80870000 - 0x00007ffa80e30000 	C:\WINDOWS\SYSTEM32\d2d1.dll
0x00007ffa3b460000 - 0x00007ffa3bba1000 	C:\WINDOWS\SYSTEM32\D3D10Warp.dll
0x00007ffa59d30000 - 0x00007ffa59e20000 	C:\Users\USER\.javacpp\cache\opencv-3.2.0-1.3-windows-x86_64.jar\org\bytedeco\javacpp\windows-x86_64\jniopencv_imgproc.dll
0x00007ffa36f10000 - 0x00007ffa371da000 	C:\Users\USER\.javacpp\cache\opencv-3.2.0-1.3-windows-x86_64.jar\org\bytedeco\javacpp\windows-x86_64\opencv_imgcodecs320.dll
0x00007ffa80490000 - 0x00007ffa804b5000 	C:\Users\USER\.javacpp\cache\opencv-3.2.0-1.3-windows-x86_64.jar\org\bytedeco\javacpp\windows-x86_64\jniopencv_imgcodecs.dll
0x00007ffa70730000 - 0x00007ffa7077e000 	C:\Users\USER\.javacpp\cache\opencv-3.2.0-1.3-windows-x86_64.jar\org\bytedeco\javacpp\windows-x86_64\opencv_videoio320.dll
0x00007ffa80460000 - 0x00007ffa80489000 	C:\WINDOWS\SYSTEM32\MSVFW32.dll
0x00007ffa7fb40000 - 0x00007ffa7fb60000 	C:\WINDOWS\SYSTEM32\AVIFIL32.dll
0x00007ffa79740000 - 0x00007ffa79758000 	C:\WINDOWS\SYSTEM32\AVICAP32.dll
0x00007ffa709c0000 - 0x00007ffa709dc000 	C:\WINDOWS\SYSTEM32\MSACM32.dll
0x00007ffa709a0000 - 0x00007ffa709b7000 	C:\Users\USER\.javacpp\cache\opencv-3.2.0-1.3-windows-x86_64.jar\org\bytedeco\javacpp\windows-x86_64\jniopencv_videoio.dll
0x00007ffa70700000 - 0x00007ffa7072c000 	C:\Users\USER\.javacpp\cache\opencv-3.2.0-1.3-windows-x86_64.jar\org\bytedeco\javacpp\windows-x86_64\opencv_highgui320.dll
0x00007ffa706c0000 - 0x00007ffa706f8000 	C:\Users\USER\.javacpp\cache\opencv-3.2.0-1.3-windows-x86_64.jar\org\bytedeco\javacpp\windows-x86_64\jniopencv_highgui.dll
0x00007ffa592e0000 - 0x00007ffa593b3000 	C:\Users\USER\.javacpp\cache\opencv-3.2.0-1.3-windows-x86_64.jar\org\bytedeco\javacpp\windows-x86_64\opencv_ml320.dll
0x00007ffa6edb0000 - 0x00007ffa6edf3000 	C:\Users\USER\.javacpp\cache\opencv-3.2.0-1.3-windows-x86_64.jar\org\bytedeco\javacpp\windows-x86_64\jniopencv_ml.dll
0x00007ffa59240000 - 0x00007ffa592d6000 	C:\Users\USER\.javacpp\cache\opencv-3.2.0-1.3-windows-x86_64.jar\org\bytedeco\javacpp\windows-x86_64\opencv_objdetect320.dll
0x00007ffa590e0000 - 0x00007ffa59134000 	C:\Users\USER\.javacpp\cache\opencv-3.2.0-1.3-windows-x86_64.jar\org\bytedeco\javacpp\windows-x86_64\jniopencv_objdetect.dll
0x00007ffa59080000 - 0x00007ffa590d2000 	C:\Users\USER\.javacpp\cache\opencv-3.2.0-1.3-windows-x86_64.jar\org\bytedeco\javacpp\windows-x86_64\opencv_face320.dll
0x00007ffa70610000 - 0x00007ffa7062a000 	C:\Users\USER\.javacpp\cache\opencv-3.2.0-1.3-windows-x86_64.jar\org\bytedeco\javacpp\windows-x86_64\jniopencv_face.dll
0x00007ffa82fc0000 - 0x00007ffa82ff3000 	C:\WINDOWS\system32\rsaenh.dll
0x00007ffa83f90000 - 0x00007ffa83fb6000 	C:\WINDOWS\System32\bcrypt.dll
0x00007ffa83ab0000 - 0x00007ffa83ad5000 	C:\WINDOWS\SYSTEM32\USERENV.dll
0x00007ffa835d0000 - 0x00007ffa835dc000 	C:\WINDOWS\SYSTEM32\CRYPTBASE.dll
0x00007ffa83160000 - 0x00007ffa8319a000 	C:\WINDOWS\SYSTEM32\IPHLPAPI.DLL
0x00007ffa868a0000 - 0x00007ffa868a8000 	C:\WINDOWS\System32\NSI.dll
0x00007ffa7a1e0000 - 0x00007ffa7a1f6000 	C:\WINDOWS\SYSTEM32\dhcpcsvc6.DLL
0x00007ffa7a5d0000 - 0x00007ffa7a5ec000 	C:\WINDOWS\SYSTEM32\dhcpcsvc.DLL
0x00007ffa831a0000 - 0x00007ffa8326a000 	C:\WINDOWS\SYSTEM32\DNSAPI.dll
0x00007ffa705f0000 - 0x00007ffa70608000 	C:\Windows\System32\devenum.dll
0x00007ffa84d80000 - 0x00007ffa851f0000 	C:\WINDOWS\System32\setupapi.dll
0x00007ffa83990000 - 0x00007ffa839ba000 	C:\WINDOWS\SYSTEM32\DEVOBJ.dll
0x00007ffa83d00000 - 0x00007ffa83d5c000 	C:\WINDOWS\System32\WINTRUST.dll
0x00007ffa83ba0000 - 0x00007ffa83bb2000 	C:\WINDOWS\System32\MSASN1.dll
0x00007ffa83e10000 - 0x00007ffa83f59000 	C:\WINDOWS\System32\CRYPT32.dll
0x00007ffa7fb30000 - 0x00007ffa7fb3b000 	C:\WINDOWS\SYSTEM32\msdmo.dll
0x00007ffa5ad60000 - 0x00007ffa5ad94000 	C:\Windows\System32\qcap.dll
0x00007ffa3ab60000 - 0x00007ffa3ad24000 	C:\Windows\System32\quartz.dll
0x00007ffa59ce0000 - 0x00007ffa59d2c000 	C:\Windows\System32\mfksproxy.dll
0x00007ffa63770000 - 0x00007ffa6378c000 	C:\Windows\System32\ATL.DLL
0x00007ffa5d710000 - 0x00007ffa5d90a000 	C:\Windows\System32\MFPlat.DLL
0x00007ffa6f4a0000 - 0x00007ffa6f4cf000 	C:\Windows\System32\RTWorkQ.DLL
0x00007ffa59020000 - 0x00007ffa5907c000 	C:\Windows\System32\MFSENSORGROUP.dll
0x00007ffa597b0000 - 0x00007ffa597fd000 	C:\Windows\System32\ksproxy.ax
0x00007ffa6ea40000 - 0x00007ffa6ea49000 	C:\Windows\System32\ksuser.dll
0x00007ffa7e560000 - 0x00007ffa7e5e0000 	C:\WINDOWS\SYSTEM32\policymanager.dll
0x00007ffa80710000 - 0x00007ffa8079a000 	C:\Windows\System32\msvcp110_win.dll

VM Arguments:
jvm_args: -Djava.library.path=C:\Users\Administrator\Desktop\opencv\build\java\x64 -Dfile.encoding=Cp1252 
java_command: application.Main
java_class_path (initial): E:\coursIUT\perso\PFE\Ressources\VisixEclipse\ExoVisix\target\classes;E:\coursIUT\perso\PFE\Ressources\VisixEclipse\ExoVisix\bin\opencv-341.jar;E:\coursIUT\perso\PFE\Ressources\VisixEclipse\ExoVisix\bin\mysql-connector-java-5.1.49-bin.jar;E:\coursIUT\perso\environnementmaven\env\maven\repository\org\bytedeco\javacv-platform\1.3.2\javacv-platform-1.3.2.jar;E:\coursIUT\perso\environnementmaven\env\maven\repository\org\bytedeco\javacv\1.3.2\javacv-1.3.2.jar;E:\coursIUT\perso\environnementmaven\env\maven\repository\org\bytedeco\javacpp\1.3.2\javacpp-1.3.2.jar;E:\coursIUT\perso\environnementmaven\env\maven\repository\org\bytedeco\javacpp-presets\opencv\3.2.0-1.3\opencv-3.2.0-1.3.jar;E:\coursIUT\perso\environnementmaven\env\maven\repository\org\bytedeco\javacpp-presets\ffmpeg\3.2.1-1.3\ffmpeg-3.2.1-1.3.jar;E:\coursIUT\perso\environnementmaven\env\maven\repository\org\bytedeco\javacpp-presets\flycapture\2.9.3.43-1.3\flycapture-2.9.3.43-1.3.jar;E:\coursIUT\perso\environnementmaven\env\maven\repository\org\bytedeco\javacpp-presets\libdc1394\2.2.4-1.3\libdc1394-2.2.4-1.3.jar;E:\coursIUT\perso\environnementmaven\env\maven\repository\org\bytedeco\javacpp-presets\libfreenect\0.5.3-1.3\libfreenect-0.5.3-1.3.jar;E:\coursIUT\perso\environnementmaven\env\maven\repository\org\bytedeco\javacpp-presets\libfreenect2\0.2.0-1.3\libfreenect2-0.2.0-1.3.jar;E:\coursIUT\perso\environnementmaven\env\maven\repository\org\bytedeco\javacpp-presets\librealsense\1.9.6-1.3\librealsense-1.9.6-1.3.jar;E:\coursIUT\perso\environnementmaven\env\maven\repository\org\bytedeco\javacpp-presets\videoinput\0.200-1.3\videoinput-0.200-1.3.jar;E:\coursIUT\perso\environnementmaven\env\maven\repository\org\bytedeco\javacpp-presets\artoolkitplus\2.3.1-1.3\artoolkitplus-2.3.1-1.3.jar;E:\coursIUT\perso\environnementmaven\env\maven\repository\org\bytedeco\javacpp-presets\flandmark\1.07-1.3\flandmark-1.07-1.3.jar;E:\coursIUT\perso\environnementmaven\env\maven\repository\org\bytedeco\javacpp-
Launcher Type: SUN_STANDARD

Environment Variables:
JAVA_HOME=E:\coursIUT\perso\environnementmaven\env\java\jdk-17
PATH=C:/Program Files/Java/jre1.8.0_45/bin/server;C:/Program Files/Java/jre1.8.0_45/bin;C:/Program Files/Java/jre1.8.0_45/lib/amd64;C:\Program Files\Common Files\Oracle\Java\javapath;C:\Program Files (x86)\NVIDIA Corporation\PhysX\Common;C:\ProgramData\Oracle\Java\javapath;C:\WINDOWS\system32;C:\WINDOWS;C:\WINDOWS\System32\Wbem;C:\WINDOWS\System32\WindowsPowerShell\v1.0\;C:\Program Files (x86)\AMD\ATI.ACE\Core-Static;C:\Users\USER\Desktop\OTB-6.6.1-Win64\bin;C:\Program Files\7-Zip;C:\Program Files\ActivIdentity\ActivClient\;C:\Program Files (x86)\ActivIdentity\ActivClient\;C:\WINDOWS\System32\OpenSSH\;C:\Users\USER\AppData\Local\bin\NASM;C:\Users\USER\AppData\Local\nasm;C:\Program Files\MySQL\MySQL Server 8.0\bin;C:\Program Files (x86)\Microsoft SQL Server\100\Tools\Binn\;C:\Program Files\Microsoft SQL Server\100\Tools\Binn\;C:\Program Files\Microsoft SQL Server\100\DTS\Binn\;C:\Program Files\Git\cmd;C:\Program Files\Git\mingw64\bin;C:\Program Files\Git\usr\bin;C:\Program Files\CMake\bin;C:\Program Files\PostgreSQL\13\bin;C:\Program Files\Java\jdk-17\bin;C:\Program Files\dotnet\;E:\MinGW\bin;E:\coursIUT\perso\environnementmaven\env\java\jdk-17\bin;E:\coursIUT\perso\environnementmaven\env\maven\apache-maven-3.8.4\bin;E:\OCR\Tesseract-OCR;C:\Users\USER\anaconda3;C:\Users\USER\anaconda3\Library\mingw-w64\bin;C:\Users\USER\anaconda3\Library\usr\bin;C:\Users\USER\anaconda3\Library\bin;C:\Users\USER\anaconda3\Scripts;C:\Users\USER\AppData\Local\Microsoft\WindowsApps;C:\Program Files\Microsoft VS Code\bin;;E:\logiciels\eclipse;
USERNAME=Martial Kom
OS=Windows_NT
PROCESSOR_IDENTIFIER=Intel64 Family 6 Model 42 Stepping 7, GenuineIntel



---------------  S Y S T E M  ---------------

OS: Windows 10.0 , 64 bit Build 18362 (10.0.18362.1)

CPU:total 4 (2 cores per cpu, 2 threads per core) family 6 model 42 stepping 7, cmov, cx8, fxsr, mmx, sse, sse2, sse3, ssse3, sse4.1, sse4.2, popcnt, avx, aes, clmul, ht, tsc, tscinvbit

Memory: 4k page, physical 8337768k(4399952k free), swap 16726376k(12019920k free)

vm_info: Java HotSpot(TM) 64-Bit Server VM (25.45-b02) for windows-amd64 JRE (1.8.0_45-b14), built on Apr 10 2015 10:34:15 by "java_re" with MS VC++ 10.0 (VS2010)

time: Wed Mar 16 10:49:11 2022
elapsed time: 72 seconds (0d 0h 1m 12s)

