#
# A fatal error has been detected by the Java Runtime Environment:
#
#  EXCEPTION_UNCAUGHT_CXX_EXCEPTION (0xe06d7363) at pc=0x00007ffbea86a839, pid=8368, tid=18092
#
# JRE version: Java(TM) SE Runtime Environment (8.0_45-b14) (build 1.8.0_45-b14)
# Java VM: Java HotSpot(TM) 64-Bit Server VM (25.45-b02 mixed mode windows-amd64 compressed oops)
# Problematic frame:
# C  [KERNELBASE.dll+0x3a839]
#
# Failed to write core dump. Minidumps are not enabled by default on client versions of Windows
#
# If you would like to submit a bug report, please visit:
#   http://bugreport.java.com/bugreport/crash.jsp
# The crash happened outside the Java Virtual Machine in native code.
# See problematic frame for where to report the bug.
#

---------------  T H R E A D  ---------------

Current thread (0x000000001d8c1800):  JavaThread "Thread-5" [_thread_in_native, id=18092, stack(0x00000000286b0000,0x00000000287b0000)]

siginfo: ExceptionCode=0xe06d7363, ExceptionInformation=0x0000000019930520 0x000000002879e850 0x00007ffb90c8cd78 0x00007ffb90a40000 

Registers:
RAX=0x0000000000000000, RBX=0x00007ffb90c8cd78, RCX=0x0000000000000000, RDX=0x0000000000000000
RSP=0x000000002879e6c0, RBP=0x000000002879e800, RSI=0x00007ffb9041d758, RDI=0x000000002879e850
R8 =0x0000000000000000, R9 =0x0000000000000000, R10=0x0000000000000000, R11=0x0000000000000000
R12=0x00000000ffffff29, R13=0x0000000000000000, R14=0x00007ffb9041d530, R15=0x00000000287aea50
RIP=0x00007ffbea86a839, EFLAGS=0x0000000000000202

Top of Stack: (sp=0x000000002879e6c0)
0x000000002879e6c0:   0000000000000000 00007ffb90c8cd78
0x000000002879e6d0:   00007ffb9041d758 0000000000000000
0x000000002879e6e0:   00000001e06d7363 0000000000000000
0x000000002879e6f0:   00007ffbea86a839 0000000000000004
0x000000002879e700:   0000000019930520 000000002879e850
0x000000002879e710:   00007ffb90c8cd78 00007ffb90a40000
0x000000002879e720:   0000000000000000 00000000ffffff29
0x000000002879e730:   00007ffb9041d758 000000002879e800
0x000000002879e740:   000000002879e810 00007ffbed7df42f
0x000000002879e750:   000000002879e850 00007ffb00000000
0x000000002879e760:   000000002879e850 00007ffb9b67d306
0x000000002879e770:   00007ffb90caf000 00007ffb90a40000
0x000000002879e780:   0000c1a4c6d6b9d6 00007ffb9b6fc4d0
0x000000002879e790:   00007ffb90c8cd78 00007ffb9b67ef63
0x000000002879e7a0:   000000002879e850 00007ffb9b64eb8d
0x000000002879e7b0:   00007ffb9b6fc4d0 00007ffb9041d758 

Instructions: (pc=0x00007ffbea86a839)
0x00007ffbea86a819:   8b d1 44 0f 47 c0 44 89 44 24 38 49 c1 e0 03 e8
0x00007ffbea86a829:   0a 4a 05 00 48 8d 4c 24 20 48 ff 15 df be 16 00
0x00007ffbea86a839:   0f 1f 44 00 00 48 8b 8c 24 c0 00 00 00 48 33 cc
0x00007ffbea86a849:   e8 82 ec 04 00 48 81 c4 d8 00 00 00 c3 83 64 24 


Register to memory mapping:

RAX=0x0000000000000000 is an unknown value
RBX=0x00007ffb90c8cd78 is an unknown value
RCX=0x0000000000000000 is an unknown value
RDX=0x0000000000000000 is an unknown value
RSP=0x000000002879e6c0 is pointing into the stack for thread: 0x000000001d8c1800
RBP=0x000000002879e800 is pointing into the stack for thread: 0x000000001d8c1800
RSI=0x00007ffb9041d758 is an unknown value
RDI=0x000000002879e850 is pointing into the stack for thread: 0x000000001d8c1800
R8 =0x0000000000000000 is an unknown value
R9 =0x0000000000000000 is an unknown value
R10=0x0000000000000000 is an unknown value
R11=0x0000000000000000 is an unknown value
R12=0x00000000ffffff29 is an unallocated location in the heap
R13=0x0000000000000000 is an unknown value
R14=0x00007ffb9041d530 is an unknown value
R15=0x00000000287aea50 is pointing into the stack for thread: 0x000000001d8c1800


Stack: [0x00000000286b0000,0x00000000287b0000],  sp=0x000000002879e6c0,  free space=953k
Native frames: (J=compiled Java code, j=interpreted, Vv=VM code, C=native code)
C  [KERNELBASE.dll+0x3a839]
C  [msvcr120.dll+0x5ef63]
C  [opencv_core320.dll+0x1a2c34]
C  [opencv_core320.dll+0x1a2d76]
C  [opencv_imgproc320.dll+0x136701]
C  [opencv_imgproc320.dll+0x13c0b1]
C  [jniopencv_imgproc.dll+0x1dafd]
C  0x0000000003c4a0b1

Java frames: (J=compiled Java code, j=interpreted, Vv=VM code)
J 4546  org.bytedeco.javacpp.opencv_imgproc.cvResize(Lorg/bytedeco/javacpp/helper/opencv_core$CvArr;Lorg/bytedeco/javacpp/helper/opencv_core$CvArr;I)V (0 bytes) @ 0x0000000003c4a02b [0x0000000003c49fc0+0x6b]
j  application.FaceDetector.run()V+307
j  java.lang.Thread.run()V+11
v  ~StubRoutines::call_stub

---------------  P R O C E S S  ---------------

Java Threads: ( => current thread )
  0x000000001d629000 JavaThread "mysql-cj-abandoned-connection-cleanup" daemon [_thread_blocked, id=19868, stack(0x0000000029790000,0x0000000029890000)]
=>0x000000001d8c1800 JavaThread "Thread-5" [_thread_in_native, id=18092, stack(0x00000000286b0000,0x00000000287b0000)]
  0x000000001ca8d800 JavaThread "Prism Font Disposer" daemon [_thread_blocked, id=20732, stack(0x00000000210f0000,0x00000000211f0000)]
  0x000000001d542800 JavaThread "AWT-Windows" daemon [_thread_in_native, id=19400, stack(0x000000001e6f0000,0x000000001e7f0000)]
  0x000000001d541000 JavaThread "Java2D Disposer" daemon [_thread_blocked, id=13992, stack(0x000000001e3f0000,0x000000001e4f0000)]
  0x000000001cddd800 JavaThread "JavaCPP Deallocator" daemon [_thread_blocked, id=17088, stack(0x000000001df80000,0x000000001e080000)]
  0x00000000195fe000 JavaThread "JavaFX-Launcher" [_thread_blocked, id=11368, stack(0x000000001ccb0000,0x000000001cdb0000)]
  0x000000001963f800 JavaThread "Thread-2" daemon [_thread_in_native, id=3732, stack(0x000000001cbb0000,0x000000001ccb0000)]
  0x00000000195da000 JavaThread "JavaFX Application Thread" [_thread_in_native, id=14268, stack(0x0000000019fd0000,0x000000001a0d0000)]
  0x00000000195d9000 JavaThread "Thread-1" daemon [_thread_blocked, id=16296, stack(0x0000000019ed0000,0x0000000019fd0000)]
  0x00000000195a9800 JavaThread "QuantumRenderer-0" daemon [_thread_blocked, id=15516, stack(0x0000000019850000,0x0000000019950000)]
  0x0000000019280800 JavaThread "Service Thread" daemon [_thread_blocked, id=12836, stack(0x0000000019650000,0x0000000019750000)]
  0x0000000017a09800 JavaThread "C1 CompilerThread2" daemon [_thread_blocked, id=11200, stack(0x0000000019150000,0x0000000019250000)]
  0x00000000179f8800 JavaThread "C2 CompilerThread1" daemon [_thread_blocked, id=17384, stack(0x0000000019050000,0x0000000019150000)]
  0x00000000179f6800 JavaThread "C2 CompilerThread0" daemon [_thread_blocked, id=17356, stack(0x0000000018f50000,0x0000000019050000)]
  0x00000000179f4800 JavaThread "Attach Listener" daemon [_thread_blocked, id=22200, stack(0x0000000018e50000,0x0000000018f50000)]
  0x00000000179f3000 JavaThread "Signal Dispatcher" daemon [_thread_blocked, id=11956, stack(0x0000000018d50000,0x0000000018e50000)]
  0x0000000002e3d800 JavaThread "Finalizer" daemon [_thread_blocked, id=20324, stack(0x0000000018c50000,0x0000000018d50000)]
  0x0000000002e35800 JavaThread "Reference Handler" daemon [_thread_blocked, id=17456, stack(0x0000000018b50000,0x0000000018c50000)]
  0x0000000002d48000 JavaThread "main" [_thread_blocked, id=7500, stack(0x0000000002c40000,0x0000000002d40000)]

Other Threads:
  0x00000000179b7800 VMThread [stack: 0x0000000018a50000,0x0000000018b50000] [id=6660]
  0x0000000017a4c800 WatcherThread [stack: 0x0000000019750000,0x0000000019850000] [id=10064]

VM state:not at safepoint (normal execution)

VM Mutex/Monitor currently owned by a thread: None

Heap:
 PSYoungGen      total 113664K, used 65737K [0x00000000d5980000, 0x00000000dd300000, 0x0000000100000000)
  eden space 103936K, 58% used [0x00000000d5980000,0x00000000d94d2668,0x00000000dbf00000)
  from space 9728K, 51% used [0x00000000dc980000,0x00000000dce60040,0x00000000dd300000)
  to   space 10240K, 0% used [0x00000000dbf00000,0x00000000dbf00000,0x00000000dc900000)
 ParOldGen       total 73728K, used 23287K [0x0000000080c00000, 0x0000000085400000, 0x00000000d5980000)
  object space 73728K, 31% used [0x0000000080c00000,0x00000000822bde28,0x0000000085400000)
 Metaspace       used 30753K, capacity 31932K, committed 32176K, reserved 1077248K
  class space    used 4004K, capacity 4243K, committed 4272K, reserved 1048576K

Card table byte_map: [0x0000000012200000,0x0000000012600000] byte_map_base: 0x0000000011dfa000

Marking Bits: (ParMarkBitMap*) 0x000000006be94040
 Begin Bits: [0x0000000012cb0000, 0x0000000014c80000)
 End Bits:   [0x0000000014c80000, 0x0000000016c50000)

Polling page: 0x0000000000d10000

CodeCache: size=245760Kb used=14402Kb max_used=14594Kb free=231357Kb
 bounds [0x0000000002e40000, 0x0000000003ca0000, 0x0000000011e40000]
 total_blobs=5412 nmethods=4487 adapters=836
 compilation: enabled

Compilation events (10 events):
Event: 40.562 Thread 0x0000000017a09800 4975       2       javafx.scene.Node::getLocalBounds (162 bytes)
Event: 40.564 Thread 0x0000000017a09800 nmethod 4975 0x000000000313ca50 code [0x000000000313cce0, 0x000000000313d498]
Event: 40.566 Thread 0x0000000017a09800 4976       3       com.sun.javafx.sg.prism.NGGroup::clearDirty (21 bytes)
Event: 40.566 Thread 0x0000000017a09800 nmethod 4976 0x000000000374f850 code [0x000000000374f9e0, 0x000000000374fd98]
Event: 40.568 Thread 0x00000000179f8800 nmethod 4973% 0x000000000315be50 code [0x000000000315bfc0, 0x000000000315c338]
Event: 40.568 Thread 0x00000000179f8800 4974       4       javafx.scene.Node::updateLocalToParentTransform (442 bytes)
Event: 40.573 Thread 0x00000000179f6800 nmethod 4961 0x000000000345ce10 code [0x000000000345cfa0, 0x000000000345d808]
Event: 40.583 Thread 0x00000000179f8800 nmethod 4974 0x0000000003767c10 code [0x0000000003767ee0, 0x0000000003768ce8]
Event: 40.584 Thread 0x0000000017a09800 4977       3       java.util.WeakHashMap::size (18 bytes)
Event: 40.584 Thread 0x0000000017a09800 nmethod 4977 0x0000000002fe94d0 code [0x0000000002fe9640, 0x0000000002fe9828]

GC Heap History (10 events):
Event: 34.345 GC heap before
{Heap before GC invocations=21 (full 1):
 PSYoungGen      total 102400K, used 97185K [0x00000000d5980000, 0x00000000dcc00000, 0x0000000100000000)
  eden space 91648K, 99% used [0x00000000d5980000,0x00000000db2cb238,0x00000000db300000)
  from space 10752K, 53% used [0x00000000db300000,0x00000000db89d490,0x00000000dbd80000)
  to   space 10240K, 0% used [0x00000000dc200000,0x00000000dc200000,0x00000000dcc00000)
 ParOldGen       total 73728K, used 20002K [0x0000000080c00000, 0x0000000085400000, 0x00000000d5980000)
  object space 73728K, 27% used [0x0000000080c00000,0x0000000081f88998,0x0000000085400000)
 Metaspace       used 30637K, capacity 31800K, committed 32176K, reserved 1077248K
  class space    used 4003K, capacity 4243K, committed 4272K, reserved 1048576K
Event: 34.348 GC heap after
Heap after GC invocations=21 (full 1):
 PSYoungGen      total 105984K, used 3105K [0x00000000d5980000, 0x00000000dcb80000, 0x0000000100000000)
  eden space 96256K, 0% used [0x00000000d5980000,0x00000000d5980000,0x00000000db780000)
  from space 9728K, 31% used [0x00000000dc200000,0x00000000dc508460,0x00000000dcb80000)
  to   space 10240K, 0% used [0x00000000db780000,0x00000000db780000,0x00000000dc180000)
 ParOldGen       total 73728K, used 21470K [0x0000000080c00000, 0x0000000085400000, 0x00000000d5980000)
  object space 73728K, 29% used [0x0000000080c00000,0x00000000820f79d8,0x0000000085400000)
 Metaspace       used 30637K, capacity 31800K, committed 32176K, reserved 1077248K
  class space    used 4003K, capacity 4243K, committed 4272K, reserved 1048576K
}
Event: 35.659 GC heap before
{Heap before GC invocations=22 (full 1):
 PSYoungGen      total 105984K, used 98458K [0x00000000d5980000, 0x00000000dcb80000, 0x0000000100000000)
  eden space 96256K, 99% used [0x00000000d5980000,0x00000000db69e6e8,0x00000000db780000)
  from space 9728K, 31% used [0x00000000dc200000,0x00000000dc508460,0x00000000dcb80000)
  to   space 10240K, 0% used [0x00000000db780000,0x00000000db780000,0x00000000dc180000)
 ParOldGen       total 73728K, used 21470K [0x0000000080c00000, 0x0000000085400000, 0x00000000d5980000)
  object space 73728K, 29% used [0x0000000080c00000,0x00000000820f79d8,0x0000000085400000)
 Metaspace       used 30642K, capacity 31804K, committed 32176K, reserved 1077248K
  class space    used 4003K, capacity 4243K, committed 4272K, reserved 1048576K
Event: 35.662 GC heap after
Heap after GC invocations=22 (full 1):
 PSYoungGen      total 106496K, used 1392K [0x00000000d5980000, 0x00000000dd100000, 0x0000000100000000)
  eden space 96256K, 0% used [0x00000000d5980000,0x00000000d5980000,0x00000000db780000)
  from space 10240K, 13% used [0x00000000db780000,0x00000000db8dc010,0x00000000dc180000)
  to   space 10752K, 0% used [0x00000000dc680000,0x00000000dc680000,0x00000000dd100000)
 ParOldGen       total 73728K, used 23215K [0x0000000080c00000, 0x0000000085400000, 0x00000000d5980000)
  object space 73728K, 31% used [0x0000000080c00000,0x00000000822abe28,0x0000000085400000)
 Metaspace       used 30642K, capacity 31804K, committed 32176K, reserved 1077248K
  class space    used 4003K, capacity 4243K, committed 4272K, reserved 1048576K
}
Event: 36.970 GC heap before
{Heap before GC invocations=23 (full 1):
 PSYoungGen      total 106496K, used 96712K [0x00000000d5980000, 0x00000000dd100000, 0x0000000100000000)
  eden space 96256K, 99% used [0x00000000d5980000,0x00000000db696310,0x00000000db780000)
  from space 10240K, 13% used [0x00000000db780000,0x00000000db8dc010,0x00000000dc180000)
  to   space 10752K, 0% used [0x00000000dc680000,0x00000000dc680000,0x00000000dd100000)
 ParOldGen       total 73728K, used 23215K [0x0000000080c00000, 0x0000000085400000, 0x00000000d5980000)
  object space 73728K, 31% used [0x0000000080c00000,0x00000000822abe28,0x0000000085400000)
 Metaspace       used 30643K, capacity 31804K, committed 32176K, reserved 1077248K
  class space    used 4003K, capacity 4243K, committed 4272K, reserved 1048576K
Event: 36.972 GC heap after
Heap after GC invocations=23 (full 1):
 PSYoungGen      total 111104K, used 1392K [0x00000000d5980000, 0x00000000dd180000, 0x0000000100000000)
  eden space 100352K, 0% used [0x00000000d5980000,0x00000000d5980000,0x00000000dbb80000)
  from space 10752K, 12% used [0x00000000dc680000,0x00000000dc7dc010,0x00000000dd100000)
  to   space 11264K, 0% used [0x00000000dbb80000,0x00000000dbb80000,0x00000000dc680000)
 ParOldGen       total 73728K, used 23239K [0x0000000080c00000, 0x0000000085400000, 0x00000000d5980000)
  object space 73728K, 31% used [0x0000000080c00000,0x00000000822b1e28,0x0000000085400000)
 Metaspace       used 30643K, capacity 31804K, committed 32176K, reserved 1077248K
  class space    used 4003K, capacity 4243K, committed 4272K, reserved 1048576K
}
Event: 38.316 GC heap before
{Heap before GC invocations=24 (full 1):
 PSYoungGen      total 111104K, used 100765K [0x00000000d5980000, 0x00000000dd180000, 0x0000000100000000)
  eden space 100352K, 99% used [0x00000000d5980000,0x00000000dba8b4c0,0x00000000dbb80000)
  from space 10752K, 12% used [0x00000000dc680000,0x00000000dc7dc010,0x00000000dd100000)
  to   space 11264K, 0% used [0x00000000dbb80000,0x00000000dbb80000,0x00000000dc680000)
 ParOldGen       total 73728K, used 23239K [0x0000000080c00000, 0x0000000085400000, 0x00000000d5980000)
  object space 73728K, 31% used [0x0000000080c00000,0x00000000822b1e28,0x0000000085400000)
 Metaspace       used 30708K, capacity 31868K, committed 32176K, reserved 1077248K
  class space    used 4003K, capacity 4243K, committed 4272K, reserved 1048576K
Event: 38.318 GC heap after
Heap after GC invocations=24 (full 1):
 PSYoungGen      total 111616K, used 2560K [0x00000000d5980000, 0x00000000dd400000, 0x0000000100000000)
  eden space 100352K, 0% used [0x00000000d5980000,0x00000000d5980000,0x00000000dbb80000)
  from space 11264K, 22% used [0x00000000dbb80000,0x00000000dbe00020,0x00000000dc680000)
  to   space 10752K, 0% used [0x00000000dc980000,0x00000000dc980000,0x00000000dd400000)
 ParOldGen       total 73728K, used 23255K [0x0000000080c00000, 0x0000000085400000, 0x00000000d5980000)
  object space 73728K, 31% used [0x0000000080c00000,0x00000000822b5e28,0x0000000085400000)
 Metaspace       used 30708K, capacity 31868K, committed 32176K, reserved 1077248K
  class space    used 4003K, capacity 4243K, committed 4272K, reserved 1048576K
}
Event: 39.694 GC heap before
{Heap before GC invocations=25 (full 1):
 PSYoungGen      total 111616K, used 102701K [0x00000000d5980000, 0x00000000dd400000, 0x0000000100000000)
  eden space 100352K, 99% used [0x00000000d5980000,0x00000000dbb4b5b8,0x00000000dbb80000)
  from space 11264K, 22% used [0x00000000dbb80000,0x00000000dbe00020,0x00000000dc680000)
  to   space 10752K, 0% used [0x00000000dc980000,0x00000000dc980000,0x00000000dd400000)
 ParOldGen       total 73728K, used 23255K [0x0000000080c00000, 0x0000000085400000, 0x00000000d5980000)
  object space 73728K, 31% used [0x0000000080c00000,0x00000000822b5e28,0x0000000085400000)
 Metaspace       used 30720K, capacity 31868K, committed 32176K, reserved 1077248K
  class space    used 4003K, capacity 4243K, committed 4272K, reserved 1048576K
Event: 39.697 GC heap after
Heap after GC invocations=25 (full 1):
 PSYoungGen      total 113664K, used 4992K [0x00000000d5980000, 0x00000000dd300000, 0x0000000100000000)
  eden space 103936K, 0% used [0x00000000d5980000,0x00000000d5980000,0x00000000dbf00000)
  from space 9728K, 51% used [0x00000000dc980000,0x00000000dce60040,0x00000000dd300000)
  to   space 10240K, 0% used [0x00000000dbf00000,0x00000000dbf00000,0x00000000dc900000)
 ParOldGen       total 73728K, used 23287K [0x0000000080c00000, 0x0000000085400000, 0x00000000d5980000)
  object space 73728K, 31% used [0x0000000080c00000,0x00000000822bde28,0x0000000085400000)
 Metaspace       used 30720K, capacity 31868K, committed 32176K, reserved 1077248K
  class space    used 4003K, capacity 4243K, committed 4272K, reserved 1048576K
}

Deoptimization events (10 events):
Event: 40.547 Thread 0x00000000195da000 Uncommon trap: reason=null_check action=make_not_entrant pc=0x00000000039ebd80 method=javafx.scene.Node$MiscProperties.getClip()Ljavafx/scene/Node; @ 20
Event: 40.547 Thread 0x00000000195da000 Uncommon trap: reason=class_check action=maybe_recompile pc=0x000000000396eda4 method=javafx.scene.Node.updateLocalToParentTransform()V @ 11
Event: 40.547 Thread 0x00000000195da000 Uncommon trap: reason=null_check action=make_not_entrant pc=0x0000000003ac0fb0 method=javafx.scene.Node$MiscProperties.getClip()Ljavafx/scene/Node; @ 20
Event: 40.547 Thread 0x00000000195da000 Uncommon trap: reason=class_check action=maybe_recompile pc=0x000000000396eda4 method=javafx.scene.Node.updateLocalToParentTransform()V @ 11
Event: 40.547 Thread 0x00000000195da000 Uncommon trap: reason=class_check action=maybe_recompile pc=0x000000000396eda4 method=javafx.scene.Node.updateLocalToParentTransform()V @ 11
Event: 40.549 Thread 0x00000000195a9800 Uncommon trap: reason=unstable_if action=reinterpret pc=0x000000000375cec8 method=com.sun.javafx.sg.prism.NGGroup.computeRenderRoot(Lcom/sun/javafx/sg/prism/NodePath;Lcom/sun/javafx/geom/RectBounds;ILcom/sun/javafx/geom/transform/BaseTransform;Lcom/sun/jav—îù~PFD@
Event: 40.549 Thread 0x00000000195a9800 Uncommon trap: reason=unstable_if action=reinterpret pc=0x000000000375ca20 method=com.sun.javafx.sg.prism.NGGroup.computeRenderRoot(Lcom/sun/javafx/sg/prism/NodePath;Lcom/sun/javafx/geom/RectBounds;ILcom/sun/javafx/geom/transform/BaseTransform;Lcom/sun/jav)íØRFD@
Event: 40.549 Thread 0x00000000195a9800 Uncommon trap: reason=unstable_if action=reinterpret pc=0x000000000375cb30 method=com.sun.javafx.sg.prism.NGRegion.computeRenderRoot(Lcom/sun/javafx/sg/prism/NodePath;Lcom/sun/javafx/geom/RectBounds;ILcom/sun/javafx/geom/transform/BaseTransform;Lcom/sun/ja≤ÂK^SFD@
Event: 40.549 Thread 0x00000000195a9800 Uncommon trap: reason=unstable_if action=reinterpret pc=0x00000000033a5538 method=com.sun.javafx.sg.prism.NGRegion.computeRenderRoot(Lcom/sun/javafx/sg/prism/NodePath;Lcom/sun/javafx/geom/RectBounds;ILcom/sun/javafx/geom/transform/BaseTransform;Lcom/sun/ja¢˘R.GD@
Event: 40.556 Thread 0x00000000195a9800 Uncommon trap: reason=unstable_if action=reinterpret pc=0x0000000003b53fd0 method=com.sun.javafx.sg.prism.NGGroup.clearDirty()V @ 8

Internal exceptions (10 events):
Event: 19.804 Thread 0x00000000195da000 Exception <a 'java/security/PrivilegedActionException'> (0x00000000d5a15fb0) thrown at [C:\re\workspace\8-2-build-windows-amd64-cygwin\jdk8u45\3457\hotspot\src\share\vm\prims\jvm.cpp, line 1382]
Event: 19.806 Thread 0x00000000195da000 Exception <a 'java/security/PrivilegedActionException'> (0x00000000d5aae300) thrown at [C:\re\workspace\8-2-build-windows-amd64-cygwin\jdk8u45\3457\hotspot\src\share\vm\prims\jvm.cpp, line 1382]
Event: 19.806 Thread 0x00000000195da000 Exception <a 'java/security/PrivilegedActionException'> (0x00000000d5aae968) thrown at [C:\re\workspace\8-2-build-windows-amd64-cygwin\jdk8u45\3457\hotspot\src\share\vm\prims\jvm.cpp, line 1382]
Event: 35.034 Thread 0x00000000195a9800 Implicit null exception at 0x0000000003b21059 to 0x0000000003b2292d
Event: 35.035 Thread 0x00000000195a9800 Implicit null exception at 0x00000000030e86e5 to 0x00000000030e8769
Event: 35.035 Thread 0x00000000195a9800 Implicit null exception at 0x0000000003afd354 to 0x0000000003afd3b9
Event: 35.038 Thread 0x00000000195a9800 Implicit null exception at 0x000000000309d4d0 to 0x000000000309d529
Event: 35.048 Thread 0x00000000195a9800 Implicit null exception at 0x00000000033a8acb to 0x00000000033aaf35
Event: 40.547 Thread 0x00000000195da000 Implicit null exception at 0x00000000039eba5a to 0x00000000039ebd71
Event: 40.547 Thread 0x00000000195da000 Implicit null exception at 0x0000000003ac0470 to 0x0000000003ac0f95

Events (10 events):
Event: 40.549 Thread 0x00000000195a9800 DEOPT UNPACKING pc=0x0000000002e8582a sp=0x000000001994e918 mode 2
Event: 40.549 Thread 0x00000000195a9800 Uncommon trap: trap_request=0xffffff65 fr.pc=0x000000000375cb30
Event: 40.549 Thread 0x00000000195a9800 DEOPT PACKING pc=0x000000000375cb30 sp=0x000000001994eac0
Event: 40.549 Thread 0x00000000195a9800 DEOPT UNPACKING pc=0x0000000002e8582a sp=0x000000001994e990 mode 2
Event: 40.549 Thread 0x00000000195a9800 Uncommon trap: trap_request=0xffffff65 fr.pc=0x00000000033a5538
Event: 40.549 Thread 0x00000000195a9800 DEOPT PACKING pc=0x00000000033a5538 sp=0x000000001994ebc0
Event: 40.549 Thread 0x00000000195a9800 DEOPT UNPACKING pc=0x0000000002e8582a sp=0x000000001994eb58 mode 2
Event: 40.556 Thread 0x00000000195a9800 Uncommon trap: trap_request=0xffffff65 fr.pc=0x0000000003b53fd0
Event: 40.556 Thread 0x00000000195a9800 DEOPT PACKING pc=0x0000000003b53fd0 sp=0x000000001994b8e0
Event: 40.556 Thread 0x00000000195a9800 DEOPT UNPACKING pc=0x0000000002e8582a sp=0x000000001994b880 mode 2


Dynamic libraries:
0x00007ff62bfb0000 - 0x00007ff62bfe7000 	C:\Program Files\Java\jre1.8.0_45\bin\javaw.exe
0x00007ffbed7c0000 - 0x00007ffbed9b0000 	C:\WINDOWS\SYSTEM32\ntdll.dll
0x00007ffbeccc0000 - 0x00007ffbecd72000 	C:\WINDOWS\System32\KERNEL32.DLL
0x00007ffbea830000 - 0x00007ffbeaad2000 	C:\WINDOWS\System32\KERNELBASE.dll
0x00007ffbed6d0000 - 0x00007ffbed773000 	C:\WINDOWS\System32\ADVAPI32.dll
0x00007ffbed480000 - 0x00007ffbed51e000 	C:\WINDOWS\System32\msvcrt.dll
0x00007ffbecfe0000 - 0x00007ffbed077000 	C:\WINDOWS\System32\sechost.dll
0x00007ffbed0f0000 - 0x00007ffbed210000 	C:\WINDOWS\System32\RPCRT4.dll
0x00007ffbed520000 - 0x00007ffbed6b3000 	C:\WINDOWS\System32\USER32.dll
0x00007ffbeb930000 - 0x00007ffbeb951000 	C:\WINDOWS\System32\win32u.dll
0x00007ffbec040000 - 0x00007ffbec066000 	C:\WINDOWS\System32\GDI32.dll
0x00007ffbeb690000 - 0x00007ffbeb824000 	C:\WINDOWS\System32\gdi32full.dll
0x00007ffbeb5a0000 - 0x00007ffbeb63e000 	C:\WINDOWS\System32\msvcp_win.dll
0x00007ffbeb830000 - 0x00007ffbeb92a000 	C:\WINDOWS\System32\ucrtbase.dll
0x00007ffbdc320000 - 0x00007ffbdc5a5000 	C:\WINDOWS\WinSxS\amd64_microsoft.windows.common-controls_6595b64144ccf1df_6.0.18362.30_none_a1435978519dce7f\COMCTL32.dll
0x00007ffbec620000 - 0x00007ffbec956000 	C:\WINDOWS\System32\combase.dll
0x00007ffbeb3a0000 - 0x00007ffbeb421000 	C:\WINDOWS\System32\bcryptPrimitives.dll
0x00007ffbecf90000 - 0x00007ffbecfbe000 	C:\WINDOWS\System32\IMM32.DLL
0x000000006a3e0000 - 0x000000006a4b2000 	C:\Program Files\Java\jre1.8.0_45\bin\msvcr100.dll
0x000000006b690000 - 0x000000006bf13000 	C:\Program Files\Java\jre1.8.0_45\bin\server\jvm.dll
0x00007ffbed080000 - 0x00007ffbed088000 	C:\WINDOWS\System32\PSAPI.DLL
0x00007ffbe3860000 - 0x00007ffbe386a000 	C:\WINDOWS\SYSTEM32\VERSION.dll
0x00007ffbe83d0000 - 0x00007ffbe83f4000 	C:\WINDOWS\SYSTEM32\WINMM.dll
0x00007ffbdabd0000 - 0x00007ffbdabd9000 	C:\WINDOWS\SYSTEM32\WSOCK32.dll
0x00007ffbecc50000 - 0x00007ffbeccbf000 	C:\WINDOWS\System32\WS2_32.dll
0x00007ffbe83a0000 - 0x00007ffbe83cd000 	C:\WINDOWS\SYSTEM32\WINMMBASE.dll
0x00007ffbeb640000 - 0x00007ffbeb68a000 	C:\WINDOWS\System32\cfgmgr32.dll
0x000000006b680000 - 0x000000006b68f000 	C:\Program Files\Java\jre1.8.0_45\bin\verify.dll
0x000000006b650000 - 0x000000006b679000 	C:\Program Files\Java\jre1.8.0_45\bin\java.dll
0x000000006b630000 - 0x000000006b646000 	C:\Program Files\Java\jre1.8.0_45\bin\zip.dll
0x00007ffbeb960000 - 0x00007ffbec040000 	C:\WINDOWS\System32\SHELL32.dll
0x00007ffbecba0000 - 0x00007ffbecc49000 	C:\WINDOWS\System32\shcore.dll
0x00007ffbeaae0000 - 0x00007ffbeb25b000 	C:\WINDOWS\System32\windows.storage.dll
0x00007ffbea780000 - 0x00007ffbea79f000 	C:\WINDOWS\System32\profapi.dll
0x00007ffbea7c0000 - 0x00007ffbea80a000 	C:\WINDOWS\System32\powrprof.dll
0x00007ffbea770000 - 0x00007ffbea780000 	C:\WINDOWS\System32\UMPDC.dll
0x00007ffbed090000 - 0x00007ffbed0e2000 	C:\WINDOWS\System32\shlwapi.dll
0x00007ffbea7a0000 - 0x00007ffbea7b1000 	C:\WINDOWS\System32\kernel.appcore.dll
0x00007ffbeb430000 - 0x00007ffbeb447000 	C:\WINDOWS\System32\cryptsp.dll
0x000000006a3b0000 - 0x000000006a3dc000 	C:\Program Files\Java\jre1.8.0_45\bin\prism_d3d.dll
0x00007ffbc3bd0000 - 0x00007ffbc3d96000 	C:\WINDOWS\system32\d3d9.dll
0x00007ffbe8f60000 - 0x00007ffbe8f8d000 	C:\WINDOWS\SYSTEM32\dwmapi.dll
0x00007ffbe9430000 - 0x00007ffbe9450000 	C:\WINDOWS\SYSTEM32\dxcore.dll
0x00007ffbe8b40000 - 0x00007ffbe8bd9000 	C:\WINDOWS\system32\uxtheme.dll
0x00007ffbe3870000 - 0x00007ffbe39e1000 	C:\WINDOWS\SYSTEM32\aticfx64.dll
0x00007ffbca9a0000 - 0x00007ffbca9c1000 	C:\WINDOWS\SYSTEM32\atiu9p64.dll
0x00007ffb94e60000 - 0x00007ffb958df000 	C:\WINDOWS\SYSTEM32\atiumd64.dll
0x000000006ad10000 - 0x000000006b5b4000 	C:\WINDOWS\SYSTEM32\atiumd6a.dll
0x000000006a360000 - 0x000000006a3a1000 	C:\Program Files\Java\jre1.8.0_45\bin\glass.dll
0x00007ffbecec0000 - 0x00007ffbecf8f000 	C:\WINDOWS\System32\COMDLG32.dll
0x00007ffbec960000 - 0x00007ffbecab6000 	C:\WINDOWS\System32\ole32.dll
0x00007ffbec4e0000 - 0x00007ffbec5a5000 	C:\WINDOWS\System32\OLEAUT32.dll
0x00007ffbecd80000 - 0x00007ffbeceb7000 	C:\WINDOWS\System32\MSCTF.dll
0x00007ffb9b620000 - 0x00007ffb9b70f000 	C:\Users\USER\.javacpp\cache\opencv-3.2.0-1.3-windows-x86_64.jar\org\bytedeco\javacpp\windows-x86_64\msvcr120.dll
0x00007ffba2b60000 - 0x00007ffba2c06000 	C:\Users\USER\.javacpp\cache\opencv-3.2.0-1.3-windows-x86_64.jar\org\bytedeco\javacpp\windows-x86_64\msvcp120.dll
0x00007ffb90a40000 - 0x00007ffb90cc8000 	C:\Users\USER\.javacpp\cache\opencv-3.2.0-1.3-windows-x86_64.jar\org\bytedeco\javacpp\windows-x86_64\opencv_core320.dll
0x00007ffb901f0000 - 0x00007ffb90552000 	C:\Users\USER\.javacpp\cache\opencv-3.2.0-1.3-windows-x86_64.jar\org\bytedeco\javacpp\windows-x86_64\opencv_imgproc320.dll
0x00007ffb8e7f0000 - 0x00007ffb8ea3a000 	C:\Users\USER\.javacpp\cache\opencv-3.2.0-1.3-windows-x86_64.jar\org\bytedeco\javacpp\windows-x86_64\jniopencv_core.dll
0x000000006b610000 - 0x000000006b62a000 	C:\Program Files\Java\jre1.8.0_45\bin\net.dll
0x00007ffbe9f80000 - 0x00007ffbe9fe7000 	C:\WINDOWS\system32\mswsock.dll
0x000000006b5f0000 - 0x000000006b601000 	C:\Program Files\Java\jre1.8.0_45\bin\nio.dll
0x000000006a1c0000 - 0x000000006a358000 	C:\Program Files\Java\jre1.8.0_45\bin\awt.dll
0x00007ffbe89f0000 - 0x00007ffbe8a7f000 	C:\WINDOWS\SYSTEM32\apphelp.dll
0x000000006a1a0000 - 0x000000006a1b5000 	C:\Program Files\Java\jre1.8.0_45\bin\javafx_font.dll
0x00007ffbdf590000 - 0x00007ffbdf890000 	C:\WINDOWS\SYSTEM32\dwrite.dll
0x00007ffbed3d0000 - 0x00007ffbed472000 	C:\WINDOWS\System32\clbcatq.dll
0x00007ffbe54a0000 - 0x00007ffbe564f000 	C:\WINDOWS\SYSTEM32\WindowsCodecs.dll
0x00007ffbe4fb0000 - 0x00007ffbe4fea000 	C:\WINDOWS\system32\dataexchange.dll
0x00007ffbe7e80000 - 0x00007ffbe80db000 	C:\WINDOWS\system32\d3d11.dll
0x00007ffbe81c0000 - 0x00007ffbe839c000 	C:\WINDOWS\system32\dcomp.dll
0x00007ffbe94c0000 - 0x00007ffbe95aa000 	C:\WINDOWS\system32\dxgi.dll
0x00007ffbe8c10000 - 0x00007ffbe8e6a000 	C:\WINDOWS\system32\twinapi.appcore.dll
0x00007ffbe9040000 - 0x00007ffbe9069000 	C:\WINDOWS\system32\RMCLIENT.dll
0x00007ffbca800000 - 0x00007ffbca833000 	C:\Program Files\Common Files\Microsoft Shared\Ink\rtscom.dll
0x00007ffbe10e0000 - 0x00007ffbe117e000 	C:\WINDOWS\System32\TextInputFramework.dll
0x00007ffbe5670000 - 0x00007ffbe5999000 	C:\WINDOWS\System32\CoreUIComponents.dll
0x00007ffbe80e0000 - 0x00007ffbe81b4000 	C:\WINDOWS\System32\CoreMessaging.dll
0x00007ffbe9820000 - 0x00007ffbe9851000 	C:\WINDOWS\SYSTEM32\ntmarta.dll
0x00007ffbe63a0000 - 0x00007ffbe64f3000 	C:\WINDOWS\SYSTEM32\wintypes.dll
0x00007ffbdfbc0000 - 0x00007ffbdfe66000 	C:\WINDOWS\System32\iertutil.dll
0x000000006a180000 - 0x000000006a191000 	C:\Program Files\Java\jre1.8.0_45\bin\prism_common.dll
0x00007ffbe7380000 - 0x00007ffbe7940000 	C:\WINDOWS\SYSTEM32\d2d1.dll
0x00007ffbb0f20000 - 0x00007ffbb1661000 	C:\WINDOWS\SYSTEM32\D3D10Warp.dll
0x00007ffb9b530000 - 0x00007ffb9b620000 	C:\Users\USER\.javacpp\cache\opencv-3.2.0-1.3-windows-x86_64.jar\org\bytedeco\javacpp\windows-x86_64\jniopencv_imgproc.dll
0x00007ffb8e520000 - 0x00007ffb8e7ea000 	C:\Users\USER\.javacpp\cache\opencv-3.2.0-1.3-windows-x86_64.jar\org\bytedeco\javacpp\windows-x86_64\opencv_imgcodecs320.dll
0x00007ffbddf40000 - 0x00007ffbddf65000 	C:\Users\USER\.javacpp\cache\opencv-3.2.0-1.3-windows-x86_64.jar\org\bytedeco\javacpp\windows-x86_64\jniopencv_imgcodecs.dll
0x00007ffbca860000 - 0x00007ffbca8ae000 	C:\Users\USER\.javacpp\cache\opencv-3.2.0-1.3-windows-x86_64.jar\org\bytedeco\javacpp\windows-x86_64\opencv_videoio320.dll
0x00007ffbd0c00000 - 0x00007ffbd0c29000 	C:\WINDOWS\SYSTEM32\MSVFW32.dll
0x00007ffbd0aa0000 - 0x00007ffbd0ac0000 	C:\WINDOWS\SYSTEM32\AVIFIL32.dll
0x00007ffbd0960000 - 0x00007ffbd0978000 	C:\WINDOWS\SYSTEM32\AVICAP32.dll
0x00007ffbdbf30000 - 0x00007ffbdbf4c000 	C:\WINDOWS\SYSTEM32\MSACM32.dll
0x00007ffbd0190000 - 0x00007ffbd01a7000 	C:\Users\USER\.javacpp\cache\opencv-3.2.0-1.3-windows-x86_64.jar\org\bytedeco\javacpp\windows-x86_64\jniopencv_videoio.dll
0x00007ffbcf570000 - 0x00007ffbcf59c000 	C:\Users\USER\.javacpp\cache\opencv-3.2.0-1.3-windows-x86_64.jar\org\bytedeco\javacpp\windows-x86_64\opencv_highgui320.dll
0x00007ffbc94e0000 - 0x00007ffbc9518000 	C:\Users\USER\.javacpp\cache\opencv-3.2.0-1.3-windows-x86_64.jar\org\bytedeco\javacpp\windows-x86_64\jniopencv_highgui.dll
0x00007ffb9b150000 - 0x00007ffb9b223000 	C:\Users\USER\.javacpp\cache\opencv-3.2.0-1.3-windows-x86_64.jar\org\bytedeco\javacpp\windows-x86_64\opencv_ml320.dll
0x00007ffbc5c10000 - 0x00007ffbc5c53000 	C:\Users\USER\.javacpp\cache\opencv-3.2.0-1.3-windows-x86_64.jar\org\bytedeco\javacpp\windows-x86_64\jniopencv_ml.dll
0x00007ffb9b0b0000 - 0x00007ffb9b146000 	C:\Users\USER\.javacpp\cache\opencv-3.2.0-1.3-windows-x86_64.jar\org\bytedeco\javacpp\windows-x86_64\opencv_objdetect320.dll
0x00007ffbc3e60000 - 0x00007ffbc3eb4000 	C:\Users\USER\.javacpp\cache\opencv-3.2.0-1.3-windows-x86_64.jar\org\bytedeco\javacpp\windows-x86_64\jniopencv_objdetect.dll
0x00007ffbb3ba0000 - 0x00007ffbb3bf2000 	C:\Users\USER\.javacpp\cache\opencv-3.2.0-1.3-windows-x86_64.jar\org\bytedeco\javacpp\windows-x86_64\opencv_face320.dll
0x00007ffbcffc0000 - 0x00007ffbcffda000 	C:\Users\USER\.javacpp\cache\opencv-3.2.0-1.3-windows-x86_64.jar\org\bytedeco\javacpp\windows-x86_64\jniopencv_face.dll
0x00007ffbe9b40000 - 0x00007ffbe9b73000 	C:\WINDOWS\system32\rsaenh.dll
0x00007ffbeb310000 - 0x00007ffbeb336000 	C:\WINDOWS\System32\bcrypt.dll
0x00007ffbea660000 - 0x00007ffbea685000 	C:\WINDOWS\SYSTEM32\USERENV.dll
0x00007ffbea150000 - 0x00007ffbea15c000 	C:\WINDOWS\SYSTEM32\CRYPTBASE.dll
0x00007ffbe9ce0000 - 0x00007ffbe9d1a000 	C:\WINDOWS\SYSTEM32\IPHLPAPI.DLL
0x00007ffbed3c0000 - 0x00007ffbed3c8000 	C:\WINDOWS\System32\NSI.dll
0x00007ffbe2300000 - 0x00007ffbe2316000 	C:\WINDOWS\SYSTEM32\dhcpcsvc6.DLL
0x00007ffbe2440000 - 0x00007ffbe245c000 	C:\WINDOWS\SYSTEM32\dhcpcsvc.DLL
0x00007ffbe9d20000 - 0x00007ffbe9dea000 	C:\WINDOWS\SYSTEM32\DNSAPI.dll
0x00007ffbcfe20000 - 0x00007ffbcfe38000 	C:\Windows\System32\devenum.dll
0x00007ffbec070000 - 0x00007ffbec4e0000 	C:\WINDOWS\System32\setupapi.dll
0x00007ffbea590000 - 0x00007ffbea5ba000 	C:\WINDOWS\SYSTEM32\DEVOBJ.dll
0x00007ffbeb340000 - 0x00007ffbeb39c000 	C:\WINDOWS\System32\WINTRUST.dll
0x00007ffbea810000 - 0x00007ffbea822000 	C:\WINDOWS\System32\MSASN1.dll
0x00007ffbeb450000 - 0x00007ffbeb599000 	C:\WINDOWS\System32\CRYPT32.dll
0x00007ffbe6310000 - 0x00007ffbe631b000 	C:\WINDOWS\SYSTEM32\msdmo.dll
0x00007ffbc5f60000 - 0x00007ffbc5f94000 	C:\Windows\System32\qcap.dll
0x00007ffb97e10000 - 0x00007ffb97fd4000 	C:\Windows\System32\quartz.dll
0x00007ffbc3a00000 - 0x00007ffbc3a4c000 	C:\Windows\System32\mfksproxy.dll
0x00007ffbd3d90000 - 0x00007ffbd3dac000 	C:\Windows\System32\ATL.DLL
0x00007ffbcabb0000 - 0x00007ffbcadaa000 	C:\Windows\System32\MFPlat.DLL
0x00007ffbd6c70000 - 0x00007ffbd6c9f000 	C:\Windows\System32\RTWorkQ.DLL
0x00007ffbb24d0000 - 0x00007ffbb252c000 	C:\Windows\System32\MFSENSORGROUP.dll
0x00007ffbc29a0000 - 0x00007ffbc29ed000 	C:\Windows\System32\ksproxy.ax
0x00007ffbe66a0000 - 0x00007ffbe66a9000 	C:\Windows\System32\ksuser.dll
0x00007ffbe4670000 - 0x00007ffbe46f0000 	C:\WINDOWS\SYSTEM32\policymanager.dll
0x00007ffbe72f0000 - 0x00007ffbe737a000 	C:\Windows\System32\msvcp110_win.dll
0x00007ffbd50c0000 - 0x00007ffbd50cd000 	C:\Windows\System32\vidcap.ax

VM Arguments:
jvm_args: -Djava.library.path=C:\Users\Administrator\Desktop\opencv\build\java\x64 -Dfile.encoding=Cp1252 
java_command: application.Main
java_class_path (initial): E:\coursIUT\perso\PFE\Ressources\VisixEclipse\ExoVisix\target\classes;E:\coursIUT\perso\PFE\Ressources\VisixEclipse\ExoVisix\bin\opencv-341.jar;E:\coursIUT\perso\PFE\Ressources\VisixEclipse\ExoVisix\bin\mysql-connector-java-5.1.49-bin.jar;E:\coursIUT\perso\environnementmaven\env\maven\repository\org\bytedeco\javacv-platform\1.3.2\javacv-platform-1.3.2.jar;E:\coursIUT\perso\environnementmaven\env\maven\repository\org\bytedeco\javacv\1.3.2\javacv-1.3.2.jar;E:\coursIUT\perso\environnementmaven\env\maven\repository\org\bytedeco\javacpp\1.3.2\javacpp-1.3.2.jar;E:\coursIUT\perso\environnementmaven\env\maven\repository\org\bytedeco\javacpp-presets\opencv\3.2.0-1.3\opencv-3.2.0-1.3.jar;E:\coursIUT\perso\environnementmaven\env\maven\repository\org\bytedeco\javacpp-presets\ffmpeg\3.2.1-1.3\ffmpeg-3.2.1-1.3.jar;E:\coursIUT\perso\environnementmaven\env\maven\repository\org\bytedeco\javacpp-presets\flycapture\2.9.3.43-1.3\flycapture-2.9.3.43-1.3.jar;E:\coursIUT\perso\environnementmaven\env\maven\repository\org\bytedeco\javacpp-presets\libdc1394\2.2.4-1.3\libdc1394-2.2.4-1.3.jar;E:\coursIUT\perso\environnementmaven\env\maven\repository\org\bytedeco\javacpp-presets\libfreenect\0.5.3-1.3\libfreenect-0.5.3-1.3.jar;E:\coursIUT\perso\environnementmaven\env\maven\repository\org\bytedeco\javacpp-presets\libfreenect2\0.2.0-1.3\libfreenect2-0.2.0-1.3.jar;E:\coursIUT\perso\environnementmaven\env\maven\repository\org\bytedeco\javacpp-presets\librealsense\1.9.6-1.3\librealsense-1.9.6-1.3.jar;E:\coursIUT\perso\environnementmaven\env\maven\repository\org\bytedeco\javacpp-presets\videoinput\0.200-1.3\videoinput-0.200-1.3.jar;E:\coursIUT\perso\environnementmaven\env\maven\repository\org\bytedeco\javacpp-presets\artoolkitplus\2.3.1-1.3\artoolkitplus-2.3.1-1.3.jar;E:\coursIUT\perso\environnementmaven\env\maven\repository\org\bytedeco\javacpp-presets\flandmark\1.07-1.3\flandmark-1.07-1.3.jar;E:\coursIUT\perso\environnementmaven\env\maven\repository\org\bytedeco\javacpp-
Launcher Type: SUN_STANDARD

Environment Variables:
JAVA_HOME=E:\coursIUT\perso\environnementmaven\env\java\jdk-17
PATH=C:/Program Files/Java/jre1.8.0_45/bin/server;C:/Program Files/Java/jre1.8.0_45/bin;C:/Program Files/Java/jre1.8.0_45/lib/amd64;E:\oracle\app\oracle\product\10.2.0\server\bin;C:\Program Files\Common Files\Oracle\Java\javapath;C:\Program Files (x86)\NVIDIA Corporation\PhysX\Common;C:\ProgramData\Oracle\Java\javapath;C:\WINDOWS\system32;C:\WINDOWS;C:\WINDOWS\System32\Wbem;C:\WINDOWS\System32\WindowsPowerShell\v1.0\;C:\Program Files (x86)\AMD\ATI.ACE\Core-Static;C:\Users\USER\Desktop\OTB-6.6.1-Win64\bin;C:\Program Files\7-Zip;C:\Program Files\ActivIdentity\ActivClient\;C:\Program Files (x86)\ActivIdentity\ActivClient\;C:\Users\USER\AppData\Local\bin\NASM;C:\Users\USER\AppData\Local\nasm;C:\Program Files\MySQL\MySQL Server 8.0\bin;C:\Program Files (x86)\Microsoft SQL Server\100\Tools\Binn\;C:\Program Files\Microsoft SQL Server\100\Tools\Binn\;C:\Program Files\Microsoft SQL Server\100\DTS\Binn\;C:\Program Files\Git\cmd;C:\Program Files\Git\mingw64\bin;C:\Program Files\Git\usr\bin;C:\Program Files\CMake\bin;C:\Program Files\PostgreSQL\13\bin;C:\Program Files\dotnet\;E:\MinGW\bin;E:\coursIUT\perso\environnementmaven\env\maven\apache-maven-3.8.4\bin;E:\OCR\Tesseract-OCR;C:\Program Files\Java\jdk-18.0.1.1\bin;C:\WINDOWS\System32\OpenSSH\;E:\xampp\mysql\bin;C:\Users\USER\anaconda3;C:\Users\USER\anaconda3\Library\mingw-w64\bin;C:\Users\USER\anaconda3\Library\usr\bin;C:\Users\USER\anaconda3\Library\bin;C:\Users\USER\anaconda3\Scripts;C:\Users\USER\AppData\Local\Microsoft\WindowsApps;C:\Program Files\Microsoft VS Code\bin;;E:\logiciels\eclipse;
USERNAME=Martial Kom
OS=Windows_NT
PROCESSOR_IDENTIFIER=Intel64 Family 6 Model 42 Stepping 7, GenuineIntel



---------------  S Y S T E M  ---------------

OS: Windows 10.0 , 64 bit Build 18362 (10.0.18362.1)

CPU:total 4 (2 cores per cpu, 2 threads per core) family 6 model 42 stepping 7, cmov, cx8, fxsr, mmx, sse, sse2, sse3, ssse3, sse4.1, sse4.2, popcnt, avx, aes, clmul, ht, tsc, tscinvbit

Memory: 4k page, physical 8337768k(1910160k free), swap 16726376k(3694308k free)

vm_info: Java HotSpot(TM) 64-Bit Server VM (25.45-b02) for windows-amd64 JRE (1.8.0_45-b14), built on Apr 10 2015 10:34:15 by "java_re" with MS VC++ 10.0 (VS2010)

time: Tue May 31 09:25:38 2022
elapsed time: 41 seconds (0d 0h 0m 41s)

