#
# A fatal error has been detected by the Java Runtime Environment:
#
#  EXCEPTION_UNCAUGHT_CXX_EXCEPTION (0xe06d7363) at pc=0x00007ff9c3a6a839, pid=14332, tid=10596
#
# JRE version: Java(TM) SE Runtime Environment (8.0_45-b14) (build 1.8.0_45-b14)
# Java VM: Java HotSpot(TM) 64-Bit Server VM (25.45-b02 mixed mode windows-amd64 compressed oops)
# Problematic frame:
# C  [KERNELBASE.dll+0x3a839]
#
# Failed to write core dump. Minidumps are not enabled by default on client versions of Windows
#
# If you would like to submit a bug report, please visit:
#   http://bugreport.java.com/bugreport/crash.jsp
# The crash happened outside the Java Virtual Machine in native code.
# See problematic frame for where to report the bug.
#

---------------  T H R E A D  ---------------

Current thread (0x000000001dd2c800):  JavaThread "Thread-5" [_thread_in_native, id=10596, stack(0x0000000027c70000,0x0000000027d70000)]

siginfo: ExceptionCode=0xe06d7363, ExceptionInformation=0x0000000019930520 0x0000000027d5ebf0 0x00007ff97a34cd78 0x00007ff97a100000 

Registers:
RAX=0x0000000000000000, RBX=0x00007ff97a34cd78, RCX=0x0000000000000000, RDX=0x0000000000000000
RSP=0x0000000027d5ea60, RBP=0x0000000027d5eba0, RSI=0x00007ff979fbd758, RDI=0x0000000027d5ebf0
R8 =0x0000000000000000, R9 =0x0000000000000000, R10=0x0000000000000000, R11=0x0000000000000000
R12=0x00000000ffffff29, R13=0x0000000000000000, R14=0x00007ff979fbd530, R15=0x0000000027d6edf0
RIP=0x00007ff9c3a6a839, EFLAGS=0x0000000000000206

Top of Stack: (sp=0x0000000027d5ea60)
0x0000000027d5ea60:   0000000000000000 00007ff97a34cd78
0x0000000027d5ea70:   00007ff979fbd758 0000000000000000
0x0000000027d5ea80:   00000001e06d7363 0000000000000000
0x0000000027d5ea90:   00007ff9c3a6a839 0000000000000004
0x0000000027d5eaa0:   0000000019930520 0000000027d5ebf0
0x0000000027d5eab0:   00007ff97a34cd78 00007ff97a100000
0x0000000027d5eac0:   0000000000000000 00000000ffffff29
0x0000000027d5ead0:   00007ff979fbd758 0000000027d5eba0
0x0000000027d5eae0:   0000000027d5ebb0 00007ff9c68bf42f
0x0000000027d5eaf0:   0000000027d5ebf0 00007ff900000000
0x0000000027d5eb00:   0000000027d5ebf0 00007ff9a9b2d306
0x0000000027d5eb10:   00007ff97a36f000 00007ff97a100000
0x0000000027d5eb20:   0000ccaf0296e0af 00007ff9a9bac4d0
0x0000000027d5eb30:   00007ff97a34cd78 00007ff9a9b2ef63
0x0000000027d5eb40:   0000000027d5ebf0 00007ff9a9afeb8d
0x0000000027d5eb50:   00007ff9a9bac4d0 00007ff979fbd758 

Instructions: (pc=0x00007ff9c3a6a839)
0x00007ff9c3a6a819:   8b d1 44 0f 47 c0 44 89 44 24 38 49 c1 e0 03 e8
0x00007ff9c3a6a829:   0a 4a 05 00 48 8d 4c 24 20 48 ff 15 df be 16 00
0x00007ff9c3a6a839:   0f 1f 44 00 00 48 8b 8c 24 c0 00 00 00 48 33 cc
0x00007ff9c3a6a849:   e8 82 ec 04 00 48 81 c4 d8 00 00 00 c3 83 64 24 


Register to memory mapping:

RAX=0x0000000000000000 is an unknown value
RBX=0x00007ff97a34cd78 is an unknown value
RCX=0x0000000000000000 is an unknown value
RDX=0x0000000000000000 is an unknown value
RSP=0x0000000027d5ea60 is pointing into the stack for thread: 0x000000001dd2c800
RBP=0x0000000027d5eba0 is pointing into the stack for thread: 0x000000001dd2c800
RSI=0x00007ff979fbd758 is an unknown value
RDI=0x0000000027d5ebf0 is pointing into the stack for thread: 0x000000001dd2c800
R8 =0x0000000000000000 is an unknown value
R9 =0x0000000000000000 is an unknown value
R10=0x0000000000000000 is an unknown value
R11=0x0000000000000000 is an unknown value
R12=0x00000000ffffff29 is an unallocated location in the heap
R13=0x0000000000000000 is an unknown value
R14=0x00007ff979fbd530 is an unknown value
R15=0x0000000027d6edf0 is pointing into the stack for thread: 0x000000001dd2c800


Stack: [0x0000000027c70000,0x0000000027d70000],  sp=0x0000000027d5ea60,  free space=954k
Native frames: (J=compiled Java code, j=interpreted, Vv=VM code, C=native code)
C  [KERNELBASE.dll+0x3a839]
C  [msvcr120.dll+0x5ef63]
C  [opencv_core320.dll+0x1a2c34]
C  [opencv_core320.dll+0x1a2d76]
C  [opencv_imgproc320.dll+0x136701]
C  [opencv_imgproc320.dll+0x13c0b1]
C  [jniopencv_imgproc.dll+0x1dafd]
C  0x0000000003dcf931

Java frames: (J=compiled Java code, j=interpreted, Vv=VM code)
J 5115  org.bytedeco.javacpp.opencv_imgproc.cvResize(Lorg/bytedeco/javacpp/helper/opencv_core$CvArr;Lorg/bytedeco/javacpp/helper/opencv_core$CvArr;I)V (0 bytes) @ 0x0000000003dcf8ab [0x0000000003dcf840+0x6b]
j  application.FaceDetector.run()V+307
j  java.lang.Thread.run()V+11
v  ~StubRoutines::call_stub

---------------  P R O C E S S  ---------------

Java Threads: ( => current thread )
  0x000000001d909000 JavaThread "mysql-cj-abandoned-connection-cleanup" daemon [_thread_blocked, id=10664, stack(0x0000000028d50000,0x0000000028e50000)]
=>0x000000001dd2c800 JavaThread "Thread-5" [_thread_in_native, id=10596, stack(0x0000000027c70000,0x0000000027d70000)]
  0x000000001d8cf800 JavaThread "Prism Font Disposer" daemon [_thread_blocked, id=15904, stack(0x0000000021170000,0x0000000021270000)]
  0x000000001d093800 JavaThread "AWT-Windows" daemon [_thread_in_native, id=15096, stack(0x000000001e710000,0x000000001e810000)]
  0x0000000019d79800 JavaThread "Java2D Disposer" daemon [_thread_blocked, id=15620, stack(0x000000001e070000,0x000000001e170000)]
  0x000000001a049800 JavaThread "JavaCPP Deallocator" daemon [_thread_blocked, id=10828, stack(0x000000001df70000,0x000000001e070000)]
  0x00000000195f5800 JavaThread "JavaFX-Launcher" [_thread_blocked, id=7292, stack(0x000000001cca0000,0x000000001cda0000)]
  0x000000001997c800 JavaThread "Thread-2" daemon [_thread_in_native, id=14548, stack(0x000000001cba0000,0x000000001cca0000)]
  0x0000000019915800 JavaThread "JavaFX Application Thread" [_thread_in_native, id=16056, stack(0x000000001a7c0000,0x000000001a8c0000)]
  0x000000001990c800 JavaThread "Thread-1" daemon [_thread_blocked, id=16196, stack(0x000000001a6c0000,0x000000001a7c0000)]
  0x00000000195c7000 JavaThread "QuantumRenderer-0" daemon [_thread_blocked, id=9060, stack(0x0000000019800000,0x0000000019900000)]
  0x00000000179fd800 JavaThread "Service Thread" daemon [_thread_blocked, id=3952, stack(0x0000000019600000,0x0000000019700000)]
  0x00000000179b4800 JavaThread "C1 CompilerThread2" daemon [_thread_blocked, id=15512, stack(0x0000000019100000,0x0000000019200000)]
  0x00000000179ac800 JavaThread "C2 CompilerThread1" daemon [_thread_blocked, id=7712, stack(0x0000000019000000,0x0000000019100000)]
  0x00000000179a5800 JavaThread "C2 CompilerThread0" daemon [_thread_blocked, id=11616, stack(0x0000000018f00000,0x0000000019000000)]
  0x00000000179a3800 JavaThread "Attach Listener" daemon [_thread_blocked, id=3496, stack(0x0000000018e00000,0x0000000018f00000)]
  0x00000000179a2000 JavaThread "Signal Dispatcher" daemon [_thread_blocked, id=14764, stack(0x0000000018d00000,0x0000000018e00000)]
  0x0000000002ded800 JavaThread "Finalizer" daemon [_thread_blocked, id=15628, stack(0x0000000018c00000,0x0000000018d00000)]
  0x0000000002de5800 JavaThread "Reference Handler" daemon [_thread_blocked, id=15528, stack(0x0000000018b00000,0x0000000018c00000)]
  0x0000000002cf8000 JavaThread "main" [_thread_blocked, id=12936, stack(0x0000000002bf0000,0x0000000002cf0000)]

Other Threads:
  0x0000000017967800 VMThread [stack: 0x0000000018a00000,0x0000000018b00000] [id=16016]
  0x0000000019252800 WatcherThread [stack: 0x0000000019700000,0x0000000019800000] [id=7560]

VM state:not at safepoint (normal execution)

VM Mutex/Monitor currently owned by a thread: None

Heap:
 PSYoungGen      total 166400K, used 94952K [0x00000000d5980000, 0x00000000e0700000, 0x0000000100000000)
  eden space 156160K, 59% used [0x00000000d5980000,0x00000000db4a63d0,0x00000000df200000)
  from space 10240K, 15% used [0x00000000df200000,0x00000000df394020,0x00000000dfc00000)
  to   space 9728K, 0% used [0x00000000dfd80000,0x00000000dfd80000,0x00000000e0700000)
 ParOldGen       total 74240K, used 37438K [0x0000000080c00000, 0x0000000085480000, 0x00000000d5980000)
  object space 74240K, 50% used [0x0000000080c00000,0x000000008308f890,0x0000000085480000)
 Metaspace       used 31973K, capacity 33206K, committed 33408K, reserved 1079296K
  class space    used 4134K, capacity 4386K, committed 4480K, reserved 1048576K

Card table byte_map: [0x00000000121b0000,0x00000000125b0000] byte_map_base: 0x0000000011daa000

Marking Bits: (ParMarkBitMap*) 0x0000000062004040
 Begin Bits: [0x0000000012c60000, 0x0000000014c30000)
 End Bits:   [0x0000000014c30000, 0x0000000016c00000)

Polling page: 0x0000000000d80000

CodeCache: size=245760Kb used=17223Kb max_used=17242Kb free=228536Kb
 bounds [0x0000000002df0000, 0x0000000003ef0000, 0x0000000011df0000]
 total_blobs=6211 nmethods=5256 adapters=866
 compilation: enabled

Compilation events (10 events):
Event: 64.878 Thread 0x00000000179b4800 nmethod 6014 0x0000000003a38e50 code [0x0000000003a39000, 0x0000000003a39578]
Event: 64.878 Thread 0x00000000179b4800 6015       3       com.sun.javafx.scene.control.skin.VirtualFlow::getCellIndex (5 bytes)
Event: 64.879 Thread 0x00000000179b4800 nmethod 6015 0x0000000003a386d0 code [0x0000000003a38860, 0x0000000003a38ca8]
Event: 64.881 Thread 0x00000000179b4800 6016       1       com.sun.javafx.scene.control.skin.TextInputControlSkin::access$500 (5 bytes)
Event: 64.881 Thread 0x00000000179b4800 nmethod 6016 0x00000000039659d0 code [0x0000000003965b20, 0x0000000003965c10]
Event: 64.896 Thread 0x00000000179ac800 nmethod 6001 0x0000000003a35b90 code [0x0000000003a35d20, 0x0000000003a36a48]
Event: 64.896 Thread 0x00000000179ac800 6012       4       com.sun.javafx.css.PseudoClassState::getIndex (9 bytes)
Event: 64.897 Thread 0x00000000179ac800 nmethod 6012 0x0000000003a358d0 code [0x0000000003a35a20, 0x0000000003a35ab8]
Event: 64.900 Thread 0x00000000179ac800 6017       4       java.util.AbstractList::listIterator (6 bytes)
Event: 64.902 Thread 0x00000000179ac800 nmethod 6017 0x0000000003a35510 code [0x0000000003a35660, 0x0000000003a35798]

GC Heap History (10 events):
Event: 55.031 GC heap before
{Heap before GC invocations=40 (full 1):
 PSYoungGen      total 160768K, used 155252K [0x00000000d5980000, 0x00000000e0200000, 0x0000000100000000)
  eden space 151040K, 99% used [0x00000000d5980000,0x00000000dec15028,0x00000000ded00000)
  from space 9728K, 52% used [0x00000000df880000,0x00000000dfd88050,0x00000000e0200000)
  to   space 10752K, 0% used [0x00000000ded00000,0x00000000ded00000,0x00000000df780000)
 ParOldGen       total 74240K, used 31305K [0x0000000080c00000, 0x0000000085480000, 0x00000000d5980000)
  object space 74240K, 42% used [0x0000000080c00000,0x0000000082a92768,0x0000000085480000)
 Metaspace       used 31928K, capacity 33206K, committed 33408K, reserved 1079296K
  class space    used 4131K, capacity 4386K, committed 4480K, reserved 1048576K
Event: 55.033 GC heap after
Heap after GC invocations=40 (full 1):
 PSYoungGen      total 161792K, used 1584K [0x00000000d5980000, 0x00000000e0580000, 0x0000000100000000)
  eden space 151040K, 0% used [0x00000000d5980000,0x00000000d5980000,0x00000000ded00000)
  from space 10752K, 14% used [0x00000000ded00000,0x00000000dee8c020,0x00000000df780000)
  to   space 10752K, 0% used [0x00000000dfb00000,0x00000000dfb00000,0x00000000e0580000)
 ParOldGen       total 74240K, used 31321K [0x0000000080c00000, 0x0000000085480000, 0x00000000d5980000)
  object space 74240K, 42% used [0x0000000080c00000,0x0000000082a96768,0x0000000085480000)
 Metaspace       used 31928K, capacity 33206K, committed 33408K, reserved 1079296K
  class space    used 4131K, capacity 4386K, committed 4480K, reserved 1048576K
}
Event: 57.211 GC heap before
{Heap before GC invocations=41 (full 1):
 PSYoungGen      total 161792K, used 152624K [0x00000000d5980000, 0x00000000e0580000, 0x0000000100000000)
  eden space 151040K, 100% used [0x00000000d5980000,0x00000000ded00000,0x00000000ded00000)
  from space 10752K, 14% used [0x00000000ded00000,0x00000000dee8c020,0x00000000df780000)
  to   space 10752K, 0% used [0x00000000dfb00000,0x00000000dfb00000,0x00000000e0580000)
 ParOldGen       total 74240K, used 37326K [0x0000000080c00000, 0x0000000085480000, 0x00000000d5980000)
  object space 74240K, 50% used [0x0000000080c00000,0x0000000083073890,0x0000000085480000)
 Metaspace       used 31932K, capacity 33206K, committed 33408K, reserved 1079296K
  class space    used 4131K, capacity 4386K, committed 4480K, reserved 1048576K
Event: 57.213 GC heap after
Heap after GC invocations=41 (full 1):
 PSYoungGen      total 164352K, used 384K [0x00000000d5980000, 0x00000000e0500000, 0x0000000100000000)
  eden space 154112K, 0% used [0x00000000d5980000,0x00000000d5980000,0x00000000df000000)
  from space 10240K, 3% used [0x00000000dfb00000,0x00000000dfb60010,0x00000000e0500000)
  to   space 10752K, 0% used [0x00000000df000000,0x00000000df000000,0x00000000dfa80000)
 ParOldGen       total 74240K, used 37334K [0x0000000080c00000, 0x0000000085480000, 0x00000000d5980000)
  object space 74240K, 50% used [0x0000000080c00000,0x0000000083075890,0x0000000085480000)
 Metaspace       used 31932K, capacity 33206K, committed 33408K, reserved 1079296K
  class space    used 4131K, capacity 4386K, committed 4480K, reserved 1048576K
}
Event: 59.329 GC heap before
{Heap before GC invocations=42 (full 1):
 PSYoungGen      total 164352K, used 153573K [0x00000000d5980000, 0x00000000e0500000, 0x0000000100000000)
  eden space 154112K, 99% used [0x00000000d5980000,0x00000000def19788,0x00000000df000000)
  from space 10240K, 3% used [0x00000000dfb00000,0x00000000dfb60010,0x00000000e0500000)
  to   space 10752K, 0% used [0x00000000df000000,0x00000000df000000,0x00000000dfa80000)
 ParOldGen       total 74240K, used 37334K [0x0000000080c00000, 0x0000000085480000, 0x00000000d5980000)
  object space 74240K, 50% used [0x0000000080c00000,0x0000000083075890,0x0000000085480000)
 Metaspace       used 31941K, capacity 33206K, committed 33408K, reserved 1079296K
  class space    used 4133K, capacity 4386K, committed 4480K, reserved 1048576K
Event: 59.331 GC heap after
Heap after GC invocations=42 (full 1):
 PSYoungGen      total 164864K, used 1584K [0x00000000d5980000, 0x00000000e0680000, 0x0000000100000000)
  eden space 154112K, 0% used [0x00000000d5980000,0x00000000d5980000,0x00000000df000000)
  from space 10752K, 14% used [0x00000000df000000,0x00000000df18c020,0x00000000dfa80000)
  to   space 10240K, 0% used [0x00000000dfc80000,0x00000000dfc80000,0x00000000e0680000)
 ParOldGen       total 74240K, used 37366K [0x0000000080c00000, 0x0000000085480000, 0x00000000d5980000)
  object space 74240K, 50% used [0x0000000080c00000,0x000000008307d890,0x0000000085480000)
 Metaspace       used 31941K, capacity 33206K, committed 33408K, reserved 1079296K
  class space    used 4133K, capacity 4386K, committed 4480K, reserved 1048576K
}
Event: 61.445 GC heap before
{Heap before GC invocations=43 (full 1):
 PSYoungGen      total 164864K, used 154839K [0x00000000d5980000, 0x00000000e0680000, 0x0000000100000000)
  eden space 154112K, 99% used [0x00000000d5980000,0x00000000def29e98,0x00000000df000000)
  from space 10752K, 14% used [0x00000000df000000,0x00000000df18c020,0x00000000dfa80000)
  to   space 10240K, 0% used [0x00000000dfc80000,0x00000000dfc80000,0x00000000e0680000)
 ParOldGen       total 74240K, used 37366K [0x0000000080c00000, 0x0000000085480000, 0x00000000d5980000)
  object space 74240K, 50% used [0x0000000080c00000,0x000000008307d890,0x0000000085480000)
 Metaspace       used 31952K, capacity 33206K, committed 33408K, reserved 1079296K
  class space    used 4134K, capacity 4386K, committed 4480K, reserved 1048576K
Event: 61.447 GC heap after
Heap after GC invocations=43 (full 1):
 PSYoungGen      total 165888K, used 1616K [0x00000000d5980000, 0x00000000e0600000, 0x0000000100000000)
  eden space 156160K, 0% used [0x00000000d5980000,0x00000000d5980000,0x00000000df200000)
  from space 9728K, 16% used [0x00000000dfc80000,0x00000000dfe14020,0x00000000e0600000)
  to   space 10240K, 0% used [0x00000000df200000,0x00000000df200000,0x00000000dfc00000)
 ParOldGen       total 74240K, used 37398K [0x0000000080c00000, 0x0000000085480000, 0x00000000d5980000)
  object space 74240K, 50% used [0x0000000080c00000,0x0000000083085890,0x0000000085480000)
 Metaspace       used 31952K, capacity 33206K, committed 33408K, reserved 1079296K
  class space    used 4134K, capacity 4386K, committed 4480K, reserved 1048576K
}
Event: 63.599 GC heap before
{Heap before GC invocations=44 (full 1):
 PSYoungGen      total 165888K, used 157599K [0x00000000d5980000, 0x00000000e0600000, 0x0000000100000000)
  eden space 156160K, 99% used [0x00000000d5980000,0x00000000df1d3d90,0x00000000df200000)
  from space 9728K, 16% used [0x00000000dfc80000,0x00000000dfe14020,0x00000000e0600000)
  to   space 10240K, 0% used [0x00000000df200000,0x00000000df200000,0x00000000dfc00000)
 ParOldGen       total 74240K, used 37398K [0x0000000080c00000, 0x0000000085480000, 0x00000000d5980000)
  object space 74240K, 50% used [0x0000000080c00000,0x0000000083085890,0x0000000085480000)
 Metaspace       used 31957K, capacity 33206K, committed 33408K, reserved 1079296K
  class space    used 4134K, capacity 4386K, committed 4480K, reserved 1048576K
Event: 63.601 GC heap after
Heap after GC invocations=44 (full 1):
 PSYoungGen      total 166400K, used 1616K [0x00000000d5980000, 0x00000000e0700000, 0x0000000100000000)
  eden space 156160K, 0% used [0x00000000d5980000,0x00000000d5980000,0x00000000df200000)
  from space 10240K, 15% used [0x00000000df200000,0x00000000df394020,0x00000000dfc00000)
  to   space 9728K, 0% used [0x00000000dfd80000,0x00000000dfd80000,0x00000000e0700000)
 ParOldGen       total 74240K, used 37438K [0x0000000080c00000, 0x0000000085480000, 0x00000000d5980000)
  object space 74240K, 50% used [0x0000000080c00000,0x000000008308f890,0x0000000085480000)
 Metaspace       used 31957K, capacity 33206K, committed 33408K, reserved 1079296K
  class space    used 4134K, capacity 4386K, committed 4480K, reserved 1048576K
}

Deoptimization events (10 events):
Event: 50.381 Thread 0x0000000019915800 Uncommon trap: reason=unstable_if action=reinterpret pc=0x0000000003c1efd8 method=com.sun.javafx.geom.transform.Translate2D.isIdentity()Z @ 15
Event: 50.383 Thread 0x0000000019915800 Uncommon trap: reason=null_check action=make_not_entrant pc=0x00000000039743d0 method=javafx.scene.Node$MiscProperties.getClip()Ljavafx/scene/Node; @ 20
Event: 50.390 Thread 0x00000000195c7000 Uncommon trap: reason=unstable_if action=reinterpret pc=0x0000000003ad2350 method=com.sun.javafx.sg.prism.NGGroup.clearDirty()V @ 8
Event: 50.644 Thread 0x00000000195c7000 Uncommon trap: reason=bimorphic action=maybe_recompile pc=0x0000000003939358 method=com.sun.javafx.sg.prism.NGNode.markCullRegions(Lcom/sun/javafx/geom/DirtyRegionContainer;ILcom/sun/javafx/geom/transform/BaseTransform;Lcom/sun/javafx/geom/transform/GeneraŸ≈~`ÿ%J@
Event: 52.296 Thread 0x00000000195c7000 Uncommon trap: reason=unstable_if action=reinterpret pc=0x0000000003cf150c method=com.sun.prism.impl.GlyphCache.getCachedGlyph(II)Lcom/sun/prism/impl/GlyphCache$GlyphData; @ 111
Event: 64.881 Thread 0x00000000195c7000 Uncommon trap: reason=unstable_if action=reinterpret pc=0x0000000003eb5704 method=com.sun.javafx.geom.DirtyRegionContainer.hasSpace()Z @ 9
Event: 64.881 Thread 0x00000000195c7000 Uncommon trap: reason=unstable_if action=reinterpret pc=0x00000000039313a8 method=com.sun.javafx.geom.DirtyRegionContainer.hasSpace()Z @ 9
Event: 64.881 Thread 0x00000000195c7000 Uncommon trap: reason=unstable_if action=reinterpret pc=0x0000000003eb3320 method=com.sun.javafx.geom.DirtyRegionContainer.hasSpace()Z @ 9
Event: 64.881 Thread 0x00000000195c7000 Uncommon trap: reason=unstable_if action=reinterpret pc=0x0000000003eb3320 method=com.sun.javafx.geom.DirtyRegionContainer.hasSpace()Z @ 9
Event: 64.882 Thread 0x00000000195c7000 Uncommon trap: reason=unstable_if action=reinterpret pc=0x0000000003eb5704 method=com.sun.javafx.geom.DirtyRegionContainer.hasSpace()Z @ 9

Internal exceptions (10 events):
Event: 13.958 Thread 0x0000000019915800 Implicit null exception at 0x0000000003abb102 to 0x0000000003abb94d
Event: 13.958 Thread 0x0000000019915800 Implicit null exception at 0x0000000003be7607 to 0x0000000003be7665
Event: 14.148 Thread 0x00000000195c7000 Implicit null exception at 0x0000000003a4fa25 to 0x0000000003a5015b
Event: 14.559 Thread 0x00000000195c7000 Implicit null exception at 0x0000000003ac1414 to 0x0000000003ac1479
Event: 14.559 Thread 0x00000000195c7000 Implicit null exception at 0x0000000003a35df2 to 0x0000000003a37445
Event: 14.559 Thread 0x00000000195c7000 Implicit null exception at 0x0000000003044190 to 0x00000000030441e9
Event: 50.381 Thread 0x0000000019915800 Implicit null exception at 0x0000000002f6dd9a to 0x0000000002f6e0ad
Event: 50.381 Thread 0x0000000019915800 Implicit null exception at 0x0000000003c328de to 0x0000000003c3313d
Event: 50.381 Thread 0x0000000019915800 Implicit null exception at 0x00000000039b3147 to 0x00000000039b3191
Event: 50.383 Thread 0x0000000019915800 Implicit null exception at 0x000000000397339e to 0x0000000003974399

Events (10 events):
Event: 64.881 Thread 0x00000000195c7000 DEOPT UNPACKING pc=0x0000000002e3582a sp=0x00000000198fde60 mode 2
Event: 64.881 Thread 0x00000000195c7000 Uncommon trap: trap_request=0xffffff65 fr.pc=0x0000000003eb3320
Event: 64.881 Thread 0x00000000195c7000 DEOPT PACKING pc=0x0000000003eb3320 sp=0x00000000198fe240
Event: 64.881 Thread 0x00000000195c7000 DEOPT UNPACKING pc=0x0000000002e3582a sp=0x00000000198fe088 mode 2
Event: 64.881 Thread 0x00000000195c7000 Uncommon trap: trap_request=0xffffff65 fr.pc=0x0000000003eb3320
Event: 64.881 Thread 0x00000000195c7000 DEOPT PACKING pc=0x0000000003eb3320 sp=0x00000000198fe520
Event: 64.881 Thread 0x00000000195c7000 DEOPT UNPACKING pc=0x0000000002e3582a sp=0x00000000198fe368 mode 2
Event: 64.882 Thread 0x00000000195c7000 Uncommon trap: trap_request=0xffffff65 fr.pc=0x0000000003eb5704
Event: 64.882 Thread 0x00000000195c7000 DEOPT PACKING pc=0x0000000003eb5704 sp=0x00000000198fe690
Event: 64.882 Thread 0x00000000195c7000 DEOPT UNPACKING pc=0x0000000002e3582a sp=0x00000000198fe438 mode 2


Dynamic libraries:
0x00007ff685560000 - 0x00007ff685597000 	C:\Program Files\Java\jre1.8.0_45\bin\javaw.exe
0x00007ff9c68a0000 - 0x00007ff9c6a90000 	C:\WINDOWS\SYSTEM32\ntdll.dll
0x00007ff9c6210000 - 0x00007ff9c62c2000 	C:\WINDOWS\System32\KERNEL32.DLL
0x00007ff9c3a30000 - 0x00007ff9c3cd2000 	C:\WINDOWS\System32\KERNELBASE.dll
0x00007ff9c62d0000 - 0x00007ff9c6373000 	C:\WINDOWS\System32\ADVAPI32.dll
0x00007ff9c5780000 - 0x00007ff9c581e000 	C:\WINDOWS\System32\msvcrt.dll
0x00007ff9c5670000 - 0x00007ff9c5707000 	C:\WINDOWS\System32\sechost.dll
0x00007ff9c6380000 - 0x00007ff9c64a0000 	C:\WINDOWS\System32\RPCRT4.dll
0x00007ff9c4a30000 - 0x00007ff9c4bc3000 	C:\WINDOWS\System32\USER32.dll
0x00007ff9c3ce0000 - 0x00007ff9c3d01000 	C:\WINDOWS\System32\win32u.dll
0x00007ff9c5820000 - 0x00007ff9c5846000 	C:\WINDOWS\System32\GDI32.dll
0x00007ff9c3890000 - 0x00007ff9c3a24000 	C:\WINDOWS\System32\gdi32full.dll
0x00007ff9c4110000 - 0x00007ff9c41ae000 	C:\WINDOWS\System32\msvcp_win.dll
0x00007ff9c4010000 - 0x00007ff9c410a000 	C:\WINDOWS\System32\ucrtbase.dll
0x00007ff9b2c40000 - 0x00007ff9b2ec5000 	C:\WINDOWS\WinSxS\amd64_microsoft.windows.common-controls_6595b64144ccf1df_6.0.18362.30_none_a1435978519dce7f\COMCTL32.dll
0x00007ff9c5330000 - 0x00007ff9c5666000 	C:\WINDOWS\System32\combase.dll
0x00007ff9c4930000 - 0x00007ff9c49b1000 	C:\WINDOWS\System32\bcryptPrimitives.dll
0x00007ff9c6830000 - 0x00007ff9c685e000 	C:\WINDOWS\System32\IMM32.DLL
0x0000000061650000 - 0x0000000061722000 	C:\Program Files\Java\jre1.8.0_45\bin\msvcr100.dll
0x0000000061800000 - 0x0000000062083000 	C:\Program Files\Java\jre1.8.0_45\bin\server\jvm.dll
0x00007ff9c66d0000 - 0x00007ff9c66d8000 	C:\WINDOWS\System32\PSAPI.DLL
0x00007ff9c1790000 - 0x00007ff9c17b4000 	C:\WINDOWS\SYSTEM32\WINMM.dll
0x00007ff9bd640000 - 0x00007ff9bd64a000 	C:\WINDOWS\SYSTEM32\VERSION.dll
0x00007ff9c1310000 - 0x00007ff9c133d000 	C:\WINDOWS\SYSTEM32\WINMMBASE.dll
0x00007ff9c3e90000 - 0x00007ff9c3eda000 	C:\WINDOWS\System32\cfgmgr32.dll
0x00007ff9b55d0000 - 0x00007ff9b55d9000 	C:\WINDOWS\SYSTEM32\WSOCK32.dll
0x00007ff9c5710000 - 0x00007ff9c577f000 	C:\WINDOWS\System32\WS2_32.dll
0x00000000617f0000 - 0x00000000617ff000 	C:\Program Files\Java\jre1.8.0_45\bin\verify.dll
0x00000000617c0000 - 0x00000000617e9000 	C:\Program Files\Java\jre1.8.0_45\bin\java.dll
0x00000000617a0000 - 0x00000000617b6000 	C:\Program Files\Java\jre1.8.0_45\bin\zip.dll
0x00007ff9c58d0000 - 0x00007ff9c5fb0000 	C:\WINDOWS\System32\SHELL32.dll
0x00007ff9c6780000 - 0x00007ff9c6829000 	C:\WINDOWS\System32\shcore.dll
0x00007ff9c41b0000 - 0x00007ff9c492b000 	C:\WINDOWS\System32\windows.storage.dll
0x00007ff9c3830000 - 0x00007ff9c384f000 	C:\WINDOWS\System32\profapi.dll
0x00007ff9c37e0000 - 0x00007ff9c382a000 	C:\WINDOWS\System32\powrprof.dll
0x00007ff9c37d0000 - 0x00007ff9c37e0000 	C:\WINDOWS\System32\UMPDC.dll
0x00007ff9c5190000 - 0x00007ff9c51e2000 	C:\WINDOWS\System32\shlwapi.dll
0x00007ff9c3850000 - 0x00007ff9c3861000 	C:\WINDOWS\System32\kernel.appcore.dll
0x00007ff9c3ee0000 - 0x00007ff9c3ef7000 	C:\WINDOWS\System32\cryptsp.dll
0x0000000061620000 - 0x000000006164c000 	C:\Program Files\Java\jre1.8.0_45\bin\prism_d3d.dll
0x00007ff99baa0000 - 0x00007ff99bc66000 	C:\WINDOWS\system32\d3d9.dll
0x00007ff9c1fc0000 - 0x00007ff9c1fed000 	C:\WINDOWS\SYSTEM32\dwmapi.dll
0x00007ff9c2500000 - 0x00007ff9c2520000 	C:\WINDOWS\SYSTEM32\dxcore.dll
0x00007ff9c1ba0000 - 0x00007ff9c1c39000 	C:\WINDOWS\system32\uxtheme.dll
0x00007ff9bd650000 - 0x00007ff9bd7c1000 	C:\WINDOWS\SYSTEM32\aticfx64.dll
0x00007ff9b8d10000 - 0x00007ff9b8d31000 	C:\WINDOWS\SYSTEM32\atiu9p64.dll
0x00007ff9868b0000 - 0x00007ff98732f000 	C:\WINDOWS\SYSTEM32\atiumd64.dll
0x0000000062090000 - 0x0000000062934000 	C:\WINDOWS\SYSTEM32\atiumd6a.dll
0x00000000615d0000 - 0x0000000061611000 	C:\Program Files\Java\jre1.8.0_45\bin\glass.dll
0x00007ff9c64a0000 - 0x00007ff9c656f000 	C:\WINDOWS\System32\COMDLG32.dll
0x00007ff9c6570000 - 0x00007ff9c66c6000 	C:\WINDOWS\System32\ole32.dll
0x00007ff9c4bd0000 - 0x00007ff9c4c95000 	C:\WINDOWS\System32\OLEAUT32.dll
0x00007ff9c51f0000 - 0x00007ff9c5327000 	C:\WINDOWS\System32\MSCTF.dll
0x00007ff9a9ad0000 - 0x00007ff9a9bbf000 	C:\Users\USER\.javacpp\cache\opencv-3.2.0-1.3-windows-x86_64.jar\org\bytedeco\javacpp\windows-x86_64\msvcr120.dll
0x00007ff9a9a20000 - 0x00007ff9a9ac6000 	C:\Users\USER\.javacpp\cache\opencv-3.2.0-1.3-windows-x86_64.jar\org\bytedeco\javacpp\windows-x86_64\msvcp120.dll
0x00007ff97a100000 - 0x00007ff97a388000 	C:\Users\USER\.javacpp\cache\opencv-3.2.0-1.3-windows-x86_64.jar\org\bytedeco\javacpp\windows-x86_64\opencv_core320.dll
0x00007ff979d90000 - 0x00007ff97a0f2000 	C:\Users\USER\.javacpp\cache\opencv-3.2.0-1.3-windows-x86_64.jar\org\bytedeco\javacpp\windows-x86_64\opencv_imgproc320.dll
0x00007ff979b40000 - 0x00007ff979d8a000 	C:\Users\USER\.javacpp\cache\opencv-3.2.0-1.3-windows-x86_64.jar\org\bytedeco\javacpp\windows-x86_64\jniopencv_core.dll
0x0000000061780000 - 0x000000006179a000 	C:\Program Files\Java\jre1.8.0_45\bin\net.dll
0x00007ff9c2fe0000 - 0x00007ff9c3047000 	C:\WINDOWS\system32\mswsock.dll
0x0000000061760000 - 0x0000000061771000 	C:\Program Files\Java\jre1.8.0_45\bin\nio.dll
0x0000000061430000 - 0x00000000615c8000 	C:\Program Files\Java\jre1.8.0_45\bin\awt.dll
0x00007ff9c1a00000 - 0x00007ff9c1a8f000 	C:\WINDOWS\SYSTEM32\apphelp.dll
0x0000000061410000 - 0x0000000061425000 	C:\Program Files\Java\jre1.8.0_45\bin\javafx_font.dll
0x00007ff9b86e0000 - 0x00007ff9b89e0000 	C:\WINDOWS\SYSTEM32\dwrite.dll
0x00007ff9c5fb0000 - 0x00007ff9c6052000 	C:\WINDOWS\System32\clbcatq.dll
0x00007ff9bf110000 - 0x00007ff9bf2bf000 	C:\WINDOWS\SYSTEM32\WindowsCodecs.dll
0x00007ff9a49c0000 - 0x00007ff9a49fa000 	C:\WINDOWS\system32\dataexchange.dll
0x00007ff9c1130000 - 0x00007ff9c130c000 	C:\WINDOWS\system32\dcomp.dll
0x00007ff9c0350000 - 0x00007ff9c05ab000 	C:\WINDOWS\system32\d3d11.dll
0x00007ff9c2520000 - 0x00007ff9c260a000 	C:\WINDOWS\system32\dxgi.dll
0x00007ff9c1c70000 - 0x00007ff9c1eca000 	C:\WINDOWS\system32\twinapi.appcore.dll
0x00007ff9c20a0000 - 0x00007ff9c20c9000 	C:\WINDOWS\system32\RMCLIENT.dll
0x00007ff9a8aa0000 - 0x00007ff9a8ad3000 	C:\Program Files\Common Files\Microsoft Shared\Ink\rtscom.dll
0x00007ff9ba620000 - 0x00007ff9ba6be000 	C:\WINDOWS\System32\TextInputFramework.dll
0x00007ff9c16b0000 - 0x00007ff9c1784000 	C:\WINDOWS\System32\CoreMessaging.dll
0x00007ff9bf520000 - 0x00007ff9bf849000 	C:\WINDOWS\System32\CoreUIComponents.dll
0x00007ff9bf3c0000 - 0x00007ff9bf513000 	C:\WINDOWS\SYSTEM32\wintypes.dll
0x00007ff9c2880000 - 0x00007ff9c28b1000 	C:\WINDOWS\SYSTEM32\ntmarta.dll
0x00007ff9b9100000 - 0x00007ff9b93a6000 	C:\WINDOWS\System32\iertutil.dll
0x00000000613f0000 - 0x0000000061401000 	C:\Program Files\Java\jre1.8.0_45\bin\prism_common.dll
0x00007ff9c05b0000 - 0x00007ff9c0b70000 	C:\WINDOWS\SYSTEM32\d2d1.dll
0x00007ff9886e0000 - 0x00007ff988e21000 	C:\WINDOWS\SYSTEM32\D3D10Warp.dll
0x00007ff986120000 - 0x00007ff986210000 	C:\Users\USER\.javacpp\cache\opencv-3.2.0-1.3-windows-x86_64.jar\org\bytedeco\javacpp\windows-x86_64\jniopencv_imgproc.dll
0x00007ff977660000 - 0x00007ff97792a000 	C:\Users\USER\.javacpp\cache\opencv-3.2.0-1.3-windows-x86_64.jar\org\bytedeco\javacpp\windows-x86_64\opencv_imgcodecs320.dll
0x00007ff9be040000 - 0x00007ff9be065000 	C:\Users\USER\.javacpp\cache\opencv-3.2.0-1.3-windows-x86_64.jar\org\bytedeco\javacpp\windows-x86_64\jniopencv_imgcodecs.dll
0x00007ff9ad150000 - 0x00007ff9ad19e000 	C:\Users\USER\.javacpp\cache\opencv-3.2.0-1.3-windows-x86_64.jar\org\bytedeco\javacpp\windows-x86_64\opencv_videoio320.dll
0x00007ff9af110000 - 0x00007ff9af139000 	C:\WINDOWS\SYSTEM32\MSVFW32.dll
0x00007ff9bdf90000 - 0x00007ff9bdfb0000 	C:\WINDOWS\SYSTEM32\AVIFIL32.dll
0x00007ff9aeed0000 - 0x00007ff9aeee8000 	C:\WINDOWS\SYSTEM32\AVICAP32.dll
0x00007ff9995c0000 - 0x00007ff9995dc000 	C:\WINDOWS\SYSTEM32\MSACM32.dll
0x00007ff9ac6e0000 - 0x00007ff9ac6f7000 	C:\Users\USER\.javacpp\cache\opencv-3.2.0-1.3-windows-x86_64.jar\org\bytedeco\javacpp\windows-x86_64\jniopencv_videoio.dll
0x00007ff9ac5f0000 - 0x00007ff9ac61c000 	C:\Users\USER\.javacpp\cache\opencv-3.2.0-1.3-windows-x86_64.jar\org\bytedeco\javacpp\windows-x86_64\opencv_highgui320.dll
0x00007ff9ac550000 - 0x00007ff9ac588000 	C:\Users\USER\.javacpp\cache\opencv-3.2.0-1.3-windows-x86_64.jar\org\bytedeco\javacpp\windows-x86_64\jniopencv_highgui.dll
0x00007ff9816f0000 - 0x00007ff9817c3000 	C:\Users\USER\.javacpp\cache\opencv-3.2.0-1.3-windows-x86_64.jar\org\bytedeco\javacpp\windows-x86_64\opencv_ml320.dll
0x00007ff9ab010000 - 0x00007ff9ab053000 	C:\Users\USER\.javacpp\cache\opencv-3.2.0-1.3-windows-x86_64.jar\org\bytedeco\javacpp\windows-x86_64\jniopencv_ml.dll
0x00007ff9a6c90000 - 0x00007ff9a6d26000 	C:\Users\USER\.javacpp\cache\opencv-3.2.0-1.3-windows-x86_64.jar\org\bytedeco\javacpp\windows-x86_64\opencv_objdetect320.dll
0x00007ff9aabc0000 - 0x00007ff9aac14000 	C:\Users\USER\.javacpp\cache\opencv-3.2.0-1.3-windows-x86_64.jar\org\bytedeco\javacpp\windows-x86_64\jniopencv_objdetect.dll
0x00007ff9988b0000 - 0x00007ff998902000 	C:\Users\USER\.javacpp\cache\opencv-3.2.0-1.3-windows-x86_64.jar\org\bytedeco\javacpp\windows-x86_64\opencv_face320.dll
0x00007ff9aaff0000 - 0x00007ff9ab00a000 	C:\Users\USER\.javacpp\cache\opencv-3.2.0-1.3-windows-x86_64.jar\org\bytedeco\javacpp\windows-x86_64\jniopencv_face.dll
0x00007ff9c2ba0000 - 0x00007ff9c2bd3000 	C:\WINDOWS\system32\rsaenh.dll
0x00007ff9c3e60000 - 0x00007ff9c3e86000 	C:\WINDOWS\System32\bcrypt.dll
0x00007ff9c36c0000 - 0x00007ff9c36e5000 	C:\WINDOWS\SYSTEM32\USERENV.dll
0x00007ff9c31b0000 - 0x00007ff9c31bc000 	C:\WINDOWS\SYSTEM32\CRYPTBASE.dll
0x00007ff9c2d40000 - 0x00007ff9c2d7a000 	C:\WINDOWS\SYSTEM32\IPHLPAPI.DLL
0x00007ff9c4ca0000 - 0x00007ff9c4ca8000 	C:\WINDOWS\System32\NSI.dll
0x00007ff9bb320000 - 0x00007ff9bb336000 	C:\WINDOWS\SYSTEM32\dhcpcsvc6.DLL
0x00007ff9bb8a0000 - 0x00007ff9bb8bc000 	C:\WINDOWS\SYSTEM32\dhcpcsvc.DLL
0x00007ff9c2d80000 - 0x00007ff9c2e4a000 	C:\WINDOWS\SYSTEM32\DNSAPI.dll
0x00007ff9aafd0000 - 0x00007ff9aafe8000 	C:\Windows\System32\devenum.dll
0x00007ff9c4d10000 - 0x00007ff9c5180000 	C:\WINDOWS\System32\setupapi.dll
0x00007ff9c35d0000 - 0x00007ff9c35fa000 	C:\WINDOWS\SYSTEM32\DEVOBJ.dll
0x00007ff9c3f00000 - 0x00007ff9c3f5c000 	C:\WINDOWS\System32\WINTRUST.dll
0x00007ff9c3870000 - 0x00007ff9c3882000 	C:\WINDOWS\System32\MSASN1.dll
0x00007ff9c3d10000 - 0x00007ff9c3e59000 	C:\WINDOWS\System32\CRYPT32.dll
0x00007ff9c0090000 - 0x00007ff9c009b000 	C:\WINDOWS\SYSTEM32\msdmo.dll
0x00007ff9aad90000 - 0x00007ff9aadc4000 	C:\Windows\System32\qcap.dll
0x00007ff977490000 - 0x00007ff977654000 	C:\Windows\System32\quartz.dll
0x00007ff9aaa60000 - 0x00007ff9aaaac000 	C:\Windows\System32\mfksproxy.dll
0x00007ff9ac9b0000 - 0x00007ff9ac9cc000 	C:\Windows\System32\ATL.DLL
0x00007ff9a8330000 - 0x00007ff9a852a000 	C:\Windows\System32\MFPlat.DLL
0x00007ff9b17e0000 - 0x00007ff9b180f000 	C:\Windows\System32\RTWorkQ.DLL
0x00007ff986470000 - 0x00007ff9864cc000 	C:\Windows\System32\MFSENSORGROUP.dll
0x00007ff9a4fa0000 - 0x00007ff9a4fed000 	C:\Windows\System32\ksproxy.ax
0x00007ff9a10c0000 - 0x00007ff9a10c9000 	C:\Windows\System32\ksuser.dll
0x00007ff9bdc30000 - 0x00007ff9bdcb0000 	C:\WINDOWS\SYSTEM32\policymanager.dll
0x00007ff9c0b70000 - 0x00007ff9c0bfa000 	C:\Windows\System32\msvcp110_win.dll
0x00007ff9c0150000 - 0x00007ff9c015d000 	C:\Windows\System32\vidcap.ax

VM Arguments:
jvm_args: -Djava.library.path=C:\Users\Administrator\Desktop\opencv\build\java\x64 -Dfile.encoding=Cp1252 
java_command: application.Main
java_class_path (initial): E:\coursIUT\perso\PFE\Ressources\VisixEclipse\ExoVisix\target\classes;E:\coursIUT\perso\PFE\Ressources\VisixEclipse\ExoVisix\bin\opencv-341.jar;E:\coursIUT\perso\PFE\Ressources\VisixEclipse\ExoVisix\bin\mysql-connector-java-5.1.49-bin.jar;E:\coursIUT\perso\environnementmaven\env\maven\repository\org\bytedeco\javacv-platform\1.3.2\javacv-platform-1.3.2.jar;E:\coursIUT\perso\environnementmaven\env\maven\repository\org\bytedeco\javacv\1.3.2\javacv-1.3.2.jar;E:\coursIUT\perso\environnementmaven\env\maven\repository\org\bytedeco\javacpp\1.3.2\javacpp-1.3.2.jar;E:\coursIUT\perso\environnementmaven\env\maven\repository\org\bytedeco\javacpp-presets\opencv\3.2.0-1.3\opencv-3.2.0-1.3.jar;E:\coursIUT\perso\environnementmaven\env\maven\repository\org\bytedeco\javacpp-presets\ffmpeg\3.2.1-1.3\ffmpeg-3.2.1-1.3.jar;E:\coursIUT\perso\environnementmaven\env\maven\repository\org\bytedeco\javacpp-presets\flycapture\2.9.3.43-1.3\flycapture-2.9.3.43-1.3.jar;E:\coursIUT\perso\environnementmaven\env\maven\repository\org\bytedeco\javacpp-presets\libdc1394\2.2.4-1.3\libdc1394-2.2.4-1.3.jar;E:\coursIUT\perso\environnementmaven\env\maven\repository\org\bytedeco\javacpp-presets\libfreenect\0.5.3-1.3\libfreenect-0.5.3-1.3.jar;E:\coursIUT\perso\environnementmaven\env\maven\repository\org\bytedeco\javacpp-presets\libfreenect2\0.2.0-1.3\libfreenect2-0.2.0-1.3.jar;E:\coursIUT\perso\environnementmaven\env\maven\repository\org\bytedeco\javacpp-presets\librealsense\1.9.6-1.3\librealsense-1.9.6-1.3.jar;E:\coursIUT\perso\environnementmaven\env\maven\repository\org\bytedeco\javacpp-presets\videoinput\0.200-1.3\videoinput-0.200-1.3.jar;E:\coursIUT\perso\environnementmaven\env\maven\repository\org\bytedeco\javacpp-presets\artoolkitplus\2.3.1-1.3\artoolkitplus-2.3.1-1.3.jar;E:\coursIUT\perso\environnementmaven\env\maven\repository\org\bytedeco\javacpp-presets\flandmark\1.07-1.3\flandmark-1.07-1.3.jar;E:\coursIUT\perso\environnementmaven\env\maven\repository\org\bytedeco\javacpp-
Launcher Type: SUN_STANDARD

Environment Variables:
JAVA_HOME=E:\coursIUT\perso\environnementmaven\env\java\jdk-17
PATH=C:/Program Files/Java/jre1.8.0_45/bin/server;C:/Program Files/Java/jre1.8.0_45/bin;C:/Program Files/Java/jre1.8.0_45/lib/amd64;E:\oracle\app\oracle\product\10.2.0\server\bin;C:\Program Files\Common Files\Oracle\Java\javapath;C:\Program Files (x86)\NVIDIA Corporation\PhysX\Common;C:\ProgramData\Oracle\Java\javapath;C:\WINDOWS\system32;C:\WINDOWS;C:\WINDOWS\System32\Wbem;C:\WINDOWS\System32\WindowsPowerShell\v1.0\;C:\Program Files (x86)\AMD\ATI.ACE\Core-Static;C:\Users\USER\Desktop\OTB-6.6.1-Win64\bin;C:\Program Files\7-Zip;C:\Program Files\ActivIdentity\ActivClient\;C:\Program Files (x86)\ActivIdentity\ActivClient\;C:\Users\USER\AppData\Local\bin\NASM;C:\Users\USER\AppData\Local\nasm;C:\Program Files\MySQL\MySQL Server 8.0\bin;C:\Program Files (x86)\Microsoft SQL Server\100\Tools\Binn\;C:\Program Files\Microsoft SQL Server\100\Tools\Binn\;C:\Program Files\Microsoft SQL Server\100\DTS\Binn\;C:\Program Files\Git\cmd;C:\Program Files\Git\mingw64\bin;C:\Program Files\Git\usr\bin;C:\Program Files\CMake\bin;C:\Program Files\PostgreSQL\13\bin;C:\Program Files\dotnet\;E:\MinGW\bin;E:\coursIUT\perso\environnementmaven\env\maven\apache-maven-3.8.4\bin;E:\OCR\Tesseract-OCR;C:\Program Files\Java\jdk-18.0.1.1\bin;C:\WINDOWS\System32\OpenSSH\;E:\xampp\mysql\bin;C:\Users\USER\anaconda3;C:\Users\USER\anaconda3\Library\mingw-w64\bin;C:\Users\USER\anaconda3\Library\usr\bin;C:\Users\USER\anaconda3\Library\bin;C:\Users\USER\anaconda3\Scripts;C:\Users\USER\AppData\Local\Microsoft\WindowsApps;C:\Program Files\Microsoft VS Code\bin;;E:\logiciels\eclipse;
USERNAME=Martial Kom
OS=Windows_NT
PROCESSOR_IDENTIFIER=Intel64 Family 6 Model 42 Stepping 7, GenuineIntel



---------------  S Y S T E M  ---------------

OS: Windows 10.0 , 64 bit Build 18362 (10.0.18362.1)

CPU:total 4 (2 cores per cpu, 2 threads per core) family 6 model 42 stepping 7, cmov, cx8, fxsr, mmx, sse, sse2, sse3, ssse3, sse4.1, sse4.2, popcnt, avx, aes, clmul, ht, tsc, tscinvbit

Memory: 4k page, physical 8337768k(1891600k free), swap 16726376k(4554876k free)

vm_info: Java HotSpot(TM) 64-Bit Server VM (25.45-b02) for windows-amd64 JRE (1.8.0_45-b14), built on Apr 10 2015 10:34:15 by "java_re" with MS VC++ 10.0 (VS2010)

time: Thu Jun 02 16:26:21 2022
elapsed time: 65 seconds (0d 0h 1m 5s)

