#
# A fatal error has been detected by the Java Runtime Environment:
#
#  EXCEPTION_UNCAUGHT_CXX_EXCEPTION (0xe06d7363) at pc=0x00007ffb9b47a839, pid=12084, tid=12340
#
# JRE version: Java(TM) SE Runtime Environment (8.0_45-b14) (build 1.8.0_45-b14)
# Java VM: Java HotSpot(TM) 64-Bit Server VM (25.45-b02 mixed mode windows-amd64 compressed oops)
# Problematic frame:
# C  [KERNELBASE.dll+0x3a839]
#
# Failed to write core dump. Minidumps are not enabled by default on client versions of Windows
#
# If you would like to submit a bug report, please visit:
#   http://bugreport.java.com/bugreport/crash.jsp
# The crash happened outside the Java Virtual Machine in native code.
# See problematic frame for where to report the bug.
#

---------------  T H R E A D  ---------------

Current thread (0x0000000019acf000):  JavaThread "Thread-5" [_thread_in_native, id=12340, stack(0x00000000278b0000,0x00000000279b0000)]

siginfo: ExceptionCode=0xe06d7363, ExceptionInformation=0x0000000019930520 0x000000002799eb70 0x00007ffb61accd78 0x00007ffb61880000 

Registers:
RAX=0x0000000000000000, RBX=0x00007ffb61accd78, RCX=0x0000000000000000, RDX=0x0000000000000000
RSP=0x000000002799e9e0, RBP=0x000000002799eb20, RSI=0x00007ffb3f9ad758, RDI=0x000000002799eb70
R8 =0x0000000000000001, R9 =0x0000000000000001, R10=0x0000000000000001, R11=0x00000000000007d0
R12=0x00000000ffffff29, R13=0x0000000000000000, R14=0x00007ffb3f9ad530, R15=0x00000000279aed70
RIP=0x00007ffb9b47a839, EFLAGS=0x0000000000000202

Top of Stack: (sp=0x000000002799e9e0)
0x000000002799e9e0:   0000000000000000 00007ffb61accd78
0x000000002799e9f0:   00007ffb3f9ad758 0000000000000000
0x000000002799ea00:   00000001e06d7363 0000000000000000
0x000000002799ea10:   00007ffb9b47a839 0000000000000004
0x000000002799ea20:   0000000019930520 000000002799eb70
0x000000002799ea30:   00007ffb61accd78 00007ffb61880000
0x000000002799ea40:   0000000000000000 00000000ffffff29
0x000000002799ea50:   00007ffb3f9ad758 000000002799eb20
0x000000002799ea60:   000000002799eb30 00007ffb9e1ff42f
0x000000002799ea70:   000000002799eb70 00007ffb00000000
0x000000002799ea80:   000000002799eb70 00007ffb63a0d306
0x000000002799ea90:   00007ffb61aef000 00007ffb61880000
0x000000002799eaa0:   00008c5d955b4ced 00007ffb63a8c4d0
0x000000002799eab0:   00007ffb61accd78 00007ffb63a0ef63
0x000000002799eac0:   000000002799eb70 00007ffb639deb8d
0x000000002799ead0:   00007ffb63a8c4d0 00007ffb3f9ad758 

Instructions: (pc=0x00007ffb9b47a839)
0x00007ffb9b47a819:   8b d1 44 0f 47 c0 44 89 44 24 38 49 c1 e0 03 e8
0x00007ffb9b47a829:   0a 4a 05 00 48 8d 4c 24 20 48 ff 15 df be 16 00
0x00007ffb9b47a839:   0f 1f 44 00 00 48 8b 8c 24 c0 00 00 00 48 33 cc
0x00007ffb9b47a849:   e8 82 ec 04 00 48 81 c4 d8 00 00 00 c3 83 64 24 


Register to memory mapping:

RAX=0x0000000000000000 is an unknown value
RBX=0x00007ffb61accd78 is an unknown value
RCX=0x0000000000000000 is an unknown value
RDX=0x0000000000000000 is an unknown value
RSP=0x000000002799e9e0 is pointing into the stack for thread: 0x0000000019acf000
RBP=0x000000002799eb20 is pointing into the stack for thread: 0x0000000019acf000
RSI=0x00007ffb3f9ad758 is an unknown value
RDI=0x000000002799eb70 is pointing into the stack for thread: 0x0000000019acf000
R8 =0x0000000000000001 is an unknown value
R9 =0x0000000000000001 is an unknown value
R10=0x0000000000000001 is an unknown value
R11=0x00000000000007d0 is an unknown value
R12=0x00000000ffffff29 is an unallocated location in the heap
R13=0x0000000000000000 is an unknown value
R14=0x00007ffb3f9ad530 is an unknown value
R15=0x00000000279aed70 is pointing into the stack for thread: 0x0000000019acf000


Stack: [0x00000000278b0000,0x00000000279b0000],  sp=0x000000002799e9e0,  free space=954k
Native frames: (J=compiled Java code, j=interpreted, Vv=VM code, C=native code)
C  [KERNELBASE.dll+0x3a839]
C  [msvcr120.dll+0x5ef63]
C  [opencv_core320.dll+0x1a2c34]
C  [opencv_core320.dll+0x1a2d76]
C  [opencv_imgproc320.dll+0x136701]
C  [opencv_imgproc320.dll+0x13c0b1]
C  [jniopencv_imgproc.dll+0x1dafd]
C  0x0000000003f572b1

Java frames: (J=compiled Java code, j=interpreted, Vv=VM code)
J 4313  org.bytedeco.javacpp.opencv_imgproc.cvResize(Lorg/bytedeco/javacpp/helper/opencv_core$CvArr;Lorg/bytedeco/javacpp/helper/opencv_core$CvArr;I)V (0 bytes) @ 0x0000000003f5722b [0x0000000003f571c0+0x6b]
j  application.FaceDetector.run()V+307
j  java.lang.Thread.run()V+11
v  ~StubRoutines::call_stub

---------------  P R O C E S S  ---------------

Java Threads: ( => current thread )
  0x000000001a663800 JavaThread "mysql-cj-abandoned-connection-cleanup" daemon [_thread_blocked, id=6128, stack(0x00000000281c0000,0x00000000282c0000)]
=>0x0000000019acf000 JavaThread "Thread-5" [_thread_in_native, id=12340, stack(0x00000000278b0000,0x00000000279b0000)]
  0x000000001a60c000 JavaThread "Prism Font Disposer" daemon [_thread_blocked, id=13164, stack(0x00000000224a0000,0x00000000225a0000)]
  0x000000001d4b0800 JavaThread "AWT-Windows" daemon [_thread_in_native, id=7748, stack(0x000000001e9b0000,0x000000001eab0000)]
  0x000000001d951800 JavaThread "Java2D Disposer" daemon [_thread_blocked, id=12304, stack(0x000000001e510000,0x000000001e610000)]
  0x000000001dade800 JavaThread "JavaCPP Deallocator" daemon [_thread_blocked, id=12320, stack(0x000000001e410000,0x000000001e510000)]
  0x0000000019f1f000 JavaThread "Thread-3" daemon [_thread_in_native, id=8496, stack(0x000000001d040000,0x000000001d140000)]
  0x0000000019f1c800 JavaThread "JavaFX-Launcher" [_thread_blocked, id=1176, stack(0x000000001d140000,0x000000001d240000)]
  0x0000000019b98000 JavaThread "JavaFX Application Thread" [_thread_in_native, id=7584, stack(0x000000001ac60000,0x000000001ad60000)]
  0x0000000019b97800 JavaThread "Thread-1" daemon [_thread_blocked, id=11916, stack(0x000000001ab60000,0x000000001ac60000)]
  0x0000000019b5c000 JavaThread "QuantumRenderer-0" daemon [_thread_blocked, id=12204, stack(0x0000000019da0000,0x0000000019ea0000)]
  0x00000000197c5800 JavaThread "Service Thread" daemon [_thread_blocked, id=11876, stack(0x0000000019ba0000,0x0000000019ca0000)]
  0x0000000017f52800 JavaThread "C1 CompilerThread2" daemon [_thread_blocked, id=11924, stack(0x00000000196a0000,0x00000000197a0000)]
  0x0000000017f2d000 JavaThread "C2 CompilerThread1" daemon [_thread_blocked, id=11848, stack(0x00000000195a0000,0x00000000196a0000)]
  0x0000000017f25800 JavaThread "C2 CompilerThread0" daemon [_thread_blocked, id=11864, stack(0x00000000194a0000,0x00000000195a0000)]
  0x0000000017f23800 JavaThread "Attach Listener" daemon [_thread_blocked, id=7044, stack(0x00000000193a0000,0x00000000194a0000)]
  0x0000000017f22000 JavaThread "Signal Dispatcher" daemon [_thread_blocked, id=9872, stack(0x00000000192a0000,0x00000000193a0000)]
  0x000000000336d800 JavaThread "Finalizer" daemon [_thread_blocked, id=11868, stack(0x00000000191a0000,0x00000000192a0000)]
  0x0000000003365800 JavaThread "Reference Handler" daemon [_thread_blocked, id=11872, stack(0x00000000190a0000,0x00000000191a0000)]
  0x0000000003278000 JavaThread "main" [_thread_blocked, id=5260, stack(0x0000000003170000,0x0000000003270000)]

Other Threads:
  0x0000000017ee7800 VMThread [stack: 0x0000000018fa0000,0x00000000190a0000] [id=9724]
  0x00000000197eb000 WatcherThread [stack: 0x0000000019ca0000,0x0000000019da0000] [id=12224]

VM state:not at safepoint (normal execution)

VM Mutex/Monitor currently owned by a thread: None

Heap:
 PSYoungGen      total 82432K, used 55401K [0x00000000d5980000, 0x00000000de900000, 0x0000000100000000)
  eden space 79360K, 66% used [0x00000000d5980000,0x00000000d8d12590,0x00000000da700000)
  from space 3072K, 84% used [0x00000000de600000,0x00000000de888020,0x00000000de900000)
  to   space 4608K, 0% used [0x00000000de000000,0x00000000de000000,0x00000000de480000)
 ParOldGen       total 63488K, used 19134K [0x0000000080c00000, 0x0000000084a00000, 0x00000000d5980000)
  object space 63488K, 30% used [0x0000000080c00000,0x0000000081eafa98,0x0000000084a00000)
 Metaspace       used 30865K, capacity 31946K, committed 32128K, reserved 1077248K
  class space    used 3986K, capacity 4200K, committed 4224K, reserved 1048576K

Card table byte_map: [0x0000000012730000,0x0000000012b30000] byte_map_base: 0x000000001232a000

Marking Bits: (ParMarkBitMap*) 0x0000000056784040
 Begin Bits: [0x00000000131e0000, 0x00000000151b0000)
 End Bits:   [0x00000000151b0000, 0x0000000017180000)

Polling page: 0x00000000015d0000

CodeCache: size=245760Kb used=14582Kb max_used=15034Kb free=231177Kb
 bounds [0x0000000003370000, 0x0000000004260000, 0x0000000012370000]
 total_blobs=5554 nmethods=4614 adapters=850
 compilation: enabled

Compilation events (10 events):
Event: 126.012 Thread 0x0000000017f52800 5476       3       javafx.scene.Node::localBoundsChanged (14 bytes)
Event: 126.013 Thread 0x0000000017f52800 nmethod 5476 0x0000000003d0f6d0 code [0x0000000003d0f880, 0x0000000003d0fed8]
Event: 126.013 Thread 0x0000000017f52800 5478       3       javafx.scene.control.Labeled::isWrapText (22 bytes)
Event: 126.013 Thread 0x0000000017f52800 nmethod 5478 0x00000000036bf550 code [0x00000000036bf6e0, 0x00000000036bfb88]
Event: 126.013 Thread 0x0000000017f52800 5479       3       javafx.scene.Parent::prefHeight (89 bytes)
Event: 126.014 Thread 0x0000000017f52800 nmethod 5479 0x0000000003aba950 code [0x0000000003abab20, 0x0000000003abb1f8]
Event: 126.014 Thread 0x0000000017f52800 5477       3       javafx.scene.Node::invalidateBoundsInLocal (15 bytes)
Event: 126.014 Thread 0x0000000017f52800 nmethod 5477 0x000000000406ff90 code [0x0000000004070120, 0x0000000004070648]
Event: 126.171 Thread 0x0000000017f25800 5480       4       javafx.event.Event::<init> (36 bytes)
Event: 126.172 Thread 0x0000000017f25800 nmethod 5480 0x0000000003e71950 code [0x0000000003e71a80, 0x0000000003e71b38]

GC Heap History (10 events):
Event: 120.293 GC heap before
{Heap before GC invocations=57 (full 1):
 PSYoungGen      total 93184K, used 92614K [0x00000000d5980000, 0x00000000df380000, 0x0000000100000000)
  eden space 91648K, 99% used [0x00000000d5980000,0x00000000db28db58,0x00000000db300000)
  from space 1536K, 92% used [0x00000000ded00000,0x00000000dee64010,0x00000000dee80000)
  to   space 5120K, 0% used [0x00000000dee80000,0x00000000dee80000,0x00000000df380000)
 ParOldGen       total 63488K, used 19094K [0x0000000080c00000, 0x0000000084a00000, 0x00000000d5980000)
  object space 63488K, 30% used [0x0000000080c00000,0x0000000081ea5a98,0x0000000084a00000)
 Metaspace       used 30826K, capacity 31946K, committed 32128K, reserved 1077248K
  class space    used 3985K, capacity 4200K, committed 4224K, reserved 1048576K
Event: 120.294 GC heap after
Heap after GC invocations=57 (full 1):
 PSYoungGen      total 92160K, used 2592K [0x00000000d5980000, 0x00000000df180000, 0x0000000100000000)
  eden space 89088K, 0% used [0x00000000d5980000,0x00000000d5980000,0x00000000db080000)
  from space 3072K, 84% used [0x00000000dee80000,0x00000000df108020,0x00000000df180000)
  to   space 5120K, 0% used [0x00000000de780000,0x00000000de780000,0x00000000dec80000)
 ParOldGen       total 63488K, used 19094K [0x0000000080c00000, 0x0000000084a00000, 0x00000000d5980000)
  object space 63488K, 30% used [0x0000000080c00000,0x0000000081ea5a98,0x0000000084a00000)
 Metaspace       used 30826K, capacity 31946K, committed 32128K, reserved 1077248K
  class space    used 3985K, capacity 4200K, committed 4224K, reserved 1048576K
}
Event: 121.637 GC heap before
{Heap before GC invocations=58 (full 1):
 PSYoungGen      total 92160K, used 91323K [0x00000000d5980000, 0x00000000df180000, 0x0000000100000000)
  eden space 89088K, 99% used [0x00000000d5980000,0x00000000db026eb8,0x00000000db080000)
  from space 3072K, 84% used [0x00000000dee80000,0x00000000df108020,0x00000000df180000)
  to   space 5120K, 0% used [0x00000000de780000,0x00000000de780000,0x00000000dec80000)
 ParOldGen       total 63488K, used 19094K [0x0000000080c00000, 0x0000000084a00000, 0x00000000d5980000)
  object space 63488K, 30% used [0x0000000080c00000,0x0000000081ea5a98,0x0000000084a00000)
 Metaspace       used 30826K, capacity 31946K, committed 32128K, reserved 1077248K
  class space    used 3985K, capacity 4200K, committed 4224K, reserved 1048576K
Event: 121.639 GC heap after
Heap after GC invocations=58 (full 1):
 PSYoungGen      total 88064K, used 1424K [0x00000000d5980000, 0x00000000def00000, 0x0000000100000000)
  eden space 86528K, 0% used [0x00000000d5980000,0x00000000d5980000,0x00000000dae00000)
  from space 1536K, 92% used [0x00000000de780000,0x00000000de8e4010,0x00000000de900000)
  to   space 5120K, 0% used [0x00000000dea00000,0x00000000dea00000,0x00000000def00000)
 ParOldGen       total 63488K, used 19126K [0x0000000080c00000, 0x0000000084a00000, 0x00000000d5980000)
  object space 63488K, 30% used [0x0000000080c00000,0x0000000081eada98,0x0000000084a00000)
 Metaspace       used 30826K, capacity 31946K, committed 32128K, reserved 1077248K
  class space    used 3985K, capacity 4200K, committed 4224K, reserved 1048576K
}
Event: 122.899 GC heap before
{Heap before GC invocations=59 (full 1):
 PSYoungGen      total 88064K, used 87734K [0x00000000d5980000, 0x00000000def00000, 0x0000000100000000)
  eden space 86528K, 99% used [0x00000000d5980000,0x00000000dadc9840,0x00000000dae00000)
  from space 1536K, 92% used [0x00000000de780000,0x00000000de8e4010,0x00000000de900000)
  to   space 5120K, 0% used [0x00000000dea00000,0x00000000dea00000,0x00000000def00000)
 ParOldGen       total 63488K, used 19126K [0x0000000080c00000, 0x0000000084a00000, 0x00000000d5980000)
  object space 63488K, 30% used [0x0000000080c00000,0x0000000081eada98,0x0000000084a00000)
 Metaspace       used 30837K, capacity 31946K, committed 32128K, reserved 1077248K
  class space    used 3985K, capacity 4200K, committed 4224K, reserved 1048576K
Event: 122.900 GC heap after
Heap after GC invocations=59 (full 1):
 PSYoungGen      total 87040K, used 2592K [0x00000000d5980000, 0x00000000ded00000, 0x0000000100000000)
  eden space 83968K, 0% used [0x00000000d5980000,0x00000000d5980000,0x00000000dab80000)
  from space 3072K, 84% used [0x00000000dea00000,0x00000000dec88020,0x00000000ded00000)
  to   space 4608K, 0% used [0x00000000de400000,0x00000000de400000,0x00000000de880000)
 ParOldGen       total 63488K, used 19134K [0x0000000080c00000, 0x0000000084a00000, 0x00000000d5980000)
  object space 63488K, 30% used [0x0000000080c00000,0x0000000081eafa98,0x0000000084a00000)
 Metaspace       used 30837K, capacity 31946K, committed 32128K, reserved 1077248K
  class space    used 3985K, capacity 4200K, committed 4224K, reserved 1048576K
}
Event: 124.173 GC heap before
{Heap before GC invocations=60 (full 1):
 PSYoungGen      total 87040K, used 86544K [0x00000000d5980000, 0x00000000ded00000, 0x0000000100000000)
  eden space 83968K, 99% used [0x00000000d5980000,0x00000000dab7c368,0x00000000dab80000)
  from space 3072K, 84% used [0x00000000dea00000,0x00000000dec88020,0x00000000ded00000)
  to   space 4608K, 0% used [0x00000000de400000,0x00000000de400000,0x00000000de880000)
 ParOldGen       total 63488K, used 19134K [0x0000000080c00000, 0x0000000084a00000, 0x00000000d5980000)
  object space 63488K, 30% used [0x0000000080c00000,0x0000000081eafa98,0x0000000084a00000)
 Metaspace       used 30838K, capacity 31946K, committed 32128K, reserved 1077248K
  class space    used 3985K, capacity 4200K, committed 4224K, reserved 1048576K
Event: 124.175 GC heap after
Heap after GC invocations=60 (full 1):
 PSYoungGen      total 82944K, used 1392K [0x00000000d5980000, 0x00000000dea80000, 0x0000000100000000)
  eden space 81408K, 0% used [0x00000000d5980000,0x00000000d5980000,0x00000000da900000)
  from space 1536K, 90% used [0x00000000de400000,0x00000000de55c010,0x00000000de580000)
  to   space 4608K, 0% used [0x00000000de600000,0x00000000de600000,0x00000000dea80000)
 ParOldGen       total 63488K, used 19134K [0x0000000080c00000, 0x0000000084a00000, 0x00000000d5980000)
  object space 63488K, 30% used [0x0000000080c00000,0x0000000081eafa98,0x0000000084a00000)
 Metaspace       used 30838K, capacity 31946K, committed 32128K, reserved 1077248K
  class space    used 3985K, capacity 4200K, committed 4224K, reserved 1048576K
}
Event: 125.373 GC heap before
{Heap before GC invocations=61 (full 1):
 PSYoungGen      total 82944K, used 82726K [0x00000000d5980000, 0x00000000dea80000, 0x0000000100000000)
  eden space 81408K, 99% used [0x00000000d5980000,0x00000000da8ed9d0,0x00000000da900000)
  from space 1536K, 90% used [0x00000000de400000,0x00000000de55c010,0x00000000de580000)
  to   space 4608K, 0% used [0x00000000de600000,0x00000000de600000,0x00000000dea80000)
 ParOldGen       total 63488K, used 19134K [0x0000000080c00000, 0x0000000084a00000, 0x00000000d5980000)
  object space 63488K, 30% used [0x0000000080c00000,0x0000000081eafa98,0x0000000084a00000)
 Metaspace       used 30838K, capacity 31946K, committed 32128K, reserved 1077248K
  class space    used 3985K, capacity 4200K, committed 4224K, reserved 1048576K
Event: 125.374 GC heap after
Heap after GC invocations=61 (full 1):
 PSYoungGen      total 82432K, used 2592K [0x00000000d5980000, 0x00000000de900000, 0x0000000100000000)
  eden space 79360K, 0% used [0x00000000d5980000,0x00000000d5980000,0x00000000da700000)
  from space 3072K, 84% used [0x00000000de600000,0x00000000de888020,0x00000000de900000)
  to   space 4608K, 0% used [0x00000000de000000,0x00000000de000000,0x00000000de480000)
 ParOldGen       total 63488K, used 19134K [0x0000000080c00000, 0x0000000084a00000, 0x00000000d5980000)
  object space 63488K, 30% used [0x0000000080c00000,0x0000000081eafa98,0x0000000084a00000)
 Metaspace       used 30838K, capacity 31946K, committed 32128K, reserved 1077248K
  class space    used 3985K, capacity 4200K, committed 4224K, reserved 1048576K
}

Deoptimization events (10 events):
Event: 95.884 Thread 0x0000000019b98000 Uncommon trap: reason=unstable_if action=reinterpret pc=0x00000000036e4a84 method=java.util.ArrayList.rangeCheck(I)V @ 5
Event: 103.675 Thread 0x0000000019b5c000 Uncommon trap: reason=unstable_if action=reinterpret pc=0x00000000038ccd1c method=com.sun.javafx.sg.prism.NGNode.computeNodeRenderRoot(Lcom/sun/javafx/sg/prism/NodePath;Lcom/sun/javafx/geom/RectBounds;ILcom/sun/javafx/geom/transform/BaseTransform;Lcom/sun/îd¬‘;ÎY@
Event: 103.676 Thread 0x0000000019b5c000 Uncommon trap: reason=unstable_if action=reinterpret pc=0x0000000003d54330 method=com.sun.javafx.sg.prism.NGNode.getOpaqueRegion()Lcom/sun/javafx/geom/RectBounds; @ 4
Event: 103.676 Thread 0x0000000019b5c000 Uncommon trap: reason=unstable_if action=reinterpret pc=0x0000000003d9e8b4 method=com.sun.javafx.sg.prism.NGGroup.computeRenderRoot(Lcom/sun/javafx/sg/prism/NodePath;Lcom/sun/javafx/geom/RectBounds;ILcom/sun/javafx/geom/transform/BaseTransform;Lcom/sun/javO¿¿=ÎY@
Event: 103.676 Thread 0x0000000019b5c000 Uncommon trap: reason=unstable_if action=reinterpret pc=0x0000000003d9e810 method=com.sun.javafx.sg.prism.NGNode.isClean()Z @ 7
Event: 103.679 Thread 0x0000000019b5c000 Uncommon trap: reason=unstable_if action=reinterpret pc=0x00000000040de630 method=com.sun.javafx.sg.prism.NGNode.renderRectClip(Lcom/sun/prism/Graphics;Lcom/sun/javafx/sg/prism/NGRectangle;)V @ 82
Event: 103.680 Thread 0x0000000019b5c000 Uncommon trap: reason=unstable_if action=reinterpret pc=0x000000000417e0bc method=com.sun.javafx.sg.prism.NGRegion.renderBackgroundRectanglesDirectly(Lcom/sun/prism/Graphics;FF)V @ 144
Event: 103.680 Thread 0x0000000019b5c000 Uncommon trap: reason=unstable_if action=reinterpret pc=0x00000000040c0194 method=com.sun.javafx.sg.prism.NGRegion.doCorner(Lcom/sun/javafx/geom/Path2D;Ljavafx/scene/layout/CornerRadii;FFIFFZ)V @ 169
Event: 103.680 Thread 0x0000000019b5c000 Uncommon trap: reason=unstable_if action=reinterpret pc=0x000000000403cce0 method=com.sun.prism.impl.ps.PaintHelper.initGradient(Lcom/sun/prism/paint/Gradient;)I @ 8
Event: 104.434 Thread 0x0000000019b5c000 Uncommon trap: reason=unstable_if action=reinterpret pc=0x0000000003eaf95c method=com.sun.javafx.sg.prism.NGNode.doRender(Lcom/sun/prism/Graphics;)V @ 230

Internal exceptions (10 events):
Event: 34.049 Thread 0x0000000019b5c000 Implicit null exception at 0x0000000003ed02a2 to 0x0000000003ed0a1d
Event: 37.367 Thread 0x0000000019b5c000 Implicit null exception at 0x000000000404d83d to 0x000000000404dfe5
Event: 58.952 Thread 0x0000000019b98000 Implicit null exception at 0x0000000003da621a to 0x0000000003da653d
Event: 58.952 Thread 0x0000000019b98000 Implicit null exception at 0x0000000003f830c9 to 0x0000000003f83879
Event: 58.954 Thread 0x0000000019b98000 Implicit null exception at 0x0000000003f9dcc1 to 0x0000000003f9e529
Event: 61.520 Thread 0x0000000019acf000 Exception <a 'java/io/FileNotFoundException'> (0x00000000deca53f8) thrown at [C:\re\workspace\8-2-build-windows-amd64-cygwin\jdk8u45\3457\hotspot\src\share\vm\prims\jni.cpp, line 709]
Event: 61.520 Thread 0x0000000019acf000 Exception <a 'java/lang/NullPointerException'> (0x00000000deca5740) thrown at [C:\re\workspace\8-2-build-windows-amd64-cygwin\jdk8u45\3457\hotspot\src\share\vm\interpreter\linkResolver.cpp, line 1178]
Event: 61.573 Thread 0x0000000019acf000 Exception <a 'java/io/FileNotFoundException'> (0x00000000dedd2000) thrown at [C:\re\workspace\8-2-build-windows-amd64-cygwin\jdk8u45\3457\hotspot\src\share\vm\prims\jni.cpp, line 709]
Event: 95.884 Thread 0x0000000019b98000 Exception <a 'java/lang/reflect/InvocationTargetException'> (0x00000000dd261e60) thrown at [C:\re\workspace\8-2-build-windows-amd64-cygwin\jdk8u45\3457\hotspot\src\share\vm\runtime\reflection.cpp, line 1080]
Event: 95.884 Thread 0x0000000019b98000 Exception <a 'java/lang/RuntimeException'> (0x00000000dd262500) thrown at [C:\re\workspace\8-2-build-windows-amd64-cygwin\jdk8u45\3457\hotspot\src\share\vm\prims\jvm.cpp, line 1386]

Events (10 events):
Event: 123.344 Thread 0x0000000017f52800 flushing nmethod 0x00000000040674d0
Event: 123.344 Thread 0x0000000017f52800 flushing nmethod 0x000000000406fcd0
Event: 123.344 Thread 0x0000000017f52800 flushing nmethod 0x00000000040ebed0
Event: 123.344 Thread 0x0000000017f52800 flushing nmethod 0x000000000414c690
Event: 123.344 Thread 0x0000000017f52800 flushing nmethod 0x000000000418ddd0
Event: 123.344 Thread 0x0000000017f52800 flushing nmethod 0x000000000419f110
Event: 124.173 Executing VM operation: ParallelGCFailedAllocation
Event: 124.175 Executing VM operation: ParallelGCFailedAllocation done
Event: 125.373 Executing VM operation: ParallelGCFailedAllocation
Event: 125.374 Executing VM operation: ParallelGCFailedAllocation done


Dynamic libraries:
0x00007ff639c90000 - 0x00007ff639cc7000 	C:\Program Files\Java\jre1.8.0_45\bin\javaw.exe
0x00007ffb9e1e0000 - 0x00007ffb9e3d0000 	C:\WINDOWS\SYSTEM32\ntdll.dll
0x00007ffb9e0e0000 - 0x00007ffb9e192000 	C:\WINDOWS\System32\KERNEL32.DLL
0x00007ffb9b440000 - 0x00007ffb9b6e2000 	C:\WINDOWS\System32\KERNELBASE.dll
0x00007ffb9e030000 - 0x00007ffb9e0d3000 	C:\WINDOWS\System32\ADVAPI32.dll
0x00007ffb9db10000 - 0x00007ffb9dbae000 	C:\WINDOWS\System32\msvcrt.dll
0x00007ffb9d5e0000 - 0x00007ffb9d677000 	C:\WINDOWS\System32\sechost.dll
0x00007ffb9cde0000 - 0x00007ffb9cf00000 	C:\WINDOWS\System32\RPCRT4.dll
0x00007ffb9c410000 - 0x00007ffb9c5a3000 	C:\WINDOWS\System32\USER32.dll
0x00007ffb9b170000 - 0x00007ffb9b191000 	C:\WINDOWS\System32\win32u.dll
0x00007ffb9c2a0000 - 0x00007ffb9c2c6000 	C:\WINDOWS\System32\GDI32.dll
0x00007ffb9b2a0000 - 0x00007ffb9b434000 	C:\WINDOWS\System32\gdi32full.dll
0x00007ffb9b740000 - 0x00007ffb9b7de000 	C:\WINDOWS\System32\msvcp_win.dll
0x00007ffb9b1a0000 - 0x00007ffb9b29a000 	C:\WINDOWS\System32\ucrtbase.dll
0x00007ffb863f0000 - 0x00007ffb86675000 	C:\WINDOWS\WinSxS\amd64_microsoft.windows.common-controls_6595b64144ccf1df_6.0.18362.30_none_a1435978519dce7f\COMCTL32.dll
0x00007ffb9c740000 - 0x00007ffb9ca76000 	C:\WINDOWS\System32\combase.dll
0x00007ffb9b870000 - 0x00007ffb9b8f1000 	C:\WINDOWS\System32\bcryptPrimitives.dll
0x00007ffb9c5b0000 - 0x00007ffb9c5de000 	C:\WINDOWS\System32\IMM32.DLL
0x0000000055dd0000 - 0x0000000055ea2000 	C:\Program Files\Java\jre1.8.0_45\bin\msvcr100.dll
0x0000000055f80000 - 0x0000000056803000 	C:\Program Files\Java\jre1.8.0_45\bin\server\jvm.dll
0x00007ffb9dbb0000 - 0x00007ffb9dbb8000 	C:\WINDOWS\System32\PSAPI.DLL
0x00007ffb8caa0000 - 0x00007ffb8caa9000 	C:\WINDOWS\SYSTEM32\WSOCK32.dll
0x00007ffb9c2d0000 - 0x00007ffb9c33f000 	C:\WINDOWS\System32\WS2_32.dll
0x00007ffb99230000 - 0x00007ffb99254000 	C:\WINDOWS\SYSTEM32\WINMM.dll
0x00007ffb96cc0000 - 0x00007ffb96cca000 	C:\WINDOWS\SYSTEM32\VERSION.dll
0x00007ffb99200000 - 0x00007ffb9922d000 	C:\WINDOWS\SYSTEM32\WINMMBASE.dll
0x00007ffb9b6f0000 - 0x00007ffb9b73a000 	C:\WINDOWS\System32\cfgmgr32.dll
0x0000000055f70000 - 0x0000000055f7f000 	C:\Program Files\Java\jre1.8.0_45\bin\verify.dll
0x0000000055f40000 - 0x0000000055f69000 	C:\Program Files\Java\jre1.8.0_45\bin\java.dll
0x0000000055f20000 - 0x0000000055f36000 	C:\Program Files\Java\jre1.8.0_45\bin\zip.dll
0x00007ffb9cf00000 - 0x00007ffb9d5e0000 	C:\WINDOWS\System32\SHELL32.dll
0x00007ffb9d840000 - 0x00007ffb9d8e9000 	C:\WINDOWS\System32\shcore.dll
0x00007ffb9b900000 - 0x00007ffb9c07b000 	C:\WINDOWS\System32\windows.storage.dll
0x00007ffb9b0c0000 - 0x00007ffb9b0df000 	C:\WINDOWS\System32\profapi.dll
0x00007ffb9b0e0000 - 0x00007ffb9b12a000 	C:\WINDOWS\System32\powrprof.dll
0x00007ffb9b0b0000 - 0x00007ffb9b0c0000 	C:\WINDOWS\System32\UMPDC.dll
0x00007ffb9cc50000 - 0x00007ffb9cca2000 	C:\WINDOWS\System32\shlwapi.dll
0x00007ffb9b130000 - 0x00007ffb9b141000 	C:\WINDOWS\System32\kernel.appcore.dll
0x00007ffb9c1d0000 - 0x00007ffb9c1e7000 	C:\WINDOWS\System32\cryptsp.dll
0x0000000055da0000 - 0x0000000055dcc000 	C:\Program Files\Java\jre1.8.0_45\bin\prism_d3d.dll
0x00007ffb6dc10000 - 0x00007ffb6ddd6000 	C:\WINDOWS\system32\d3d9.dll
0x00007ffb998a0000 - 0x00007ffb998cd000 	C:\WINDOWS\SYSTEM32\dwmapi.dll
0x00007ffb99d70000 - 0x00007ffb99d90000 	C:\WINDOWS\SYSTEM32\dxcore.dll
0x00007ffb997d0000 - 0x00007ffb99869000 	C:\WINDOWS\system32\uxtheme.dll
0x00007ffb940a0000 - 0x00007ffb94211000 	C:\WINDOWS\SYSTEM32\aticfx64.dll
0x00007ffb94f90000 - 0x00007ffb94fb1000 	C:\WINDOWS\SYSTEM32\atiu9p64.dll
0x00007ffb34c90000 - 0x00007ffb3570f000 	C:\WINDOWS\SYSTEM32\atiumd64.dll
0x00000000554f0000 - 0x0000000055d94000 	C:\WINDOWS\SYSTEM32\atiumd6a.dll
0x00000000554a0000 - 0x00000000554e1000 	C:\Program Files\Java\jre1.8.0_45\bin\glass.dll
0x00007ffb9c340000 - 0x00007ffb9c40f000 	C:\WINDOWS\System32\COMDLG32.dll
0x00007ffb9c5e0000 - 0x00007ffb9c736000 	C:\WINDOWS\System32\ole32.dll
0x00007ffb9d680000 - 0x00007ffb9d745000 	C:\WINDOWS\System32\OLEAUT32.dll
0x00007ffb9d970000 - 0x00007ffb9daa7000 	C:\WINDOWS\System32\MSCTF.dll
0x00007ffb639b0000 - 0x00007ffb63a9f000 	C:\Users\USER\.javacpp\cache\opencv-3.2.0-1.3-windows-x86_64.jar\org\bytedeco\javacpp\windows-x86_64\msvcr120.dll
0x00007ffb64590000 - 0x00007ffb64636000 	C:\Users\USER\.javacpp\cache\opencv-3.2.0-1.3-windows-x86_64.jar\org\bytedeco\javacpp\windows-x86_64\msvcp120.dll
0x00007ffb61880000 - 0x00007ffb61b08000 	C:\Users\USER\.javacpp\cache\opencv-3.2.0-1.3-windows-x86_64.jar\org\bytedeco\javacpp\windows-x86_64\opencv_core320.dll
0x00007ffb3f780000 - 0x00007ffb3fae2000 	C:\Users\USER\.javacpp\cache\opencv-3.2.0-1.3-windows-x86_64.jar\org\bytedeco\javacpp\windows-x86_64\opencv_imgproc320.dll
0x00007ffb60460000 - 0x00007ffb606aa000 	C:\Users\USER\.javacpp\cache\opencv-3.2.0-1.3-windows-x86_64.jar\org\bytedeco\javacpp\windows-x86_64\jniopencv_core.dll
0x0000000055f00000 - 0x0000000055f1a000 	C:\Program Files\Java\jre1.8.0_45\bin\net.dll
0x00007ffb9a8c0000 - 0x00007ffb9a927000 	C:\WINDOWS\system32\mswsock.dll
0x0000000055ee0000 - 0x0000000055ef1000 	C:\Program Files\Java\jre1.8.0_45\bin\nio.dll
0x0000000055300000 - 0x0000000055498000 	C:\Program Files\Java\jre1.8.0_45\bin\awt.dll
0x00007ffb99170000 - 0x00007ffb991ff000 	C:\WINDOWS\SYSTEM32\apphelp.dll
0x00000000552e0000 - 0x00000000552f5000 	C:\Program Files\Java\jre1.8.0_45\bin\javafx_font.dll
0x00007ffb8ea30000 - 0x00007ffb8ed30000 	C:\WINDOWS\SYSTEM32\dwrite.dll
0x00007ffb9ccb0000 - 0x00007ffb9cd52000 	C:\WINDOWS\System32\clbcatq.dll
0x00007ffb96350000 - 0x00007ffb964ff000 	C:\WINDOWS\SYSTEM32\WindowsCodecs.dll
0x00007ffb7ffb0000 - 0x00007ffb7ffea000 	C:\WINDOWS\system32\dataexchange.dll
0x00007ffb98880000 - 0x00007ffb98a5c000 	C:\WINDOWS\system32\dcomp.dll
0x00007ffb985d0000 - 0x00007ffb9882b000 	C:\WINDOWS\system32\d3d11.dll
0x00007ffb99e00000 - 0x00007ffb99eea000 	C:\WINDOWS\system32\dxgi.dll
0x00007ffb994a0000 - 0x00007ffb996fa000 	C:\WINDOWS\system32\twinapi.appcore.dll
0x00007ffb99a60000 - 0x00007ffb99a89000 	C:\WINDOWS\system32\RMCLIENT.dll
0x00007ffb86010000 - 0x00007ffb86043000 	C:\Program Files\Common Files\Microsoft Shared\Ink\rtscom.dll
0x00007ffb8f3f0000 - 0x00007ffb8f48e000 	C:\WINDOWS\System32\TextInputFramework.dll
0x00007ffb96530000 - 0x00007ffb96859000 	C:\WINDOWS\System32\CoreUIComponents.dll
0x00007ffb98e00000 - 0x00007ffb98ed4000 	C:\WINDOWS\System32\CoreMessaging.dll
0x00007ffb9a160000 - 0x00007ffb9a191000 	C:\WINDOWS\SYSTEM32\ntmarta.dll
0x00007ffb96e50000 - 0x00007ffb96fa3000 	C:\WINDOWS\SYSTEM32\wintypes.dll
0x00007ffb8f030000 - 0x00007ffb8f2d6000 	C:\WINDOWS\System32\iertutil.dll
0x00000000552c0000 - 0x00000000552d1000 	C:\Program Files\Java\jre1.8.0_45\bin\prism_common.dll
0x00007ffb97bb0000 - 0x00007ffb98170000 	C:\WINDOWS\SYSTEM32\d2d1.dll
0x00007ffb6a3a0000 - 0x00007ffb6aae1000 	C:\WINDOWS\SYSTEM32\D3D10Warp.dll
0x00007ffb62200000 - 0x00007ffb622f0000 	C:\Users\USER\.javacpp\cache\opencv-3.2.0-1.3-windows-x86_64.jar\org\bytedeco\javacpp\windows-x86_64\jniopencv_imgproc.dll
0x00007ffb3f4b0000 - 0x00007ffb3f77a000 	C:\Users\USER\.javacpp\cache\opencv-3.2.0-1.3-windows-x86_64.jar\org\bytedeco\javacpp\windows-x86_64\opencv_imgcodecs320.dll
0x00007ffb91e30000 - 0x00007ffb91e55000 	C:\Users\USER\.javacpp\cache\opencv-3.2.0-1.3-windows-x86_64.jar\org\bytedeco\javacpp\windows-x86_64\jniopencv_imgcodecs.dll
0x00007ffb65600000 - 0x00007ffb6564e000 	C:\Users\USER\.javacpp\cache\opencv-3.2.0-1.3-windows-x86_64.jar\org\bytedeco\javacpp\windows-x86_64\opencv_videoio320.dll
0x00007ffb860e0000 - 0x00007ffb860f8000 	C:\WINDOWS\SYSTEM32\AVICAP32.dll
0x00007ffb91a00000 - 0x00007ffb91a29000 	C:\WINDOWS\SYSTEM32\MSVFW32.dll
0x00007ffb944f0000 - 0x00007ffb94510000 	C:\WINDOWS\SYSTEM32\AVIFIL32.dll
0x00007ffb637b0000 - 0x00007ffb637cc000 	C:\WINDOWS\SYSTEM32\MSACM32.dll
0x00007ffb85ff0000 - 0x00007ffb86007000 	C:\Users\USER\.javacpp\cache\opencv-3.2.0-1.3-windows-x86_64.jar\org\bytedeco\javacpp\windows-x86_64\jniopencv_videoio.dll
0x00007ffb655d0000 - 0x00007ffb655fc000 	C:\Users\USER\.javacpp\cache\opencv-3.2.0-1.3-windows-x86_64.jar\org\bytedeco\javacpp\windows-x86_64\opencv_highgui320.dll
0x00007ffb644b0000 - 0x00007ffb644e8000 	C:\Users\USER\.javacpp\cache\opencv-3.2.0-1.3-windows-x86_64.jar\org\bytedeco\javacpp\windows-x86_64\jniopencv_highgui.dll
0x00007ffb617a0000 - 0x00007ffb61873000 	C:\Users\USER\.javacpp\cache\opencv-3.2.0-1.3-windows-x86_64.jar\org\bytedeco\javacpp\windows-x86_64\opencv_ml320.dll
0x00007ffb626a0000 - 0x00007ffb626e3000 	C:\Users\USER\.javacpp\cache\opencv-3.2.0-1.3-windows-x86_64.jar\org\bytedeco\javacpp\windows-x86_64\jniopencv_ml.dll
0x00007ffb62160000 - 0x00007ffb621f6000 	C:\Users\USER\.javacpp\cache\opencv-3.2.0-1.3-windows-x86_64.jar\org\bytedeco\javacpp\windows-x86_64\opencv_objdetect320.dll
0x00007ffb624c0000 - 0x00007ffb62514000 	C:\Users\USER\.javacpp\cache\opencv-3.2.0-1.3-windows-x86_64.jar\org\bytedeco\javacpp\windows-x86_64\jniopencv_objdetect.dll
0x00007ffb61740000 - 0x00007ffb61792000 	C:\Users\USER\.javacpp\cache\opencv-3.2.0-1.3-windows-x86_64.jar\org\bytedeco\javacpp\windows-x86_64\opencv_face320.dll
0x00007ffb85fa0000 - 0x00007ffb85fba000 	C:\Users\USER\.javacpp\cache\opencv-3.2.0-1.3-windows-x86_64.jar\org\bytedeco\javacpp\windows-x86_64\jniopencv_face.dll
0x00007ffb9a480000 - 0x00007ffb9a4b3000 	C:\WINDOWS\system32\rsaenh.dll
0x00007ffb9b840000 - 0x00007ffb9b866000 	C:\WINDOWS\System32\bcrypt.dll
0x00007ffb9afd0000 - 0x00007ffb9aff5000 	C:\WINDOWS\SYSTEM32\USERENV.dll
0x00007ffb9aa90000 - 0x00007ffb9aa9c000 	C:\WINDOWS\SYSTEM32\CRYPTBASE.dll
0x00007ffb9a620000 - 0x00007ffb9a65a000 	C:\WINDOWS\SYSTEM32\IPHLPAPI.DLL
0x00007ffb9d960000 - 0x00007ffb9d968000 	C:\WINDOWS\System32\NSI.dll
0x00007ffb92c10000 - 0x00007ffb92c26000 	C:\WINDOWS\SYSTEM32\dhcpcsvc6.DLL
0x00007ffb92da0000 - 0x00007ffb92dbc000 	C:\WINDOWS\SYSTEM32\dhcpcsvc.DLL
0x00007ffb9a660000 - 0x00007ffb9a72a000 	C:\WINDOWS\SYSTEM32\DNSAPI.dll
0x00007ffb655b0000 - 0x00007ffb655c8000 	C:\Windows\System32\devenum.dll
0x00007ffb9dbc0000 - 0x00007ffb9e030000 	C:\WINDOWS\System32\setupapi.dll
0x00007ffb9aeb0000 - 0x00007ffb9aeda000 	C:\WINDOWS\SYSTEM32\DEVOBJ.dll
0x00007ffb9b7e0000 - 0x00007ffb9b83c000 	C:\WINDOWS\System32\WINTRUST.dll
0x00007ffb9b150000 - 0x00007ffb9b162000 	C:\WINDOWS\System32\MSASN1.dll
0x00007ffb9c080000 - 0x00007ffb9c1c9000 	C:\WINDOWS\System32\CRYPT32.dll
0x00007ffb8d260000 - 0x00007ffb8d26b000 	C:\WINDOWS\SYSTEM32\msdmo.dll
0x00007ffb62e00000 - 0x00007ffb62e34000 	C:\Windows\System32\qcap.dll
0x00007ffb3f2e0000 - 0x00007ffb3f4a4000 	C:\Windows\System32\quartz.dll
0x00007ffb616f0000 - 0x00007ffb6173c000 	C:\Windows\System32\mfksproxy.dll
0x00007ffb63cb0000 - 0x00007ffb63ccc000 	C:\Windows\System32\ATL.DLL
0x00007ffb74790000 - 0x00007ffb7498a000 	C:\Windows\System32\MFPlat.DLL
0x00007ffb81790000 - 0x00007ffb817bf000 	C:\Windows\System32\RTWorkQ.DLL
0x00007ffb64d40000 - 0x00007ffb64d9c000 	C:\Windows\System32\MFSENSORGROUP.dll
0x00007ffb616a0000 - 0x00007ffb616ed000 	C:\Windows\System32\ksproxy.ax
0x00007ffb992c0000 - 0x00007ffb992c9000 	C:\Windows\System32\ksuser.dll
0x00007ffb94fc0000 - 0x00007ffb95040000 	C:\WINDOWS\SYSTEM32\policymanager.dll
0x00007ffb99010000 - 0x00007ffb9909a000 	C:\Windows\System32\msvcp110_win.dll
0x00007ffb7ccd0000 - 0x00007ffb7ccdd000 	C:\Windows\System32\vidcap.ax

VM Arguments:
jvm_args: -Djava.library.path=C:\Users\Administrator\Desktop\opencv\build\java\x64 -Dfile.encoding=Cp1252 
java_command: application.Main
java_class_path (initial): E:\coursIUT\perso\PFE\Ressources\VisixEclipse\ExoVisix\target\classes;E:\coursIUT\perso\PFE\Ressources\VisixEclipse\ExoVisix\bin\opencv-341.jar;E:\coursIUT\perso\PFE\Ressources\VisixEclipse\ExoVisix\bin\mysql-connector-java-5.1.49-bin.jar;E:\coursIUT\perso\environnementmaven\env\maven\repository\org\bytedeco\javacv-platform\1.3.2\javacv-platform-1.3.2.jar;E:\coursIUT\perso\environnementmaven\env\maven\repository\org\bytedeco\javacv\1.3.2\javacv-1.3.2.jar;E:\coursIUT\perso\environnementmaven\env\maven\repository\org\bytedeco\javacpp\1.3.2\javacpp-1.3.2.jar;E:\coursIUT\perso\environnementmaven\env\maven\repository\org\bytedeco\javacpp-presets\opencv\3.2.0-1.3\opencv-3.2.0-1.3.jar;E:\coursIUT\perso\environnementmaven\env\maven\repository\org\bytedeco\javacpp-presets\ffmpeg\3.2.1-1.3\ffmpeg-3.2.1-1.3.jar;E:\coursIUT\perso\environnementmaven\env\maven\repository\org\bytedeco\javacpp-presets\flycapture\2.9.3.43-1.3\flycapture-2.9.3.43-1.3.jar;E:\coursIUT\perso\environnementmaven\env\maven\repository\org\bytedeco\javacpp-presets\libdc1394\2.2.4-1.3\libdc1394-2.2.4-1.3.jar;E:\coursIUT\perso\environnementmaven\env\maven\repository\org\bytedeco\javacpp-presets\libfreenect\0.5.3-1.3\libfreenect-0.5.3-1.3.jar;E:\coursIUT\perso\environnementmaven\env\maven\repository\org\bytedeco\javacpp-presets\libfreenect2\0.2.0-1.3\libfreenect2-0.2.0-1.3.jar;E:\coursIUT\perso\environnementmaven\env\maven\repository\org\bytedeco\javacpp-presets\librealsense\1.9.6-1.3\librealsense-1.9.6-1.3.jar;E:\coursIUT\perso\environnementmaven\env\maven\repository\org\bytedeco\javacpp-presets\videoinput\0.200-1.3\videoinput-0.200-1.3.jar;E:\coursIUT\perso\environnementmaven\env\maven\repository\org\bytedeco\javacpp-presets\artoolkitplus\2.3.1-1.3\artoolkitplus-2.3.1-1.3.jar;E:\coursIUT\perso\environnementmaven\env\maven\repository\org\bytedeco\javacpp-presets\flandmark\1.07-1.3\flandmark-1.07-1.3.jar;E:\coursIUT\perso\environnementmaven\env\maven\repository\org\bytedeco\javacpp-
Launcher Type: SUN_STANDARD

Environment Variables:
JAVA_HOME=E:\coursIUT\perso\environnementmaven\env\java\jdk-17
PATH=C:/Program Files/Java/jre1.8.0_45/bin/server;C:/Program Files/Java/jre1.8.0_45/bin;C:/Program Files/Java/jre1.8.0_45/lib/amd64;E:\oracle\app\oracle\product\10.2.0\server\bin;C:\Program Files\Common Files\Oracle\Java\javapath;C:\Program Files (x86)\NVIDIA Corporation\PhysX\Common;C:\ProgramData\Oracle\Java\javapath;C:\WINDOWS\system32;C:\WINDOWS;C:\WINDOWS\System32\Wbem;C:\WINDOWS\System32\WindowsPowerShell\v1.0\;C:\Program Files (x86)\AMD\ATI.ACE\Core-Static;C:\Users\USER\Desktop\OTB-6.6.1-Win64\bin;C:\Program Files\7-Zip;C:\Program Files\ActivIdentity\ActivClient\;C:\Program Files (x86)\ActivIdentity\ActivClient\;C:\WINDOWS\System32\OpenSSH\;C:\Users\USER\AppData\Local\bin\NASM;C:\Users\USER\AppData\Local\nasm;C:\Program Files\MySQL\MySQL Server 8.0\bin;C:\Program Files (x86)\Microsoft SQL Server\100\Tools\Binn\;C:\Program Files\Microsoft SQL Server\100\Tools\Binn\;C:\Program Files\Microsoft SQL Server\100\DTS\Binn\;C:\Program Files\Git\cmd;C:\Program Files\Git\mingw64\bin;C:\Program Files\Git\usr\bin;C:\Program Files\CMake\bin;C:\Program Files\PostgreSQL\13\bin;C:\Program Files\Java\jdk-17\bin;C:\Program Files\dotnet\;E:\MinGW\bin;E:\coursIUT\perso\environnementmaven\env\java\jdk-17\bin;E:\coursIUT\perso\environnementmaven\env\maven\apache-maven-3.8.4\bin;E:\OCR\Tesseract-OCR;C:\Users\USER\anaconda3;C:\Users\USER\anaconda3\Library\mingw-w64\bin;C:\Users\USER\anaconda3\Library\usr\bin;C:\Users\USER\anaconda3\Library\bin;C:\Users\USER\anaconda3\Scripts;C:\Users\USER\AppData\Local\Microsoft\WindowsApps;C:\Program Files\Microsoft VS Code\bin;;E:\logiciels\eclipse;
USERNAME=Martial Kom
OS=Windows_NT
PROCESSOR_IDENTIFIER=Intel64 Family 6 Model 42 Stepping 7, GenuineIntel



---------------  S Y S T E M  ---------------

OS: Windows 10.0 , 64 bit Build 18362 (10.0.18362.1)

CPU:total 4 (2 cores per cpu, 2 threads per core) family 6 model 42 stepping 7, cmov, cx8, fxsr, mmx, sse, sse2, sse3, ssse3, sse4.1, sse4.2, popcnt, avx, aes, clmul, ht, tsc, tscinvbit

Memory: 4k page, physical 8337768k(4226548k free), swap 16726376k(10331264k free)

vm_info: Java HotSpot(TM) 64-Bit Server VM (25.45-b02) for windows-amd64 JRE (1.8.0_45-b14), built on Apr 10 2015 10:34:15 by "java_re" with MS VC++ 10.0 (VS2010)

time: Sun Apr 03 12:09:01 2022
elapsed time: 126 seconds (0d 0h 2m 6s)

